[2023-03-30T01:59:29.525+0000] {processor.py:153} INFO - Started process (PID=87) to work on /opt/airflow/dags/adhoc.py
[2023-03-30T01:59:29.529+0000] {processor.py:743} INFO - Processing file /opt/airflow/dags/adhoc.py for tasks to queue
[2023-03-30T01:59:29.531+0000] {logging_mixin.py:137} INFO - [2023-03-30T01:59:29.530+0000] {dagbag.py:538} INFO - Filling up the DagBag from /opt/airflow/dags/adhoc.py
[2023-03-30T01:59:30.963+0000] {processor.py:753} INFO - DAG(s) dict_keys(['audio_transcription']) retrieved from /opt/airflow/dags/adhoc.py
[2023-03-30T01:59:31.444+0000] {logging_mixin.py:137} INFO - [2023-03-30T01:59:31.442+0000] {dag.py:2690} INFO - Sync 1 DAGs
[2023-03-30T01:59:31.952+0000] {logging_mixin.py:137} INFO - [2023-03-30T01:59:31.951+0000] {dag.py:3441} INFO - Setting next_dagrun for audio_transcription to 2023-03-29T00:00:00+00:00, run_after=2023-03-30T00:00:00+00:00
[2023-03-30T01:59:32.074+0000] {processor.py:175} INFO - Processing /opt/airflow/dags/adhoc.py took 2.561 seconds
[2023-03-30T02:00:02.544+0000] {processor.py:153} INFO - Started process (PID=131) to work on /opt/airflow/dags/adhoc.py
[2023-03-30T02:00:02.547+0000] {processor.py:743} INFO - Processing file /opt/airflow/dags/adhoc.py for tasks to queue
[2023-03-30T02:00:02.548+0000] {logging_mixin.py:137} INFO - [2023-03-30T02:00:02.548+0000] {dagbag.py:538} INFO - Filling up the DagBag from /opt/airflow/dags/adhoc.py
[2023-03-30T02:00:03.228+0000] {processor.py:753} INFO - DAG(s) dict_keys(['audio_transcription']) retrieved from /opt/airflow/dags/adhoc.py
[2023-03-30T02:00:03.288+0000] {logging_mixin.py:137} INFO - [2023-03-30T02:00:03.288+0000] {dag.py:2690} INFO - Sync 1 DAGs
[2023-03-30T02:00:03.545+0000] {logging_mixin.py:137} INFO - [2023-03-30T02:00:03.544+0000] {dag.py:3441} INFO - Setting next_dagrun for audio_transcription to 2023-03-30T00:00:00+00:00, run_after=2023-03-31T00:00:00+00:00
[2023-03-30T02:00:03.589+0000] {processor.py:175} INFO - Processing /opt/airflow/dags/adhoc.py took 1.052 seconds
[2023-03-30T02:00:33.820+0000] {processor.py:153} INFO - Started process (PID=176) to work on /opt/airflow/dags/adhoc.py
[2023-03-30T02:00:33.821+0000] {processor.py:743} INFO - Processing file /opt/airflow/dags/adhoc.py for tasks to queue
[2023-03-30T02:00:33.822+0000] {logging_mixin.py:137} INFO - [2023-03-30T02:00:33.822+0000] {dagbag.py:538} INFO - Filling up the DagBag from /opt/airflow/dags/adhoc.py
[2023-03-30T02:00:34.492+0000] {processor.py:753} INFO - DAG(s) dict_keys(['audio_transcription']) retrieved from /opt/airflow/dags/adhoc.py
[2023-03-30T02:00:34.559+0000] {logging_mixin.py:137} INFO - [2023-03-30T02:00:34.558+0000] {dag.py:2690} INFO - Sync 1 DAGs
[2023-03-30T02:00:34.791+0000] {logging_mixin.py:137} INFO - [2023-03-30T02:00:34.791+0000] {dag.py:3441} INFO - Setting next_dagrun for audio_transcription to 2023-03-30T00:00:00+00:00, run_after=2023-03-31T00:00:00+00:00
[2023-03-30T02:00:34.829+0000] {processor.py:175} INFO - Processing /opt/airflow/dags/adhoc.py took 1.017 seconds
[2023-03-30T02:01:05.140+0000] {processor.py:153} INFO - Started process (PID=215) to work on /opt/airflow/dags/adhoc.py
[2023-03-30T02:01:05.142+0000] {processor.py:743} INFO - Processing file /opt/airflow/dags/adhoc.py for tasks to queue
[2023-03-30T02:01:05.143+0000] {logging_mixin.py:137} INFO - [2023-03-30T02:01:05.143+0000] {dagbag.py:538} INFO - Filling up the DagBag from /opt/airflow/dags/adhoc.py
[2023-03-30T02:01:05.923+0000] {processor.py:753} INFO - DAG(s) dict_keys(['audio_transcription']) retrieved from /opt/airflow/dags/adhoc.py
[2023-03-30T02:01:05.988+0000] {logging_mixin.py:137} INFO - [2023-03-30T02:01:05.985+0000] {dag.py:2690} INFO - Sync 1 DAGs
[2023-03-30T02:01:06.049+0000] {logging_mixin.py:137} INFO - [2023-03-30T02:01:06.049+0000] {dag.py:3441} INFO - Setting next_dagrun for audio_transcription to 2023-03-30T00:00:00+00:00, run_after=2023-03-31T00:00:00+00:00
[2023-03-30T02:01:06.094+0000] {processor.py:175} INFO - Processing /opt/airflow/dags/adhoc.py took 0.962 seconds
[2023-03-30T02:01:36.614+0000] {processor.py:153} INFO - Started process (PID=277) to work on /opt/airflow/dags/adhoc.py
[2023-03-30T02:01:36.615+0000] {processor.py:743} INFO - Processing file /opt/airflow/dags/adhoc.py for tasks to queue
[2023-03-30T02:01:36.616+0000] {logging_mixin.py:137} INFO - [2023-03-30T02:01:36.616+0000] {dagbag.py:538} INFO - Filling up the DagBag from /opt/airflow/dags/adhoc.py
[2023-03-30T02:01:37.248+0000] {processor.py:753} INFO - DAG(s) dict_keys(['audio_transcription']) retrieved from /opt/airflow/dags/adhoc.py
[2023-03-30T02:01:37.325+0000] {logging_mixin.py:137} INFO - [2023-03-30T02:01:37.324+0000] {dag.py:2690} INFO - Sync 1 DAGs
[2023-03-30T02:01:37.382+0000] {logging_mixin.py:137} INFO - [2023-03-30T02:01:37.382+0000] {dag.py:3441} INFO - Setting next_dagrun for audio_transcription to 2023-03-30T00:00:00+00:00, run_after=2023-03-31T00:00:00+00:00
[2023-03-30T02:01:37.432+0000] {processor.py:175} INFO - Processing /opt/airflow/dags/adhoc.py took 0.826 seconds
[2023-03-30T02:02:08.169+0000] {processor.py:153} INFO - Started process (PID=321) to work on /opt/airflow/dags/adhoc.py
[2023-03-30T02:02:08.178+0000] {processor.py:743} INFO - Processing file /opt/airflow/dags/adhoc.py for tasks to queue
[2023-03-30T02:02:08.180+0000] {logging_mixin.py:137} INFO - [2023-03-30T02:02:08.179+0000] {dagbag.py:538} INFO - Filling up the DagBag from /opt/airflow/dags/adhoc.py
[2023-03-30T02:02:09.161+0000] {processor.py:753} INFO - DAG(s) dict_keys(['audio_transcription']) retrieved from /opt/airflow/dags/adhoc.py
[2023-03-30T02:02:09.286+0000] {logging_mixin.py:137} INFO - [2023-03-30T02:02:09.285+0000] {dag.py:2690} INFO - Sync 1 DAGs
[2023-03-30T02:02:09.380+0000] {logging_mixin.py:137} INFO - [2023-03-30T02:02:09.379+0000] {dag.py:3441} INFO - Setting next_dagrun for audio_transcription to 2023-03-30T00:00:00+00:00, run_after=2023-03-31T00:00:00+00:00
[2023-03-30T02:02:09.478+0000] {processor.py:175} INFO - Processing /opt/airflow/dags/adhoc.py took 1.318 seconds
[2023-03-30T02:02:39.734+0000] {processor.py:153} INFO - Started process (PID=365) to work on /opt/airflow/dags/adhoc.py
[2023-03-30T02:02:39.738+0000] {processor.py:743} INFO - Processing file /opt/airflow/dags/adhoc.py for tasks to queue
[2023-03-30T02:02:39.739+0000] {logging_mixin.py:137} INFO - [2023-03-30T02:02:39.739+0000] {dagbag.py:538} INFO - Filling up the DagBag from /opt/airflow/dags/adhoc.py
[2023-03-30T02:02:40.394+0000] {processor.py:753} INFO - DAG(s) dict_keys(['audio_transcription']) retrieved from /opt/airflow/dags/adhoc.py
[2023-03-30T02:02:40.460+0000] {logging_mixin.py:137} INFO - [2023-03-30T02:02:40.459+0000] {dag.py:2690} INFO - Sync 1 DAGs
[2023-03-30T02:02:40.542+0000] {logging_mixin.py:137} INFO - [2023-03-30T02:02:40.542+0000] {dag.py:3441} INFO - Setting next_dagrun for audio_transcription to 2023-03-30T00:00:00+00:00, run_after=2023-03-31T00:00:00+00:00
[2023-03-30T02:02:40.611+0000] {processor.py:175} INFO - Processing /opt/airflow/dags/adhoc.py took 0.881 seconds
[2023-03-30T02:03:10.655+0000] {processor.py:153} INFO - Started process (PID=409) to work on /opt/airflow/dags/adhoc.py
[2023-03-30T02:03:10.656+0000] {processor.py:743} INFO - Processing file /opt/airflow/dags/adhoc.py for tasks to queue
[2023-03-30T02:03:10.656+0000] {logging_mixin.py:137} INFO - [2023-03-30T02:03:10.656+0000] {dagbag.py:538} INFO - Filling up the DagBag from /opt/airflow/dags/adhoc.py
[2023-03-30T02:03:11.074+0000] {processor.py:753} INFO - DAG(s) dict_keys(['audio_transcription']) retrieved from /opt/airflow/dags/adhoc.py
[2023-03-30T02:03:11.118+0000] {logging_mixin.py:137} INFO - [2023-03-30T02:03:11.117+0000] {dag.py:2690} INFO - Sync 1 DAGs
[2023-03-30T02:03:11.322+0000] {logging_mixin.py:137} INFO - [2023-03-30T02:03:11.322+0000] {dag.py:3441} INFO - Setting next_dagrun for audio_transcription to 2023-03-30T00:00:00+00:00, run_after=2023-03-31T00:00:00+00:00
[2023-03-30T02:03:11.355+0000] {processor.py:175} INFO - Processing /opt/airflow/dags/adhoc.py took 0.702 seconds
[2023-03-30T02:03:42.048+0000] {processor.py:153} INFO - Started process (PID=454) to work on /opt/airflow/dags/adhoc.py
[2023-03-30T02:03:42.050+0000] {processor.py:743} INFO - Processing file /opt/airflow/dags/adhoc.py for tasks to queue
[2023-03-30T02:03:42.053+0000] {logging_mixin.py:137} INFO - [2023-03-30T02:03:42.053+0000] {dagbag.py:538} INFO - Filling up the DagBag from /opt/airflow/dags/adhoc.py
[2023-03-30T02:03:42.474+0000] {processor.py:753} INFO - DAG(s) dict_keys(['audio_transcription']) retrieved from /opt/airflow/dags/adhoc.py
[2023-03-30T02:03:42.526+0000] {logging_mixin.py:137} INFO - [2023-03-30T02:03:42.525+0000] {dag.py:2690} INFO - Sync 1 DAGs
[2023-03-30T02:03:42.732+0000] {logging_mixin.py:137} INFO - [2023-03-30T02:03:42.730+0000] {dag.py:3441} INFO - Setting next_dagrun for audio_transcription to 2023-03-30T00:00:00+00:00, run_after=2023-03-31T00:00:00+00:00
[2023-03-30T02:03:42.763+0000] {processor.py:175} INFO - Processing /opt/airflow/dags/adhoc.py took 0.718 seconds
[2023-03-30T02:04:13.302+0000] {processor.py:153} INFO - Started process (PID=498) to work on /opt/airflow/dags/adhoc.py
[2023-03-30T02:04:13.302+0000] {processor.py:743} INFO - Processing file /opt/airflow/dags/adhoc.py for tasks to queue
[2023-03-30T02:04:13.303+0000] {logging_mixin.py:137} INFO - [2023-03-30T02:04:13.303+0000] {dagbag.py:538} INFO - Filling up the DagBag from /opt/airflow/dags/adhoc.py
[2023-03-30T02:04:13.623+0000] {processor.py:753} INFO - DAG(s) dict_keys(['audio_transcription']) retrieved from /opt/airflow/dags/adhoc.py
[2023-03-30T02:04:13.658+0000] {logging_mixin.py:137} INFO - [2023-03-30T02:04:13.658+0000] {dag.py:2690} INFO - Sync 1 DAGs
[2023-03-30T02:04:13.683+0000] {logging_mixin.py:137} INFO - [2023-03-30T02:04:13.683+0000] {dag.py:3441} INFO - Setting next_dagrun for audio_transcription to 2023-03-30T00:00:00+00:00, run_after=2023-03-31T00:00:00+00:00
[2023-03-30T02:04:13.727+0000] {processor.py:175} INFO - Processing /opt/airflow/dags/adhoc.py took 0.425 seconds
[2023-03-30T02:04:43.966+0000] {processor.py:153} INFO - Started process (PID=553) to work on /opt/airflow/dags/adhoc.py
[2023-03-30T02:04:43.971+0000] {processor.py:743} INFO - Processing file /opt/airflow/dags/adhoc.py for tasks to queue
[2023-03-30T02:04:43.972+0000] {logging_mixin.py:137} INFO - [2023-03-30T02:04:43.971+0000] {dagbag.py:538} INFO - Filling up the DagBag from /opt/airflow/dags/adhoc.py
[2023-03-30T02:04:44.572+0000] {processor.py:753} INFO - DAG(s) dict_keys(['audio_transcription']) retrieved from /opt/airflow/dags/adhoc.py
[2023-03-30T02:04:44.636+0000] {logging_mixin.py:137} INFO - [2023-03-30T02:04:44.636+0000] {dag.py:2690} INFO - Sync 1 DAGs
[2023-03-30T02:04:44.695+0000] {logging_mixin.py:137} INFO - [2023-03-30T02:04:44.695+0000] {dag.py:3441} INFO - Setting next_dagrun for audio_transcription to 2023-03-30T00:00:00+00:00, run_after=2023-03-31T00:00:00+00:00
[2023-03-30T02:04:44.752+0000] {processor.py:175} INFO - Processing /opt/airflow/dags/adhoc.py took 0.790 seconds
[2023-03-30T02:05:14.960+0000] {processor.py:153} INFO - Started process (PID=609) to work on /opt/airflow/dags/adhoc.py
[2023-03-30T02:05:14.971+0000] {processor.py:743} INFO - Processing file /opt/airflow/dags/adhoc.py for tasks to queue
[2023-03-30T02:05:14.971+0000] {logging_mixin.py:137} INFO - [2023-03-30T02:05:14.971+0000] {dagbag.py:538} INFO - Filling up the DagBag from /opt/airflow/dags/adhoc.py
[2023-03-30T02:05:15.324+0000] {processor.py:753} INFO - DAG(s) dict_keys(['audio_transcription']) retrieved from /opt/airflow/dags/adhoc.py
[2023-03-30T02:05:15.365+0000] {logging_mixin.py:137} INFO - [2023-03-30T02:05:15.364+0000] {dag.py:2690} INFO - Sync 1 DAGs
[2023-03-30T02:05:15.404+0000] {logging_mixin.py:137} INFO - [2023-03-30T02:05:15.401+0000] {dag.py:3441} INFO - Setting next_dagrun for audio_transcription to 2023-03-30T00:00:00+00:00, run_after=2023-03-31T00:00:00+00:00
[2023-03-30T02:05:15.436+0000] {processor.py:175} INFO - Processing /opt/airflow/dags/adhoc.py took 0.478 seconds
[2023-03-30T02:05:46.172+0000] {processor.py:153} INFO - Started process (PID=653) to work on /opt/airflow/dags/adhoc.py
[2023-03-30T02:05:46.173+0000] {processor.py:743} INFO - Processing file /opt/airflow/dags/adhoc.py for tasks to queue
[2023-03-30T02:05:46.174+0000] {logging_mixin.py:137} INFO - [2023-03-30T02:05:46.174+0000] {dagbag.py:538} INFO - Filling up the DagBag from /opt/airflow/dags/adhoc.py
[2023-03-30T02:05:46.820+0000] {processor.py:753} INFO - DAG(s) dict_keys(['audio_transcription']) retrieved from /opt/airflow/dags/adhoc.py
[2023-03-30T02:05:46.912+0000] {logging_mixin.py:137} INFO - [2023-03-30T02:05:46.911+0000] {dag.py:2690} INFO - Sync 1 DAGs
[2023-03-30T02:05:46.984+0000] {logging_mixin.py:137} INFO - [2023-03-30T02:05:46.984+0000] {dag.py:3441} INFO - Setting next_dagrun for audio_transcription to 2023-03-30T00:00:00+00:00, run_after=2023-03-31T00:00:00+00:00
[2023-03-30T02:05:47.052+0000] {processor.py:175} INFO - Processing /opt/airflow/dags/adhoc.py took 0.884 seconds
[2023-03-30T02:06:17.452+0000] {processor.py:153} INFO - Started process (PID=697) to work on /opt/airflow/dags/adhoc.py
[2023-03-30T02:06:17.453+0000] {processor.py:743} INFO - Processing file /opt/airflow/dags/adhoc.py for tasks to queue
[2023-03-30T02:06:17.454+0000] {logging_mixin.py:137} INFO - [2023-03-30T02:06:17.454+0000] {dagbag.py:538} INFO - Filling up the DagBag from /opt/airflow/dags/adhoc.py
[2023-03-30T02:06:17.923+0000] {processor.py:753} INFO - DAG(s) dict_keys(['audio_transcription']) retrieved from /opt/airflow/dags/adhoc.py
[2023-03-30T02:06:17.964+0000] {logging_mixin.py:137} INFO - [2023-03-30T02:06:17.963+0000] {dag.py:2690} INFO - Sync 1 DAGs
[2023-03-30T02:06:18.005+0000] {logging_mixin.py:137} INFO - [2023-03-30T02:06:18.005+0000] {dag.py:3441} INFO - Setting next_dagrun for audio_transcription to 2023-03-30T00:00:00+00:00, run_after=2023-03-31T00:00:00+00:00
[2023-03-30T02:06:18.205+0000] {processor.py:175} INFO - Processing /opt/airflow/dags/adhoc.py took 0.759 seconds
[2023-03-30T02:06:48.380+0000] {processor.py:153} INFO - Started process (PID=762) to work on /opt/airflow/dags/adhoc.py
[2023-03-30T02:06:48.380+0000] {processor.py:743} INFO - Processing file /opt/airflow/dags/adhoc.py for tasks to queue
[2023-03-30T02:06:48.381+0000] {logging_mixin.py:137} INFO - [2023-03-30T02:06:48.381+0000] {dagbag.py:538} INFO - Filling up the DagBag from /opt/airflow/dags/adhoc.py
[2023-03-30T02:06:48.780+0000] {processor.py:753} INFO - DAG(s) dict_keys(['audio_transcription']) retrieved from /opt/airflow/dags/adhoc.py
[2023-03-30T02:06:48.821+0000] {logging_mixin.py:137} INFO - [2023-03-30T02:06:48.821+0000] {dag.py:2690} INFO - Sync 1 DAGs
[2023-03-30T02:06:49.040+0000] {logging_mixin.py:137} INFO - [2023-03-30T02:06:49.040+0000] {dag.py:3441} INFO - Setting next_dagrun for audio_transcription to 2023-03-30T00:00:00+00:00, run_after=2023-03-31T00:00:00+00:00
[2023-03-30T02:06:49.090+0000] {processor.py:175} INFO - Processing /opt/airflow/dags/adhoc.py took 0.713 seconds
[2023-03-30T02:07:19.328+0000] {processor.py:153} INFO - Started process (PID=807) to work on /opt/airflow/dags/adhoc.py
[2023-03-30T02:07:19.341+0000] {processor.py:743} INFO - Processing file /opt/airflow/dags/adhoc.py for tasks to queue
[2023-03-30T02:07:19.341+0000] {logging_mixin.py:137} INFO - [2023-03-30T02:07:19.341+0000] {dagbag.py:538} INFO - Filling up the DagBag from /opt/airflow/dags/adhoc.py
[2023-03-30T02:07:19.658+0000] {processor.py:753} INFO - DAG(s) dict_keys(['audio_transcription']) retrieved from /opt/airflow/dags/adhoc.py
[2023-03-30T02:07:19.693+0000] {logging_mixin.py:137} INFO - [2023-03-30T02:07:19.692+0000] {dag.py:2690} INFO - Sync 1 DAGs
[2023-03-30T02:07:19.724+0000] {logging_mixin.py:137} INFO - [2023-03-30T02:07:19.724+0000] {dag.py:3441} INFO - Setting next_dagrun for audio_transcription to 2023-03-30T00:00:00+00:00, run_after=2023-03-31T00:00:00+00:00
[2023-03-30T02:07:19.756+0000] {processor.py:175} INFO - Processing /opt/airflow/dags/adhoc.py took 0.431 seconds
[2023-03-30T02:07:49.908+0000] {processor.py:153} INFO - Started process (PID=851) to work on /opt/airflow/dags/adhoc.py
[2023-03-30T02:07:49.909+0000] {processor.py:743} INFO - Processing file /opt/airflow/dags/adhoc.py for tasks to queue
[2023-03-30T02:07:49.910+0000] {logging_mixin.py:137} INFO - [2023-03-30T02:07:49.909+0000] {dagbag.py:538} INFO - Filling up the DagBag from /opt/airflow/dags/adhoc.py
[2023-03-30T02:07:50.381+0000] {processor.py:753} INFO - DAG(s) dict_keys(['audio_transcription']) retrieved from /opt/airflow/dags/adhoc.py
[2023-03-30T02:07:50.456+0000] {logging_mixin.py:137} INFO - [2023-03-30T02:07:50.454+0000] {dag.py:2690} INFO - Sync 1 DAGs
[2023-03-30T02:07:50.528+0000] {logging_mixin.py:137} INFO - [2023-03-30T02:07:50.528+0000] {dag.py:3441} INFO - Setting next_dagrun for audio_transcription to 2023-03-30T00:00:00+00:00, run_after=2023-03-31T00:00:00+00:00
[2023-03-30T02:07:50.579+0000] {processor.py:175} INFO - Processing /opt/airflow/dags/adhoc.py took 0.674 seconds
[2023-03-30T02:08:20.805+0000] {processor.py:153} INFO - Started process (PID=896) to work on /opt/airflow/dags/adhoc.py
[2023-03-30T02:08:20.818+0000] {processor.py:743} INFO - Processing file /opt/airflow/dags/adhoc.py for tasks to queue
[2023-03-30T02:08:20.819+0000] {logging_mixin.py:137} INFO - [2023-03-30T02:08:20.819+0000] {dagbag.py:538} INFO - Filling up the DagBag from /opt/airflow/dags/adhoc.py
[2023-03-30T02:08:21.315+0000] {processor.py:753} INFO - DAG(s) dict_keys(['audio_transcription']) retrieved from /opt/airflow/dags/adhoc.py
[2023-03-30T02:08:21.390+0000] {logging_mixin.py:137} INFO - [2023-03-30T02:08:21.390+0000] {dag.py:2690} INFO - Sync 1 DAGs
[2023-03-30T02:08:21.443+0000] {logging_mixin.py:137} INFO - [2023-03-30T02:08:21.443+0000] {dag.py:3441} INFO - Setting next_dagrun for audio_transcription to 2023-03-30T00:00:00+00:00, run_after=2023-03-31T00:00:00+00:00
[2023-03-30T02:08:21.491+0000] {processor.py:175} INFO - Processing /opt/airflow/dags/adhoc.py took 0.689 seconds
[2023-03-30T02:08:51.725+0000] {processor.py:153} INFO - Started process (PID=940) to work on /opt/airflow/dags/adhoc.py
[2023-03-30T02:08:51.738+0000] {processor.py:743} INFO - Processing file /opt/airflow/dags/adhoc.py for tasks to queue
[2023-03-30T02:08:51.739+0000] {logging_mixin.py:137} INFO - [2023-03-30T02:08:51.739+0000] {dagbag.py:538} INFO - Filling up the DagBag from /opt/airflow/dags/adhoc.py
[2023-03-30T02:08:52.587+0000] {processor.py:753} INFO - DAG(s) dict_keys(['audio_transcription']) retrieved from /opt/airflow/dags/adhoc.py
[2023-03-30T02:08:52.678+0000] {logging_mixin.py:137} INFO - [2023-03-30T02:08:52.677+0000] {dag.py:2690} INFO - Sync 1 DAGs
[2023-03-30T02:08:52.747+0000] {logging_mixin.py:137} INFO - [2023-03-30T02:08:52.747+0000] {dag.py:3441} INFO - Setting next_dagrun for audio_transcription to 2023-03-30T00:00:00+00:00, run_after=2023-03-31T00:00:00+00:00
[2023-03-30T02:08:52.809+0000] {processor.py:175} INFO - Processing /opt/airflow/dags/adhoc.py took 1.092 seconds
[2023-03-30T02:09:23.090+0000] {processor.py:153} INFO - Started process (PID=987) to work on /opt/airflow/dags/adhoc.py
[2023-03-30T02:09:23.093+0000] {processor.py:743} INFO - Processing file /opt/airflow/dags/adhoc.py for tasks to queue
[2023-03-30T02:09:23.097+0000] {logging_mixin.py:137} INFO - [2023-03-30T02:09:23.097+0000] {dagbag.py:538} INFO - Filling up the DagBag from /opt/airflow/dags/adhoc.py
[2023-03-30T02:09:23.881+0000] {processor.py:753} INFO - DAG(s) dict_keys(['audio_transcription']) retrieved from /opt/airflow/dags/adhoc.py
[2023-03-30T02:09:23.968+0000] {logging_mixin.py:137} INFO - [2023-03-30T02:09:23.967+0000] {dag.py:2690} INFO - Sync 1 DAGs
[2023-03-30T02:09:24.039+0000] {logging_mixin.py:137} INFO - [2023-03-30T02:09:24.039+0000] {dag.py:3441} INFO - Setting next_dagrun for audio_transcription to 2023-03-30T00:00:00+00:00, run_after=2023-03-31T00:00:00+00:00
[2023-03-30T02:09:24.112+0000] {processor.py:175} INFO - Processing /opt/airflow/dags/adhoc.py took 1.029 seconds
[2023-03-30T02:09:54.370+0000] {processor.py:153} INFO - Started process (PID=1038) to work on /opt/airflow/dags/adhoc.py
[2023-03-30T02:09:54.373+0000] {processor.py:743} INFO - Processing file /opt/airflow/dags/adhoc.py for tasks to queue
[2023-03-30T02:09:54.374+0000] {logging_mixin.py:137} INFO - [2023-03-30T02:09:54.374+0000] {dagbag.py:538} INFO - Filling up the DagBag from /opt/airflow/dags/adhoc.py
[2023-03-30T02:09:54.880+0000] {processor.py:753} INFO - DAG(s) dict_keys(['audio_transcription']) retrieved from /opt/airflow/dags/adhoc.py
[2023-03-30T02:09:54.936+0000] {logging_mixin.py:137} INFO - [2023-03-30T02:09:54.936+0000] {dag.py:2690} INFO - Sync 1 DAGs
[2023-03-30T02:09:55.198+0000] {logging_mixin.py:137} INFO - [2023-03-30T02:09:55.197+0000] {dag.py:3441} INFO - Setting next_dagrun for audio_transcription to 2023-03-30T00:00:00+00:00, run_after=2023-03-31T00:00:00+00:00
[2023-03-30T02:09:55.244+0000] {processor.py:175} INFO - Processing /opt/airflow/dags/adhoc.py took 0.877 seconds
[2023-03-30T02:10:25.857+0000] {processor.py:153} INFO - Started process (PID=1093) to work on /opt/airflow/dags/adhoc.py
[2023-03-30T02:10:25.868+0000] {processor.py:743} INFO - Processing file /opt/airflow/dags/adhoc.py for tasks to queue
[2023-03-30T02:10:25.869+0000] {logging_mixin.py:137} INFO - [2023-03-30T02:10:25.869+0000] {dagbag.py:538} INFO - Filling up the DagBag from /opt/airflow/dags/adhoc.py
[2023-03-30T02:10:26.768+0000] {processor.py:753} INFO - DAG(s) dict_keys(['audio_transcription']) retrieved from /opt/airflow/dags/adhoc.py
[2023-03-30T02:10:26.835+0000] {logging_mixin.py:137} INFO - [2023-03-30T02:10:26.831+0000] {dag.py:2690} INFO - Sync 1 DAGs
[2023-03-30T02:10:27.126+0000] {logging_mixin.py:137} INFO - [2023-03-30T02:10:27.125+0000] {dag.py:3441} INFO - Setting next_dagrun for audio_transcription to 2023-03-30T00:00:00+00:00, run_after=2023-03-31T00:00:00+00:00
[2023-03-30T02:10:27.188+0000] {processor.py:175} INFO - Processing /opt/airflow/dags/adhoc.py took 1.337 seconds
[2023-03-30T02:10:57.319+0000] {processor.py:153} INFO - Started process (PID=1137) to work on /opt/airflow/dags/adhoc.py
[2023-03-30T02:10:57.321+0000] {processor.py:743} INFO - Processing file /opt/airflow/dags/adhoc.py for tasks to queue
[2023-03-30T02:10:57.322+0000] {logging_mixin.py:137} INFO - [2023-03-30T02:10:57.322+0000] {dagbag.py:538} INFO - Filling up the DagBag from /opt/airflow/dags/adhoc.py
[2023-03-30T02:10:57.893+0000] {processor.py:753} INFO - DAG(s) dict_keys(['audio_transcription']) retrieved from /opt/airflow/dags/adhoc.py
[2023-03-30T02:10:57.949+0000] {logging_mixin.py:137} INFO - [2023-03-30T02:10:57.949+0000] {dag.py:2690} INFO - Sync 1 DAGs
[2023-03-30T02:10:57.994+0000] {logging_mixin.py:137} INFO - [2023-03-30T02:10:57.993+0000] {dag.py:3441} INFO - Setting next_dagrun for audio_transcription to 2023-03-30T00:00:00+00:00, run_after=2023-03-31T00:00:00+00:00
[2023-03-30T02:10:58.042+0000] {processor.py:175} INFO - Processing /opt/airflow/dags/adhoc.py took 0.732 seconds
[2023-03-30T02:11:28.289+0000] {processor.py:153} INFO - Started process (PID=1181) to work on /opt/airflow/dags/adhoc.py
[2023-03-30T02:11:28.299+0000] {processor.py:743} INFO - Processing file /opt/airflow/dags/adhoc.py for tasks to queue
[2023-03-30T02:11:28.303+0000] {logging_mixin.py:137} INFO - [2023-03-30T02:11:28.303+0000] {dagbag.py:538} INFO - Filling up the DagBag from /opt/airflow/dags/adhoc.py
[2023-03-30T02:11:28.924+0000] {processor.py:753} INFO - DAG(s) dict_keys(['audio_transcription']) retrieved from /opt/airflow/dags/adhoc.py
[2023-03-30T02:11:28.987+0000] {logging_mixin.py:137} INFO - [2023-03-30T02:11:28.986+0000] {dag.py:2690} INFO - Sync 1 DAGs
[2023-03-30T02:11:29.034+0000] {logging_mixin.py:137} INFO - [2023-03-30T02:11:29.034+0000] {dag.py:3441} INFO - Setting next_dagrun for audio_transcription to 2023-03-30T00:00:00+00:00, run_after=2023-03-31T00:00:00+00:00
[2023-03-30T02:11:29.074+0000] {processor.py:175} INFO - Processing /opt/airflow/dags/adhoc.py took 0.790 seconds
[2023-03-30T02:11:59.356+0000] {processor.py:153} INFO - Started process (PID=1224) to work on /opt/airflow/dags/adhoc.py
[2023-03-30T02:11:59.358+0000] {processor.py:743} INFO - Processing file /opt/airflow/dags/adhoc.py for tasks to queue
[2023-03-30T02:11:59.359+0000] {logging_mixin.py:137} INFO - [2023-03-30T02:11:59.359+0000] {dagbag.py:538} INFO - Filling up the DagBag from /opt/airflow/dags/adhoc.py
[2023-03-30T02:11:59.917+0000] {processor.py:753} INFO - DAG(s) dict_keys(['audio_transcription']) retrieved from /opt/airflow/dags/adhoc.py
[2023-03-30T02:11:59.968+0000] {logging_mixin.py:137} INFO - [2023-03-30T02:11:59.968+0000] {dag.py:2690} INFO - Sync 1 DAGs
[2023-03-30T02:12:00.008+0000] {logging_mixin.py:137} INFO - [2023-03-30T02:12:00.008+0000] {dag.py:3441} INFO - Setting next_dagrun for audio_transcription to 2023-03-30T00:00:00+00:00, run_after=2023-03-31T00:00:00+00:00
[2023-03-30T02:12:00.056+0000] {processor.py:175} INFO - Processing /opt/airflow/dags/adhoc.py took 0.707 seconds
[2023-03-30T02:12:30.647+0000] {processor.py:153} INFO - Started process (PID=1268) to work on /opt/airflow/dags/adhoc.py
[2023-03-30T02:12:30.651+0000] {processor.py:743} INFO - Processing file /opt/airflow/dags/adhoc.py for tasks to queue
[2023-03-30T02:12:30.652+0000] {logging_mixin.py:137} INFO - [2023-03-30T02:12:30.652+0000] {dagbag.py:538} INFO - Filling up the DagBag from /opt/airflow/dags/adhoc.py
[2023-03-30T02:12:31.145+0000] {processor.py:753} INFO - DAG(s) dict_keys(['audio_transcription']) retrieved from /opt/airflow/dags/adhoc.py
[2023-03-30T02:12:31.198+0000] {logging_mixin.py:137} INFO - [2023-03-30T02:12:31.197+0000] {dag.py:2690} INFO - Sync 1 DAGs
[2023-03-30T02:12:31.248+0000] {logging_mixin.py:137} INFO - [2023-03-30T02:12:31.247+0000] {dag.py:3441} INFO - Setting next_dagrun for audio_transcription to 2023-03-30T00:00:00+00:00, run_after=2023-03-31T00:00:00+00:00
[2023-03-30T02:12:31.285+0000] {processor.py:175} INFO - Processing /opt/airflow/dags/adhoc.py took 0.641 seconds
[2023-03-30T02:13:01.380+0000] {processor.py:153} INFO - Started process (PID=1313) to work on /opt/airflow/dags/adhoc.py
[2023-03-30T02:13:01.381+0000] {processor.py:743} INFO - Processing file /opt/airflow/dags/adhoc.py for tasks to queue
[2023-03-30T02:13:01.382+0000] {logging_mixin.py:137} INFO - [2023-03-30T02:13:01.381+0000] {dagbag.py:538} INFO - Filling up the DagBag from /opt/airflow/dags/adhoc.py
[2023-03-30T02:13:02.031+0000] {processor.py:753} INFO - DAG(s) dict_keys(['audio_transcription']) retrieved from /opt/airflow/dags/adhoc.py
[2023-03-30T02:13:02.089+0000] {logging_mixin.py:137} INFO - [2023-03-30T02:13:02.088+0000] {dag.py:2690} INFO - Sync 1 DAGs
[2023-03-30T02:13:02.139+0000] {logging_mixin.py:137} INFO - [2023-03-30T02:13:02.139+0000] {dag.py:3441} INFO - Setting next_dagrun for audio_transcription to 2023-03-30T00:00:00+00:00, run_after=2023-03-31T00:00:00+00:00
[2023-03-30T02:13:02.390+0000] {processor.py:175} INFO - Processing /opt/airflow/dags/adhoc.py took 1.015 seconds
[2023-03-30T02:13:32.684+0000] {processor.py:153} INFO - Started process (PID=1358) to work on /opt/airflow/dags/adhoc.py
[2023-03-30T02:13:32.684+0000] {processor.py:743} INFO - Processing file /opt/airflow/dags/adhoc.py for tasks to queue
[2023-03-30T02:13:32.685+0000] {logging_mixin.py:137} INFO - [2023-03-30T02:13:32.685+0000] {dagbag.py:538} INFO - Filling up the DagBag from /opt/airflow/dags/adhoc.py
[2023-03-30T02:13:33.362+0000] {processor.py:753} INFO - DAG(s) dict_keys(['audio_transcription']) retrieved from /opt/airflow/dags/adhoc.py
[2023-03-30T02:13:33.442+0000] {logging_mixin.py:137} INFO - [2023-03-30T02:13:33.441+0000] {dag.py:2690} INFO - Sync 1 DAGs
[2023-03-30T02:13:33.717+0000] {logging_mixin.py:137} INFO - [2023-03-30T02:13:33.716+0000] {dag.py:3441} INFO - Setting next_dagrun for audio_transcription to 2023-03-30T00:00:00+00:00, run_after=2023-03-31T00:00:00+00:00
[2023-03-30T02:13:33.763+0000] {processor.py:175} INFO - Processing /opt/airflow/dags/adhoc.py took 1.079 seconds
[2023-03-30T02:14:03.883+0000] {processor.py:153} INFO - Started process (PID=1423) to work on /opt/airflow/dags/adhoc.py
[2023-03-30T02:14:03.887+0000] {processor.py:743} INFO - Processing file /opt/airflow/dags/adhoc.py for tasks to queue
[2023-03-30T02:14:03.888+0000] {logging_mixin.py:137} INFO - [2023-03-30T02:14:03.888+0000] {dagbag.py:538} INFO - Filling up the DagBag from /opt/airflow/dags/adhoc.py
[2023-03-30T02:14:04.367+0000] {processor.py:753} INFO - DAG(s) dict_keys(['audio_transcription']) retrieved from /opt/airflow/dags/adhoc.py
[2023-03-30T02:14:04.411+0000] {logging_mixin.py:137} INFO - [2023-03-30T02:14:04.410+0000] {dag.py:2690} INFO - Sync 1 DAGs
[2023-03-30T02:14:04.463+0000] {logging_mixin.py:137} INFO - [2023-03-30T02:14:04.463+0000] {dag.py:3441} INFO - Setting next_dagrun for audio_transcription to 2023-03-30T00:00:00+00:00, run_after=2023-03-31T00:00:00+00:00
[2023-03-30T02:14:04.512+0000] {processor.py:175} INFO - Processing /opt/airflow/dags/adhoc.py took 0.632 seconds
[2023-03-30T02:14:34.731+0000] {processor.py:153} INFO - Started process (PID=1456) to work on /opt/airflow/dags/adhoc.py
[2023-03-30T02:14:34.732+0000] {processor.py:743} INFO - Processing file /opt/airflow/dags/adhoc.py for tasks to queue
[2023-03-30T02:14:34.733+0000] {logging_mixin.py:137} INFO - [2023-03-30T02:14:34.733+0000] {dagbag.py:538} INFO - Filling up the DagBag from /opt/airflow/dags/adhoc.py
[2023-03-30T02:14:35.413+0000] {processor.py:753} INFO - DAG(s) dict_keys(['audio_transcription']) retrieved from /opt/airflow/dags/adhoc.py
[2023-03-30T02:14:35.468+0000] {logging_mixin.py:137} INFO - [2023-03-30T02:14:35.467+0000] {dag.py:2690} INFO - Sync 1 DAGs
[2023-03-30T02:14:35.524+0000] {logging_mixin.py:137} INFO - [2023-03-30T02:14:35.523+0000] {dag.py:3441} INFO - Setting next_dagrun for audio_transcription to 2023-03-30T00:00:00+00:00, run_after=2023-03-31T00:00:00+00:00
[2023-03-30T02:14:35.577+0000] {processor.py:175} INFO - Processing /opt/airflow/dags/adhoc.py took 0.852 seconds
[2023-03-30T02:15:05.810+0000] {processor.py:153} INFO - Started process (PID=1511) to work on /opt/airflow/dags/adhoc.py
[2023-03-30T02:15:05.817+0000] {processor.py:743} INFO - Processing file /opt/airflow/dags/adhoc.py for tasks to queue
[2023-03-30T02:15:05.819+0000] {logging_mixin.py:137} INFO - [2023-03-30T02:15:05.818+0000] {dagbag.py:538} INFO - Filling up the DagBag from /opt/airflow/dags/adhoc.py
[2023-03-30T02:15:06.408+0000] {processor.py:753} INFO - DAG(s) dict_keys(['audio_transcription']) retrieved from /opt/airflow/dags/adhoc.py
[2023-03-30T02:15:06.470+0000] {logging_mixin.py:137} INFO - [2023-03-30T02:15:06.469+0000] {dag.py:2690} INFO - Sync 1 DAGs
[2023-03-30T02:15:06.529+0000] {logging_mixin.py:137} INFO - [2023-03-30T02:15:06.529+0000] {dag.py:3441} INFO - Setting next_dagrun for audio_transcription to 2023-03-30T00:00:00+00:00, run_after=2023-03-31T00:00:00+00:00
[2023-03-30T02:15:06.578+0000] {processor.py:175} INFO - Processing /opt/airflow/dags/adhoc.py took 0.780 seconds
[2023-03-30T02:15:37.323+0000] {processor.py:153} INFO - Started process (PID=1555) to work on /opt/airflow/dags/adhoc.py
[2023-03-30T02:15:37.325+0000] {processor.py:743} INFO - Processing file /opt/airflow/dags/adhoc.py for tasks to queue
[2023-03-30T02:15:37.326+0000] {logging_mixin.py:137} INFO - [2023-03-30T02:15:37.326+0000] {dagbag.py:538} INFO - Filling up the DagBag from /opt/airflow/dags/adhoc.py
[2023-03-30T02:15:38.350+0000] {processor.py:753} INFO - DAG(s) dict_keys(['audio_transcription']) retrieved from /opt/airflow/dags/adhoc.py
[2023-03-30T02:15:38.417+0000] {logging_mixin.py:137} INFO - [2023-03-30T02:15:38.416+0000] {dag.py:2690} INFO - Sync 1 DAGs
[2023-03-30T02:15:38.491+0000] {logging_mixin.py:137} INFO - [2023-03-30T02:15:38.490+0000] {dag.py:3441} INFO - Setting next_dagrun for audio_transcription to 2023-03-30T00:00:00+00:00, run_after=2023-03-31T00:00:00+00:00
[2023-03-30T02:15:38.544+0000] {processor.py:175} INFO - Processing /opt/airflow/dags/adhoc.py took 1.231 seconds
[2023-03-30T02:16:08.614+0000] {processor.py:153} INFO - Started process (PID=1601) to work on /opt/airflow/dags/adhoc.py
[2023-03-30T02:16:08.615+0000] {processor.py:743} INFO - Processing file /opt/airflow/dags/adhoc.py for tasks to queue
[2023-03-30T02:16:08.616+0000] {logging_mixin.py:137} INFO - [2023-03-30T02:16:08.616+0000] {dagbag.py:538} INFO - Filling up the DagBag from /opt/airflow/dags/adhoc.py
[2023-03-30T02:16:09.057+0000] {processor.py:753} INFO - DAG(s) dict_keys(['audio_transcription']) retrieved from /opt/airflow/dags/adhoc.py
[2023-03-30T02:16:09.117+0000] {logging_mixin.py:137} INFO - [2023-03-30T02:16:09.117+0000] {dag.py:2690} INFO - Sync 1 DAGs
[2023-03-30T02:16:09.169+0000] {logging_mixin.py:137} INFO - [2023-03-30T02:16:09.169+0000] {dag.py:3441} INFO - Setting next_dagrun for audio_transcription to 2023-03-30T00:00:00+00:00, run_after=2023-03-31T00:00:00+00:00
[2023-03-30T02:16:09.378+0000] {processor.py:175} INFO - Processing /opt/airflow/dags/adhoc.py took 0.771 seconds
[2023-03-30T02:16:39.884+0000] {processor.py:153} INFO - Started process (PID=1664) to work on /opt/airflow/dags/adhoc.py
[2023-03-30T02:16:39.892+0000] {processor.py:743} INFO - Processing file /opt/airflow/dags/adhoc.py for tasks to queue
[2023-03-30T02:16:39.897+0000] {logging_mixin.py:137} INFO - [2023-03-30T02:16:39.897+0000] {dagbag.py:538} INFO - Filling up the DagBag from /opt/airflow/dags/adhoc.py
[2023-03-30T02:16:40.719+0000] {processor.py:753} INFO - DAG(s) dict_keys(['audio_transcription']) retrieved from /opt/airflow/dags/adhoc.py
[2023-03-30T02:16:40.812+0000] {logging_mixin.py:137} INFO - [2023-03-30T02:16:40.811+0000] {dag.py:2690} INFO - Sync 1 DAGs
[2023-03-30T02:16:41.088+0000] {logging_mixin.py:137} INFO - [2023-03-30T02:16:41.087+0000] {dag.py:3441} INFO - Setting next_dagrun for audio_transcription to 2023-03-30T00:00:00+00:00, run_after=2023-03-31T00:00:00+00:00
[2023-03-30T02:16:41.131+0000] {processor.py:175} INFO - Processing /opt/airflow/dags/adhoc.py took 1.251 seconds
[2023-03-30T02:17:11.185+0000] {processor.py:153} INFO - Started process (PID=1709) to work on /opt/airflow/dags/adhoc.py
[2023-03-30T02:17:11.185+0000] {processor.py:743} INFO - Processing file /opt/airflow/dags/adhoc.py for tasks to queue
[2023-03-30T02:17:11.186+0000] {logging_mixin.py:137} INFO - [2023-03-30T02:17:11.186+0000] {dagbag.py:538} INFO - Filling up the DagBag from /opt/airflow/dags/adhoc.py
[2023-03-30T02:17:11.548+0000] {processor.py:753} INFO - DAG(s) dict_keys(['audio_transcription']) retrieved from /opt/airflow/dags/adhoc.py
[2023-03-30T02:17:11.596+0000] {logging_mixin.py:137} INFO - [2023-03-30T02:17:11.595+0000] {dag.py:2690} INFO - Sync 1 DAGs
[2023-03-30T02:17:11.796+0000] {logging_mixin.py:137} INFO - [2023-03-30T02:17:11.796+0000] {dag.py:3441} INFO - Setting next_dagrun for audio_transcription to 2023-03-30T00:00:00+00:00, run_after=2023-03-31T00:00:00+00:00
[2023-03-30T02:17:11.833+0000] {processor.py:175} INFO - Processing /opt/airflow/dags/adhoc.py took 0.650 seconds
[2023-03-30T02:17:42.592+0000] {processor.py:153} INFO - Started process (PID=1753) to work on /opt/airflow/dags/adhoc.py
[2023-03-30T02:17:42.610+0000] {processor.py:743} INFO - Processing file /opt/airflow/dags/adhoc.py for tasks to queue
[2023-03-30T02:17:42.612+0000] {logging_mixin.py:137} INFO - [2023-03-30T02:17:42.612+0000] {dagbag.py:538} INFO - Filling up the DagBag from /opt/airflow/dags/adhoc.py
[2023-03-30T02:17:43.532+0000] {processor.py:753} INFO - DAG(s) dict_keys(['audio_transcription']) retrieved from /opt/airflow/dags/adhoc.py
[2023-03-30T02:17:43.642+0000] {logging_mixin.py:137} INFO - [2023-03-30T02:17:43.641+0000] {dag.py:2690} INFO - Sync 1 DAGs
[2023-03-30T02:17:43.768+0000] {logging_mixin.py:137} INFO - [2023-03-30T02:17:43.768+0000] {dag.py:3441} INFO - Setting next_dagrun for audio_transcription to 2023-03-30T00:00:00+00:00, run_after=2023-03-31T00:00:00+00:00
[2023-03-30T02:17:43.829+0000] {processor.py:175} INFO - Processing /opt/airflow/dags/adhoc.py took 1.242 seconds
[2023-03-30T02:18:14.146+0000] {processor.py:153} INFO - Started process (PID=1798) to work on /opt/airflow/dags/adhoc.py
[2023-03-30T02:18:14.150+0000] {processor.py:743} INFO - Processing file /opt/airflow/dags/adhoc.py for tasks to queue
[2023-03-30T02:18:14.151+0000] {logging_mixin.py:137} INFO - [2023-03-30T02:18:14.151+0000] {dagbag.py:538} INFO - Filling up the DagBag from /opt/airflow/dags/adhoc.py
[2023-03-30T02:18:14.561+0000] {processor.py:753} INFO - DAG(s) dict_keys(['audio_transcription']) retrieved from /opt/airflow/dags/adhoc.py
[2023-03-30T02:18:14.613+0000] {logging_mixin.py:137} INFO - [2023-03-30T02:18:14.612+0000] {dag.py:2690} INFO - Sync 1 DAGs
[2023-03-30T02:18:14.666+0000] {logging_mixin.py:137} INFO - [2023-03-30T02:18:14.665+0000] {dag.py:3441} INFO - Setting next_dagrun for audio_transcription to 2023-03-30T00:00:00+00:00, run_after=2023-03-31T00:00:00+00:00
[2023-03-30T02:18:14.706+0000] {processor.py:175} INFO - Processing /opt/airflow/dags/adhoc.py took 0.563 seconds
[2023-03-30T02:18:45.370+0000] {processor.py:153} INFO - Started process (PID=1842) to work on /opt/airflow/dags/adhoc.py
[2023-03-30T02:18:45.385+0000] {processor.py:743} INFO - Processing file /opt/airflow/dags/adhoc.py for tasks to queue
[2023-03-30T02:18:45.387+0000] {logging_mixin.py:137} INFO - [2023-03-30T02:18:45.386+0000] {dagbag.py:538} INFO - Filling up the DagBag from /opt/airflow/dags/adhoc.py
[2023-03-30T02:18:46.309+0000] {processor.py:753} INFO - DAG(s) dict_keys(['audio_transcription']) retrieved from /opt/airflow/dags/adhoc.py
[2023-03-30T02:18:46.385+0000] {logging_mixin.py:137} INFO - [2023-03-30T02:18:46.381+0000] {dag.py:2690} INFO - Sync 1 DAGs
[2023-03-30T02:18:46.465+0000] {logging_mixin.py:137} INFO - [2023-03-30T02:18:46.464+0000] {dag.py:3441} INFO - Setting next_dagrun for audio_transcription to 2023-03-30T00:00:00+00:00, run_after=2023-03-31T00:00:00+00:00
[2023-03-30T02:18:46.529+0000] {processor.py:175} INFO - Processing /opt/airflow/dags/adhoc.py took 1.168 seconds
[2023-03-30T02:19:16.805+0000] {processor.py:153} INFO - Started process (PID=1888) to work on /opt/airflow/dags/adhoc.py
[2023-03-30T02:19:16.807+0000] {processor.py:743} INFO - Processing file /opt/airflow/dags/adhoc.py for tasks to queue
[2023-03-30T02:19:16.812+0000] {logging_mixin.py:137} INFO - [2023-03-30T02:19:16.808+0000] {dagbag.py:538} INFO - Filling up the DagBag from /opt/airflow/dags/adhoc.py
[2023-03-30T02:19:17.883+0000] {processor.py:753} INFO - DAG(s) dict_keys(['audio_transcription']) retrieved from /opt/airflow/dags/adhoc.py
[2023-03-30T02:19:17.962+0000] {logging_mixin.py:137} INFO - [2023-03-30T02:19:17.961+0000] {dag.py:2690} INFO - Sync 1 DAGs
[2023-03-30T02:19:18.033+0000] {logging_mixin.py:137} INFO - [2023-03-30T02:19:18.032+0000] {dag.py:3441} INFO - Setting next_dagrun for audio_transcription to 2023-03-30T00:00:00+00:00, run_after=2023-03-31T00:00:00+00:00
[2023-03-30T02:19:18.343+0000] {processor.py:175} INFO - Processing /opt/airflow/dags/adhoc.py took 1.550 seconds
[2023-03-30T02:19:48.645+0000] {processor.py:153} INFO - Started process (PID=1941) to work on /opt/airflow/dags/adhoc.py
[2023-03-30T02:19:48.648+0000] {processor.py:743} INFO - Processing file /opt/airflow/dags/adhoc.py for tasks to queue
[2023-03-30T02:19:48.650+0000] {logging_mixin.py:137} INFO - [2023-03-30T02:19:48.649+0000] {dagbag.py:538} INFO - Filling up the DagBag from /opt/airflow/dags/adhoc.py
[2023-03-30T02:19:49.897+0000] {processor.py:753} INFO - DAG(s) dict_keys(['audio_transcription']) retrieved from /opt/airflow/dags/adhoc.py
[2023-03-30T02:19:50.028+0000] {logging_mixin.py:137} INFO - [2023-03-30T02:19:50.027+0000] {dag.py:2690} INFO - Sync 1 DAGs
[2023-03-30T02:19:50.583+0000] {logging_mixin.py:137} INFO - [2023-03-30T02:19:50.583+0000] {dag.py:3441} INFO - Setting next_dagrun for audio_transcription to 2023-03-30T00:00:00+00:00, run_after=2023-03-31T00:00:00+00:00
[2023-03-30T02:19:50.724+0000] {processor.py:175} INFO - Processing /opt/airflow/dags/adhoc.py took 2.090 seconds
[2023-03-30T02:20:21.033+0000] {processor.py:153} INFO - Started process (PID=1996) to work on /opt/airflow/dags/adhoc.py
[2023-03-30T02:20:21.037+0000] {processor.py:743} INFO - Processing file /opt/airflow/dags/adhoc.py for tasks to queue
[2023-03-30T02:20:21.039+0000] {logging_mixin.py:137} INFO - [2023-03-30T02:20:21.039+0000] {dagbag.py:538} INFO - Filling up the DagBag from /opt/airflow/dags/adhoc.py
[2023-03-30T02:20:21.921+0000] {processor.py:753} INFO - DAG(s) dict_keys(['audio_transcription']) retrieved from /opt/airflow/dags/adhoc.py
[2023-03-30T02:20:22.019+0000] {logging_mixin.py:137} INFO - [2023-03-30T02:20:22.018+0000] {dag.py:2690} INFO - Sync 1 DAGs
[2023-03-30T02:20:22.399+0000] {logging_mixin.py:137} INFO - [2023-03-30T02:20:22.398+0000] {dag.py:3441} INFO - Setting next_dagrun for audio_transcription to 2023-03-30T00:00:00+00:00, run_after=2023-03-31T00:00:00+00:00
[2023-03-30T02:20:22.461+0000] {processor.py:175} INFO - Processing /opt/airflow/dags/adhoc.py took 1.440 seconds
[2023-03-30T02:20:53.448+0000] {processor.py:153} INFO - Started process (PID=2041) to work on /opt/airflow/dags/adhoc.py
[2023-03-30T02:20:53.451+0000] {processor.py:743} INFO - Processing file /opt/airflow/dags/adhoc.py for tasks to queue
[2023-03-30T02:20:53.452+0000] {logging_mixin.py:137} INFO - [2023-03-30T02:20:53.452+0000] {dagbag.py:538} INFO - Filling up the DagBag from /opt/airflow/dags/adhoc.py
[2023-03-30T02:20:53.847+0000] {processor.py:753} INFO - DAG(s) dict_keys(['audio_transcription']) retrieved from /opt/airflow/dags/adhoc.py
[2023-03-30T02:20:53.896+0000] {logging_mixin.py:137} INFO - [2023-03-30T02:20:53.895+0000] {dag.py:2690} INFO - Sync 1 DAGs
[2023-03-30T02:20:53.931+0000] {logging_mixin.py:137} INFO - [2023-03-30T02:20:53.928+0000] {dag.py:3441} INFO - Setting next_dagrun for audio_transcription to 2023-03-30T00:00:00+00:00, run_after=2023-03-31T00:00:00+00:00
[2023-03-30T02:20:53.982+0000] {processor.py:175} INFO - Processing /opt/airflow/dags/adhoc.py took 0.538 seconds
[2023-03-30T02:21:24.687+0000] {processor.py:153} INFO - Started process (PID=2086) to work on /opt/airflow/dags/adhoc.py
[2023-03-30T02:21:24.689+0000] {processor.py:743} INFO - Processing file /opt/airflow/dags/adhoc.py for tasks to queue
[2023-03-30T02:21:24.690+0000] {logging_mixin.py:137} INFO - [2023-03-30T02:21:24.689+0000] {dagbag.py:538} INFO - Filling up the DagBag from /opt/airflow/dags/adhoc.py
[2023-03-30T02:21:25.168+0000] {processor.py:753} INFO - DAG(s) dict_keys(['audio_transcription']) retrieved from /opt/airflow/dags/adhoc.py
[2023-03-30T02:21:25.220+0000] {logging_mixin.py:137} INFO - [2023-03-30T02:21:25.220+0000] {dag.py:2690} INFO - Sync 1 DAGs
[2023-03-30T02:21:25.261+0000] {logging_mixin.py:137} INFO - [2023-03-30T02:21:25.261+0000] {dag.py:3441} INFO - Setting next_dagrun for audio_transcription to 2023-03-30T00:00:00+00:00, run_after=2023-03-31T00:00:00+00:00
[2023-03-30T02:21:25.301+0000] {processor.py:175} INFO - Processing /opt/airflow/dags/adhoc.py took 0.621 seconds
[2023-03-30T02:21:56.100+0000] {processor.py:153} INFO - Started process (PID=2130) to work on /opt/airflow/dags/adhoc.py
[2023-03-30T02:21:56.102+0000] {processor.py:743} INFO - Processing file /opt/airflow/dags/adhoc.py for tasks to queue
[2023-03-30T02:21:56.103+0000] {logging_mixin.py:137} INFO - [2023-03-30T02:21:56.103+0000] {dagbag.py:538} INFO - Filling up the DagBag from /opt/airflow/dags/adhoc.py
[2023-03-30T02:21:56.505+0000] {processor.py:753} INFO - DAG(s) dict_keys(['audio_transcription']) retrieved from /opt/airflow/dags/adhoc.py
[2023-03-30T02:21:56.556+0000] {logging_mixin.py:137} INFO - [2023-03-30T02:21:56.556+0000] {dag.py:2690} INFO - Sync 1 DAGs
[2023-03-30T02:21:56.610+0000] {logging_mixin.py:137} INFO - [2023-03-30T02:21:56.609+0000] {dag.py:3441} INFO - Setting next_dagrun for audio_transcription to 2023-03-30T00:00:00+00:00, run_after=2023-03-31T00:00:00+00:00
[2023-03-30T02:21:56.659+0000] {processor.py:175} INFO - Processing /opt/airflow/dags/adhoc.py took 0.566 seconds
[2023-03-30T02:22:26.896+0000] {processor.py:153} INFO - Started process (PID=2174) to work on /opt/airflow/dags/adhoc.py
[2023-03-30T02:22:26.898+0000] {processor.py:743} INFO - Processing file /opt/airflow/dags/adhoc.py for tasks to queue
[2023-03-30T02:22:26.904+0000] {logging_mixin.py:137} INFO - [2023-03-30T02:22:26.904+0000] {dagbag.py:538} INFO - Filling up the DagBag from /opt/airflow/dags/adhoc.py
[2023-03-30T02:22:27.836+0000] {processor.py:753} INFO - DAG(s) dict_keys(['audio_transcription']) retrieved from /opt/airflow/dags/adhoc.py
[2023-03-30T02:22:27.898+0000] {logging_mixin.py:137} INFO - [2023-03-30T02:22:27.897+0000] {dag.py:2690} INFO - Sync 1 DAGs
[2023-03-30T02:22:27.966+0000] {logging_mixin.py:137} INFO - [2023-03-30T02:22:27.966+0000] {dag.py:3441} INFO - Setting next_dagrun for audio_transcription to 2023-03-30T00:00:00+00:00, run_after=2023-03-31T00:00:00+00:00
[2023-03-30T02:22:28.226+0000] {processor.py:175} INFO - Processing /opt/airflow/dags/adhoc.py took 1.341 seconds
[2023-03-30T02:22:58.430+0000] {processor.py:153} INFO - Started process (PID=2227) to work on /opt/airflow/dags/adhoc.py
[2023-03-30T02:22:58.432+0000] {processor.py:743} INFO - Processing file /opt/airflow/dags/adhoc.py for tasks to queue
[2023-03-30T02:22:58.434+0000] {logging_mixin.py:137} INFO - [2023-03-30T02:22:58.433+0000] {dagbag.py:538} INFO - Filling up the DagBag from /opt/airflow/dags/adhoc.py
[2023-03-30T02:22:59.184+0000] {processor.py:753} INFO - DAG(s) dict_keys(['audio_transcription']) retrieved from /opt/airflow/dags/adhoc.py
[2023-03-30T02:22:59.278+0000] {logging_mixin.py:137} INFO - [2023-03-30T02:22:59.278+0000] {dag.py:2690} INFO - Sync 1 DAGs
[2023-03-30T02:22:59.633+0000] {logging_mixin.py:137} INFO - [2023-03-30T02:22:59.633+0000] {dag.py:3441} INFO - Setting next_dagrun for audio_transcription to 2023-03-30T00:00:00+00:00, run_after=2023-03-31T00:00:00+00:00
[2023-03-30T02:22:59.701+0000] {processor.py:175} INFO - Processing /opt/airflow/dags/adhoc.py took 1.280 seconds
[2023-03-30T02:23:29.964+0000] {processor.py:153} INFO - Started process (PID=2282) to work on /opt/airflow/dags/adhoc.py
[2023-03-30T02:23:29.966+0000] {processor.py:743} INFO - Processing file /opt/airflow/dags/adhoc.py for tasks to queue
[2023-03-30T02:23:29.966+0000] {logging_mixin.py:137} INFO - [2023-03-30T02:23:29.966+0000] {dagbag.py:538} INFO - Filling up the DagBag from /opt/airflow/dags/adhoc.py
[2023-03-30T02:23:30.548+0000] {processor.py:753} INFO - DAG(s) dict_keys(['audio_transcription']) retrieved from /opt/airflow/dags/adhoc.py
[2023-03-30T02:23:30.607+0000] {logging_mixin.py:137} INFO - [2023-03-30T02:23:30.606+0000] {dag.py:2690} INFO - Sync 1 DAGs
[2023-03-30T02:23:30.819+0000] {logging_mixin.py:137} INFO - [2023-03-30T02:23:30.819+0000] {dag.py:3441} INFO - Setting next_dagrun for audio_transcription to 2023-03-30T00:00:00+00:00, run_after=2023-03-31T00:00:00+00:00
[2023-03-30T02:23:30.865+0000] {processor.py:175} INFO - Processing /opt/airflow/dags/adhoc.py took 0.908 seconds
[2023-03-30T02:24:01.002+0000] {processor.py:153} INFO - Started process (PID=2327) to work on /opt/airflow/dags/adhoc.py
[2023-03-30T02:24:01.017+0000] {processor.py:743} INFO - Processing file /opt/airflow/dags/adhoc.py for tasks to queue
[2023-03-30T02:24:01.021+0000] {logging_mixin.py:137} INFO - [2023-03-30T02:24:01.020+0000] {dagbag.py:538} INFO - Filling up the DagBag from /opt/airflow/dags/adhoc.py
[2023-03-30T02:24:02.191+0000] {processor.py:753} INFO - DAG(s) dict_keys(['audio_transcription']) retrieved from /opt/airflow/dags/adhoc.py
[2023-03-30T02:24:02.349+0000] {logging_mixin.py:137} INFO - [2023-03-30T02:24:02.348+0000] {dag.py:2690} INFO - Sync 1 DAGs
[2023-03-30T02:24:02.473+0000] {logging_mixin.py:137} INFO - [2023-03-30T02:24:02.472+0000] {dag.py:3441} INFO - Setting next_dagrun for audio_transcription to 2023-03-30T00:00:00+00:00, run_after=2023-03-31T00:00:00+00:00
[2023-03-30T02:24:02.598+0000] {processor.py:175} INFO - Processing /opt/airflow/dags/adhoc.py took 1.607 seconds
[2023-03-30T02:24:32.776+0000] {processor.py:153} INFO - Started process (PID=2371) to work on /opt/airflow/dags/adhoc.py
[2023-03-30T02:24:32.780+0000] {processor.py:743} INFO - Processing file /opt/airflow/dags/adhoc.py for tasks to queue
[2023-03-30T02:24:32.781+0000] {logging_mixin.py:137} INFO - [2023-03-30T02:24:32.781+0000] {dagbag.py:538} INFO - Filling up the DagBag from /opt/airflow/dags/adhoc.py
[2023-03-30T02:24:33.761+0000] {processor.py:753} INFO - DAG(s) dict_keys(['audio_transcription']) retrieved from /opt/airflow/dags/adhoc.py
[2023-03-30T02:24:33.869+0000] {logging_mixin.py:137} INFO - [2023-03-30T02:24:33.866+0000] {dag.py:2690} INFO - Sync 1 DAGs
[2023-03-30T02:24:34.016+0000] {logging_mixin.py:137} INFO - [2023-03-30T02:24:34.015+0000] {dag.py:3441} INFO - Setting next_dagrun for audio_transcription to 2023-03-30T00:00:00+00:00, run_after=2023-03-31T00:00:00+00:00
[2023-03-30T02:24:34.117+0000] {processor.py:175} INFO - Processing /opt/airflow/dags/adhoc.py took 1.342 seconds
[2023-03-30T02:25:04.422+0000] {processor.py:153} INFO - Started process (PID=2396) to work on /opt/airflow/dags/adhoc.py
[2023-03-30T02:25:04.423+0000] {processor.py:743} INFO - Processing file /opt/airflow/dags/adhoc.py for tasks to queue
[2023-03-30T02:25:04.429+0000] {logging_mixin.py:137} INFO - [2023-03-30T02:25:04.429+0000] {dagbag.py:538} INFO - Filling up the DagBag from /opt/airflow/dags/adhoc.py
[2023-03-30T02:25:05.395+0000] {processor.py:753} INFO - DAG(s) dict_keys(['audio_transcription']) retrieved from /opt/airflow/dags/adhoc.py
[2023-03-30T02:25:05.473+0000] {logging_mixin.py:137} INFO - [2023-03-30T02:25:05.472+0000] {dag.py:2690} INFO - Sync 1 DAGs
[2023-03-30T02:25:05.544+0000] {logging_mixin.py:137} INFO - [2023-03-30T02:25:05.544+0000] {dag.py:3441} INFO - Setting next_dagrun for audio_transcription to 2023-03-30T00:00:00+00:00, run_after=2023-03-31T00:00:00+00:00
[2023-03-30T02:25:05.599+0000] {processor.py:175} INFO - Processing /opt/airflow/dags/adhoc.py took 1.186 seconds
[2023-03-30T02:25:36.034+0000] {processor.py:153} INFO - Started process (PID=2441) to work on /opt/airflow/dags/adhoc.py
[2023-03-30T02:25:36.036+0000] {processor.py:743} INFO - Processing file /opt/airflow/dags/adhoc.py for tasks to queue
[2023-03-30T02:25:36.037+0000] {logging_mixin.py:137} INFO - [2023-03-30T02:25:36.037+0000] {dagbag.py:538} INFO - Filling up the DagBag from /opt/airflow/dags/adhoc.py
[2023-03-30T02:25:36.606+0000] {processor.py:753} INFO - DAG(s) dict_keys(['audio_transcription']) retrieved from /opt/airflow/dags/adhoc.py
[2023-03-30T02:25:36.658+0000] {logging_mixin.py:137} INFO - [2023-03-30T02:25:36.657+0000] {dag.py:2690} INFO - Sync 1 DAGs
[2023-03-30T02:25:36.703+0000] {logging_mixin.py:137} INFO - [2023-03-30T02:25:36.703+0000] {dag.py:3441} INFO - Setting next_dagrun for audio_transcription to 2023-03-30T00:00:00+00:00, run_after=2023-03-31T00:00:00+00:00
[2023-03-30T02:25:36.925+0000] {processor.py:175} INFO - Processing /opt/airflow/dags/adhoc.py took 0.899 seconds
[2023-03-30T02:26:07.370+0000] {processor.py:153} INFO - Started process (PID=2485) to work on /opt/airflow/dags/adhoc.py
[2023-03-30T02:26:07.372+0000] {processor.py:743} INFO - Processing file /opt/airflow/dags/adhoc.py for tasks to queue
[2023-03-30T02:26:07.387+0000] {logging_mixin.py:137} INFO - [2023-03-30T02:26:07.386+0000] {dagbag.py:538} INFO - Filling up the DagBag from /opt/airflow/dags/adhoc.py
[2023-03-30T02:26:09.288+0000] {processor.py:753} INFO - DAG(s) dict_keys(['audio_transcription']) retrieved from /opt/airflow/dags/adhoc.py
[2023-03-30T02:26:09.389+0000] {logging_mixin.py:137} INFO - [2023-03-30T02:26:09.388+0000] {dag.py:2690} INFO - Sync 1 DAGs
[2023-03-30T02:26:09.802+0000] {logging_mixin.py:137} INFO - [2023-03-30T02:26:09.801+0000] {dag.py:3441} INFO - Setting next_dagrun for audio_transcription to 2023-03-30T00:00:00+00:00, run_after=2023-03-31T00:00:00+00:00
[2023-03-30T02:26:09.872+0000] {processor.py:175} INFO - Processing /opt/airflow/dags/adhoc.py took 2.524 seconds
[2023-03-30T02:26:40.166+0000] {processor.py:153} INFO - Started process (PID=2529) to work on /opt/airflow/dags/adhoc.py
[2023-03-30T02:26:40.170+0000] {processor.py:743} INFO - Processing file /opt/airflow/dags/adhoc.py for tasks to queue
[2023-03-30T02:26:40.173+0000] {logging_mixin.py:137} INFO - [2023-03-30T02:26:40.171+0000] {dagbag.py:538} INFO - Filling up the DagBag from /opt/airflow/dags/adhoc.py
[2023-03-30T02:26:41.155+0000] {processor.py:753} INFO - DAG(s) dict_keys(['audio_transcription']) retrieved from /opt/airflow/dags/adhoc.py
[2023-03-30T02:26:41.214+0000] {logging_mixin.py:137} INFO - [2023-03-30T02:26:41.214+0000] {dag.py:2690} INFO - Sync 1 DAGs
[2023-03-30T02:26:41.450+0000] {logging_mixin.py:137} INFO - [2023-03-30T02:26:41.450+0000] {dag.py:3441} INFO - Setting next_dagrun for audio_transcription to 2023-03-30T00:00:00+00:00, run_after=2023-03-31T00:00:00+00:00
[2023-03-30T02:26:41.506+0000] {processor.py:175} INFO - Processing /opt/airflow/dags/adhoc.py took 1.352 seconds
[2023-03-30T02:27:11.660+0000] {processor.py:153} INFO - Started process (PID=2573) to work on /opt/airflow/dags/adhoc.py
[2023-03-30T02:27:11.677+0000] {processor.py:743} INFO - Processing file /opt/airflow/dags/adhoc.py for tasks to queue
[2023-03-30T02:27:11.677+0000] {logging_mixin.py:137} INFO - [2023-03-30T02:27:11.677+0000] {dagbag.py:538} INFO - Filling up the DagBag from /opt/airflow/dags/adhoc.py
[2023-03-30T02:27:12.288+0000] {processor.py:753} INFO - DAG(s) dict_keys(['audio_transcription']) retrieved from /opt/airflow/dags/adhoc.py
[2023-03-30T02:27:12.368+0000] {logging_mixin.py:137} INFO - [2023-03-30T02:27:12.367+0000] {dag.py:2690} INFO - Sync 1 DAGs
[2023-03-30T02:27:12.420+0000] {logging_mixin.py:137} INFO - [2023-03-30T02:27:12.420+0000] {dag.py:3441} INFO - Setting next_dagrun for audio_transcription to 2023-03-30T00:00:00+00:00, run_after=2023-03-31T00:00:00+00:00
[2023-03-30T02:27:12.475+0000] {processor.py:175} INFO - Processing /opt/airflow/dags/adhoc.py took 0.819 seconds
[2023-03-30T02:27:42.763+0000] {processor.py:153} INFO - Started process (PID=2617) to work on /opt/airflow/dags/adhoc.py
[2023-03-30T02:27:42.765+0000] {processor.py:743} INFO - Processing file /opt/airflow/dags/adhoc.py for tasks to queue
[2023-03-30T02:27:42.781+0000] {logging_mixin.py:137} INFO - [2023-03-30T02:27:42.780+0000] {dagbag.py:538} INFO - Filling up the DagBag from /opt/airflow/dags/adhoc.py
[2023-03-30T02:27:44.001+0000] {processor.py:753} INFO - DAG(s) dict_keys(['audio_transcription']) retrieved from /opt/airflow/dags/adhoc.py
[2023-03-30T02:27:44.109+0000] {logging_mixin.py:137} INFO - [2023-03-30T02:27:44.105+0000] {dag.py:2690} INFO - Sync 1 DAGs
[2023-03-30T02:27:44.212+0000] {logging_mixin.py:137} INFO - [2023-03-30T02:27:44.211+0000] {dag.py:3441} INFO - Setting next_dagrun for audio_transcription to 2023-03-30T00:00:00+00:00, run_after=2023-03-31T00:00:00+00:00
[2023-03-30T02:27:44.275+0000] {processor.py:175} INFO - Processing /opt/airflow/dags/adhoc.py took 1.529 seconds
[2023-03-30T02:28:14.524+0000] {processor.py:153} INFO - Started process (PID=2662) to work on /opt/airflow/dags/adhoc.py
[2023-03-30T02:28:14.524+0000] {processor.py:743} INFO - Processing file /opt/airflow/dags/adhoc.py for tasks to queue
[2023-03-30T02:28:14.525+0000] {logging_mixin.py:137} INFO - [2023-03-30T02:28:14.525+0000] {dagbag.py:538} INFO - Filling up the DagBag from /opt/airflow/dags/adhoc.py
[2023-03-30T02:28:15.087+0000] {processor.py:753} INFO - DAG(s) dict_keys(['audio_transcription']) retrieved from /opt/airflow/dags/adhoc.py
[2023-03-30T02:28:15.189+0000] {logging_mixin.py:137} INFO - [2023-03-30T02:28:15.189+0000] {dag.py:2690} INFO - Sync 1 DAGs
[2023-03-30T02:28:15.253+0000] {logging_mixin.py:137} INFO - [2023-03-30T02:28:15.253+0000] {dag.py:3441} INFO - Setting next_dagrun for audio_transcription to 2023-03-30T00:00:00+00:00, run_after=2023-03-31T00:00:00+00:00
[2023-03-30T02:28:15.306+0000] {processor.py:175} INFO - Processing /opt/airflow/dags/adhoc.py took 0.791 seconds
[2023-03-30T02:28:45.807+0000] {processor.py:153} INFO - Started process (PID=2706) to work on /opt/airflow/dags/adhoc.py
[2023-03-30T02:28:45.808+0000] {processor.py:743} INFO - Processing file /opt/airflow/dags/adhoc.py for tasks to queue
[2023-03-30T02:28:45.809+0000] {logging_mixin.py:137} INFO - [2023-03-30T02:28:45.809+0000] {dagbag.py:538} INFO - Filling up the DagBag from /opt/airflow/dags/adhoc.py
[2023-03-30T02:28:46.189+0000] {processor.py:753} INFO - DAG(s) dict_keys(['audio_transcription']) retrieved from /opt/airflow/dags/adhoc.py
[2023-03-30T02:28:46.229+0000] {logging_mixin.py:137} INFO - [2023-03-30T02:28:46.228+0000] {dag.py:2690} INFO - Sync 1 DAGs
[2023-03-30T02:28:46.260+0000] {logging_mixin.py:137} INFO - [2023-03-30T02:28:46.259+0000] {dag.py:3441} INFO - Setting next_dagrun for audio_transcription to 2023-03-30T00:00:00+00:00, run_after=2023-03-31T00:00:00+00:00
[2023-03-30T02:28:46.432+0000] {processor.py:175} INFO - Processing /opt/airflow/dags/adhoc.py took 0.630 seconds
