[2023-03-30T01:59:29.518+0000] {processor.py:153} INFO - Started process (PID=86) to work on /opt/airflow/dags/batch.py
[2023-03-30T01:59:29.521+0000] {processor.py:743} INFO - Processing file /opt/airflow/dags/batch.py for tasks to queue
[2023-03-30T01:59:29.522+0000] {logging_mixin.py:137} INFO - [2023-03-30T01:59:29.522+0000] {dagbag.py:538} INFO - Filling up the DagBag from /opt/airflow/dags/batch.py
[2023-03-30T01:59:32.711+0000] {logging_mixin.py:137} INFO - ['raw/JV_AUDIO_EXAMPLE.wav', 'raw/audio1.wav']
[2023-03-30T01:59:32.800+0000] {processor.py:753} INFO - DAG(s) dict_keys(['audio_transcription_batch']) retrieved from /opt/airflow/dags/batch.py
[2023-03-30T01:59:33.338+0000] {logging_mixin.py:137} INFO - [2023-03-30T01:59:33.334+0000] {dag.py:2690} INFO - Sync 1 DAGs
[2023-03-30T01:59:33.494+0000] {logging_mixin.py:137} INFO - [2023-03-30T01:59:33.494+0000] {dag.py:3441} INFO - Setting next_dagrun for audio_transcription_batch to 2023-03-29T00:00:00+00:00, run_after=2023-03-30T00:00:00+00:00
[2023-03-30T01:59:33.603+0000] {processor.py:175} INFO - Processing /opt/airflow/dags/batch.py took 4.096 seconds
[2023-03-30T02:00:04.556+0000] {processor.py:153} INFO - Started process (PID=144) to work on /opt/airflow/dags/batch.py
[2023-03-30T02:00:04.558+0000] {processor.py:743} INFO - Processing file /opt/airflow/dags/batch.py for tasks to queue
[2023-03-30T02:00:04.563+0000] {logging_mixin.py:137} INFO - [2023-03-30T02:00:04.560+0000] {dagbag.py:538} INFO - Filling up the DagBag from /opt/airflow/dags/batch.py
[2023-03-30T02:00:05.775+0000] {logging_mixin.py:137} INFO - ['raw/JV_AUDIO_EXAMPLE.wav', 'raw/audio1.wav']
[2023-03-30T02:00:05.826+0000] {processor.py:753} INFO - DAG(s) dict_keys(['audio_transcription_batch']) retrieved from /opt/airflow/dags/batch.py
[2023-03-30T02:00:05.897+0000] {logging_mixin.py:137} INFO - [2023-03-30T02:00:05.895+0000] {dag.py:2690} INFO - Sync 1 DAGs
[2023-03-30T02:00:06.006+0000] {logging_mixin.py:137} INFO - [2023-03-30T02:00:06.006+0000] {dag.py:3441} INFO - Setting next_dagrun for audio_transcription_batch to 2023-03-30T00:00:00+00:00, run_after=2023-03-31T00:00:00+00:00
[2023-03-30T02:00:06.073+0000] {processor.py:175} INFO - Processing /opt/airflow/dags/batch.py took 1.520 seconds
[2023-03-30T02:00:36.851+0000] {processor.py:153} INFO - Started process (PID=189) to work on /opt/airflow/dags/batch.py
[2023-03-30T02:00:36.853+0000] {processor.py:743} INFO - Processing file /opt/airflow/dags/batch.py for tasks to queue
[2023-03-30T02:00:36.857+0000] {logging_mixin.py:137} INFO - [2023-03-30T02:00:36.857+0000] {dagbag.py:538} INFO - Filling up the DagBag from /opt/airflow/dags/batch.py
[2023-03-30T02:00:38.033+0000] {logging_mixin.py:137} INFO - ['raw/JV_AUDIO_EXAMPLE.wav', 'raw/audio1.wav']
[2023-03-30T02:00:38.049+0000] {processor.py:753} INFO - DAG(s) dict_keys(['audio_transcription_batch']) retrieved from /opt/airflow/dags/batch.py
[2023-03-30T02:00:38.077+0000] {logging_mixin.py:137} INFO - [2023-03-30T02:00:38.076+0000] {dag.py:2690} INFO - Sync 1 DAGs
[2023-03-30T02:00:38.126+0000] {logging_mixin.py:137} INFO - [2023-03-30T02:00:38.126+0000] {dag.py:3441} INFO - Setting next_dagrun for audio_transcription_batch to 2023-03-30T00:00:00+00:00, run_after=2023-03-31T00:00:00+00:00
[2023-03-30T02:00:38.171+0000] {processor.py:175} INFO - Processing /opt/airflow/dags/batch.py took 1.331 seconds
[2023-03-30T02:01:08.448+0000] {processor.py:153} INFO - Started process (PID=234) to work on /opt/airflow/dags/batch.py
[2023-03-30T02:01:08.449+0000] {processor.py:743} INFO - Processing file /opt/airflow/dags/batch.py for tasks to queue
[2023-03-30T02:01:08.450+0000] {logging_mixin.py:137} INFO - [2023-03-30T02:01:08.449+0000] {dagbag.py:538} INFO - Filling up the DagBag from /opt/airflow/dags/batch.py
[2023-03-30T02:01:09.572+0000] {logging_mixin.py:137} INFO - ['raw/JV_AUDIO_EXAMPLE.wav', 'raw/audio1.wav']
[2023-03-30T02:01:09.590+0000] {processor.py:753} INFO - DAG(s) dict_keys(['audio_transcription_batch']) retrieved from /opt/airflow/dags/batch.py
[2023-03-30T02:01:09.621+0000] {logging_mixin.py:137} INFO - [2023-03-30T02:01:09.621+0000] {dag.py:2690} INFO - Sync 1 DAGs
[2023-03-30T02:01:09.658+0000] {logging_mixin.py:137} INFO - [2023-03-30T02:01:09.658+0000] {dag.py:3441} INFO - Setting next_dagrun for audio_transcription_batch to 2023-03-30T00:00:00+00:00, run_after=2023-03-31T00:00:00+00:00
[2023-03-30T02:01:09.692+0000] {processor.py:175} INFO - Processing /opt/airflow/dags/batch.py took 1.252 seconds
[2023-03-30T02:01:39.948+0000] {processor.py:153} INFO - Started process (PID=279) to work on /opt/airflow/dags/batch.py
[2023-03-30T02:01:39.952+0000] {processor.py:743} INFO - Processing file /opt/airflow/dags/batch.py for tasks to queue
[2023-03-30T02:01:39.953+0000] {logging_mixin.py:137} INFO - [2023-03-30T02:01:39.953+0000] {dagbag.py:538} INFO - Filling up the DagBag from /opt/airflow/dags/batch.py
[2023-03-30T02:01:40.986+0000] {logging_mixin.py:137} INFO - ['raw/JV_AUDIO_EXAMPLE.wav', 'raw/audio1.wav']
[2023-03-30T02:01:41.002+0000] {processor.py:753} INFO - DAG(s) dict_keys(['audio_transcription_batch']) retrieved from /opt/airflow/dags/batch.py
[2023-03-30T02:01:41.028+0000] {logging_mixin.py:137} INFO - [2023-03-30T02:01:41.026+0000] {dag.py:2690} INFO - Sync 1 DAGs
[2023-03-30T02:01:41.063+0000] {logging_mixin.py:137} INFO - [2023-03-30T02:01:41.063+0000] {dag.py:3441} INFO - Setting next_dagrun for audio_transcription_batch to 2023-03-30T00:00:00+00:00, run_after=2023-03-31T00:00:00+00:00
[2023-03-30T02:01:41.108+0000] {processor.py:175} INFO - Processing /opt/airflow/dags/batch.py took 1.163 seconds
[2023-03-30T02:02:11.446+0000] {processor.py:153} INFO - Started process (PID=323) to work on /opt/airflow/dags/batch.py
[2023-03-30T02:02:11.454+0000] {processor.py:743} INFO - Processing file /opt/airflow/dags/batch.py for tasks to queue
[2023-03-30T02:02:11.455+0000] {logging_mixin.py:137} INFO - [2023-03-30T02:02:11.455+0000] {dagbag.py:538} INFO - Filling up the DagBag from /opt/airflow/dags/batch.py
[2023-03-30T02:02:13.154+0000] {logging_mixin.py:137} INFO - ['raw/JV_AUDIO_EXAMPLE.wav', 'raw/audio1.wav']
[2023-03-30T02:02:13.169+0000] {processor.py:753} INFO - DAG(s) dict_keys(['audio_transcription_batch']) retrieved from /opt/airflow/dags/batch.py
[2023-03-30T02:02:13.201+0000] {logging_mixin.py:137} INFO - [2023-03-30T02:02:13.200+0000] {dag.py:2690} INFO - Sync 1 DAGs
[2023-03-30T02:02:13.258+0000] {logging_mixin.py:137} INFO - [2023-03-30T02:02:13.258+0000] {dag.py:3441} INFO - Setting next_dagrun for audio_transcription_batch to 2023-03-30T00:00:00+00:00, run_after=2023-03-31T00:00:00+00:00
[2023-03-30T02:02:13.307+0000] {processor.py:175} INFO - Processing /opt/airflow/dags/batch.py took 1.869 seconds
[2023-03-30T02:02:43.539+0000] {processor.py:153} INFO - Started process (PID=367) to work on /opt/airflow/dags/batch.py
[2023-03-30T02:02:43.541+0000] {processor.py:743} INFO - Processing file /opt/airflow/dags/batch.py for tasks to queue
[2023-03-30T02:02:43.542+0000] {logging_mixin.py:137} INFO - [2023-03-30T02:02:43.542+0000] {dagbag.py:538} INFO - Filling up the DagBag from /opt/airflow/dags/batch.py
[2023-03-30T02:02:44.381+0000] {logging_mixin.py:137} INFO - ['raw/JV_AUDIO_EXAMPLE.wav', 'raw/audio1.wav']
[2023-03-30T02:02:44.393+0000] {processor.py:753} INFO - DAG(s) dict_keys(['audio_transcription_batch']) retrieved from /opt/airflow/dags/batch.py
[2023-03-30T02:02:44.418+0000] {logging_mixin.py:137} INFO - [2023-03-30T02:02:44.417+0000] {dag.py:2690} INFO - Sync 1 DAGs
[2023-03-30T02:02:44.451+0000] {logging_mixin.py:137} INFO - [2023-03-30T02:02:44.451+0000] {dag.py:3441} INFO - Setting next_dagrun for audio_transcription_batch to 2023-03-30T00:00:00+00:00, run_after=2023-03-31T00:00:00+00:00
[2023-03-30T02:02:44.482+0000] {processor.py:175} INFO - Processing /opt/airflow/dags/batch.py took 0.945 seconds
[2023-03-30T02:03:14.874+0000] {processor.py:153} INFO - Started process (PID=411) to work on /opt/airflow/dags/batch.py
[2023-03-30T02:03:14.886+0000] {processor.py:743} INFO - Processing file /opt/airflow/dags/batch.py for tasks to queue
[2023-03-30T02:03:14.887+0000] {logging_mixin.py:137} INFO - [2023-03-30T02:03:14.887+0000] {dagbag.py:538} INFO - Filling up the DagBag from /opt/airflow/dags/batch.py
[2023-03-30T02:03:16.672+0000] {logging_mixin.py:137} INFO - ['raw/JV_AUDIO_EXAMPLE.wav', 'raw/audio1.wav']
[2023-03-30T02:03:16.696+0000] {processor.py:753} INFO - DAG(s) dict_keys(['audio_transcription_batch']) retrieved from /opt/airflow/dags/batch.py
[2023-03-30T02:03:16.735+0000] {logging_mixin.py:137} INFO - [2023-03-30T02:03:16.734+0000] {dag.py:2690} INFO - Sync 1 DAGs
[2023-03-30T02:03:16.794+0000] {logging_mixin.py:137} INFO - [2023-03-30T02:03:16.794+0000] {dag.py:3441} INFO - Setting next_dagrun for audio_transcription_batch to 2023-03-30T00:00:00+00:00, run_after=2023-03-31T00:00:00+00:00
[2023-03-30T02:03:16.866+0000] {processor.py:175} INFO - Processing /opt/airflow/dags/batch.py took 1.999 seconds
[2023-03-30T02:03:47.145+0000] {processor.py:153} INFO - Started process (PID=465) to work on /opt/airflow/dags/batch.py
[2023-03-30T02:03:47.146+0000] {processor.py:743} INFO - Processing file /opt/airflow/dags/batch.py for tasks to queue
[2023-03-30T02:03:47.147+0000] {logging_mixin.py:137} INFO - [2023-03-30T02:03:47.147+0000] {dagbag.py:538} INFO - Filling up the DagBag from /opt/airflow/dags/batch.py
[2023-03-30T02:03:48.279+0000] {logging_mixin.py:137} INFO - ['raw/JV_AUDIO_EXAMPLE.wav', 'raw/audio1.wav']
[2023-03-30T02:03:48.298+0000] {processor.py:753} INFO - DAG(s) dict_keys(['audio_transcription_batch']) retrieved from /opt/airflow/dags/batch.py
[2023-03-30T02:03:48.333+0000] {logging_mixin.py:137} INFO - [2023-03-30T02:03:48.332+0000] {dag.py:2690} INFO - Sync 1 DAGs
[2023-03-30T02:03:48.380+0000] {logging_mixin.py:137} INFO - [2023-03-30T02:03:48.379+0000] {dag.py:3441} INFO - Setting next_dagrun for audio_transcription_batch to 2023-03-30T00:00:00+00:00, run_after=2023-03-31T00:00:00+00:00
[2023-03-30T02:03:48.423+0000] {processor.py:175} INFO - Processing /opt/airflow/dags/batch.py took 1.287 seconds
[2023-03-30T02:04:18.634+0000] {processor.py:153} INFO - Started process (PID=520) to work on /opt/airflow/dags/batch.py
[2023-03-30T02:04:18.647+0000] {processor.py:743} INFO - Processing file /opt/airflow/dags/batch.py for tasks to queue
[2023-03-30T02:04:18.648+0000] {logging_mixin.py:137} INFO - [2023-03-30T02:04:18.648+0000] {dagbag.py:538} INFO - Filling up the DagBag from /opt/airflow/dags/batch.py
[2023-03-30T02:04:19.441+0000] {logging_mixin.py:137} INFO - ['raw/JV_AUDIO_EXAMPLE.wav', 'raw/audio1.wav']
[2023-03-30T02:04:19.451+0000] {processor.py:753} INFO - DAG(s) dict_keys(['audio_transcription_batch']) retrieved from /opt/airflow/dags/batch.py
[2023-03-30T02:04:19.468+0000] {logging_mixin.py:137} INFO - [2023-03-30T02:04:19.468+0000] {dag.py:2690} INFO - Sync 1 DAGs
[2023-03-30T02:04:19.490+0000] {logging_mixin.py:137} INFO - [2023-03-30T02:04:19.490+0000] {dag.py:3441} INFO - Setting next_dagrun for audio_transcription_batch to 2023-03-30T00:00:00+00:00, run_after=2023-03-31T00:00:00+00:00
[2023-03-30T02:04:19.512+0000] {processor.py:175} INFO - Processing /opt/airflow/dags/batch.py took 0.881 seconds
[2023-03-30T02:04:49.765+0000] {processor.py:153} INFO - Started process (PID=566) to work on /opt/airflow/dags/batch.py
[2023-03-30T02:04:49.766+0000] {processor.py:743} INFO - Processing file /opt/airflow/dags/batch.py for tasks to queue
[2023-03-30T02:04:49.767+0000] {logging_mixin.py:137} INFO - [2023-03-30T02:04:49.767+0000] {dagbag.py:538} INFO - Filling up the DagBag from /opt/airflow/dags/batch.py
[2023-03-30T02:04:50.705+0000] {logging_mixin.py:137} INFO - ['raw/JV_AUDIO_EXAMPLE.wav', 'raw/audio1.wav']
[2023-03-30T02:04:50.717+0000] {processor.py:753} INFO - DAG(s) dict_keys(['audio_transcription_batch']) retrieved from /opt/airflow/dags/batch.py
[2023-03-30T02:04:50.741+0000] {logging_mixin.py:137} INFO - [2023-03-30T02:04:50.741+0000] {dag.py:2690} INFO - Sync 1 DAGs
[2023-03-30T02:04:50.772+0000] {logging_mixin.py:137} INFO - [2023-03-30T02:04:50.772+0000] {dag.py:3441} INFO - Setting next_dagrun for audio_transcription_batch to 2023-03-30T00:00:00+00:00, run_after=2023-03-31T00:00:00+00:00
[2023-03-30T02:04:50.805+0000] {processor.py:175} INFO - Processing /opt/airflow/dags/batch.py took 1.043 seconds
[2023-03-30T02:05:21.006+0000] {processor.py:153} INFO - Started process (PID=611) to work on /opt/airflow/dags/batch.py
[2023-03-30T02:05:21.007+0000] {processor.py:743} INFO - Processing file /opt/airflow/dags/batch.py for tasks to queue
[2023-03-30T02:05:21.007+0000] {logging_mixin.py:137} INFO - [2023-03-30T02:05:21.007+0000] {dagbag.py:538} INFO - Filling up the DagBag from /opt/airflow/dags/batch.py
[2023-03-30T02:05:21.908+0000] {logging_mixin.py:137} INFO - ['raw/JV_AUDIO_EXAMPLE.wav', 'raw/audio1.wav']
[2023-03-30T02:05:21.929+0000] {processor.py:753} INFO - DAG(s) dict_keys(['audio_transcription_batch']) retrieved from /opt/airflow/dags/batch.py
[2023-03-30T02:05:21.969+0000] {logging_mixin.py:137} INFO - [2023-03-30T02:05:21.968+0000] {dag.py:2690} INFO - Sync 1 DAGs
[2023-03-30T02:05:22.025+0000] {logging_mixin.py:137} INFO - [2023-03-30T02:05:22.024+0000] {dag.py:3441} INFO - Setting next_dagrun for audio_transcription_batch to 2023-03-30T00:00:00+00:00, run_after=2023-03-31T00:00:00+00:00
[2023-03-30T02:05:22.066+0000] {processor.py:175} INFO - Processing /opt/airflow/dags/batch.py took 1.066 seconds
[2023-03-30T02:05:52.168+0000] {processor.py:153} INFO - Started process (PID=664) to work on /opt/airflow/dags/batch.py
[2023-03-30T02:05:52.171+0000] {processor.py:743} INFO - Processing file /opt/airflow/dags/batch.py for tasks to queue
[2023-03-30T02:05:52.172+0000] {logging_mixin.py:137} INFO - [2023-03-30T02:05:52.172+0000] {dagbag.py:538} INFO - Filling up the DagBag from /opt/airflow/dags/batch.py
[2023-03-30T02:05:53.508+0000] {logging_mixin.py:137} INFO - ['raw/JV_AUDIO_EXAMPLE.wav', 'raw/audio1.wav']
[2023-03-30T02:05:53.520+0000] {processor.py:753} INFO - DAG(s) dict_keys(['audio_transcription_batch']) retrieved from /opt/airflow/dags/batch.py
[2023-03-30T02:05:53.551+0000] {logging_mixin.py:137} INFO - [2023-03-30T02:05:53.551+0000] {dag.py:2690} INFO - Sync 1 DAGs
[2023-03-30T02:05:53.590+0000] {logging_mixin.py:137} INFO - [2023-03-30T02:05:53.590+0000] {dag.py:3441} INFO - Setting next_dagrun for audio_transcription_batch to 2023-03-30T00:00:00+00:00, run_after=2023-03-31T00:00:00+00:00
[2023-03-30T02:05:53.623+0000] {processor.py:175} INFO - Processing /opt/airflow/dags/batch.py took 1.470 seconds
[2023-03-30T02:06:23.844+0000] {processor.py:153} INFO - Started process (PID=719) to work on /opt/airflow/dags/batch.py
[2023-03-30T02:06:23.845+0000] {processor.py:743} INFO - Processing file /opt/airflow/dags/batch.py for tasks to queue
[2023-03-30T02:06:23.846+0000] {logging_mixin.py:137} INFO - [2023-03-30T02:06:23.846+0000] {dagbag.py:538} INFO - Filling up the DagBag from /opt/airflow/dags/batch.py
[2023-03-30T02:06:25.037+0000] {logging_mixin.py:137} INFO - ['raw/JV_AUDIO_EXAMPLE.wav', 'raw/audio1.wav']
[2023-03-30T02:06:25.057+0000] {processor.py:753} INFO - DAG(s) dict_keys(['audio_transcription_batch']) retrieved from /opt/airflow/dags/batch.py
[2023-03-30T02:06:25.102+0000] {logging_mixin.py:137} INFO - [2023-03-30T02:06:25.101+0000] {dag.py:2690} INFO - Sync 1 DAGs
[2023-03-30T02:06:25.157+0000] {logging_mixin.py:137} INFO - [2023-03-30T02:06:25.157+0000] {dag.py:3441} INFO - Setting next_dagrun for audio_transcription_batch to 2023-03-30T00:00:00+00:00, run_after=2023-03-31T00:00:00+00:00
[2023-03-30T02:06:25.207+0000] {processor.py:175} INFO - Processing /opt/airflow/dags/batch.py took 1.366 seconds
[2023-03-30T02:06:56.047+0000] {processor.py:153} INFO - Started process (PID=764) to work on /opt/airflow/dags/batch.py
[2023-03-30T02:06:56.049+0000] {processor.py:743} INFO - Processing file /opt/airflow/dags/batch.py for tasks to queue
[2023-03-30T02:06:56.050+0000] {logging_mixin.py:137} INFO - [2023-03-30T02:06:56.050+0000] {dagbag.py:538} INFO - Filling up the DagBag from /opt/airflow/dags/batch.py
[2023-03-30T02:06:57.779+0000] {logging_mixin.py:137} INFO - ['raw/JV_AUDIO_EXAMPLE.wav', 'raw/audio1.wav']
[2023-03-30T02:06:57.797+0000] {processor.py:753} INFO - DAG(s) dict_keys(['audio_transcription_batch']) retrieved from /opt/airflow/dags/batch.py
[2023-03-30T02:06:57.827+0000] {logging_mixin.py:137} INFO - [2023-03-30T02:06:57.824+0000] {dag.py:2690} INFO - Sync 1 DAGs
[2023-03-30T02:06:57.870+0000] {logging_mixin.py:137} INFO - [2023-03-30T02:06:57.870+0000] {dag.py:3441} INFO - Setting next_dagrun for audio_transcription_batch to 2023-03-30T00:00:00+00:00, run_after=2023-03-31T00:00:00+00:00
[2023-03-30T02:06:57.917+0000] {processor.py:175} INFO - Processing /opt/airflow/dags/batch.py took 1.879 seconds
[2023-03-30T02:07:28.397+0000] {processor.py:153} INFO - Started process (PID=816) to work on /opt/airflow/dags/batch.py
[2023-03-30T02:07:28.397+0000] {processor.py:743} INFO - Processing file /opt/airflow/dags/batch.py for tasks to queue
[2023-03-30T02:07:28.401+0000] {logging_mixin.py:137} INFO - [2023-03-30T02:07:28.401+0000] {dagbag.py:538} INFO - Filling up the DagBag from /opt/airflow/dags/batch.py
[2023-03-30T02:07:29.550+0000] {logging_mixin.py:137} INFO - ['raw/JV_AUDIO_EXAMPLE.wav', 'raw/audio1.wav']
[2023-03-30T02:07:29.567+0000] {processor.py:753} INFO - DAG(s) dict_keys(['audio_transcription_batch']) retrieved from /opt/airflow/dags/batch.py
[2023-03-30T02:07:29.604+0000] {logging_mixin.py:137} INFO - [2023-03-30T02:07:29.603+0000] {dag.py:2690} INFO - Sync 1 DAGs
[2023-03-30T02:07:29.667+0000] {logging_mixin.py:137} INFO - [2023-03-30T02:07:29.667+0000] {dag.py:3441} INFO - Setting next_dagrun for audio_transcription_batch to 2023-03-30T00:00:00+00:00, run_after=2023-03-31T00:00:00+00:00
[2023-03-30T02:07:29.724+0000] {processor.py:175} INFO - Processing /opt/airflow/dags/batch.py took 1.331 seconds
[2023-03-30T02:08:00.641+0000] {processor.py:153} INFO - Started process (PID=873) to work on /opt/airflow/dags/batch.py
[2023-03-30T02:08:00.644+0000] {processor.py:743} INFO - Processing file /opt/airflow/dags/batch.py for tasks to queue
[2023-03-30T02:08:00.645+0000] {logging_mixin.py:137} INFO - [2023-03-30T02:08:00.645+0000] {dagbag.py:538} INFO - Filling up the DagBag from /opt/airflow/dags/batch.py
[2023-03-30T02:08:01.558+0000] {logging_mixin.py:137} INFO - ['raw/JV_AUDIO_EXAMPLE.wav', 'raw/audio1.wav']
[2023-03-30T02:08:01.570+0000] {processor.py:753} INFO - DAG(s) dict_keys(['audio_transcription_batch']) retrieved from /opt/airflow/dags/batch.py
[2023-03-30T02:08:01.595+0000] {logging_mixin.py:137} INFO - [2023-03-30T02:08:01.594+0000] {dag.py:2690} INFO - Sync 1 DAGs
[2023-03-30T02:08:01.629+0000] {logging_mixin.py:137} INFO - [2023-03-30T02:08:01.629+0000] {dag.py:3441} INFO - Setting next_dagrun for audio_transcription_batch to 2023-03-30T00:00:00+00:00, run_after=2023-03-31T00:00:00+00:00
[2023-03-30T02:08:01.676+0000] {processor.py:175} INFO - Processing /opt/airflow/dags/batch.py took 1.038 seconds
[2023-03-30T02:08:31.943+0000] {processor.py:153} INFO - Started process (PID=918) to work on /opt/airflow/dags/batch.py
[2023-03-30T02:08:31.944+0000] {processor.py:743} INFO - Processing file /opt/airflow/dags/batch.py for tasks to queue
[2023-03-30T02:08:31.945+0000] {logging_mixin.py:137} INFO - [2023-03-30T02:08:31.945+0000] {dagbag.py:538} INFO - Filling up the DagBag from /opt/airflow/dags/batch.py
[2023-03-30T02:08:32.821+0000] {logging_mixin.py:137} INFO - ['raw/JV_AUDIO_EXAMPLE.wav', 'raw/audio1.wav']
[2023-03-30T02:08:32.832+0000] {processor.py:753} INFO - DAG(s) dict_keys(['audio_transcription_batch']) retrieved from /opt/airflow/dags/batch.py
[2023-03-30T02:08:32.853+0000] {logging_mixin.py:137} INFO - [2023-03-30T02:08:32.853+0000] {dag.py:2690} INFO - Sync 1 DAGs
[2023-03-30T02:08:32.889+0000] {logging_mixin.py:137} INFO - [2023-03-30T02:08:32.889+0000] {dag.py:3441} INFO - Setting next_dagrun for audio_transcription_batch to 2023-03-30T00:00:00+00:00, run_after=2023-03-31T00:00:00+00:00
[2023-03-30T02:08:32.921+0000] {processor.py:175} INFO - Processing /opt/airflow/dags/batch.py took 0.982 seconds
[2023-03-30T02:09:03.811+0000] {processor.py:153} INFO - Started process (PID=963) to work on /opt/airflow/dags/batch.py
[2023-03-30T02:09:03.817+0000] {processor.py:743} INFO - Processing file /opt/airflow/dags/batch.py for tasks to queue
[2023-03-30T02:09:03.817+0000] {logging_mixin.py:137} INFO - [2023-03-30T02:09:03.817+0000] {dagbag.py:538} INFO - Filling up the DagBag from /opt/airflow/dags/batch.py
[2023-03-30T02:09:04.823+0000] {logging_mixin.py:137} INFO - ['raw/JV_AUDIO_EXAMPLE.wav', 'raw/audio1.wav']
[2023-03-30T02:09:04.839+0000] {processor.py:753} INFO - DAG(s) dict_keys(['audio_transcription_batch']) retrieved from /opt/airflow/dags/batch.py
[2023-03-30T02:09:04.862+0000] {logging_mixin.py:137} INFO - [2023-03-30T02:09:04.861+0000] {dag.py:2690} INFO - Sync 1 DAGs
[2023-03-30T02:09:04.913+0000] {logging_mixin.py:137} INFO - [2023-03-30T02:09:04.912+0000] {dag.py:3441} INFO - Setting next_dagrun for audio_transcription_batch to 2023-03-30T00:00:00+00:00, run_after=2023-03-31T00:00:00+00:00
[2023-03-30T02:09:04.951+0000] {processor.py:175} INFO - Processing /opt/airflow/dags/batch.py took 1.143 seconds
[2023-03-30T02:09:35.233+0000] {processor.py:153} INFO - Started process (PID=1007) to work on /opt/airflow/dags/batch.py
[2023-03-30T02:09:35.236+0000] {processor.py:743} INFO - Processing file /opt/airflow/dags/batch.py for tasks to queue
[2023-03-30T02:09:35.237+0000] {logging_mixin.py:137} INFO - [2023-03-30T02:09:35.237+0000] {dagbag.py:538} INFO - Filling up the DagBag from /opt/airflow/dags/batch.py
[2023-03-30T02:09:36.414+0000] {logging_mixin.py:137} INFO - ['raw/JV_AUDIO_EXAMPLE.wav', 'raw/audio1.wav']
[2023-03-30T02:09:36.424+0000] {processor.py:753} INFO - DAG(s) dict_keys(['audio_transcription_batch']) retrieved from /opt/airflow/dags/batch.py
[2023-03-30T02:09:36.446+0000] {logging_mixin.py:137} INFO - [2023-03-30T02:09:36.446+0000] {dag.py:2690} INFO - Sync 1 DAGs
[2023-03-30T02:09:36.476+0000] {logging_mixin.py:137} INFO - [2023-03-30T02:09:36.476+0000] {dag.py:3441} INFO - Setting next_dagrun for audio_transcription_batch to 2023-03-30T00:00:00+00:00, run_after=2023-03-31T00:00:00+00:00
[2023-03-30T02:09:36.509+0000] {processor.py:175} INFO - Processing /opt/airflow/dags/batch.py took 1.283 seconds
[2023-03-30T02:10:06.719+0000] {processor.py:153} INFO - Started process (PID=1051) to work on /opt/airflow/dags/batch.py
[2023-03-30T02:10:06.720+0000] {processor.py:743} INFO - Processing file /opt/airflow/dags/batch.py for tasks to queue
[2023-03-30T02:10:06.720+0000] {logging_mixin.py:137} INFO - [2023-03-30T02:10:06.720+0000] {dagbag.py:538} INFO - Filling up the DagBag from /opt/airflow/dags/batch.py
[2023-03-30T02:10:07.765+0000] {logging_mixin.py:137} INFO - ['raw/JV_AUDIO_EXAMPLE.wav', 'raw/audio1.wav']
[2023-03-30T02:10:07.787+0000] {processor.py:753} INFO - DAG(s) dict_keys(['audio_transcription_batch']) retrieved from /opt/airflow/dags/batch.py
[2023-03-30T02:10:07.840+0000] {logging_mixin.py:137} INFO - [2023-03-30T02:10:07.839+0000] {dag.py:2690} INFO - Sync 1 DAGs
[2023-03-30T02:10:07.918+0000] {logging_mixin.py:137} INFO - [2023-03-30T02:10:07.918+0000] {dag.py:3441} INFO - Setting next_dagrun for audio_transcription_batch to 2023-03-30T00:00:00+00:00, run_after=2023-03-31T00:00:00+00:00
[2023-03-30T02:10:07.996+0000] {processor.py:175} INFO - Processing /opt/airflow/dags/batch.py took 1.281 seconds
[2023-03-30T02:10:38.250+0000] {processor.py:153} INFO - Started process (PID=1104) to work on /opt/airflow/dags/batch.py
[2023-03-30T02:10:38.252+0000] {processor.py:743} INFO - Processing file /opt/airflow/dags/batch.py for tasks to queue
[2023-03-30T02:10:38.254+0000] {logging_mixin.py:137} INFO - [2023-03-30T02:10:38.253+0000] {dagbag.py:538} INFO - Filling up the DagBag from /opt/airflow/dags/batch.py
[2023-03-30T02:10:39.892+0000] {logging_mixin.py:137} INFO - ['raw/JV_AUDIO_EXAMPLE.wav', 'raw/audio1.wav']
[2023-03-30T02:10:39.931+0000] {processor.py:753} INFO - DAG(s) dict_keys(['audio_transcription_batch']) retrieved from /opt/airflow/dags/batch.py
[2023-03-30T02:10:39.988+0000] {logging_mixin.py:137} INFO - [2023-03-30T02:10:39.984+0000] {dag.py:2690} INFO - Sync 1 DAGs
[2023-03-30T02:10:40.065+0000] {logging_mixin.py:137} INFO - [2023-03-30T02:10:40.065+0000] {dag.py:3441} INFO - Setting next_dagrun for audio_transcription_batch to 2023-03-30T00:00:00+00:00, run_after=2023-03-31T00:00:00+00:00
[2023-03-30T02:10:40.131+0000] {processor.py:175} INFO - Processing /opt/airflow/dags/batch.py took 1.888 seconds
[2023-03-30T02:11:10.573+0000] {processor.py:153} INFO - Started process (PID=1159) to work on /opt/airflow/dags/batch.py
[2023-03-30T02:11:10.575+0000] {processor.py:743} INFO - Processing file /opt/airflow/dags/batch.py for tasks to queue
[2023-03-30T02:11:10.576+0000] {logging_mixin.py:137} INFO - [2023-03-30T02:11:10.576+0000] {dagbag.py:538} INFO - Filling up the DagBag from /opt/airflow/dags/batch.py
[2023-03-30T02:11:11.948+0000] {logging_mixin.py:137} INFO - ['raw/JV_AUDIO_EXAMPLE.wav', 'raw/audio1.wav']
[2023-03-30T02:11:11.967+0000] {processor.py:753} INFO - DAG(s) dict_keys(['audio_transcription_batch']) retrieved from /opt/airflow/dags/batch.py
[2023-03-30T02:11:11.996+0000] {logging_mixin.py:137} INFO - [2023-03-30T02:11:11.996+0000] {dag.py:2690} INFO - Sync 1 DAGs
[2023-03-30T02:11:12.045+0000] {logging_mixin.py:137} INFO - [2023-03-30T02:11:12.044+0000] {dag.py:3441} INFO - Setting next_dagrun for audio_transcription_batch to 2023-03-30T00:00:00+00:00, run_after=2023-03-31T00:00:00+00:00
[2023-03-30T02:11:12.120+0000] {processor.py:175} INFO - Processing /opt/airflow/dags/batch.py took 1.561 seconds
[2023-03-30T02:11:42.202+0000] {processor.py:153} INFO - Started process (PID=1203) to work on /opt/airflow/dags/batch.py
[2023-03-30T02:11:42.208+0000] {processor.py:743} INFO - Processing file /opt/airflow/dags/batch.py for tasks to queue
[2023-03-30T02:11:42.210+0000] {logging_mixin.py:137} INFO - [2023-03-30T02:11:42.209+0000] {dagbag.py:538} INFO - Filling up the DagBag from /opt/airflow/dags/batch.py
[2023-03-30T02:11:43.197+0000] {logging_mixin.py:137} INFO - ['raw/JV_AUDIO_EXAMPLE.wav', 'raw/audio1.wav']
[2023-03-30T02:11:43.209+0000] {processor.py:753} INFO - DAG(s) dict_keys(['audio_transcription_batch']) retrieved from /opt/airflow/dags/batch.py
[2023-03-30T02:11:43.232+0000] {logging_mixin.py:137} INFO - [2023-03-30T02:11:43.231+0000] {dag.py:2690} INFO - Sync 1 DAGs
[2023-03-30T02:11:43.266+0000] {logging_mixin.py:137} INFO - [2023-03-30T02:11:43.263+0000] {dag.py:3441} INFO - Setting next_dagrun for audio_transcription_batch to 2023-03-30T00:00:00+00:00, run_after=2023-03-31T00:00:00+00:00
[2023-03-30T02:11:43.300+0000] {processor.py:175} INFO - Processing /opt/airflow/dags/batch.py took 1.102 seconds
[2023-03-30T02:12:13.548+0000] {processor.py:153} INFO - Started process (PID=1246) to work on /opt/airflow/dags/batch.py
[2023-03-30T02:12:13.553+0000] {processor.py:743} INFO - Processing file /opt/airflow/dags/batch.py for tasks to queue
[2023-03-30T02:12:13.554+0000] {logging_mixin.py:137} INFO - [2023-03-30T02:12:13.554+0000] {dagbag.py:538} INFO - Filling up the DagBag from /opt/airflow/dags/batch.py
[2023-03-30T02:12:14.591+0000] {logging_mixin.py:137} INFO - ['raw/JV_AUDIO_EXAMPLE.wav', 'raw/audio1.wav']
[2023-03-30T02:12:14.604+0000] {processor.py:753} INFO - DAG(s) dict_keys(['audio_transcription_batch']) retrieved from /opt/airflow/dags/batch.py
[2023-03-30T02:12:14.632+0000] {logging_mixin.py:137} INFO - [2023-03-30T02:12:14.631+0000] {dag.py:2690} INFO - Sync 1 DAGs
[2023-03-30T02:12:14.676+0000] {logging_mixin.py:137} INFO - [2023-03-30T02:12:14.676+0000] {dag.py:3441} INFO - Setting next_dagrun for audio_transcription_batch to 2023-03-30T00:00:00+00:00, run_after=2023-03-31T00:00:00+00:00
[2023-03-30T02:12:14.713+0000] {processor.py:175} INFO - Processing /opt/airflow/dags/batch.py took 1.169 seconds
[2023-03-30T02:12:44.918+0000] {processor.py:153} INFO - Started process (PID=1291) to work on /opt/airflow/dags/batch.py
[2023-03-30T02:12:44.919+0000] {processor.py:743} INFO - Processing file /opt/airflow/dags/batch.py for tasks to queue
[2023-03-30T02:12:44.919+0000] {logging_mixin.py:137} INFO - [2023-03-30T02:12:44.919+0000] {dagbag.py:538} INFO - Filling up the DagBag from /opt/airflow/dags/batch.py
[2023-03-30T02:12:46.139+0000] {logging_mixin.py:137} INFO - ['raw/JV_AUDIO_EXAMPLE.wav', 'raw/audio1.wav']
[2023-03-30T02:12:46.151+0000] {processor.py:753} INFO - DAG(s) dict_keys(['audio_transcription_batch']) retrieved from /opt/airflow/dags/batch.py
[2023-03-30T02:12:46.177+0000] {logging_mixin.py:137} INFO - [2023-03-30T02:12:46.177+0000] {dag.py:2690} INFO - Sync 1 DAGs
[2023-03-30T02:12:46.216+0000] {logging_mixin.py:137} INFO - [2023-03-30T02:12:46.216+0000] {dag.py:3441} INFO - Setting next_dagrun for audio_transcription_batch to 2023-03-30T00:00:00+00:00, run_after=2023-03-31T00:00:00+00:00
[2023-03-30T02:12:46.249+0000] {processor.py:175} INFO - Processing /opt/airflow/dags/batch.py took 1.335 seconds
[2023-03-30T02:13:16.512+0000] {processor.py:153} INFO - Started process (PID=1335) to work on /opt/airflow/dags/batch.py
[2023-03-30T02:13:16.513+0000] {processor.py:743} INFO - Processing file /opt/airflow/dags/batch.py for tasks to queue
[2023-03-30T02:13:16.514+0000] {logging_mixin.py:137} INFO - [2023-03-30T02:13:16.514+0000] {dagbag.py:538} INFO - Filling up the DagBag from /opt/airflow/dags/batch.py
[2023-03-30T02:13:17.635+0000] {logging_mixin.py:137} INFO - ['raw/JV_AUDIO_EXAMPLE.wav', 'raw/audio1.wav']
[2023-03-30T02:13:17.649+0000] {processor.py:753} INFO - DAG(s) dict_keys(['audio_transcription_batch']) retrieved from /opt/airflow/dags/batch.py
[2023-03-30T02:13:17.684+0000] {logging_mixin.py:137} INFO - [2023-03-30T02:13:17.683+0000] {dag.py:2690} INFO - Sync 1 DAGs
[2023-03-30T02:13:17.725+0000] {logging_mixin.py:137} INFO - [2023-03-30T02:13:17.724+0000] {dag.py:3441} INFO - Setting next_dagrun for audio_transcription_batch to 2023-03-30T00:00:00+00:00, run_after=2023-03-31T00:00:00+00:00
[2023-03-30T02:13:17.771+0000] {processor.py:175} INFO - Processing /opt/airflow/dags/batch.py took 1.261 seconds
[2023-03-30T02:13:47.885+0000] {processor.py:153} INFO - Started process (PID=1380) to work on /opt/airflow/dags/batch.py
[2023-03-30T02:13:47.886+0000] {processor.py:743} INFO - Processing file /opt/airflow/dags/batch.py for tasks to queue
[2023-03-30T02:13:47.887+0000] {logging_mixin.py:137} INFO - [2023-03-30T02:13:47.887+0000] {dagbag.py:538} INFO - Filling up the DagBag from /opt/airflow/dags/batch.py
[2023-03-30T02:13:48.739+0000] {logging_mixin.py:137} INFO - ['raw/JV_AUDIO_EXAMPLE.wav', 'raw/audio1.wav']
[2023-03-30T02:13:48.754+0000] {processor.py:753} INFO - DAG(s) dict_keys(['audio_transcription_batch']) retrieved from /opt/airflow/dags/batch.py
[2023-03-30T02:13:48.778+0000] {logging_mixin.py:137} INFO - [2023-03-30T02:13:48.777+0000] {dag.py:2690} INFO - Sync 1 DAGs
[2023-03-30T02:13:48.809+0000] {logging_mixin.py:137} INFO - [2023-03-30T02:13:48.809+0000] {dag.py:3441} INFO - Setting next_dagrun for audio_transcription_batch to 2023-03-30T00:00:00+00:00, run_after=2023-03-31T00:00:00+00:00
[2023-03-30T02:13:48.845+0000] {processor.py:175} INFO - Processing /opt/airflow/dags/batch.py took 0.967 seconds
[2023-03-30T02:14:19.099+0000] {processor.py:153} INFO - Started process (PID=1446) to work on /opt/airflow/dags/batch.py
[2023-03-30T02:14:19.100+0000] {processor.py:743} INFO - Processing file /opt/airflow/dags/batch.py for tasks to queue
[2023-03-30T02:14:19.102+0000] {logging_mixin.py:137} INFO - [2023-03-30T02:14:19.101+0000] {dagbag.py:538} INFO - Filling up the DagBag from /opt/airflow/dags/batch.py
[2023-03-30T02:14:21.244+0000] {logging_mixin.py:137} INFO - ['raw/JV_AUDIO_EXAMPLE.wav', 'raw/audio1.wav']
[2023-03-30T02:14:21.281+0000] {processor.py:753} INFO - DAG(s) dict_keys(['audio_transcription_batch']) retrieved from /opt/airflow/dags/batch.py
[2023-03-30T02:14:21.338+0000] {logging_mixin.py:137} INFO - [2023-03-30T02:14:21.334+0000] {dag.py:2690} INFO - Sync 1 DAGs
[2023-03-30T02:14:21.464+0000] {logging_mixin.py:137} INFO - [2023-03-30T02:14:21.463+0000] {dag.py:3441} INFO - Setting next_dagrun for audio_transcription_batch to 2023-03-30T00:00:00+00:00, run_after=2023-03-31T00:00:00+00:00
[2023-03-30T02:14:21.562+0000] {processor.py:175} INFO - Processing /opt/airflow/dags/batch.py took 2.473 seconds
[2023-03-30T02:14:51.708+0000] {processor.py:153} INFO - Started process (PID=1489) to work on /opt/airflow/dags/batch.py
[2023-03-30T02:14:51.722+0000] {processor.py:743} INFO - Processing file /opt/airflow/dags/batch.py for tasks to queue
[2023-03-30T02:14:51.723+0000] {logging_mixin.py:137} INFO - [2023-03-30T02:14:51.723+0000] {dagbag.py:538} INFO - Filling up the DagBag from /opt/airflow/dags/batch.py
[2023-03-30T02:14:52.824+0000] {logging_mixin.py:137} INFO - ['raw/JV_AUDIO_EXAMPLE.wav', 'raw/audio1.wav']
[2023-03-30T02:14:52.842+0000] {processor.py:753} INFO - DAG(s) dict_keys(['audio_transcription_batch']) retrieved from /opt/airflow/dags/batch.py
[2023-03-30T02:14:52.865+0000] {logging_mixin.py:137} INFO - [2023-03-30T02:14:52.864+0000] {dag.py:2690} INFO - Sync 1 DAGs
[2023-03-30T02:14:52.897+0000] {logging_mixin.py:137} INFO - [2023-03-30T02:14:52.897+0000] {dag.py:3441} INFO - Setting next_dagrun for audio_transcription_batch to 2023-03-30T00:00:00+00:00, run_after=2023-03-31T00:00:00+00:00
[2023-03-30T02:14:52.944+0000] {processor.py:175} INFO - Processing /opt/airflow/dags/batch.py took 1.240 seconds
[2023-03-30T02:15:23.168+0000] {processor.py:153} INFO - Started process (PID=1533) to work on /opt/airflow/dags/batch.py
[2023-03-30T02:15:23.178+0000] {processor.py:743} INFO - Processing file /opt/airflow/dags/batch.py for tasks to queue
[2023-03-30T02:15:23.179+0000] {logging_mixin.py:137} INFO - [2023-03-30T02:15:23.179+0000] {dagbag.py:538} INFO - Filling up the DagBag from /opt/airflow/dags/batch.py
[2023-03-30T02:15:24.146+0000] {logging_mixin.py:137} INFO - ['raw/JV_AUDIO_EXAMPLE.wav', 'raw/audio1.wav']
[2023-03-30T02:15:24.157+0000] {processor.py:753} INFO - DAG(s) dict_keys(['audio_transcription_batch']) retrieved from /opt/airflow/dags/batch.py
[2023-03-30T02:15:24.177+0000] {logging_mixin.py:137} INFO - [2023-03-30T02:15:24.176+0000] {dag.py:2690} INFO - Sync 1 DAGs
[2023-03-30T02:15:24.207+0000] {logging_mixin.py:137} INFO - [2023-03-30T02:15:24.207+0000] {dag.py:3441} INFO - Setting next_dagrun for audio_transcription_batch to 2023-03-30T00:00:00+00:00, run_after=2023-03-31T00:00:00+00:00
[2023-03-30T02:15:24.238+0000] {processor.py:175} INFO - Processing /opt/airflow/dags/batch.py took 1.073 seconds
[2023-03-30T02:15:54.486+0000] {processor.py:153} INFO - Started process (PID=1577) to work on /opt/airflow/dags/batch.py
[2023-03-30T02:15:54.487+0000] {processor.py:743} INFO - Processing file /opt/airflow/dags/batch.py for tasks to queue
[2023-03-30T02:15:54.490+0000] {logging_mixin.py:137} INFO - [2023-03-30T02:15:54.490+0000] {dagbag.py:538} INFO - Filling up the DagBag from /opt/airflow/dags/batch.py
[2023-03-30T02:15:55.382+0000] {logging_mixin.py:137} INFO - ['raw/JV_AUDIO_EXAMPLE.wav', 'raw/audio1.wav']
[2023-03-30T02:15:55.403+0000] {processor.py:753} INFO - DAG(s) dict_keys(['audio_transcription_batch']) retrieved from /opt/airflow/dags/batch.py
[2023-03-30T02:15:55.445+0000] {logging_mixin.py:137} INFO - [2023-03-30T02:15:55.444+0000] {dag.py:2690} INFO - Sync 1 DAGs
[2023-03-30T02:15:55.512+0000] {logging_mixin.py:137} INFO - [2023-03-30T02:15:55.512+0000] {dag.py:3441} INFO - Setting next_dagrun for audio_transcription_batch to 2023-03-30T00:00:00+00:00, run_after=2023-03-31T00:00:00+00:00
[2023-03-30T02:15:55.562+0000] {processor.py:175} INFO - Processing /opt/airflow/dags/batch.py took 1.079 seconds
[2023-03-30T02:16:25.784+0000] {processor.py:153} INFO - Started process (PID=1642) to work on /opt/airflow/dags/batch.py
[2023-03-30T02:16:25.785+0000] {processor.py:743} INFO - Processing file /opt/airflow/dags/batch.py for tasks to queue
[2023-03-30T02:16:25.786+0000] {logging_mixin.py:137} INFO - [2023-03-30T02:16:25.786+0000] {dagbag.py:538} INFO - Filling up the DagBag from /opt/airflow/dags/batch.py
[2023-03-30T02:16:26.698+0000] {logging_mixin.py:137} INFO - ['raw/JV_AUDIO_EXAMPLE.wav', 'raw/audio1.wav']
[2023-03-30T02:16:26.714+0000] {processor.py:753} INFO - DAG(s) dict_keys(['audio_transcription_batch']) retrieved from /opt/airflow/dags/batch.py
[2023-03-30T02:16:26.740+0000] {logging_mixin.py:137} INFO - [2023-03-30T02:16:26.739+0000] {dag.py:2690} INFO - Sync 1 DAGs
[2023-03-30T02:16:26.789+0000] {logging_mixin.py:137} INFO - [2023-03-30T02:16:26.789+0000] {dag.py:3441} INFO - Setting next_dagrun for audio_transcription_batch to 2023-03-30T00:00:00+00:00, run_after=2023-03-31T00:00:00+00:00
[2023-03-30T02:16:26.837+0000] {processor.py:175} INFO - Processing /opt/airflow/dags/batch.py took 1.058 seconds
[2023-03-30T02:16:57.088+0000] {processor.py:153} INFO - Started process (PID=1687) to work on /opt/airflow/dags/batch.py
[2023-03-30T02:16:57.089+0000] {processor.py:743} INFO - Processing file /opt/airflow/dags/batch.py for tasks to queue
[2023-03-30T02:16:57.089+0000] {logging_mixin.py:137} INFO - [2023-03-30T02:16:57.089+0000] {dagbag.py:538} INFO - Filling up the DagBag from /opt/airflow/dags/batch.py
[2023-03-30T02:16:58.050+0000] {logging_mixin.py:137} INFO - ['raw/JV_AUDIO_EXAMPLE.wav', 'raw/audio1.wav']
[2023-03-30T02:16:58.062+0000] {processor.py:753} INFO - DAG(s) dict_keys(['audio_transcription_batch']) retrieved from /opt/airflow/dags/batch.py
[2023-03-30T02:16:58.091+0000] {logging_mixin.py:137} INFO - [2023-03-30T02:16:58.090+0000] {dag.py:2690} INFO - Sync 1 DAGs
[2023-03-30T02:16:58.124+0000] {logging_mixin.py:137} INFO - [2023-03-30T02:16:58.124+0000] {dag.py:3441} INFO - Setting next_dagrun for audio_transcription_batch to 2023-03-30T00:00:00+00:00, run_after=2023-03-31T00:00:00+00:00
[2023-03-30T02:16:58.172+0000] {processor.py:175} INFO - Processing /opt/airflow/dags/batch.py took 1.090 seconds
[2023-03-30T02:17:28.457+0000] {processor.py:153} INFO - Started process (PID=1731) to work on /opt/airflow/dags/batch.py
[2023-03-30T02:17:28.462+0000] {processor.py:743} INFO - Processing file /opt/airflow/dags/batch.py for tasks to queue
[2023-03-30T02:17:28.463+0000] {logging_mixin.py:137} INFO - [2023-03-30T02:17:28.463+0000] {dagbag.py:538} INFO - Filling up the DagBag from /opt/airflow/dags/batch.py
[2023-03-30T02:17:30.213+0000] {logging_mixin.py:137} INFO - ['raw/JV_AUDIO_EXAMPLE.wav', 'raw/audio1.wav']
[2023-03-30T02:17:30.236+0000] {processor.py:753} INFO - DAG(s) dict_keys(['audio_transcription_batch']) retrieved from /opt/airflow/dags/batch.py
[2023-03-30T02:17:30.294+0000] {logging_mixin.py:137} INFO - [2023-03-30T02:17:30.293+0000] {dag.py:2690} INFO - Sync 1 DAGs
[2023-03-30T02:17:30.408+0000] {logging_mixin.py:137} INFO - [2023-03-30T02:17:30.408+0000] {dag.py:3441} INFO - Setting next_dagrun for audio_transcription_batch to 2023-03-30T00:00:00+00:00, run_after=2023-03-31T00:00:00+00:00
[2023-03-30T02:17:30.484+0000] {processor.py:175} INFO - Processing /opt/airflow/dags/batch.py took 2.037 seconds
[2023-03-30T02:18:00.820+0000] {processor.py:153} INFO - Started process (PID=1776) to work on /opt/airflow/dags/batch.py
[2023-03-30T02:18:00.827+0000] {processor.py:743} INFO - Processing file /opt/airflow/dags/batch.py for tasks to queue
[2023-03-30T02:18:00.830+0000] {logging_mixin.py:137} INFO - [2023-03-30T02:18:00.829+0000] {dagbag.py:538} INFO - Filling up the DagBag from /opt/airflow/dags/batch.py
[2023-03-30T02:18:03.270+0000] {logging_mixin.py:137} INFO - ['raw/JV_AUDIO_EXAMPLE.wav', 'raw/audio1.wav']
[2023-03-30T02:18:03.312+0000] {processor.py:753} INFO - DAG(s) dict_keys(['audio_transcription_batch']) retrieved from /opt/airflow/dags/batch.py
[2023-03-30T02:18:03.386+0000] {logging_mixin.py:137} INFO - [2023-03-30T02:18:03.382+0000] {dag.py:2690} INFO - Sync 1 DAGs
[2023-03-30T02:18:03.517+0000] {logging_mixin.py:137} INFO - [2023-03-30T02:18:03.516+0000] {dag.py:3441} INFO - Setting next_dagrun for audio_transcription_batch to 2023-03-30T00:00:00+00:00, run_after=2023-03-31T00:00:00+00:00
[2023-03-30T02:18:03.637+0000] {processor.py:175} INFO - Processing /opt/airflow/dags/batch.py took 2.827 seconds
[2023-03-30T02:18:33.899+0000] {processor.py:153} INFO - Started process (PID=1820) to work on /opt/airflow/dags/batch.py
[2023-03-30T02:18:33.900+0000] {processor.py:743} INFO - Processing file /opt/airflow/dags/batch.py for tasks to queue
[2023-03-30T02:18:33.901+0000] {logging_mixin.py:137} INFO - [2023-03-30T02:18:33.901+0000] {dagbag.py:538} INFO - Filling up the DagBag from /opt/airflow/dags/batch.py
[2023-03-30T02:18:35.116+0000] {logging_mixin.py:137} INFO - ['raw/JV_AUDIO_EXAMPLE.wav', 'raw/audio1.wav']
[2023-03-30T02:18:35.136+0000] {processor.py:753} INFO - DAG(s) dict_keys(['audio_transcription_batch']) retrieved from /opt/airflow/dags/batch.py
[2023-03-30T02:18:35.177+0000] {logging_mixin.py:137} INFO - [2023-03-30T02:18:35.176+0000] {dag.py:2690} INFO - Sync 1 DAGs
[2023-03-30T02:18:35.235+0000] {logging_mixin.py:137} INFO - [2023-03-30T02:18:35.235+0000] {dag.py:3441} INFO - Setting next_dagrun for audio_transcription_batch to 2023-03-30T00:00:00+00:00, run_after=2023-03-31T00:00:00+00:00
[2023-03-30T02:18:35.289+0000] {processor.py:175} INFO - Processing /opt/airflow/dags/batch.py took 1.401 seconds
[2023-03-30T02:19:05.566+0000] {processor.py:153} INFO - Started process (PID=1886) to work on /opt/airflow/dags/batch.py
[2023-03-30T02:19:05.571+0000] {processor.py:743} INFO - Processing file /opt/airflow/dags/batch.py for tasks to queue
[2023-03-30T02:19:05.574+0000] {logging_mixin.py:137} INFO - [2023-03-30T02:19:05.573+0000] {dagbag.py:538} INFO - Filling up the DagBag from /opt/airflow/dags/batch.py
[2023-03-30T02:19:07.078+0000] {logging_mixin.py:137} INFO - ['raw/JV_AUDIO_EXAMPLE.wav', 'raw/audio1.wav']
[2023-03-30T02:19:07.107+0000] {processor.py:753} INFO - DAG(s) dict_keys(['audio_transcription_batch']) retrieved from /opt/airflow/dags/batch.py
[2023-03-30T02:19:07.154+0000] {logging_mixin.py:137} INFO - [2023-03-30T02:19:07.153+0000] {dag.py:2690} INFO - Sync 1 DAGs
[2023-03-30T02:19:07.218+0000] {logging_mixin.py:137} INFO - [2023-03-30T02:19:07.218+0000] {dag.py:3441} INFO - Setting next_dagrun for audio_transcription_batch to 2023-03-30T00:00:00+00:00, run_after=2023-03-31T00:00:00+00:00
[2023-03-30T02:19:07.287+0000] {processor.py:175} INFO - Processing /opt/airflow/dags/batch.py took 1.734 seconds
[2023-03-30T02:19:37.548+0000] {processor.py:153} INFO - Started process (PID=1930) to work on /opt/airflow/dags/batch.py
[2023-03-30T02:19:37.549+0000] {processor.py:743} INFO - Processing file /opt/airflow/dags/batch.py for tasks to queue
[2023-03-30T02:19:37.553+0000] {logging_mixin.py:137} INFO - [2023-03-30T02:19:37.553+0000] {dagbag.py:538} INFO - Filling up the DagBag from /opt/airflow/dags/batch.py
[2023-03-30T02:19:38.510+0000] {logging_mixin.py:137} INFO - ['raw/JV_AUDIO_EXAMPLE.wav', 'raw/audio1.wav']
[2023-03-30T02:19:38.520+0000] {processor.py:753} INFO - DAG(s) dict_keys(['audio_transcription_batch']) retrieved from /opt/airflow/dags/batch.py
[2023-03-30T02:19:38.544+0000] {logging_mixin.py:137} INFO - [2023-03-30T02:19:38.544+0000] {dag.py:2690} INFO - Sync 1 DAGs
[2023-03-30T02:19:38.576+0000] {logging_mixin.py:137} INFO - [2023-03-30T02:19:38.576+0000] {dag.py:3441} INFO - Setting next_dagrun for audio_transcription_batch to 2023-03-30T00:00:00+00:00, run_after=2023-03-31T00:00:00+00:00
[2023-03-30T02:19:38.605+0000] {processor.py:175} INFO - Processing /opt/airflow/dags/batch.py took 1.061 seconds
[2023-03-30T02:20:08.857+0000] {processor.py:153} INFO - Started process (PID=1974) to work on /opt/airflow/dags/batch.py
[2023-03-30T02:20:08.858+0000] {processor.py:743} INFO - Processing file /opt/airflow/dags/batch.py for tasks to queue
[2023-03-30T02:20:08.859+0000] {logging_mixin.py:137} INFO - [2023-03-30T02:20:08.859+0000] {dagbag.py:538} INFO - Filling up the DagBag from /opt/airflow/dags/batch.py
[2023-03-30T02:20:09.958+0000] {logging_mixin.py:137} INFO - ['raw/JV_AUDIO_EXAMPLE.wav', 'raw/audio1.wav']
[2023-03-30T02:20:09.972+0000] {processor.py:753} INFO - DAG(s) dict_keys(['audio_transcription_batch']) retrieved from /opt/airflow/dags/batch.py
[2023-03-30T02:20:10.018+0000] {logging_mixin.py:137} INFO - [2023-03-30T02:20:10.017+0000] {dag.py:2690} INFO - Sync 1 DAGs
[2023-03-30T02:20:10.079+0000] {logging_mixin.py:137} INFO - [2023-03-30T02:20:10.078+0000] {dag.py:3441} INFO - Setting next_dagrun for audio_transcription_batch to 2023-03-30T00:00:00+00:00, run_after=2023-03-31T00:00:00+00:00
[2023-03-30T02:20:10.128+0000] {processor.py:175} INFO - Processing /opt/airflow/dags/batch.py took 1.279 seconds
[2023-03-30T02:20:40.373+0000] {processor.py:153} INFO - Started process (PID=2018) to work on /opt/airflow/dags/batch.py
[2023-03-30T02:20:40.381+0000] {processor.py:743} INFO - Processing file /opt/airflow/dags/batch.py for tasks to queue
[2023-03-30T02:20:40.382+0000] {logging_mixin.py:137} INFO - [2023-03-30T02:20:40.382+0000] {dagbag.py:538} INFO - Filling up the DagBag from /opt/airflow/dags/batch.py
[2023-03-30T02:20:41.312+0000] {logging_mixin.py:137} INFO - ['raw/JV_AUDIO_EXAMPLE.wav', 'raw/audio1.wav']
[2023-03-30T02:20:41.321+0000] {processor.py:753} INFO - DAG(s) dict_keys(['audio_transcription_batch']) retrieved from /opt/airflow/dags/batch.py
[2023-03-30T02:20:41.336+0000] {logging_mixin.py:137} INFO - [2023-03-30T02:20:41.335+0000] {dag.py:2690} INFO - Sync 1 DAGs
[2023-03-30T02:20:41.363+0000] {logging_mixin.py:137} INFO - [2023-03-30T02:20:41.363+0000] {dag.py:3441} INFO - Setting next_dagrun for audio_transcription_batch to 2023-03-30T00:00:00+00:00, run_after=2023-03-31T00:00:00+00:00
[2023-03-30T02:20:41.392+0000] {processor.py:175} INFO - Processing /opt/airflow/dags/batch.py took 1.026 seconds
[2023-03-30T02:21:11.598+0000] {processor.py:153} INFO - Started process (PID=2064) to work on /opt/airflow/dags/batch.py
[2023-03-30T02:21:11.601+0000] {processor.py:743} INFO - Processing file /opt/airflow/dags/batch.py for tasks to queue
[2023-03-30T02:21:11.602+0000] {logging_mixin.py:137} INFO - [2023-03-30T02:21:11.602+0000] {dagbag.py:538} INFO - Filling up the DagBag from /opt/airflow/dags/batch.py
[2023-03-30T02:21:12.610+0000] {logging_mixin.py:137} INFO - ['raw/JV_AUDIO_EXAMPLE.wav', 'raw/audio1.wav']
[2023-03-30T02:21:12.622+0000] {processor.py:753} INFO - DAG(s) dict_keys(['audio_transcription_batch']) retrieved from /opt/airflow/dags/batch.py
[2023-03-30T02:21:12.648+0000] {logging_mixin.py:137} INFO - [2023-03-30T02:21:12.647+0000] {dag.py:2690} INFO - Sync 1 DAGs
[2023-03-30T02:21:12.687+0000] {logging_mixin.py:137} INFO - [2023-03-30T02:21:12.686+0000] {dag.py:3441} INFO - Setting next_dagrun for audio_transcription_batch to 2023-03-30T00:00:00+00:00, run_after=2023-03-31T00:00:00+00:00
[2023-03-30T02:21:12.732+0000] {processor.py:175} INFO - Processing /opt/airflow/dags/batch.py took 1.140 seconds
[2023-03-30T02:21:43.015+0000] {processor.py:153} INFO - Started process (PID=2108) to work on /opt/airflow/dags/batch.py
[2023-03-30T02:21:43.016+0000] {processor.py:743} INFO - Processing file /opt/airflow/dags/batch.py for tasks to queue
[2023-03-30T02:21:43.020+0000] {logging_mixin.py:137} INFO - [2023-03-30T02:21:43.020+0000] {dagbag.py:538} INFO - Filling up the DagBag from /opt/airflow/dags/batch.py
[2023-03-30T02:21:44.731+0000] {logging_mixin.py:137} INFO - ['raw/JV_AUDIO_EXAMPLE.wav', 'raw/audio1.wav']
[2023-03-30T02:21:44.761+0000] {processor.py:753} INFO - DAG(s) dict_keys(['audio_transcription_batch']) retrieved from /opt/airflow/dags/batch.py
[2023-03-30T02:21:44.806+0000] {logging_mixin.py:137} INFO - [2023-03-30T02:21:44.805+0000] {dag.py:2690} INFO - Sync 1 DAGs
[2023-03-30T02:21:44.891+0000] {logging_mixin.py:137} INFO - [2023-03-30T02:21:44.890+0000] {dag.py:3441} INFO - Setting next_dagrun for audio_transcription_batch to 2023-03-30T00:00:00+00:00, run_after=2023-03-31T00:00:00+00:00
[2023-03-30T02:21:44.945+0000] {processor.py:175} INFO - Processing /opt/airflow/dags/batch.py took 1.935 seconds
[2023-03-30T02:22:15.275+0000] {processor.py:153} INFO - Started process (PID=2172) to work on /opt/airflow/dags/batch.py
[2023-03-30T02:22:15.277+0000] {processor.py:743} INFO - Processing file /opt/airflow/dags/batch.py for tasks to queue
[2023-03-30T02:22:15.278+0000] {logging_mixin.py:137} INFO - [2023-03-30T02:22:15.278+0000] {dagbag.py:538} INFO - Filling up the DagBag from /opt/airflow/dags/batch.py
[2023-03-30T02:22:16.705+0000] {logging_mixin.py:137} INFO - ['raw/JV_AUDIO_EXAMPLE.wav', 'raw/audio1.wav']
[2023-03-30T02:22:16.723+0000] {processor.py:753} INFO - DAG(s) dict_keys(['audio_transcription_batch']) retrieved from /opt/airflow/dags/batch.py
[2023-03-30T02:22:16.753+0000] {logging_mixin.py:137} INFO - [2023-03-30T02:22:16.750+0000] {dag.py:2690} INFO - Sync 1 DAGs
[2023-03-30T02:22:16.816+0000] {logging_mixin.py:137} INFO - [2023-03-30T02:22:16.816+0000] {dag.py:3441} INFO - Setting next_dagrun for audio_transcription_batch to 2023-03-30T00:00:00+00:00, run_after=2023-03-31T00:00:00+00:00
[2023-03-30T02:22:16.884+0000] {processor.py:175} INFO - Processing /opt/airflow/dags/batch.py took 1.620 seconds
[2023-03-30T02:22:47.158+0000] {processor.py:153} INFO - Started process (PID=2216) to work on /opt/airflow/dags/batch.py
[2023-03-30T02:22:47.170+0000] {processor.py:743} INFO - Processing file /opt/airflow/dags/batch.py for tasks to queue
[2023-03-30T02:22:47.171+0000] {logging_mixin.py:137} INFO - [2023-03-30T02:22:47.171+0000] {dagbag.py:538} INFO - Filling up the DagBag from /opt/airflow/dags/batch.py
[2023-03-30T02:22:49.081+0000] {logging_mixin.py:137} INFO - ['raw/JV_AUDIO_EXAMPLE.wav', 'raw/audio1.wav']
[2023-03-30T02:22:49.108+0000] {processor.py:753} INFO - DAG(s) dict_keys(['audio_transcription_batch']) retrieved from /opt/airflow/dags/batch.py
[2023-03-30T02:22:49.148+0000] {logging_mixin.py:137} INFO - [2023-03-30T02:22:49.144+0000] {dag.py:2690} INFO - Sync 1 DAGs
[2023-03-30T02:22:49.221+0000] {logging_mixin.py:137} INFO - [2023-03-30T02:22:49.221+0000] {dag.py:3441} INFO - Setting next_dagrun for audio_transcription_batch to 2023-03-30T00:00:00+00:00, run_after=2023-03-31T00:00:00+00:00
[2023-03-30T02:22:49.307+0000] {processor.py:175} INFO - Processing /opt/airflow/dags/batch.py took 2.164 seconds
[2023-03-30T02:23:19.565+0000] {processor.py:153} INFO - Started process (PID=2260) to work on /opt/airflow/dags/batch.py
[2023-03-30T02:23:19.566+0000] {processor.py:743} INFO - Processing file /opt/airflow/dags/batch.py for tasks to queue
[2023-03-30T02:23:19.567+0000] {logging_mixin.py:137} INFO - [2023-03-30T02:23:19.567+0000] {dagbag.py:538} INFO - Filling up the DagBag from /opt/airflow/dags/batch.py
[2023-03-30T02:23:20.977+0000] {logging_mixin.py:137} INFO - ['raw/JV_AUDIO_EXAMPLE.wav', 'raw/audio1.wav']
[2023-03-30T02:23:20.993+0000] {processor.py:753} INFO - DAG(s) dict_keys(['audio_transcription_batch']) retrieved from /opt/airflow/dags/batch.py
[2023-03-30T02:23:21.027+0000] {logging_mixin.py:137} INFO - [2023-03-30T02:23:21.026+0000] {dag.py:2690} INFO - Sync 1 DAGs
[2023-03-30T02:23:21.079+0000] {logging_mixin.py:137} INFO - [2023-03-30T02:23:21.079+0000] {dag.py:3441} INFO - Setting next_dagrun for audio_transcription_batch to 2023-03-30T00:00:00+00:00, run_after=2023-03-31T00:00:00+00:00
[2023-03-30T02:23:21.123+0000] {processor.py:175} INFO - Processing /opt/airflow/dags/batch.py took 1.561 seconds
[2023-03-30T02:23:51.417+0000] {processor.py:153} INFO - Started process (PID=2305) to work on /opt/airflow/dags/batch.py
[2023-03-30T02:23:51.418+0000] {processor.py:743} INFO - Processing file /opt/airflow/dags/batch.py for tasks to queue
[2023-03-30T02:23:51.419+0000] {logging_mixin.py:137} INFO - [2023-03-30T02:23:51.419+0000] {dagbag.py:538} INFO - Filling up the DagBag from /opt/airflow/dags/batch.py
[2023-03-30T02:23:52.758+0000] {logging_mixin.py:137} INFO - ['raw/JV_AUDIO_EXAMPLE.wav', 'raw/audio1.wav']
[2023-03-30T02:23:52.769+0000] {processor.py:753} INFO - DAG(s) dict_keys(['audio_transcription_batch']) retrieved from /opt/airflow/dags/batch.py
[2023-03-30T02:23:52.797+0000] {logging_mixin.py:137} INFO - [2023-03-30T02:23:52.797+0000] {dag.py:2690} INFO - Sync 1 DAGs
[2023-03-30T02:23:52.830+0000] {logging_mixin.py:137} INFO - [2023-03-30T02:23:52.829+0000] {dag.py:3441} INFO - Setting next_dagrun for audio_transcription_batch to 2023-03-30T00:00:00+00:00, run_after=2023-03-31T00:00:00+00:00
[2023-03-30T02:23:52.872+0000] {processor.py:175} INFO - Processing /opt/airflow/dags/batch.py took 1.461 seconds
[2023-03-30T02:24:22.992+0000] {processor.py:153} INFO - Started process (PID=2349) to work on /opt/airflow/dags/batch.py
[2023-03-30T02:24:23.000+0000] {processor.py:743} INFO - Processing file /opt/airflow/dags/batch.py for tasks to queue
[2023-03-30T02:24:23.002+0000] {logging_mixin.py:137} INFO - [2023-03-30T02:24:23.001+0000] {dagbag.py:538} INFO - Filling up the DagBag from /opt/airflow/dags/batch.py
[2023-03-30T02:24:25.215+0000] {logging_mixin.py:137} INFO - ['raw/JV_AUDIO_EXAMPLE.wav', 'raw/audio1.wav']
[2023-03-30T02:24:25.264+0000] {processor.py:753} INFO - DAG(s) dict_keys(['audio_transcription_batch']) retrieved from /opt/airflow/dags/batch.py
[2023-03-30T02:24:25.350+0000] {logging_mixin.py:137} INFO - [2023-03-30T02:24:25.346+0000] {dag.py:2690} INFO - Sync 1 DAGs
[2023-03-30T02:24:25.451+0000] {logging_mixin.py:137} INFO - [2023-03-30T02:24:25.450+0000] {dag.py:3441} INFO - Setting next_dagrun for audio_transcription_batch to 2023-03-30T00:00:00+00:00, run_after=2023-03-31T00:00:00+00:00
[2023-03-30T02:24:25.562+0000] {processor.py:175} INFO - Processing /opt/airflow/dags/batch.py took 2.607 seconds
[2023-03-30T02:24:56.351+0000] {processor.py:153} INFO - Started process (PID=2394) to work on /opt/airflow/dags/batch.py
[2023-03-30T02:24:56.365+0000] {processor.py:743} INFO - Processing file /opt/airflow/dags/batch.py for tasks to queue
[2023-03-30T02:24:56.366+0000] {logging_mixin.py:137} INFO - [2023-03-30T02:24:56.366+0000] {dagbag.py:538} INFO - Filling up the DagBag from /opt/airflow/dags/batch.py
[2023-03-30T02:24:58.206+0000] {logging_mixin.py:137} INFO - ['raw/JV_AUDIO_EXAMPLE.wav', 'raw/audio1.wav']
[2023-03-30T02:24:58.221+0000] {processor.py:753} INFO - DAG(s) dict_keys(['audio_transcription_batch']) retrieved from /opt/airflow/dags/batch.py
[2023-03-30T02:24:58.260+0000] {logging_mixin.py:137} INFO - [2023-03-30T02:24:58.259+0000] {dag.py:2690} INFO - Sync 1 DAGs
[2023-03-30T02:24:58.321+0000] {logging_mixin.py:137} INFO - [2023-03-30T02:24:58.321+0000] {dag.py:3441} INFO - Setting next_dagrun for audio_transcription_batch to 2023-03-30T00:00:00+00:00, run_after=2023-03-31T00:00:00+00:00
[2023-03-30T02:24:58.378+0000] {processor.py:175} INFO - Processing /opt/airflow/dags/batch.py took 2.032 seconds
[2023-03-30T02:25:28.874+0000] {processor.py:153} INFO - Started process (PID=2428) to work on /opt/airflow/dags/batch.py
[2023-03-30T02:25:28.879+0000] {processor.py:743} INFO - Processing file /opt/airflow/dags/batch.py for tasks to queue
[2023-03-30T02:25:28.881+0000] {logging_mixin.py:137} INFO - [2023-03-30T02:25:28.881+0000] {dagbag.py:538} INFO - Filling up the DagBag from /opt/airflow/dags/batch.py
[2023-03-30T02:25:30.935+0000] {logging_mixin.py:137} INFO - ['raw/JV_AUDIO_EXAMPLE.wav', 'raw/audio1.wav']
[2023-03-30T02:25:30.971+0000] {processor.py:753} INFO - DAG(s) dict_keys(['audio_transcription_batch']) retrieved from /opt/airflow/dags/batch.py
[2023-03-30T02:25:31.023+0000] {logging_mixin.py:137} INFO - [2023-03-30T02:25:31.022+0000] {dag.py:2690} INFO - Sync 1 DAGs
[2023-03-30T02:25:31.094+0000] {logging_mixin.py:137} INFO - [2023-03-30T02:25:31.093+0000] {dag.py:3441} INFO - Setting next_dagrun for audio_transcription_batch to 2023-03-30T00:00:00+00:00, run_after=2023-03-31T00:00:00+00:00
[2023-03-30T02:25:31.199+0000] {processor.py:175} INFO - Processing /opt/airflow/dags/batch.py took 2.336 seconds
[2023-03-30T02:26:01.264+0000] {processor.py:153} INFO - Started process (PID=2463) to work on /opt/airflow/dags/batch.py
[2023-03-30T02:26:01.265+0000] {processor.py:743} INFO - Processing file /opt/airflow/dags/batch.py for tasks to queue
[2023-03-30T02:26:01.265+0000] {logging_mixin.py:137} INFO - [2023-03-30T02:26:01.265+0000] {dagbag.py:538} INFO - Filling up the DagBag from /opt/airflow/dags/batch.py
[2023-03-30T02:26:02.394+0000] {logging_mixin.py:137} INFO - ['raw/JV_AUDIO_EXAMPLE.wav', 'raw/audio1.wav']
[2023-03-30T02:26:02.409+0000] {processor.py:753} INFO - DAG(s) dict_keys(['audio_transcription_batch']) retrieved from /opt/airflow/dags/batch.py
[2023-03-30T02:26:02.439+0000] {logging_mixin.py:137} INFO - [2023-03-30T02:26:02.438+0000] {dag.py:2690} INFO - Sync 1 DAGs
[2023-03-30T02:26:02.485+0000] {logging_mixin.py:137} INFO - [2023-03-30T02:26:02.484+0000] {dag.py:3441} INFO - Setting next_dagrun for audio_transcription_batch to 2023-03-30T00:00:00+00:00, run_after=2023-03-31T00:00:00+00:00
[2023-03-30T02:26:02.518+0000] {processor.py:175} INFO - Processing /opt/airflow/dags/batch.py took 1.262 seconds
[2023-03-30T02:26:32.849+0000] {processor.py:153} INFO - Started process (PID=2507) to work on /opt/airflow/dags/batch.py
[2023-03-30T02:26:32.851+0000] {processor.py:743} INFO - Processing file /opt/airflow/dags/batch.py for tasks to queue
[2023-03-30T02:26:32.856+0000] {logging_mixin.py:137} INFO - [2023-03-30T02:26:32.852+0000] {dagbag.py:538} INFO - Filling up the DagBag from /opt/airflow/dags/batch.py
[2023-03-30T02:26:34.191+0000] {logging_mixin.py:137} INFO - ['raw/JV_AUDIO_EXAMPLE.wav', 'raw/audio1.wav']
[2023-03-30T02:26:34.216+0000] {processor.py:753} INFO - DAG(s) dict_keys(['audio_transcription_batch']) retrieved from /opt/airflow/dags/batch.py
[2023-03-30T02:26:34.263+0000] {logging_mixin.py:137} INFO - [2023-03-30T02:26:34.262+0000] {dag.py:2690} INFO - Sync 1 DAGs
[2023-03-30T02:26:34.311+0000] {logging_mixin.py:137} INFO - [2023-03-30T02:26:34.311+0000] {dag.py:3441} INFO - Setting next_dagrun for audio_transcription_batch to 2023-03-30T00:00:00+00:00, run_after=2023-03-31T00:00:00+00:00
[2023-03-30T02:26:34.361+0000] {processor.py:175} INFO - Processing /opt/airflow/dags/batch.py took 1.515 seconds
[2023-03-30T02:27:04.598+0000] {processor.py:153} INFO - Started process (PID=2551) to work on /opt/airflow/dags/batch.py
[2023-03-30T02:27:04.600+0000] {processor.py:743} INFO - Processing file /opt/airflow/dags/batch.py for tasks to queue
[2023-03-30T02:27:04.600+0000] {logging_mixin.py:137} INFO - [2023-03-30T02:27:04.600+0000] {dagbag.py:538} INFO - Filling up the DagBag from /opt/airflow/dags/batch.py
[2023-03-30T02:27:05.495+0000] {logging_mixin.py:137} INFO - ['raw/JV_AUDIO_EXAMPLE.wav', 'raw/audio1.wav']
[2023-03-30T02:27:05.511+0000] {processor.py:753} INFO - DAG(s) dict_keys(['audio_transcription_batch']) retrieved from /opt/airflow/dags/batch.py
[2023-03-30T02:27:05.540+0000] {logging_mixin.py:137} INFO - [2023-03-30T02:27:05.539+0000] {dag.py:2690} INFO - Sync 1 DAGs
[2023-03-30T02:27:05.589+0000] {logging_mixin.py:137} INFO - [2023-03-30T02:27:05.589+0000] {dag.py:3441} INFO - Setting next_dagrun for audio_transcription_batch to 2023-03-30T00:00:00+00:00, run_after=2023-03-31T00:00:00+00:00
[2023-03-30T02:27:05.639+0000] {processor.py:175} INFO - Processing /opt/airflow/dags/batch.py took 1.044 seconds
[2023-03-30T02:27:35.885+0000] {processor.py:153} INFO - Started process (PID=2615) to work on /opt/airflow/dags/batch.py
[2023-03-30T02:27:35.890+0000] {processor.py:743} INFO - Processing file /opt/airflow/dags/batch.py for tasks to queue
[2023-03-30T02:27:35.892+0000] {logging_mixin.py:137} INFO - [2023-03-30T02:27:35.891+0000] {dagbag.py:538} INFO - Filling up the DagBag from /opt/airflow/dags/batch.py
[2023-03-30T02:27:37.665+0000] {logging_mixin.py:137} INFO - ['raw/JV_AUDIO_EXAMPLE.wav', 'raw/audio1.wav']
[2023-03-30T02:27:37.694+0000] {processor.py:753} INFO - DAG(s) dict_keys(['audio_transcription_batch']) retrieved from /opt/airflow/dags/batch.py
[2023-03-30T02:27:37.734+0000] {logging_mixin.py:137} INFO - [2023-03-30T02:27:37.734+0000] {dag.py:2690} INFO - Sync 1 DAGs
[2023-03-30T02:27:37.795+0000] {logging_mixin.py:137} INFO - [2023-03-30T02:27:37.795+0000] {dag.py:3441} INFO - Setting next_dagrun for audio_transcription_batch to 2023-03-30T00:00:00+00:00, run_after=2023-03-31T00:00:00+00:00
[2023-03-30T02:27:37.861+0000] {processor.py:175} INFO - Processing /opt/airflow/dags/batch.py took 1.985 seconds
[2023-03-30T02:28:08.138+0000] {processor.py:153} INFO - Started process (PID=2660) to work on /opt/airflow/dags/batch.py
[2023-03-30T02:28:08.149+0000] {processor.py:743} INFO - Processing file /opt/airflow/dags/batch.py for tasks to queue
[2023-03-30T02:28:08.150+0000] {logging_mixin.py:137} INFO - [2023-03-30T02:28:08.149+0000] {dagbag.py:538} INFO - Filling up the DagBag from /opt/airflow/dags/batch.py
[2023-03-30T02:28:09.369+0000] {logging_mixin.py:137} INFO - ['raw/JV_AUDIO_EXAMPLE.wav', 'raw/audio1.wav']
[2023-03-30T02:28:09.383+0000] {processor.py:753} INFO - DAG(s) dict_keys(['audio_transcription_batch']) retrieved from /opt/airflow/dags/batch.py
[2023-03-30T02:28:09.407+0000] {logging_mixin.py:137} INFO - [2023-03-30T02:28:09.406+0000] {dag.py:2690} INFO - Sync 1 DAGs
[2023-03-30T02:28:09.468+0000] {logging_mixin.py:137} INFO - [2023-03-30T02:28:09.468+0000] {dag.py:3441} INFO - Setting next_dagrun for audio_transcription_batch to 2023-03-30T00:00:00+00:00, run_after=2023-03-31T00:00:00+00:00
[2023-03-30T02:28:09.509+0000] {processor.py:175} INFO - Processing /opt/airflow/dags/batch.py took 1.374 seconds
[2023-03-30T02:28:39.767+0000] {processor.py:153} INFO - Started process (PID=2704) to work on /opt/airflow/dags/batch.py
[2023-03-30T02:28:39.768+0000] {processor.py:743} INFO - Processing file /opt/airflow/dags/batch.py for tasks to queue
[2023-03-30T02:28:39.769+0000] {logging_mixin.py:137} INFO - [2023-03-30T02:28:39.769+0000] {dagbag.py:538} INFO - Filling up the DagBag from /opt/airflow/dags/batch.py
[2023-03-30T02:28:41.070+0000] {logging_mixin.py:137} INFO - ['raw/JV_AUDIO_EXAMPLE.wav', 'raw/audio1.wav']
[2023-03-30T02:28:41.090+0000] {processor.py:753} INFO - DAG(s) dict_keys(['audio_transcription_batch']) retrieved from /opt/airflow/dags/batch.py
[2023-03-30T02:28:41.119+0000] {logging_mixin.py:137} INFO - [2023-03-30T02:28:41.118+0000] {dag.py:2690} INFO - Sync 1 DAGs
[2023-03-30T02:28:41.173+0000] {logging_mixin.py:137} INFO - [2023-03-30T02:28:41.172+0000] {dag.py:3441} INFO - Setting next_dagrun for audio_transcription_batch to 2023-03-30T00:00:00+00:00, run_after=2023-03-31T00:00:00+00:00
[2023-03-30T02:28:41.218+0000] {processor.py:175} INFO - Processing /opt/airflow/dags/batch.py took 1.458 seconds
