[2023-03-23T00:42:57.438+0000] {processor.py:153} INFO - Started process (PID=81) to work on /home/airflow/.local/lib/python3.7/site-packages/airflow/example_dags/example_xcom.py
[2023-03-23T00:42:57.449+0000] {processor.py:743} INFO - Processing file /home/airflow/.local/lib/python3.7/site-packages/airflow/example_dags/example_xcom.py for tasks to queue
[2023-03-23T00:42:57.453+0000] {logging_mixin.py:137} INFO - [2023-03-23T00:42:57.452+0000] {dagbag.py:538} INFO - Filling up the DagBag from /home/airflow/.local/lib/python3.7/site-packages/airflow/example_dags/example_xcom.py
[2023-03-23T00:42:57.673+0000] {processor.py:753} INFO - DAG(s) dict_keys(['example_xcom']) retrieved from /home/airflow/.local/lib/python3.7/site-packages/airflow/example_dags/example_xcom.py
[2023-03-23T00:42:57.746+0000] {logging_mixin.py:137} INFO - [2023-03-23T00:42:57.745+0000] {dag.py:2690} INFO - Sync 1 DAGs
[2023-03-23T00:42:57.895+0000] {logging_mixin.py:137} INFO - [2023-03-23T00:42:57.895+0000] {dag.py:3441} INFO - Setting next_dagrun for example_xcom to 2021-01-01T00:00:00+00:00, run_after=2021-01-01T00:00:00+00:00
[2023-03-23T00:42:57.984+0000] {processor.py:175} INFO - Processing /home/airflow/.local/lib/python3.7/site-packages/airflow/example_dags/example_xcom.py took 0.561 seconds
[2023-03-23T00:43:28.877+0000] {processor.py:153} INFO - Started process (PID=144) to work on /home/airflow/.local/lib/python3.7/site-packages/airflow/example_dags/example_xcom.py
[2023-03-23T00:43:28.879+0000] {processor.py:743} INFO - Processing file /home/airflow/.local/lib/python3.7/site-packages/airflow/example_dags/example_xcom.py for tasks to queue
[2023-03-23T00:43:28.880+0000] {logging_mixin.py:137} INFO - [2023-03-23T00:43:28.880+0000] {dagbag.py:538} INFO - Filling up the DagBag from /home/airflow/.local/lib/python3.7/site-packages/airflow/example_dags/example_xcom.py
[2023-03-23T00:43:28.909+0000] {processor.py:753} INFO - DAG(s) dict_keys(['example_xcom']) retrieved from /home/airflow/.local/lib/python3.7/site-packages/airflow/example_dags/example_xcom.py
[2023-03-23T00:43:28.932+0000] {logging_mixin.py:137} INFO - [2023-03-23T00:43:28.932+0000] {dag.py:2690} INFO - Sync 1 DAGs
[2023-03-23T00:43:28.959+0000] {logging_mixin.py:137} INFO - [2023-03-23T00:43:28.959+0000] {dag.py:3441} INFO - Setting next_dagrun for example_xcom to 2021-01-01T00:00:00+00:00, run_after=2021-01-01T00:00:00+00:00
[2023-03-23T00:43:28.972+0000] {processor.py:175} INFO - Processing /home/airflow/.local/lib/python3.7/site-packages/airflow/example_dags/example_xcom.py took 0.101 seconds
[2023-03-23T00:43:59.614+0000] {processor.py:153} INFO - Started process (PID=208) to work on /home/airflow/.local/lib/python3.7/site-packages/airflow/example_dags/example_xcom.py
[2023-03-23T00:43:59.617+0000] {processor.py:743} INFO - Processing file /home/airflow/.local/lib/python3.7/site-packages/airflow/example_dags/example_xcom.py for tasks to queue
[2023-03-23T00:43:59.620+0000] {logging_mixin.py:137} INFO - [2023-03-23T00:43:59.620+0000] {dagbag.py:538} INFO - Filling up the DagBag from /home/airflow/.local/lib/python3.7/site-packages/airflow/example_dags/example_xcom.py
[2023-03-23T00:43:59.656+0000] {processor.py:753} INFO - DAG(s) dict_keys(['example_xcom']) retrieved from /home/airflow/.local/lib/python3.7/site-packages/airflow/example_dags/example_xcom.py
[2023-03-23T00:43:59.689+0000] {logging_mixin.py:137} INFO - [2023-03-23T00:43:59.689+0000] {dag.py:2690} INFO - Sync 1 DAGs
[2023-03-23T00:43:59.725+0000] {logging_mixin.py:137} INFO - [2023-03-23T00:43:59.724+0000] {dag.py:3441} INFO - Setting next_dagrun for example_xcom to 2021-01-01T00:00:00+00:00, run_after=2021-01-01T00:00:00+00:00
[2023-03-23T00:43:59.770+0000] {processor.py:175} INFO - Processing /home/airflow/.local/lib/python3.7/site-packages/airflow/example_dags/example_xcom.py took 0.163 seconds
