[2023-03-23T00:42:50.861+0000] {processor.py:153} INFO - Started process (PID=35) to work on /home/airflow/.local/lib/python3.7/site-packages/airflow/example_dags/example_short_circuit_decorator.py
[2023-03-23T00:42:50.875+0000] {processor.py:743} INFO - Processing file /home/airflow/.local/lib/python3.7/site-packages/airflow/example_dags/example_short_circuit_decorator.py for tasks to queue
[2023-03-23T00:42:50.878+0000] {logging_mixin.py:137} INFO - [2023-03-23T00:42:50.877+0000] {dagbag.py:538} INFO - Filling up the DagBag from /home/airflow/.local/lib/python3.7/site-packages/airflow/example_dags/example_short_circuit_decorator.py
[2023-03-23T00:42:50.912+0000] {processor.py:753} INFO - DAG(s) dict_keys(['example_short_circuit_decorator']) retrieved from /home/airflow/.local/lib/python3.7/site-packages/airflow/example_dags/example_short_circuit_decorator.py
[2023-03-23T00:42:50.924+0000] {logging_mixin.py:137} INFO - [2023-03-23T00:42:50.923+0000] {dag.py:2690} INFO - Sync 1 DAGs
[2023-03-23T00:42:50.947+0000] {logging_mixin.py:137} INFO - [2023-03-23T00:42:50.947+0000] {dag.py:3441} INFO - Setting next_dagrun for example_short_circuit_decorator to 2023-03-22T00:42:50.947047+00:00, run_after=2023-03-23T00:42:50.947047+00:00
[2023-03-23T00:42:50.967+0000] {processor.py:175} INFO - Processing /home/airflow/.local/lib/python3.7/site-packages/airflow/example_dags/example_short_circuit_decorator.py took 0.112 seconds
[2023-03-23T00:43:21.844+0000] {processor.py:153} INFO - Started process (PID=107) to work on /home/airflow/.local/lib/python3.7/site-packages/airflow/example_dags/example_short_circuit_decorator.py
[2023-03-23T00:43:21.846+0000] {processor.py:743} INFO - Processing file /home/airflow/.local/lib/python3.7/site-packages/airflow/example_dags/example_short_circuit_decorator.py for tasks to queue
[2023-03-23T00:43:21.847+0000] {logging_mixin.py:137} INFO - [2023-03-23T00:43:21.846+0000] {dagbag.py:538} INFO - Filling up the DagBag from /home/airflow/.local/lib/python3.7/site-packages/airflow/example_dags/example_short_circuit_decorator.py
[2023-03-23T00:43:21.908+0000] {processor.py:753} INFO - DAG(s) dict_keys(['example_short_circuit_decorator']) retrieved from /home/airflow/.local/lib/python3.7/site-packages/airflow/example_dags/example_short_circuit_decorator.py
[2023-03-23T00:43:21.994+0000] {logging_mixin.py:137} INFO - [2023-03-23T00:43:21.994+0000] {dag.py:2690} INFO - Sync 1 DAGs
[2023-03-23T00:43:22.021+0000] {logging_mixin.py:137} INFO - [2023-03-23T00:43:22.021+0000] {dag.py:3441} INFO - Setting next_dagrun for example_short_circuit_decorator to 2023-03-22T00:43:22.020939+00:00, run_after=2023-03-23T00:43:22.020939+00:00
[2023-03-23T00:43:22.035+0000] {processor.py:175} INFO - Processing /home/airflow/.local/lib/python3.7/site-packages/airflow/example_dags/example_short_circuit_decorator.py took 0.194 seconds
[2023-03-23T00:43:53.019+0000] {processor.py:153} INFO - Started process (PID=174) to work on /home/airflow/.local/lib/python3.7/site-packages/airflow/example_dags/example_short_circuit_decorator.py
[2023-03-23T00:43:53.021+0000] {processor.py:743} INFO - Processing file /home/airflow/.local/lib/python3.7/site-packages/airflow/example_dags/example_short_circuit_decorator.py for tasks to queue
[2023-03-23T00:43:53.023+0000] {logging_mixin.py:137} INFO - [2023-03-23T00:43:53.022+0000] {dagbag.py:538} INFO - Filling up the DagBag from /home/airflow/.local/lib/python3.7/site-packages/airflow/example_dags/example_short_circuit_decorator.py
[2023-03-23T00:43:53.051+0000] {processor.py:753} INFO - DAG(s) dict_keys(['example_short_circuit_decorator']) retrieved from /home/airflow/.local/lib/python3.7/site-packages/airflow/example_dags/example_short_circuit_decorator.py
[2023-03-23T00:43:53.070+0000] {logging_mixin.py:137} INFO - [2023-03-23T00:43:53.070+0000] {dag.py:2690} INFO - Sync 1 DAGs
[2023-03-23T00:43:53.086+0000] {logging_mixin.py:137} INFO - [2023-03-23T00:43:53.086+0000] {dag.py:3441} INFO - Setting next_dagrun for example_short_circuit_decorator to 2023-03-22T00:43:53.085883+00:00, run_after=2023-03-23T00:43:53.085883+00:00
[2023-03-23T00:43:53.097+0000] {processor.py:175} INFO - Processing /home/airflow/.local/lib/python3.7/site-packages/airflow/example_dags/example_short_circuit_decorator.py took 0.089 seconds
[2023-03-23T00:44:23.636+0000] {processor.py:153} INFO - Started process (PID=237) to work on /home/airflow/.local/lib/python3.7/site-packages/airflow/example_dags/example_short_circuit_decorator.py
[2023-03-23T00:44:23.638+0000] {processor.py:743} INFO - Processing file /home/airflow/.local/lib/python3.7/site-packages/airflow/example_dags/example_short_circuit_decorator.py for tasks to queue
[2023-03-23T00:44:23.640+0000] {logging_mixin.py:137} INFO - [2023-03-23T00:44:23.639+0000] {dagbag.py:538} INFO - Filling up the DagBag from /home/airflow/.local/lib/python3.7/site-packages/airflow/example_dags/example_short_circuit_decorator.py
[2023-03-23T00:44:23.671+0000] {processor.py:753} INFO - DAG(s) dict_keys(['example_short_circuit_decorator']) retrieved from /home/airflow/.local/lib/python3.7/site-packages/airflow/example_dags/example_short_circuit_decorator.py
[2023-03-23T00:44:23.696+0000] {logging_mixin.py:137} INFO - [2023-03-23T00:44:23.696+0000] {dag.py:2690} INFO - Sync 1 DAGs
[2023-03-23T00:44:23.717+0000] {logging_mixin.py:137} INFO - [2023-03-23T00:44:23.717+0000] {dag.py:3441} INFO - Setting next_dagrun for example_short_circuit_decorator to 2023-03-22T00:44:23.716901+00:00, run_after=2023-03-23T00:44:23.716901+00:00
[2023-03-23T00:44:23.730+0000] {processor.py:175} INFO - Processing /home/airflow/.local/lib/python3.7/site-packages/airflow/example_dags/example_short_circuit_decorator.py took 0.099 seconds
