[2023-03-23T00:42:54.475+0000] {processor.py:153} INFO - Started process (PID=69) to work on /home/airflow/.local/lib/python3.7/site-packages/airflow/example_dags/example_datasets.py
[2023-03-23T00:42:54.482+0000] {processor.py:743} INFO - Processing file /home/airflow/.local/lib/python3.7/site-packages/airflow/example_dags/example_datasets.py for tasks to queue
[2023-03-23T00:42:54.484+0000] {logging_mixin.py:137} INFO - [2023-03-23T00:42:54.484+0000] {dagbag.py:538} INFO - Filling up the DagBag from /home/airflow/.local/lib/python3.7/site-packages/airflow/example_dags/example_datasets.py
[2023-03-23T00:42:54.575+0000] {processor.py:753} INFO - DAG(s) dict_keys(['dataset_consumes_1_and_2', 'dataset_consumes_1', 'dataset_produces_1', 'dataset_consumes_unknown_never_scheduled', 'dataset_produces_2', 'dataset_consumes_1_never_scheduled']) retrieved from /home/airflow/.local/lib/python3.7/site-packages/airflow/example_dags/example_datasets.py
[2023-03-23T00:42:54.632+0000] {logging_mixin.py:137} INFO - [2023-03-23T00:42:54.632+0000] {dag.py:2690} INFO - Sync 6 DAGs
[2023-03-23T00:42:54.703+0000] {logging_mixin.py:137} INFO - [2023-03-23T00:42:54.703+0000] {dag.py:3441} INFO - Setting next_dagrun for dataset_consumes_1 to None, run_after=None
[2023-03-23T00:42:54.712+0000] {logging_mixin.py:137} INFO - [2023-03-23T00:42:54.711+0000] {dag.py:3441} INFO - Setting next_dagrun for dataset_consumes_1_and_2 to None, run_after=None
[2023-03-23T00:42:54.717+0000] {logging_mixin.py:137} INFO - [2023-03-23T00:42:54.717+0000] {dag.py:3441} INFO - Setting next_dagrun for dataset_consumes_1_never_scheduled to None, run_after=None
[2023-03-23T00:42:54.723+0000] {logging_mixin.py:137} INFO - [2023-03-23T00:42:54.723+0000] {dag.py:3441} INFO - Setting next_dagrun for dataset_consumes_unknown_never_scheduled to None, run_after=None
[2023-03-23T00:42:54.729+0000] {logging_mixin.py:137} INFO - [2023-03-23T00:42:54.729+0000] {dag.py:3441} INFO - Setting next_dagrun for dataset_produces_1 to 2023-03-22T00:00:00+00:00, run_after=2023-03-23T00:00:00+00:00
[2023-03-23T00:42:54.737+0000] {logging_mixin.py:137} INFO - [2023-03-23T00:42:54.736+0000] {dag.py:3441} INFO - Setting next_dagrun for dataset_produces_2 to None, run_after=None
[2023-03-23T00:42:54.969+0000] {processor.py:175} INFO - Processing /home/airflow/.local/lib/python3.7/site-packages/airflow/example_dags/example_datasets.py took 0.504 seconds
[2023-03-23T00:43:25.348+0000] {processor.py:153} INFO - Started process (PID=135) to work on /home/airflow/.local/lib/python3.7/site-packages/airflow/example_dags/example_datasets.py
[2023-03-23T00:43:25.349+0000] {processor.py:743} INFO - Processing file /home/airflow/.local/lib/python3.7/site-packages/airflow/example_dags/example_datasets.py for tasks to queue
[2023-03-23T00:43:25.350+0000] {logging_mixin.py:137} INFO - [2023-03-23T00:43:25.350+0000] {dagbag.py:538} INFO - Filling up the DagBag from /home/airflow/.local/lib/python3.7/site-packages/airflow/example_dags/example_datasets.py
[2023-03-23T00:43:25.364+0000] {processor.py:753} INFO - DAG(s) dict_keys(['dataset_consumes_1', 'dataset_consumes_1_never_scheduled', 'dataset_consumes_unknown_never_scheduled', 'dataset_produces_2', 'dataset_consumes_1_and_2', 'dataset_produces_1']) retrieved from /home/airflow/.local/lib/python3.7/site-packages/airflow/example_dags/example_datasets.py
[2023-03-23T00:43:25.412+0000] {logging_mixin.py:137} INFO - [2023-03-23T00:43:25.412+0000] {dag.py:2690} INFO - Sync 6 DAGs
[2023-03-23T00:43:25.426+0000] {logging_mixin.py:137} INFO - [2023-03-23T00:43:25.426+0000] {dag.py:3441} INFO - Setting next_dagrun for dataset_consumes_1 to None, run_after=None
[2023-03-23T00:43:25.428+0000] {logging_mixin.py:137} INFO - [2023-03-23T00:43:25.428+0000] {dag.py:3441} INFO - Setting next_dagrun for dataset_consumes_1_and_2 to None, run_after=None
[2023-03-23T00:43:25.429+0000] {logging_mixin.py:137} INFO - [2023-03-23T00:43:25.429+0000] {dag.py:3441} INFO - Setting next_dagrun for dataset_consumes_1_never_scheduled to None, run_after=None
[2023-03-23T00:43:25.430+0000] {logging_mixin.py:137} INFO - [2023-03-23T00:43:25.430+0000] {dag.py:3441} INFO - Setting next_dagrun for dataset_consumes_unknown_never_scheduled to None, run_after=None
[2023-03-23T00:43:25.432+0000] {logging_mixin.py:137} INFO - [2023-03-23T00:43:25.432+0000] {dag.py:3441} INFO - Setting next_dagrun for dataset_produces_1 to 2023-03-22T00:00:00+00:00, run_after=2023-03-23T00:00:00+00:00
[2023-03-23T00:43:25.433+0000] {logging_mixin.py:137} INFO - [2023-03-23T00:43:25.433+0000] {dag.py:3441} INFO - Setting next_dagrun for dataset_produces_2 to None, run_after=None
[2023-03-23T00:43:25.451+0000] {processor.py:175} INFO - Processing /home/airflow/.local/lib/python3.7/site-packages/airflow/example_dags/example_datasets.py took 0.106 seconds
[2023-03-23T00:43:55.668+0000] {processor.py:153} INFO - Started process (PID=199) to work on /home/airflow/.local/lib/python3.7/site-packages/airflow/example_dags/example_datasets.py
[2023-03-23T00:43:55.670+0000] {processor.py:743} INFO - Processing file /home/airflow/.local/lib/python3.7/site-packages/airflow/example_dags/example_datasets.py for tasks to queue
[2023-03-23T00:43:55.671+0000] {logging_mixin.py:137} INFO - [2023-03-23T00:43:55.671+0000] {dagbag.py:538} INFO - Filling up the DagBag from /home/airflow/.local/lib/python3.7/site-packages/airflow/example_dags/example_datasets.py
[2023-03-23T00:43:55.689+0000] {processor.py:753} INFO - DAG(s) dict_keys(['dataset_consumes_unknown_never_scheduled', 'dataset_produces_1', 'dataset_produces_2', 'dataset_consumes_1', 'dataset_consumes_1_never_scheduled', 'dataset_consumes_1_and_2']) retrieved from /home/airflow/.local/lib/python3.7/site-packages/airflow/example_dags/example_datasets.py
[2023-03-23T00:43:55.723+0000] {logging_mixin.py:137} INFO - [2023-03-23T00:43:55.723+0000] {dag.py:2690} INFO - Sync 6 DAGs
[2023-03-23T00:43:55.744+0000] {logging_mixin.py:137} INFO - [2023-03-23T00:43:55.744+0000] {dag.py:3441} INFO - Setting next_dagrun for dataset_consumes_1 to None, run_after=None
[2023-03-23T00:43:55.747+0000] {logging_mixin.py:137} INFO - [2023-03-23T00:43:55.747+0000] {dag.py:3441} INFO - Setting next_dagrun for dataset_consumes_1_and_2 to None, run_after=None
[2023-03-23T00:43:55.748+0000] {logging_mixin.py:137} INFO - [2023-03-23T00:43:55.748+0000] {dag.py:3441} INFO - Setting next_dagrun for dataset_consumes_1_never_scheduled to None, run_after=None
[2023-03-23T00:43:55.749+0000] {logging_mixin.py:137} INFO - [2023-03-23T00:43:55.749+0000] {dag.py:3441} INFO - Setting next_dagrun for dataset_consumes_unknown_never_scheduled to None, run_after=None
[2023-03-23T00:43:55.751+0000] {logging_mixin.py:137} INFO - [2023-03-23T00:43:55.751+0000] {dag.py:3441} INFO - Setting next_dagrun for dataset_produces_1 to 2023-03-22T00:00:00+00:00, run_after=2023-03-23T00:00:00+00:00
[2023-03-23T00:43:55.752+0000] {logging_mixin.py:137} INFO - [2023-03-23T00:43:55.752+0000] {dag.py:3441} INFO - Setting next_dagrun for dataset_produces_2 to None, run_after=None
[2023-03-23T00:43:55.776+0000] {processor.py:175} INFO - Processing /home/airflow/.local/lib/python3.7/site-packages/airflow/example_dags/example_datasets.py took 0.111 seconds
