[2023-03-23T00:42:53.930+0000] {processor.py:153} INFO - Started process (PID=66) to work on /home/airflow/.local/lib/python3.7/site-packages/airflow/example_dags/example_branch_labels.py
[2023-03-23T00:42:53.934+0000] {processor.py:743} INFO - Processing file /home/airflow/.local/lib/python3.7/site-packages/airflow/example_dags/example_branch_labels.py for tasks to queue
[2023-03-23T00:42:53.939+0000] {logging_mixin.py:137} INFO - [2023-03-23T00:42:53.938+0000] {dagbag.py:538} INFO - Filling up the DagBag from /home/airflow/.local/lib/python3.7/site-packages/airflow/example_dags/example_branch_labels.py
[2023-03-23T00:42:54.005+0000] {processor.py:753} INFO - DAG(s) dict_keys(['example_branch_labels']) retrieved from /home/airflow/.local/lib/python3.7/site-packages/airflow/example_dags/example_branch_labels.py
[2023-03-23T00:42:54.048+0000] {logging_mixin.py:137} INFO - [2023-03-23T00:42:54.047+0000] {dag.py:2690} INFO - Sync 1 DAGs
[2023-03-23T00:42:54.115+0000] {logging_mixin.py:137} INFO - [2023-03-23T00:42:54.115+0000] {dag.py:3441} INFO - Setting next_dagrun for example_branch_labels to 2023-03-22T00:00:00+00:00, run_after=2023-03-23T00:00:00+00:00
[2023-03-23T00:42:54.166+0000] {processor.py:175} INFO - Processing /home/airflow/.local/lib/python3.7/site-packages/airflow/example_dags/example_branch_labels.py took 0.242 seconds
[2023-03-23T00:43:25.133+0000] {processor.py:153} INFO - Started process (PID=132) to work on /home/airflow/.local/lib/python3.7/site-packages/airflow/example_dags/example_branch_labels.py
[2023-03-23T00:43:25.135+0000] {processor.py:743} INFO - Processing file /home/airflow/.local/lib/python3.7/site-packages/airflow/example_dags/example_branch_labels.py for tasks to queue
[2023-03-23T00:43:25.137+0000] {logging_mixin.py:137} INFO - [2023-03-23T00:43:25.136+0000] {dagbag.py:538} INFO - Filling up the DagBag from /home/airflow/.local/lib/python3.7/site-packages/airflow/example_dags/example_branch_labels.py
[2023-03-23T00:43:25.156+0000] {processor.py:753} INFO - DAG(s) dict_keys(['example_branch_labels']) retrieved from /home/airflow/.local/lib/python3.7/site-packages/airflow/example_dags/example_branch_labels.py
[2023-03-23T00:43:25.184+0000] {logging_mixin.py:137} INFO - [2023-03-23T00:43:25.184+0000] {dag.py:2690} INFO - Sync 1 DAGs
[2023-03-23T00:43:25.215+0000] {logging_mixin.py:137} INFO - [2023-03-23T00:43:25.215+0000] {dag.py:3441} INFO - Setting next_dagrun for example_branch_labels to 2023-03-22T00:00:00+00:00, run_after=2023-03-23T00:00:00+00:00
[2023-03-23T00:43:25.228+0000] {processor.py:175} INFO - Processing /home/airflow/.local/lib/python3.7/site-packages/airflow/example_dags/example_branch_labels.py took 0.100 seconds
[2023-03-23T00:43:55.385+0000] {processor.py:153} INFO - Started process (PID=196) to work on /home/airflow/.local/lib/python3.7/site-packages/airflow/example_dags/example_branch_labels.py
[2023-03-23T00:43:55.388+0000] {processor.py:743} INFO - Processing file /home/airflow/.local/lib/python3.7/site-packages/airflow/example_dags/example_branch_labels.py for tasks to queue
[2023-03-23T00:43:55.390+0000] {logging_mixin.py:137} INFO - [2023-03-23T00:43:55.389+0000] {dagbag.py:538} INFO - Filling up the DagBag from /home/airflow/.local/lib/python3.7/site-packages/airflow/example_dags/example_branch_labels.py
[2023-03-23T00:43:55.418+0000] {processor.py:753} INFO - DAG(s) dict_keys(['example_branch_labels']) retrieved from /home/airflow/.local/lib/python3.7/site-packages/airflow/example_dags/example_branch_labels.py
[2023-03-23T00:43:55.453+0000] {logging_mixin.py:137} INFO - [2023-03-23T00:43:55.453+0000] {dag.py:2690} INFO - Sync 1 DAGs
[2023-03-23T00:43:55.477+0000] {logging_mixin.py:137} INFO - [2023-03-23T00:43:55.476+0000] {dag.py:3441} INFO - Setting next_dagrun for example_branch_labels to 2023-03-22T00:00:00+00:00, run_after=2023-03-23T00:00:00+00:00
[2023-03-23T00:43:55.498+0000] {processor.py:175} INFO - Processing /home/airflow/.local/lib/python3.7/site-packages/airflow/example_dags/example_branch_labels.py took 0.120 seconds
