[2023-03-23T00:42:50.600+0000] {processor.py:153} INFO - Started process (PID=34) to work on /home/airflow/.local/lib/python3.7/site-packages/airflow/example_dags/example_task_group.py
[2023-03-23T00:42:50.608+0000] {processor.py:743} INFO - Processing file /home/airflow/.local/lib/python3.7/site-packages/airflow/example_dags/example_task_group.py for tasks to queue
[2023-03-23T00:42:50.611+0000] {logging_mixin.py:137} INFO - [2023-03-23T00:42:50.610+0000] {dagbag.py:538} INFO - Filling up the DagBag from /home/airflow/.local/lib/python3.7/site-packages/airflow/example_dags/example_task_group.py
[2023-03-23T00:42:50.682+0000] {processor.py:753} INFO - DAG(s) dict_keys(['example_task_group']) retrieved from /home/airflow/.local/lib/python3.7/site-packages/airflow/example_dags/example_task_group.py
[2023-03-23T00:42:50.757+0000] {logging_mixin.py:137} INFO - [2023-03-23T00:42:50.757+0000] {dag.py:2690} INFO - Sync 1 DAGs
[2023-03-23T00:42:50.805+0000] {logging_mixin.py:137} INFO - [2023-03-23T00:42:50.805+0000] {dag.py:3441} INFO - Setting next_dagrun for example_task_group to 2023-03-22T00:42:50.805011+00:00, run_after=2023-03-23T00:42:50.805011+00:00
[2023-03-23T00:42:50.828+0000] {processor.py:175} INFO - Processing /home/airflow/.local/lib/python3.7/site-packages/airflow/example_dags/example_task_group.py took 0.232 seconds
[2023-03-23T00:43:21.461+0000] {processor.py:153} INFO - Started process (PID=106) to work on /home/airflow/.local/lib/python3.7/site-packages/airflow/example_dags/example_task_group.py
[2023-03-23T00:43:21.467+0000] {processor.py:743} INFO - Processing file /home/airflow/.local/lib/python3.7/site-packages/airflow/example_dags/example_task_group.py for tasks to queue
[2023-03-23T00:43:21.470+0000] {logging_mixin.py:137} INFO - [2023-03-23T00:43:21.470+0000] {dagbag.py:538} INFO - Filling up the DagBag from /home/airflow/.local/lib/python3.7/site-packages/airflow/example_dags/example_task_group.py
[2023-03-23T00:43:21.560+0000] {processor.py:753} INFO - DAG(s) dict_keys(['example_task_group']) retrieved from /home/airflow/.local/lib/python3.7/site-packages/airflow/example_dags/example_task_group.py
[2023-03-23T00:43:21.637+0000] {logging_mixin.py:137} INFO - [2023-03-23T00:43:21.637+0000] {dag.py:2690} INFO - Sync 1 DAGs
[2023-03-23T00:43:21.678+0000] {logging_mixin.py:137} INFO - [2023-03-23T00:43:21.678+0000] {dag.py:3441} INFO - Setting next_dagrun for example_task_group to 2023-03-22T00:43:21.677998+00:00, run_after=2023-03-23T00:43:21.677998+00:00
[2023-03-23T00:43:21.697+0000] {processor.py:175} INFO - Processing /home/airflow/.local/lib/python3.7/site-packages/airflow/example_dags/example_task_group.py took 0.242 seconds
[2023-03-23T00:43:51.810+0000] {processor.py:153} INFO - Started process (PID=172) to work on /home/airflow/.local/lib/python3.7/site-packages/airflow/example_dags/example_task_group.py
[2023-03-23T00:43:51.813+0000] {processor.py:743} INFO - Processing file /home/airflow/.local/lib/python3.7/site-packages/airflow/example_dags/example_task_group.py for tasks to queue
[2023-03-23T00:43:51.814+0000] {logging_mixin.py:137} INFO - [2023-03-23T00:43:51.814+0000] {dagbag.py:538} INFO - Filling up the DagBag from /home/airflow/.local/lib/python3.7/site-packages/airflow/example_dags/example_task_group.py
[2023-03-23T00:43:51.859+0000] {processor.py:753} INFO - DAG(s) dict_keys(['example_task_group']) retrieved from /home/airflow/.local/lib/python3.7/site-packages/airflow/example_dags/example_task_group.py
[2023-03-23T00:43:51.902+0000] {logging_mixin.py:137} INFO - [2023-03-23T00:43:51.902+0000] {dag.py:2690} INFO - Sync 1 DAGs
[2023-03-23T00:43:51.931+0000] {logging_mixin.py:137} INFO - [2023-03-23T00:43:51.931+0000] {dag.py:3441} INFO - Setting next_dagrun for example_task_group to 2023-03-22T00:43:51.930704+00:00, run_after=2023-03-23T00:43:51.930704+00:00
[2023-03-23T00:43:51.948+0000] {processor.py:175} INFO - Processing /home/airflow/.local/lib/python3.7/site-packages/airflow/example_dags/example_task_group.py took 0.148 seconds
[2023-03-23T00:44:22.478+0000] {processor.py:153} INFO - Started process (PID=236) to work on /home/airflow/.local/lib/python3.7/site-packages/airflow/example_dags/example_task_group.py
[2023-03-23T00:44:22.480+0000] {processor.py:743} INFO - Processing file /home/airflow/.local/lib/python3.7/site-packages/airflow/example_dags/example_task_group.py for tasks to queue
[2023-03-23T00:44:22.483+0000] {logging_mixin.py:137} INFO - [2023-03-23T00:44:22.483+0000] {dagbag.py:538} INFO - Filling up the DagBag from /home/airflow/.local/lib/python3.7/site-packages/airflow/example_dags/example_task_group.py
[2023-03-23T00:44:22.510+0000] {processor.py:753} INFO - DAG(s) dict_keys(['example_task_group']) retrieved from /home/airflow/.local/lib/python3.7/site-packages/airflow/example_dags/example_task_group.py
[2023-03-23T00:44:22.537+0000] {logging_mixin.py:137} INFO - [2023-03-23T00:44:22.537+0000] {dag.py:2690} INFO - Sync 1 DAGs
[2023-03-23T00:44:22.558+0000] {logging_mixin.py:137} INFO - [2023-03-23T00:44:22.557+0000] {dag.py:3441} INFO - Setting next_dagrun for example_task_group to 2023-03-22T00:44:22.557707+00:00, run_after=2023-03-23T00:44:22.557707+00:00
[2023-03-23T00:44:22.570+0000] {processor.py:175} INFO - Processing /home/airflow/.local/lib/python3.7/site-packages/airflow/example_dags/example_task_group.py took 0.098 seconds
