[2023-03-23T00:42:51.139+0000] {processor.py:153} INFO - Started process (PID=39) to work on /home/airflow/.local/lib/python3.7/site-packages/airflow/example_dags/example_external_task_marker_dag.py
[2023-03-23T00:42:51.141+0000] {processor.py:743} INFO - Processing file /home/airflow/.local/lib/python3.7/site-packages/airflow/example_dags/example_external_task_marker_dag.py for tasks to queue
[2023-03-23T00:42:51.142+0000] {logging_mixin.py:137} INFO - [2023-03-23T00:42:51.142+0000] {dagbag.py:538} INFO - Filling up the DagBag from /home/airflow/.local/lib/python3.7/site-packages/airflow/example_dags/example_external_task_marker_dag.py
[2023-03-23T00:42:51.165+0000] {processor.py:753} INFO - DAG(s) dict_keys(['example_external_task_marker_child', 'example_external_task_marker_parent']) retrieved from /home/airflow/.local/lib/python3.7/site-packages/airflow/example_dags/example_external_task_marker_dag.py
[2023-03-23T00:42:51.183+0000] {logging_mixin.py:137} INFO - [2023-03-23T00:42:51.183+0000] {dag.py:2690} INFO - Sync 2 DAGs
[2023-03-23T00:42:51.210+0000] {logging_mixin.py:137} INFO - [2023-03-23T00:42:51.209+0000] {dag.py:3441} INFO - Setting next_dagrun for example_external_task_marker_child to None, run_after=None
[2023-03-23T00:42:51.214+0000] {logging_mixin.py:137} INFO - [2023-03-23T00:42:51.213+0000] {dag.py:3441} INFO - Setting next_dagrun for example_external_task_marker_parent to None, run_after=None
[2023-03-23T00:42:51.236+0000] {processor.py:175} INFO - Processing /home/airflow/.local/lib/python3.7/site-packages/airflow/example_dags/example_external_task_marker_dag.py took 0.102 seconds
[2023-03-23T00:43:22.199+0000] {processor.py:153} INFO - Started process (PID=111) to work on /home/airflow/.local/lib/python3.7/site-packages/airflow/example_dags/example_external_task_marker_dag.py
[2023-03-23T00:43:22.201+0000] {processor.py:743} INFO - Processing file /home/airflow/.local/lib/python3.7/site-packages/airflow/example_dags/example_external_task_marker_dag.py for tasks to queue
[2023-03-23T00:43:22.202+0000] {logging_mixin.py:137} INFO - [2023-03-23T00:43:22.202+0000] {dagbag.py:538} INFO - Filling up the DagBag from /home/airflow/.local/lib/python3.7/site-packages/airflow/example_dags/example_external_task_marker_dag.py
[2023-03-23T00:43:22.221+0000] {processor.py:753} INFO - DAG(s) dict_keys(['example_external_task_marker_parent', 'example_external_task_marker_child']) retrieved from /home/airflow/.local/lib/python3.7/site-packages/airflow/example_dags/example_external_task_marker_dag.py
[2023-03-23T00:43:22.288+0000] {logging_mixin.py:137} INFO - [2023-03-23T00:43:22.288+0000] {dag.py:2690} INFO - Sync 2 DAGs
[2023-03-23T00:43:22.316+0000] {logging_mixin.py:137} INFO - [2023-03-23T00:43:22.316+0000] {dag.py:3441} INFO - Setting next_dagrun for example_external_task_marker_child to None, run_after=None
[2023-03-23T00:43:22.322+0000] {logging_mixin.py:137} INFO - [2023-03-23T00:43:22.322+0000] {dag.py:3441} INFO - Setting next_dagrun for example_external_task_marker_parent to None, run_after=None
[2023-03-23T00:43:22.357+0000] {processor.py:175} INFO - Processing /home/airflow/.local/lib/python3.7/site-packages/airflow/example_dags/example_external_task_marker_dag.py took 0.169 seconds
[2023-03-23T00:43:53.215+0000] {processor.py:153} INFO - Started process (PID=178) to work on /home/airflow/.local/lib/python3.7/site-packages/airflow/example_dags/example_external_task_marker_dag.py
[2023-03-23T00:43:53.216+0000] {processor.py:743} INFO - Processing file /home/airflow/.local/lib/python3.7/site-packages/airflow/example_dags/example_external_task_marker_dag.py for tasks to queue
[2023-03-23T00:43:53.217+0000] {logging_mixin.py:137} INFO - [2023-03-23T00:43:53.217+0000] {dagbag.py:538} INFO - Filling up the DagBag from /home/airflow/.local/lib/python3.7/site-packages/airflow/example_dags/example_external_task_marker_dag.py
[2023-03-23T00:43:53.228+0000] {processor.py:753} INFO - DAG(s) dict_keys(['example_external_task_marker_parent', 'example_external_task_marker_child']) retrieved from /home/airflow/.local/lib/python3.7/site-packages/airflow/example_dags/example_external_task_marker_dag.py
[2023-03-23T00:43:53.251+0000] {logging_mixin.py:137} INFO - [2023-03-23T00:43:53.251+0000] {dag.py:2690} INFO - Sync 2 DAGs
[2023-03-23T00:43:53.269+0000] {logging_mixin.py:137} INFO - [2023-03-23T00:43:53.269+0000] {dag.py:3441} INFO - Setting next_dagrun for example_external_task_marker_child to None, run_after=None
[2023-03-23T00:43:53.271+0000] {logging_mixin.py:137} INFO - [2023-03-23T00:43:53.271+0000] {dag.py:3441} INFO - Setting next_dagrun for example_external_task_marker_parent to None, run_after=None
[2023-03-23T00:43:53.284+0000] {processor.py:175} INFO - Processing /home/airflow/.local/lib/python3.7/site-packages/airflow/example_dags/example_external_task_marker_dag.py took 0.072 seconds
[2023-03-23T00:44:23.882+0000] {processor.py:153} INFO - Started process (PID=241) to work on /home/airflow/.local/lib/python3.7/site-packages/airflow/example_dags/example_external_task_marker_dag.py
[2023-03-23T00:44:23.884+0000] {processor.py:743} INFO - Processing file /home/airflow/.local/lib/python3.7/site-packages/airflow/example_dags/example_external_task_marker_dag.py for tasks to queue
[2023-03-23T00:44:23.885+0000] {logging_mixin.py:137} INFO - [2023-03-23T00:44:23.885+0000] {dagbag.py:538} INFO - Filling up the DagBag from /home/airflow/.local/lib/python3.7/site-packages/airflow/example_dags/example_external_task_marker_dag.py
[2023-03-23T00:44:23.896+0000] {processor.py:753} INFO - DAG(s) dict_keys(['example_external_task_marker_child', 'example_external_task_marker_parent']) retrieved from /home/airflow/.local/lib/python3.7/site-packages/airflow/example_dags/example_external_task_marker_dag.py
[2023-03-23T00:44:23.922+0000] {logging_mixin.py:137} INFO - [2023-03-23T00:44:23.922+0000] {dag.py:2690} INFO - Sync 2 DAGs
[2023-03-23T00:44:23.939+0000] {logging_mixin.py:137} INFO - [2023-03-23T00:44:23.939+0000] {dag.py:3441} INFO - Setting next_dagrun for example_external_task_marker_child to None, run_after=None
[2023-03-23T00:44:23.942+0000] {logging_mixin.py:137} INFO - [2023-03-23T00:44:23.942+0000] {dag.py:3441} INFO - Setting next_dagrun for example_external_task_marker_parent to None, run_after=None
[2023-03-23T00:44:23.955+0000] {processor.py:175} INFO - Processing /home/airflow/.local/lib/python3.7/site-packages/airflow/example_dags/example_external_task_marker_dag.py took 0.076 seconds
