[2023-03-23T00:42:53.383+0000] {processor.py:153} INFO - Started process (PID=65) to work on /home/airflow/.local/lib/python3.7/site-packages/airflow/example_dags/example_dag_decorator.py
[2023-03-23T00:42:53.397+0000] {processor.py:743} INFO - Processing file /home/airflow/.local/lib/python3.7/site-packages/airflow/example_dags/example_dag_decorator.py for tasks to queue
[2023-03-23T00:42:53.399+0000] {logging_mixin.py:137} INFO - [2023-03-23T00:42:53.399+0000] {dagbag.py:538} INFO - Filling up the DagBag from /home/airflow/.local/lib/python3.7/site-packages/airflow/example_dags/example_dag_decorator.py
[2023-03-23T00:42:53.495+0000] {logging_mixin.py:137} INFO - [2023-03-23T00:42:53.495+0000] {taskmixin.py:205} WARNING - Dependency <Task(_PythonDecoratedOperator): prepare_email>, send_email already registered for DAG: example_dag_decorator
[2023-03-23T00:42:53.500+0000] {logging_mixin.py:137} INFO - [2023-03-23T00:42:53.500+0000] {taskmixin.py:205} WARNING - Dependency <Task(EmailOperator): send_email>, prepare_email already registered for DAG: example_dag_decorator
[2023-03-23T00:42:53.625+0000] {processor.py:753} INFO - DAG(s) dict_keys(['example_dag_decorator']) retrieved from /home/airflow/.local/lib/python3.7/site-packages/airflow/example_dags/example_dag_decorator.py
[2023-03-23T00:42:53.681+0000] {logging_mixin.py:137} INFO - [2023-03-23T00:42:53.681+0000] {dag.py:2690} INFO - Sync 1 DAGs
[2023-03-23T00:42:53.754+0000] {logging_mixin.py:137} INFO - [2023-03-23T00:42:53.754+0000] {dag.py:3441} INFO - Setting next_dagrun for example_dag_decorator to None, run_after=None
[2023-03-23T00:42:53.838+0000] {processor.py:175} INFO - Processing /home/airflow/.local/lib/python3.7/site-packages/airflow/example_dags/example_dag_decorator.py took 0.475 seconds
[2023-03-23T00:43:24.069+0000] {processor.py:153} INFO - Started process (PID=131) to work on /home/airflow/.local/lib/python3.7/site-packages/airflow/example_dags/example_dag_decorator.py
[2023-03-23T00:43:24.070+0000] {processor.py:743} INFO - Processing file /home/airflow/.local/lib/python3.7/site-packages/airflow/example_dags/example_dag_decorator.py for tasks to queue
[2023-03-23T00:43:24.071+0000] {logging_mixin.py:137} INFO - [2023-03-23T00:43:24.071+0000] {dagbag.py:538} INFO - Filling up the DagBag from /home/airflow/.local/lib/python3.7/site-packages/airflow/example_dags/example_dag_decorator.py
[2023-03-23T00:43:24.083+0000] {logging_mixin.py:137} INFO - [2023-03-23T00:43:24.083+0000] {taskmixin.py:205} WARNING - Dependency <Task(_PythonDecoratedOperator): prepare_email>, send_email already registered for DAG: example_dag_decorator
[2023-03-23T00:43:24.084+0000] {logging_mixin.py:137} INFO - [2023-03-23T00:43:24.084+0000] {taskmixin.py:205} WARNING - Dependency <Task(EmailOperator): send_email>, prepare_email already registered for DAG: example_dag_decorator
[2023-03-23T00:43:24.093+0000] {processor.py:753} INFO - DAG(s) dict_keys(['example_dag_decorator']) retrieved from /home/airflow/.local/lib/python3.7/site-packages/airflow/example_dags/example_dag_decorator.py
[2023-03-23T00:43:24.133+0000] {logging_mixin.py:137} INFO - [2023-03-23T00:43:24.132+0000] {dag.py:2690} INFO - Sync 1 DAGs
[2023-03-23T00:43:24.145+0000] {logging_mixin.py:137} INFO - [2023-03-23T00:43:24.145+0000] {dag.py:3441} INFO - Setting next_dagrun for example_dag_decorator to None, run_after=None
[2023-03-23T00:43:24.157+0000] {processor.py:175} INFO - Processing /home/airflow/.local/lib/python3.7/site-packages/airflow/example_dags/example_dag_decorator.py took 0.091 seconds
[2023-03-23T00:43:54.207+0000] {processor.py:153} INFO - Started process (PID=195) to work on /home/airflow/.local/lib/python3.7/site-packages/airflow/example_dags/example_dag_decorator.py
[2023-03-23T00:43:54.209+0000] {processor.py:743} INFO - Processing file /home/airflow/.local/lib/python3.7/site-packages/airflow/example_dags/example_dag_decorator.py for tasks to queue
[2023-03-23T00:43:54.210+0000] {logging_mixin.py:137} INFO - [2023-03-23T00:43:54.210+0000] {dagbag.py:538} INFO - Filling up the DagBag from /home/airflow/.local/lib/python3.7/site-packages/airflow/example_dags/example_dag_decorator.py
[2023-03-23T00:43:54.228+0000] {logging_mixin.py:137} INFO - [2023-03-23T00:43:54.228+0000] {taskmixin.py:205} WARNING - Dependency <Task(_PythonDecoratedOperator): prepare_email>, send_email already registered for DAG: example_dag_decorator
[2023-03-23T00:43:54.229+0000] {logging_mixin.py:137} INFO - [2023-03-23T00:43:54.229+0000] {taskmixin.py:205} WARNING - Dependency <Task(EmailOperator): send_email>, prepare_email already registered for DAG: example_dag_decorator
[2023-03-23T00:43:54.248+0000] {processor.py:753} INFO - DAG(s) dict_keys(['example_dag_decorator']) retrieved from /home/airflow/.local/lib/python3.7/site-packages/airflow/example_dags/example_dag_decorator.py
[2023-03-23T00:43:54.276+0000] {logging_mixin.py:137} INFO - [2023-03-23T00:43:54.276+0000] {dag.py:2690} INFO - Sync 1 DAGs
[2023-03-23T00:43:54.293+0000] {logging_mixin.py:137} INFO - [2023-03-23T00:43:54.293+0000] {dag.py:3441} INFO - Setting next_dagrun for example_dag_decorator to None, run_after=None
[2023-03-23T00:43:54.303+0000] {processor.py:175} INFO - Processing /home/airflow/.local/lib/python3.7/site-packages/airflow/example_dags/example_dag_decorator.py took 0.100 seconds
[2023-03-23T00:44:25.062+0000] {processor.py:153} INFO - Started process (PID=258) to work on /home/airflow/.local/lib/python3.7/site-packages/airflow/example_dags/example_dag_decorator.py
[2023-03-23T00:44:25.064+0000] {processor.py:743} INFO - Processing file /home/airflow/.local/lib/python3.7/site-packages/airflow/example_dags/example_dag_decorator.py for tasks to queue
[2023-03-23T00:44:25.064+0000] {logging_mixin.py:137} INFO - [2023-03-23T00:44:25.064+0000] {dagbag.py:538} INFO - Filling up the DagBag from /home/airflow/.local/lib/python3.7/site-packages/airflow/example_dags/example_dag_decorator.py
[2023-03-23T00:44:25.078+0000] {logging_mixin.py:137} INFO - [2023-03-23T00:44:25.078+0000] {taskmixin.py:205} WARNING - Dependency <Task(_PythonDecoratedOperator): prepare_email>, send_email already registered for DAG: example_dag_decorator
[2023-03-23T00:44:25.079+0000] {logging_mixin.py:137} INFO - [2023-03-23T00:44:25.079+0000] {taskmixin.py:205} WARNING - Dependency <Task(EmailOperator): send_email>, prepare_email already registered for DAG: example_dag_decorator
[2023-03-23T00:44:25.089+0000] {processor.py:753} INFO - DAG(s) dict_keys(['example_dag_decorator']) retrieved from /home/airflow/.local/lib/python3.7/site-packages/airflow/example_dags/example_dag_decorator.py
[2023-03-23T00:44:25.111+0000] {logging_mixin.py:137} INFO - [2023-03-23T00:44:25.111+0000] {dag.py:2690} INFO - Sync 1 DAGs
[2023-03-23T00:44:25.128+0000] {logging_mixin.py:137} INFO - [2023-03-23T00:44:25.128+0000] {dag.py:3441} INFO - Setting next_dagrun for example_dag_decorator to None, run_after=None
[2023-03-23T00:44:25.141+0000] {processor.py:175} INFO - Processing /home/airflow/.local/lib/python3.7/site-packages/airflow/example_dags/example_dag_decorator.py took 0.082 seconds
