[2023-03-23T00:42:50.567+0000] {processor.py:153} INFO - Started process (PID=33) to work on /home/airflow/.local/lib/python3.7/site-packages/airflow/example_dags/example_subdag_operator.py
[2023-03-23T00:42:50.569+0000] {processor.py:743} INFO - Processing file /home/airflow/.local/lib/python3.7/site-packages/airflow/example_dags/example_subdag_operator.py for tasks to queue
[2023-03-23T00:42:50.571+0000] {logging_mixin.py:137} INFO - [2023-03-23T00:42:50.571+0000] {dagbag.py:538} INFO - Filling up the DagBag from /home/airflow/.local/lib/python3.7/site-packages/airflow/example_dags/example_subdag_operator.py
[2023-03-23T00:42:50.712+0000] {processor.py:753} INFO - DAG(s) dict_keys(['example_subdag_operator.section-1', 'example_subdag_operator.section-2', 'example_subdag_operator']) retrieved from /home/airflow/.local/lib/python3.7/site-packages/airflow/example_dags/example_subdag_operator.py
[2023-03-23T00:42:50.747+0000] {logging_mixin.py:137} INFO - [2023-03-23T00:42:50.746+0000] {dag.py:2690} INFO - Sync 3 DAGs
[2023-03-23T00:42:50.809+0000] {logging_mixin.py:137} INFO - [2023-03-23T00:42:50.809+0000] {dag.py:3441} INFO - Setting next_dagrun for example_subdag_operator to 2022-01-01T00:00:00+00:00, run_after=2022-01-01T00:00:00+00:00
[2023-03-23T00:42:50.814+0000] {logging_mixin.py:137} INFO - [2023-03-23T00:42:50.814+0000] {dag.py:3441} INFO - Setting next_dagrun for example_subdag_operator.section-1 to None, run_after=None
[2023-03-23T00:42:50.816+0000] {logging_mixin.py:137} INFO - [2023-03-23T00:42:50.816+0000] {dag.py:3441} INFO - Setting next_dagrun for example_subdag_operator.section-2 to None, run_after=None
[2023-03-23T00:42:50.822+0000] {logging_mixin.py:137} INFO - [2023-03-23T00:42:50.822+0000] {dag.py:2690} INFO - Sync 2 DAGs
[2023-03-23T00:42:50.826+0000] {logging_mixin.py:137} INFO - [2023-03-23T00:42:50.826+0000] {dag.py:3441} INFO - Setting next_dagrun for example_subdag_operator.section-1 to None, run_after=None
[2023-03-23T00:42:50.828+0000] {logging_mixin.py:137} INFO - [2023-03-23T00:42:50.828+0000] {dag.py:3441} INFO - Setting next_dagrun for example_subdag_operator.section-2 to None, run_after=None
[2023-03-23T00:42:50.849+0000] {processor.py:175} INFO - Processing /home/airflow/.local/lib/python3.7/site-packages/airflow/example_dags/example_subdag_operator.py took 0.287 seconds
[2023-03-23T00:43:21.466+0000] {processor.py:153} INFO - Started process (PID=105) to work on /home/airflow/.local/lib/python3.7/site-packages/airflow/example_dags/example_subdag_operator.py
[2023-03-23T00:43:21.468+0000] {processor.py:743} INFO - Processing file /home/airflow/.local/lib/python3.7/site-packages/airflow/example_dags/example_subdag_operator.py for tasks to queue
[2023-03-23T00:43:21.469+0000] {logging_mixin.py:137} INFO - [2023-03-23T00:43:21.469+0000] {dagbag.py:538} INFO - Filling up the DagBag from /home/airflow/.local/lib/python3.7/site-packages/airflow/example_dags/example_subdag_operator.py
[2023-03-23T00:43:21.611+0000] {processor.py:753} INFO - DAG(s) dict_keys(['example_subdag_operator.section-1', 'example_subdag_operator.section-2', 'example_subdag_operator']) retrieved from /home/airflow/.local/lib/python3.7/site-packages/airflow/example_dags/example_subdag_operator.py
[2023-03-23T00:43:21.637+0000] {logging_mixin.py:137} INFO - [2023-03-23T00:43:21.637+0000] {dag.py:2690} INFO - Sync 3 DAGs
[2023-03-23T00:43:21.677+0000] {logging_mixin.py:137} INFO - [2023-03-23T00:43:21.677+0000] {dag.py:3441} INFO - Setting next_dagrun for example_subdag_operator to 2022-01-01T00:00:00+00:00, run_after=2022-01-01T00:00:00+00:00
[2023-03-23T00:43:21.681+0000] {logging_mixin.py:137} INFO - [2023-03-23T00:43:21.681+0000] {dag.py:3441} INFO - Setting next_dagrun for example_subdag_operator.section-1 to None, run_after=None
[2023-03-23T00:43:21.683+0000] {logging_mixin.py:137} INFO - [2023-03-23T00:43:21.683+0000] {dag.py:3441} INFO - Setting next_dagrun for example_subdag_operator.section-2 to None, run_after=None
[2023-03-23T00:43:21.692+0000] {logging_mixin.py:137} INFO - [2023-03-23T00:43:21.692+0000] {dag.py:2690} INFO - Sync 2 DAGs
[2023-03-23T00:43:21.698+0000] {logging_mixin.py:137} INFO - [2023-03-23T00:43:21.697+0000] {dag.py:3441} INFO - Setting next_dagrun for example_subdag_operator.section-1 to None, run_after=None
[2023-03-23T00:43:21.702+0000] {logging_mixin.py:137} INFO - [2023-03-23T00:43:21.701+0000] {dag.py:3441} INFO - Setting next_dagrun for example_subdag_operator.section-2 to None, run_after=None
[2023-03-23T00:43:21.714+0000] {processor.py:175} INFO - Processing /home/airflow/.local/lib/python3.7/site-packages/airflow/example_dags/example_subdag_operator.py took 0.260 seconds
[2023-03-23T00:43:51.823+0000] {processor.py:153} INFO - Started process (PID=173) to work on /home/airflow/.local/lib/python3.7/site-packages/airflow/example_dags/example_subdag_operator.py
[2023-03-23T00:43:51.826+0000] {processor.py:743} INFO - Processing file /home/airflow/.local/lib/python3.7/site-packages/airflow/example_dags/example_subdag_operator.py for tasks to queue
[2023-03-23T00:43:51.827+0000] {logging_mixin.py:137} INFO - [2023-03-23T00:43:51.827+0000] {dagbag.py:538} INFO - Filling up the DagBag from /home/airflow/.local/lib/python3.7/site-packages/airflow/example_dags/example_subdag_operator.py
[2023-03-23T00:43:51.889+0000] {processor.py:753} INFO - DAG(s) dict_keys(['example_subdag_operator.section-1', 'example_subdag_operator.section-2', 'example_subdag_operator']) retrieved from /home/airflow/.local/lib/python3.7/site-packages/airflow/example_dags/example_subdag_operator.py
[2023-03-23T00:43:51.906+0000] {logging_mixin.py:137} INFO - [2023-03-23T00:43:51.905+0000] {dag.py:2690} INFO - Sync 3 DAGs
[2023-03-23T00:43:51.930+0000] {logging_mixin.py:137} INFO - [2023-03-23T00:43:51.930+0000] {dag.py:3441} INFO - Setting next_dagrun for example_subdag_operator to 2022-01-01T00:00:00+00:00, run_after=2022-01-01T00:00:00+00:00
[2023-03-23T00:43:51.934+0000] {logging_mixin.py:137} INFO - [2023-03-23T00:43:51.934+0000] {dag.py:3441} INFO - Setting next_dagrun for example_subdag_operator.section-1 to None, run_after=None
[2023-03-23T00:43:51.936+0000] {logging_mixin.py:137} INFO - [2023-03-23T00:43:51.936+0000] {dag.py:3441} INFO - Setting next_dagrun for example_subdag_operator.section-2 to None, run_after=None
[2023-03-23T00:43:51.943+0000] {logging_mixin.py:137} INFO - [2023-03-23T00:43:51.943+0000] {dag.py:2690} INFO - Sync 2 DAGs
[2023-03-23T00:43:51.947+0000] {logging_mixin.py:137} INFO - [2023-03-23T00:43:51.947+0000] {dag.py:3441} INFO - Setting next_dagrun for example_subdag_operator.section-1 to None, run_after=None
[2023-03-23T00:43:51.947+0000] {logging_mixin.py:137} INFO - [2023-03-23T00:43:51.947+0000] {dag.py:3441} INFO - Setting next_dagrun for example_subdag_operator.section-2 to None, run_after=None
[2023-03-23T00:43:51.955+0000] {processor.py:175} INFO - Processing /home/airflow/.local/lib/python3.7/site-packages/airflow/example_dags/example_subdag_operator.py took 0.135 seconds
[2023-03-23T00:44:22.475+0000] {processor.py:153} INFO - Started process (PID=235) to work on /home/airflow/.local/lib/python3.7/site-packages/airflow/example_dags/example_subdag_operator.py
[2023-03-23T00:44:22.478+0000] {processor.py:743} INFO - Processing file /home/airflow/.local/lib/python3.7/site-packages/airflow/example_dags/example_subdag_operator.py for tasks to queue
[2023-03-23T00:44:22.480+0000] {logging_mixin.py:137} INFO - [2023-03-23T00:44:22.480+0000] {dagbag.py:538} INFO - Filling up the DagBag from /home/airflow/.local/lib/python3.7/site-packages/airflow/example_dags/example_subdag_operator.py
[2023-03-23T00:44:22.529+0000] {processor.py:753} INFO - DAG(s) dict_keys(['example_subdag_operator.section-1', 'example_subdag_operator.section-2', 'example_subdag_operator']) retrieved from /home/airflow/.local/lib/python3.7/site-packages/airflow/example_dags/example_subdag_operator.py
[2023-03-23T00:44:22.543+0000] {logging_mixin.py:137} INFO - [2023-03-23T00:44:22.543+0000] {dag.py:2690} INFO - Sync 3 DAGs
[2023-03-23T00:44:22.559+0000] {logging_mixin.py:137} INFO - [2023-03-23T00:44:22.559+0000] {dag.py:3441} INFO - Setting next_dagrun for example_subdag_operator to 2022-01-01T00:00:00+00:00, run_after=2022-01-01T00:00:00+00:00
[2023-03-23T00:44:22.562+0000] {logging_mixin.py:137} INFO - [2023-03-23T00:44:22.562+0000] {dag.py:3441} INFO - Setting next_dagrun for example_subdag_operator.section-1 to None, run_after=None
[2023-03-23T00:44:22.564+0000] {logging_mixin.py:137} INFO - [2023-03-23T00:44:22.564+0000] {dag.py:3441} INFO - Setting next_dagrun for example_subdag_operator.section-2 to None, run_after=None
[2023-03-23T00:44:22.568+0000] {logging_mixin.py:137} INFO - [2023-03-23T00:44:22.568+0000] {dag.py:2690} INFO - Sync 2 DAGs
[2023-03-23T00:44:22.572+0000] {logging_mixin.py:137} INFO - [2023-03-23T00:44:22.572+0000] {dag.py:3441} INFO - Setting next_dagrun for example_subdag_operator.section-1 to None, run_after=None
[2023-03-23T00:44:22.572+0000] {logging_mixin.py:137} INFO - [2023-03-23T00:44:22.572+0000] {dag.py:3441} INFO - Setting next_dagrun for example_subdag_operator.section-2 to None, run_after=None
[2023-03-23T00:44:22.580+0000] {processor.py:175} INFO - Processing /home/airflow/.local/lib/python3.7/site-packages/airflow/example_dags/example_subdag_operator.py took 0.112 seconds
