[2023-03-23T00:42:51.328+0000] {processor.py:153} INFO - Started process (PID=42) to work on /home/airflow/.local/lib/python3.7/site-packages/airflow/example_dags/example_nested_branch_dag.py
[2023-03-23T00:42:51.330+0000] {processor.py:743} INFO - Processing file /home/airflow/.local/lib/python3.7/site-packages/airflow/example_dags/example_nested_branch_dag.py for tasks to queue
[2023-03-23T00:42:51.331+0000] {logging_mixin.py:137} INFO - [2023-03-23T00:42:51.331+0000] {dagbag.py:538} INFO - Filling up the DagBag from /home/airflow/.local/lib/python3.7/site-packages/airflow/example_dags/example_nested_branch_dag.py
[2023-03-23T00:42:51.396+0000] {processor.py:753} INFO - DAG(s) dict_keys(['example_nested_branch_dag']) retrieved from /home/airflow/.local/lib/python3.7/site-packages/airflow/example_dags/example_nested_branch_dag.py
[2023-03-23T00:42:51.428+0000] {logging_mixin.py:137} INFO - [2023-03-23T00:42:51.427+0000] {dag.py:2690} INFO - Sync 1 DAGs
[2023-03-23T00:42:51.477+0000] {logging_mixin.py:137} INFO - [2023-03-23T00:42:51.477+0000] {dag.py:3441} INFO - Setting next_dagrun for example_nested_branch_dag to 2023-03-22T00:00:00+00:00, run_after=2023-03-23T00:00:00+00:00
[2023-03-23T00:42:51.514+0000] {processor.py:175} INFO - Processing /home/airflow/.local/lib/python3.7/site-packages/airflow/example_dags/example_nested_branch_dag.py took 0.189 seconds
[2023-03-23T00:43:22.491+0000] {processor.py:153} INFO - Started process (PID=117) to work on /home/airflow/.local/lib/python3.7/site-packages/airflow/example_dags/example_nested_branch_dag.py
[2023-03-23T00:43:22.493+0000] {processor.py:743} INFO - Processing file /home/airflow/.local/lib/python3.7/site-packages/airflow/example_dags/example_nested_branch_dag.py for tasks to queue
[2023-03-23T00:43:22.494+0000] {logging_mixin.py:137} INFO - [2023-03-23T00:43:22.494+0000] {dagbag.py:538} INFO - Filling up the DagBag from /home/airflow/.local/lib/python3.7/site-packages/airflow/example_dags/example_nested_branch_dag.py
[2023-03-23T00:43:22.524+0000] {processor.py:753} INFO - DAG(s) dict_keys(['example_nested_branch_dag']) retrieved from /home/airflow/.local/lib/python3.7/site-packages/airflow/example_dags/example_nested_branch_dag.py
[2023-03-23T00:43:22.564+0000] {logging_mixin.py:137} INFO - [2023-03-23T00:43:22.564+0000] {dag.py:2690} INFO - Sync 1 DAGs
[2023-03-23T00:43:22.621+0000] {logging_mixin.py:137} INFO - [2023-03-23T00:43:22.621+0000] {dag.py:3441} INFO - Setting next_dagrun for example_nested_branch_dag to 2023-03-22T00:00:00+00:00, run_after=2023-03-23T00:00:00+00:00
[2023-03-23T00:43:22.666+0000] {processor.py:175} INFO - Processing /home/airflow/.local/lib/python3.7/site-packages/airflow/example_dags/example_nested_branch_dag.py took 0.178 seconds
[2023-03-23T00:43:53.406+0000] {processor.py:153} INFO - Started process (PID=181) to work on /home/airflow/.local/lib/python3.7/site-packages/airflow/example_dags/example_nested_branch_dag.py
[2023-03-23T00:43:53.407+0000] {processor.py:743} INFO - Processing file /home/airflow/.local/lib/python3.7/site-packages/airflow/example_dags/example_nested_branch_dag.py for tasks to queue
[2023-03-23T00:43:53.408+0000] {logging_mixin.py:137} INFO - [2023-03-23T00:43:53.408+0000] {dagbag.py:538} INFO - Filling up the DagBag from /home/airflow/.local/lib/python3.7/site-packages/airflow/example_dags/example_nested_branch_dag.py
[2023-03-23T00:43:53.424+0000] {processor.py:753} INFO - DAG(s) dict_keys(['example_nested_branch_dag']) retrieved from /home/airflow/.local/lib/python3.7/site-packages/airflow/example_dags/example_nested_branch_dag.py
[2023-03-23T00:43:53.445+0000] {logging_mixin.py:137} INFO - [2023-03-23T00:43:53.445+0000] {dag.py:2690} INFO - Sync 1 DAGs
[2023-03-23T00:43:53.462+0000] {logging_mixin.py:137} INFO - [2023-03-23T00:43:53.462+0000] {dag.py:3441} INFO - Setting next_dagrun for example_nested_branch_dag to 2023-03-22T00:00:00+00:00, run_after=2023-03-23T00:00:00+00:00
[2023-03-23T00:43:53.472+0000] {processor.py:175} INFO - Processing /home/airflow/.local/lib/python3.7/site-packages/airflow/example_dags/example_nested_branch_dag.py took 0.070 seconds
[2023-03-23T00:44:24.105+0000] {processor.py:153} INFO - Started process (PID=244) to work on /home/airflow/.local/lib/python3.7/site-packages/airflow/example_dags/example_nested_branch_dag.py
[2023-03-23T00:44:24.107+0000] {processor.py:743} INFO - Processing file /home/airflow/.local/lib/python3.7/site-packages/airflow/example_dags/example_nested_branch_dag.py for tasks to queue
[2023-03-23T00:44:24.108+0000] {logging_mixin.py:137} INFO - [2023-03-23T00:44:24.108+0000] {dagbag.py:538} INFO - Filling up the DagBag from /home/airflow/.local/lib/python3.7/site-packages/airflow/example_dags/example_nested_branch_dag.py
[2023-03-23T00:44:24.132+0000] {processor.py:753} INFO - DAG(s) dict_keys(['example_nested_branch_dag']) retrieved from /home/airflow/.local/lib/python3.7/site-packages/airflow/example_dags/example_nested_branch_dag.py
[2023-03-23T00:44:24.158+0000] {logging_mixin.py:137} INFO - [2023-03-23T00:44:24.158+0000] {dag.py:2690} INFO - Sync 1 DAGs
[2023-03-23T00:44:24.178+0000] {logging_mixin.py:137} INFO - [2023-03-23T00:44:24.178+0000] {dag.py:3441} INFO - Setting next_dagrun for example_nested_branch_dag to 2023-03-22T00:00:00+00:00, run_after=2023-03-23T00:00:00+00:00
[2023-03-23T00:44:24.191+0000] {processor.py:175} INFO - Processing /home/airflow/.local/lib/python3.7/site-packages/airflow/example_dags/example_nested_branch_dag.py took 0.090 seconds
