[2023-03-23T00:42:52.785+0000] {processor.py:153} INFO - Started process (PID=54) to work on /home/airflow/.local/lib/python3.7/site-packages/airflow/example_dags/example_xcomargs.py
[2023-03-23T00:42:52.794+0000] {processor.py:743} INFO - Processing file /home/airflow/.local/lib/python3.7/site-packages/airflow/example_dags/example_xcomargs.py for tasks to queue
[2023-03-23T00:42:52.796+0000] {logging_mixin.py:137} INFO - [2023-03-23T00:42:52.796+0000] {dagbag.py:538} INFO - Filling up the DagBag from /home/airflow/.local/lib/python3.7/site-packages/airflow/example_dags/example_xcomargs.py
[2023-03-23T00:42:53.042+0000] {processor.py:753} INFO - DAG(s) dict_keys(['example_xcom_args_with_operators', 'example_xcom_args']) retrieved from /home/airflow/.local/lib/python3.7/site-packages/airflow/example_dags/example_xcomargs.py
[2023-03-23T00:42:53.116+0000] {logging_mixin.py:137} INFO - [2023-03-23T00:42:53.116+0000] {dag.py:2690} INFO - Sync 2 DAGs
[2023-03-23T00:42:53.215+0000] {logging_mixin.py:137} INFO - [2023-03-23T00:42:53.214+0000] {dag.py:3441} INFO - Setting next_dagrun for example_xcom_args to None, run_after=None
[2023-03-23T00:42:53.230+0000] {logging_mixin.py:137} INFO - [2023-03-23T00:42:53.230+0000] {dag.py:3441} INFO - Setting next_dagrun for example_xcom_args_with_operators to None, run_after=None
[2023-03-23T00:42:53.280+0000] {processor.py:175} INFO - Processing /home/airflow/.local/lib/python3.7/site-packages/airflow/example_dags/example_xcomargs.py took 0.513 seconds
[2023-03-23T00:43:23.963+0000] {processor.py:153} INFO - Started process (PID=129) to work on /home/airflow/.local/lib/python3.7/site-packages/airflow/example_dags/example_xcomargs.py
[2023-03-23T00:43:23.965+0000] {processor.py:743} INFO - Processing file /home/airflow/.local/lib/python3.7/site-packages/airflow/example_dags/example_xcomargs.py for tasks to queue
[2023-03-23T00:43:23.966+0000] {logging_mixin.py:137} INFO - [2023-03-23T00:43:23.966+0000] {dagbag.py:538} INFO - Filling up the DagBag from /home/airflow/.local/lib/python3.7/site-packages/airflow/example_dags/example_xcomargs.py
[2023-03-23T00:43:23.987+0000] {processor.py:753} INFO - DAG(s) dict_keys(['example_xcom_args', 'example_xcom_args_with_operators']) retrieved from /home/airflow/.local/lib/python3.7/site-packages/airflow/example_dags/example_xcomargs.py
[2023-03-23T00:43:24.010+0000] {logging_mixin.py:137} INFO - [2023-03-23T00:43:24.010+0000] {dag.py:2690} INFO - Sync 2 DAGs
[2023-03-23T00:43:24.028+0000] {logging_mixin.py:137} INFO - [2023-03-23T00:43:24.028+0000] {dag.py:3441} INFO - Setting next_dagrun for example_xcom_args to None, run_after=None
[2023-03-23T00:43:24.031+0000] {logging_mixin.py:137} INFO - [2023-03-23T00:43:24.031+0000] {dag.py:3441} INFO - Setting next_dagrun for example_xcom_args_with_operators to None, run_after=None
[2023-03-23T00:43:24.043+0000] {processor.py:175} INFO - Processing /home/airflow/.local/lib/python3.7/site-packages/airflow/example_dags/example_xcomargs.py took 0.086 seconds
[2023-03-23T00:43:54.115+0000] {processor.py:153} INFO - Started process (PID=193) to work on /home/airflow/.local/lib/python3.7/site-packages/airflow/example_dags/example_xcomargs.py
[2023-03-23T00:43:54.116+0000] {processor.py:743} INFO - Processing file /home/airflow/.local/lib/python3.7/site-packages/airflow/example_dags/example_xcomargs.py for tasks to queue
[2023-03-23T00:43:54.117+0000] {logging_mixin.py:137} INFO - [2023-03-23T00:43:54.117+0000] {dagbag.py:538} INFO - Filling up the DagBag from /home/airflow/.local/lib/python3.7/site-packages/airflow/example_dags/example_xcomargs.py
[2023-03-23T00:43:54.134+0000] {processor.py:753} INFO - DAG(s) dict_keys(['example_xcom_args', 'example_xcom_args_with_operators']) retrieved from /home/airflow/.local/lib/python3.7/site-packages/airflow/example_dags/example_xcomargs.py
[2023-03-23T00:43:54.160+0000] {logging_mixin.py:137} INFO - [2023-03-23T00:43:54.160+0000] {dag.py:2690} INFO - Sync 2 DAGs
[2023-03-23T00:43:54.175+0000] {logging_mixin.py:137} INFO - [2023-03-23T00:43:54.175+0000] {dag.py:3441} INFO - Setting next_dagrun for example_xcom_args to None, run_after=None
[2023-03-23T00:43:54.178+0000] {logging_mixin.py:137} INFO - [2023-03-23T00:43:54.178+0000] {dag.py:3441} INFO - Setting next_dagrun for example_xcom_args_with_operators to None, run_after=None
[2023-03-23T00:43:54.188+0000] {processor.py:175} INFO - Processing /home/airflow/.local/lib/python3.7/site-packages/airflow/example_dags/example_xcomargs.py took 0.077 seconds
[2023-03-23T00:44:24.854+0000] {processor.py:153} INFO - Started process (PID=256) to work on /home/airflow/.local/lib/python3.7/site-packages/airflow/example_dags/example_xcomargs.py
[2023-03-23T00:44:24.855+0000] {processor.py:743} INFO - Processing file /home/airflow/.local/lib/python3.7/site-packages/airflow/example_dags/example_xcomargs.py for tasks to queue
[2023-03-23T00:44:24.856+0000] {logging_mixin.py:137} INFO - [2023-03-23T00:44:24.856+0000] {dagbag.py:538} INFO - Filling up the DagBag from /home/airflow/.local/lib/python3.7/site-packages/airflow/example_dags/example_xcomargs.py
[2023-03-23T00:44:24.877+0000] {processor.py:753} INFO - DAG(s) dict_keys(['example_xcom_args', 'example_xcom_args_with_operators']) retrieved from /home/airflow/.local/lib/python3.7/site-packages/airflow/example_dags/example_xcomargs.py
[2023-03-23T00:44:24.901+0000] {logging_mixin.py:137} INFO - [2023-03-23T00:44:24.901+0000] {dag.py:2690} INFO - Sync 2 DAGs
[2023-03-23T00:44:24.930+0000] {logging_mixin.py:137} INFO - [2023-03-23T00:44:24.930+0000] {dag.py:3441} INFO - Setting next_dagrun for example_xcom_args to None, run_after=None
[2023-03-23T00:44:24.933+0000] {logging_mixin.py:137} INFO - [2023-03-23T00:44:24.933+0000] {dag.py:3441} INFO - Setting next_dagrun for example_xcom_args_with_operators to None, run_after=None
[2023-03-23T00:44:24.947+0000] {processor.py:175} INFO - Processing /home/airflow/.local/lib/python3.7/site-packages/airflow/example_dags/example_xcomargs.py took 0.097 seconds
