[2023-03-23T00:42:52.128+0000] {processor.py:153} INFO - Started process (PID=49) to work on /home/airflow/.local/lib/python3.7/site-packages/airflow/example_dags/example_sensors.py
[2023-03-23T00:42:52.130+0000] {processor.py:743} INFO - Processing file /home/airflow/.local/lib/python3.7/site-packages/airflow/example_dags/example_sensors.py for tasks to queue
[2023-03-23T00:42:52.132+0000] {logging_mixin.py:137} INFO - [2023-03-23T00:42:52.132+0000] {dagbag.py:538} INFO - Filling up the DagBag from /home/airflow/.local/lib/python3.7/site-packages/airflow/example_dags/example_sensors.py
[2023-03-23T00:42:52.170+0000] {processor.py:753} INFO - DAG(s) dict_keys(['example_sensors']) retrieved from /home/airflow/.local/lib/python3.7/site-packages/airflow/example_dags/example_sensors.py
[2023-03-23T00:42:52.192+0000] {logging_mixin.py:137} INFO - [2023-03-23T00:42:52.191+0000] {dag.py:2690} INFO - Sync 1 DAGs
[2023-03-23T00:42:52.223+0000] {logging_mixin.py:137} INFO - [2023-03-23T00:42:52.223+0000] {dag.py:3441} INFO - Setting next_dagrun for example_sensors to None, run_after=None
[2023-03-23T00:42:52.247+0000] {processor.py:175} INFO - Processing /home/airflow/.local/lib/python3.7/site-packages/airflow/example_dags/example_sensors.py took 0.124 seconds
[2023-03-23T00:43:23.495+0000] {processor.py:153} INFO - Started process (PID=124) to work on /home/airflow/.local/lib/python3.7/site-packages/airflow/example_dags/example_sensors.py
[2023-03-23T00:43:23.505+0000] {processor.py:743} INFO - Processing file /home/airflow/.local/lib/python3.7/site-packages/airflow/example_dags/example_sensors.py for tasks to queue
[2023-03-23T00:43:23.507+0000] {logging_mixin.py:137} INFO - [2023-03-23T00:43:23.506+0000] {dagbag.py:538} INFO - Filling up the DagBag from /home/airflow/.local/lib/python3.7/site-packages/airflow/example_dags/example_sensors.py
[2023-03-23T00:43:23.545+0000] {processor.py:753} INFO - DAG(s) dict_keys(['example_sensors']) retrieved from /home/airflow/.local/lib/python3.7/site-packages/airflow/example_dags/example_sensors.py
[2023-03-23T00:43:23.631+0000] {logging_mixin.py:137} INFO - [2023-03-23T00:43:23.631+0000] {dag.py:2690} INFO - Sync 1 DAGs
[2023-03-23T00:43:23.664+0000] {logging_mixin.py:137} INFO - [2023-03-23T00:43:23.664+0000] {dag.py:3441} INFO - Setting next_dagrun for example_sensors to None, run_after=None
[2023-03-23T00:43:23.699+0000] {processor.py:175} INFO - Processing /home/airflow/.local/lib/python3.7/site-packages/airflow/example_dags/example_sensors.py took 0.222 seconds
[2023-03-23T00:43:53.750+0000] {processor.py:153} INFO - Started process (PID=188) to work on /home/airflow/.local/lib/python3.7/site-packages/airflow/example_dags/example_sensors.py
[2023-03-23T00:43:53.752+0000] {processor.py:743} INFO - Processing file /home/airflow/.local/lib/python3.7/site-packages/airflow/example_dags/example_sensors.py for tasks to queue
[2023-03-23T00:43:53.752+0000] {logging_mixin.py:137} INFO - [2023-03-23T00:43:53.752+0000] {dagbag.py:538} INFO - Filling up the DagBag from /home/airflow/.local/lib/python3.7/site-packages/airflow/example_dags/example_sensors.py
[2023-03-23T00:43:53.766+0000] {processor.py:753} INFO - DAG(s) dict_keys(['example_sensors']) retrieved from /home/airflow/.local/lib/python3.7/site-packages/airflow/example_dags/example_sensors.py
[2023-03-23T00:43:53.784+0000] {logging_mixin.py:137} INFO - [2023-03-23T00:43:53.784+0000] {dag.py:2690} INFO - Sync 1 DAGs
[2023-03-23T00:43:53.799+0000] {logging_mixin.py:137} INFO - [2023-03-23T00:43:53.799+0000] {dag.py:3441} INFO - Setting next_dagrun for example_sensors to None, run_after=None
[2023-03-23T00:43:53.809+0000] {processor.py:175} INFO - Processing /home/airflow/.local/lib/python3.7/site-packages/airflow/example_dags/example_sensors.py took 0.062 seconds
[2023-03-23T00:44:24.483+0000] {processor.py:153} INFO - Started process (PID=251) to work on /home/airflow/.local/lib/python3.7/site-packages/airflow/example_dags/example_sensors.py
[2023-03-23T00:44:24.484+0000] {processor.py:743} INFO - Processing file /home/airflow/.local/lib/python3.7/site-packages/airflow/example_dags/example_sensors.py for tasks to queue
[2023-03-23T00:44:24.485+0000] {logging_mixin.py:137} INFO - [2023-03-23T00:44:24.485+0000] {dagbag.py:538} INFO - Filling up the DagBag from /home/airflow/.local/lib/python3.7/site-packages/airflow/example_dags/example_sensors.py
[2023-03-23T00:44:24.500+0000] {processor.py:753} INFO - DAG(s) dict_keys(['example_sensors']) retrieved from /home/airflow/.local/lib/python3.7/site-packages/airflow/example_dags/example_sensors.py
[2023-03-23T00:44:24.527+0000] {logging_mixin.py:137} INFO - [2023-03-23T00:44:24.527+0000] {dag.py:2690} INFO - Sync 1 DAGs
[2023-03-23T00:44:24.552+0000] {logging_mixin.py:137} INFO - [2023-03-23T00:44:24.552+0000] {dag.py:3441} INFO - Setting next_dagrun for example_sensors to None, run_after=None
[2023-03-23T00:44:24.566+0000] {processor.py:175} INFO - Processing /home/airflow/.local/lib/python3.7/site-packages/airflow/example_dags/example_sensors.py took 0.086 seconds
