[2023-03-23T00:42:56.171+0000] {processor.py:153} INFO - Started process (PID=78) to work on /home/airflow/.local/lib/python3.7/site-packages/airflow/example_dags/example_latest_only.py
[2023-03-23T00:42:56.178+0000] {processor.py:743} INFO - Processing file /home/airflow/.local/lib/python3.7/site-packages/airflow/example_dags/example_latest_only.py for tasks to queue
[2023-03-23T00:42:56.183+0000] {logging_mixin.py:137} INFO - [2023-03-23T00:42:56.183+0000] {dagbag.py:538} INFO - Filling up the DagBag from /home/airflow/.local/lib/python3.7/site-packages/airflow/example_dags/example_latest_only.py
[2023-03-23T00:42:56.306+0000] {processor.py:753} INFO - DAG(s) dict_keys(['latest_only']) retrieved from /home/airflow/.local/lib/python3.7/site-packages/airflow/example_dags/example_latest_only.py
[2023-03-23T00:42:56.374+0000] {logging_mixin.py:137} INFO - [2023-03-23T00:42:56.373+0000] {dag.py:2690} INFO - Sync 1 DAGs
[2023-03-23T00:42:56.615+0000] {logging_mixin.py:137} INFO - [2023-03-23T00:42:56.614+0000] {dag.py:3441} INFO - Setting next_dagrun for latest_only to 2023-03-22T20:42:56.613314+00:00, run_after=2023-03-23T00:42:56.613314+00:00
[2023-03-23T00:42:56.737+0000] {processor.py:175} INFO - Processing /home/airflow/.local/lib/python3.7/site-packages/airflow/example_dags/example_latest_only.py took 0.595 seconds
[2023-03-23T00:43:27.732+0000] {processor.py:153} INFO - Started process (PID=141) to work on /home/airflow/.local/lib/python3.7/site-packages/airflow/example_dags/example_latest_only.py
[2023-03-23T00:43:27.734+0000] {processor.py:743} INFO - Processing file /home/airflow/.local/lib/python3.7/site-packages/airflow/example_dags/example_latest_only.py for tasks to queue
[2023-03-23T00:43:27.735+0000] {logging_mixin.py:137} INFO - [2023-03-23T00:43:27.735+0000] {dagbag.py:538} INFO - Filling up the DagBag from /home/airflow/.local/lib/python3.7/site-packages/airflow/example_dags/example_latest_only.py
[2023-03-23T00:43:27.750+0000] {processor.py:753} INFO - DAG(s) dict_keys(['latest_only']) retrieved from /home/airflow/.local/lib/python3.7/site-packages/airflow/example_dags/example_latest_only.py
[2023-03-23T00:43:27.774+0000] {logging_mixin.py:137} INFO - [2023-03-23T00:43:27.774+0000] {dag.py:2690} INFO - Sync 1 DAGs
[2023-03-23T00:43:27.791+0000] {logging_mixin.py:137} INFO - [2023-03-23T00:43:27.791+0000] {dag.py:3441} INFO - Setting next_dagrun for latest_only to 2023-03-22T20:43:27.791006+00:00, run_after=2023-03-23T00:43:27.791006+00:00
[2023-03-23T00:43:27.802+0000] {processor.py:175} INFO - Processing /home/airflow/.local/lib/python3.7/site-packages/airflow/example_dags/example_latest_only.py took 0.075 seconds
[2023-03-23T00:43:58.415+0000] {processor.py:153} INFO - Started process (PID=205) to work on /home/airflow/.local/lib/python3.7/site-packages/airflow/example_dags/example_latest_only.py
[2023-03-23T00:43:58.417+0000] {processor.py:743} INFO - Processing file /home/airflow/.local/lib/python3.7/site-packages/airflow/example_dags/example_latest_only.py for tasks to queue
[2023-03-23T00:43:58.420+0000] {logging_mixin.py:137} INFO - [2023-03-23T00:43:58.420+0000] {dagbag.py:538} INFO - Filling up the DagBag from /home/airflow/.local/lib/python3.7/site-packages/airflow/example_dags/example_latest_only.py
[2023-03-23T00:43:58.444+0000] {processor.py:753} INFO - DAG(s) dict_keys(['latest_only']) retrieved from /home/airflow/.local/lib/python3.7/site-packages/airflow/example_dags/example_latest_only.py
[2023-03-23T00:43:58.476+0000] {logging_mixin.py:137} INFO - [2023-03-23T00:43:58.476+0000] {dag.py:2690} INFO - Sync 1 DAGs
[2023-03-23T00:43:58.503+0000] {logging_mixin.py:137} INFO - [2023-03-23T00:43:58.503+0000] {dag.py:3441} INFO - Setting next_dagrun for latest_only to 2023-03-22T20:43:58.503334+00:00, run_after=2023-03-23T00:43:58.503334+00:00
[2023-03-23T00:43:58.525+0000] {processor.py:175} INFO - Processing /home/airflow/.local/lib/python3.7/site-packages/airflow/example_dags/example_latest_only.py took 0.114 seconds
