[2023-03-23T00:42:56.886+0000] {processor.py:153} INFO - Started process (PID=79) to work on /home/airflow/.local/lib/python3.7/site-packages/airflow/example_dags/example_branch_python_dop_operator_3.py
[2023-03-23T00:42:56.888+0000] {processor.py:743} INFO - Processing file /home/airflow/.local/lib/python3.7/site-packages/airflow/example_dags/example_branch_python_dop_operator_3.py for tasks to queue
[2023-03-23T00:42:56.890+0000] {logging_mixin.py:137} INFO - [2023-03-23T00:42:56.890+0000] {dagbag.py:538} INFO - Filling up the DagBag from /home/airflow/.local/lib/python3.7/site-packages/airflow/example_dags/example_branch_python_dop_operator_3.py
[2023-03-23T00:42:57.005+0000] {processor.py:753} INFO - DAG(s) dict_keys(['example_branch_dop_operator_v3']) retrieved from /home/airflow/.local/lib/python3.7/site-packages/airflow/example_dags/example_branch_python_dop_operator_3.py
[2023-03-23T00:42:57.080+0000] {logging_mixin.py:137} INFO - [2023-03-23T00:42:57.079+0000] {dag.py:2690} INFO - Sync 1 DAGs
[2023-03-23T00:42:57.199+0000] {logging_mixin.py:137} INFO - [2023-03-23T00:42:57.198+0000] {dag.py:3441} INFO - Setting next_dagrun for example_branch_dop_operator_v3 to 2023-03-23T00:41:00+00:00, run_after=2023-03-23T00:42:00+00:00
[2023-03-23T00:42:57.283+0000] {processor.py:175} INFO - Processing /home/airflow/.local/lib/python3.7/site-packages/airflow/example_dags/example_branch_python_dop_operator_3.py took 0.411 seconds
[2023-03-23T00:43:27.825+0000] {processor.py:153} INFO - Started process (PID=142) to work on /home/airflow/.local/lib/python3.7/site-packages/airflow/example_dags/example_branch_python_dop_operator_3.py
[2023-03-23T00:43:27.826+0000] {processor.py:743} INFO - Processing file /home/airflow/.local/lib/python3.7/site-packages/airflow/example_dags/example_branch_python_dop_operator_3.py for tasks to queue
[2023-03-23T00:43:27.826+0000] {logging_mixin.py:137} INFO - [2023-03-23T00:43:27.826+0000] {dagbag.py:538} INFO - Filling up the DagBag from /home/airflow/.local/lib/python3.7/site-packages/airflow/example_dags/example_branch_python_dop_operator_3.py
[2023-03-23T00:43:27.840+0000] {processor.py:753} INFO - DAG(s) dict_keys(['example_branch_dop_operator_v3']) retrieved from /home/airflow/.local/lib/python3.7/site-packages/airflow/example_dags/example_branch_python_dop_operator_3.py
[2023-03-23T00:43:27.858+0000] {logging_mixin.py:137} INFO - [2023-03-23T00:43:27.858+0000] {dag.py:2690} INFO - Sync 1 DAGs
[2023-03-23T00:43:27.874+0000] {logging_mixin.py:137} INFO - [2023-03-23T00:43:27.874+0000] {dag.py:3441} INFO - Setting next_dagrun for example_branch_dop_operator_v3 to 2023-03-23T00:42:00+00:00, run_after=2023-03-23T00:43:00+00:00
[2023-03-23T00:43:27.884+0000] {processor.py:175} INFO - Processing /home/airflow/.local/lib/python3.7/site-packages/airflow/example_dags/example_branch_python_dop_operator_3.py took 0.062 seconds
[2023-03-23T00:43:58.560+0000] {processor.py:153} INFO - Started process (PID=206) to work on /home/airflow/.local/lib/python3.7/site-packages/airflow/example_dags/example_branch_python_dop_operator_3.py
[2023-03-23T00:43:58.562+0000] {processor.py:743} INFO - Processing file /home/airflow/.local/lib/python3.7/site-packages/airflow/example_dags/example_branch_python_dop_operator_3.py for tasks to queue
[2023-03-23T00:43:58.563+0000] {logging_mixin.py:137} INFO - [2023-03-23T00:43:58.563+0000] {dagbag.py:538} INFO - Filling up the DagBag from /home/airflow/.local/lib/python3.7/site-packages/airflow/example_dags/example_branch_python_dop_operator_3.py
[2023-03-23T00:43:58.584+0000] {processor.py:753} INFO - DAG(s) dict_keys(['example_branch_dop_operator_v3']) retrieved from /home/airflow/.local/lib/python3.7/site-packages/airflow/example_dags/example_branch_python_dop_operator_3.py
[2023-03-23T00:43:58.607+0000] {logging_mixin.py:137} INFO - [2023-03-23T00:43:58.607+0000] {dag.py:2690} INFO - Sync 1 DAGs
[2023-03-23T00:43:58.633+0000] {logging_mixin.py:137} INFO - [2023-03-23T00:43:58.632+0000] {dag.py:3441} INFO - Setting next_dagrun for example_branch_dop_operator_v3 to 2023-03-23T00:42:00+00:00, run_after=2023-03-23T00:43:00+00:00
[2023-03-23T00:43:58.651+0000] {processor.py:175} INFO - Processing /home/airflow/.local/lib/python3.7/site-packages/airflow/example_dags/example_branch_python_dop_operator_3.py took 0.096 seconds
