[2023-03-23T00:42:52.553+0000] {processor.py:153} INFO - Started process (PID=53) to work on /home/airflow/.local/lib/python3.7/site-packages/airflow/example_dags/example_complex.py
[2023-03-23T00:42:52.557+0000] {processor.py:743} INFO - Processing file /home/airflow/.local/lib/python3.7/site-packages/airflow/example_dags/example_complex.py for tasks to queue
[2023-03-23T00:42:52.558+0000] {logging_mixin.py:137} INFO - [2023-03-23T00:42:52.558+0000] {dagbag.py:538} INFO - Filling up the DagBag from /home/airflow/.local/lib/python3.7/site-packages/airflow/example_dags/example_complex.py
[2023-03-23T00:42:52.610+0000] {logging_mixin.py:137} INFO - [2023-03-23T00:42:52.610+0000] {taskmixin.py:205} WARNING - Dependency <Task(BashOperator): create_entry_group>, delete_entry_group already registered for DAG: example_complex
[2023-03-23T00:42:52.623+0000] {logging_mixin.py:137} INFO - [2023-03-23T00:42:52.623+0000] {taskmixin.py:205} WARNING - Dependency <Task(BashOperator): delete_entry_group>, create_entry_group already registered for DAG: example_complex
[2023-03-23T00:42:52.625+0000] {logging_mixin.py:137} INFO - [2023-03-23T00:42:52.625+0000] {taskmixin.py:205} WARNING - Dependency <Task(BashOperator): create_entry_gcs>, delete_entry already registered for DAG: example_complex
[2023-03-23T00:42:52.627+0000] {logging_mixin.py:137} INFO - [2023-03-23T00:42:52.626+0000] {taskmixin.py:205} WARNING - Dependency <Task(BashOperator): delete_entry>, create_entry_gcs already registered for DAG: example_complex
[2023-03-23T00:42:52.631+0000] {logging_mixin.py:137} INFO - [2023-03-23T00:42:52.631+0000] {taskmixin.py:205} WARNING - Dependency <Task(BashOperator): create_tag>, delete_tag already registered for DAG: example_complex
[2023-03-23T00:42:52.633+0000] {logging_mixin.py:137} INFO - [2023-03-23T00:42:52.633+0000] {taskmixin.py:205} WARNING - Dependency <Task(BashOperator): delete_tag>, create_tag already registered for DAG: example_complex
[2023-03-23T00:42:52.674+0000] {processor.py:753} INFO - DAG(s) dict_keys(['example_complex']) retrieved from /home/airflow/.local/lib/python3.7/site-packages/airflow/example_dags/example_complex.py
[2023-03-23T00:42:52.749+0000] {logging_mixin.py:137} INFO - [2023-03-23T00:42:52.749+0000] {dag.py:2690} INFO - Sync 1 DAGs
[2023-03-23T00:42:52.827+0000] {logging_mixin.py:137} INFO - [2023-03-23T00:42:52.827+0000] {dag.py:3441} INFO - Setting next_dagrun for example_complex to None, run_after=None
[2023-03-23T00:42:53.030+0000] {processor.py:175} INFO - Processing /home/airflow/.local/lib/python3.7/site-packages/airflow/example_dags/example_complex.py took 0.483 seconds
[2023-03-23T00:43:23.849+0000] {processor.py:153} INFO - Started process (PID=128) to work on /home/airflow/.local/lib/python3.7/site-packages/airflow/example_dags/example_complex.py
[2023-03-23T00:43:23.850+0000] {processor.py:743} INFO - Processing file /home/airflow/.local/lib/python3.7/site-packages/airflow/example_dags/example_complex.py for tasks to queue
[2023-03-23T00:43:23.851+0000] {logging_mixin.py:137} INFO - [2023-03-23T00:43:23.851+0000] {dagbag.py:538} INFO - Filling up the DagBag from /home/airflow/.local/lib/python3.7/site-packages/airflow/example_dags/example_complex.py
[2023-03-23T00:43:23.863+0000] {logging_mixin.py:137} INFO - [2023-03-23T00:43:23.863+0000] {taskmixin.py:205} WARNING - Dependency <Task(BashOperator): create_entry_group>, delete_entry_group already registered for DAG: example_complex
[2023-03-23T00:43:23.864+0000] {logging_mixin.py:137} INFO - [2023-03-23T00:43:23.864+0000] {taskmixin.py:205} WARNING - Dependency <Task(BashOperator): delete_entry_group>, create_entry_group already registered for DAG: example_complex
[2023-03-23T00:43:23.865+0000] {logging_mixin.py:137} INFO - [2023-03-23T00:43:23.865+0000] {taskmixin.py:205} WARNING - Dependency <Task(BashOperator): create_entry_gcs>, delete_entry already registered for DAG: example_complex
[2023-03-23T00:43:23.865+0000] {logging_mixin.py:137} INFO - [2023-03-23T00:43:23.865+0000] {taskmixin.py:205} WARNING - Dependency <Task(BashOperator): delete_entry>, create_entry_gcs already registered for DAG: example_complex
[2023-03-23T00:43:23.866+0000] {logging_mixin.py:137} INFO - [2023-03-23T00:43:23.866+0000] {taskmixin.py:205} WARNING - Dependency <Task(BashOperator): create_tag>, delete_tag already registered for DAG: example_complex
[2023-03-23T00:43:23.867+0000] {logging_mixin.py:137} INFO - [2023-03-23T00:43:23.867+0000] {taskmixin.py:205} WARNING - Dependency <Task(BashOperator): delete_tag>, create_tag already registered for DAG: example_complex
[2023-03-23T00:43:23.873+0000] {processor.py:753} INFO - DAG(s) dict_keys(['example_complex']) retrieved from /home/airflow/.local/lib/python3.7/site-packages/airflow/example_dags/example_complex.py
[2023-03-23T00:43:23.900+0000] {logging_mixin.py:137} INFO - [2023-03-23T00:43:23.900+0000] {dag.py:2690} INFO - Sync 1 DAGs
[2023-03-23T00:43:23.926+0000] {logging_mixin.py:137} INFO - [2023-03-23T00:43:23.926+0000] {dag.py:3441} INFO - Setting next_dagrun for example_complex to None, run_after=None
[2023-03-23T00:43:23.956+0000] {processor.py:175} INFO - Processing /home/airflow/.local/lib/python3.7/site-packages/airflow/example_dags/example_complex.py took 0.111 seconds
[2023-03-23T00:43:54.001+0000] {processor.py:153} INFO - Started process (PID=192) to work on /home/airflow/.local/lib/python3.7/site-packages/airflow/example_dags/example_complex.py
[2023-03-23T00:43:54.002+0000] {processor.py:743} INFO - Processing file /home/airflow/.local/lib/python3.7/site-packages/airflow/example_dags/example_complex.py for tasks to queue
[2023-03-23T00:43:54.003+0000] {logging_mixin.py:137} INFO - [2023-03-23T00:43:54.003+0000] {dagbag.py:538} INFO - Filling up the DagBag from /home/airflow/.local/lib/python3.7/site-packages/airflow/example_dags/example_complex.py
[2023-03-23T00:43:54.011+0000] {logging_mixin.py:137} INFO - [2023-03-23T00:43:54.010+0000] {taskmixin.py:205} WARNING - Dependency <Task(BashOperator): create_entry_group>, delete_entry_group already registered for DAG: example_complex
[2023-03-23T00:43:54.011+0000] {logging_mixin.py:137} INFO - [2023-03-23T00:43:54.011+0000] {taskmixin.py:205} WARNING - Dependency <Task(BashOperator): delete_entry_group>, create_entry_group already registered for DAG: example_complex
[2023-03-23T00:43:54.012+0000] {logging_mixin.py:137} INFO - [2023-03-23T00:43:54.012+0000] {taskmixin.py:205} WARNING - Dependency <Task(BashOperator): create_entry_gcs>, delete_entry already registered for DAG: example_complex
[2023-03-23T00:43:54.012+0000] {logging_mixin.py:137} INFO - [2023-03-23T00:43:54.012+0000] {taskmixin.py:205} WARNING - Dependency <Task(BashOperator): delete_entry>, create_entry_gcs already registered for DAG: example_complex
[2023-03-23T00:43:54.013+0000] {logging_mixin.py:137} INFO - [2023-03-23T00:43:54.013+0000] {taskmixin.py:205} WARNING - Dependency <Task(BashOperator): create_tag>, delete_tag already registered for DAG: example_complex
[2023-03-23T00:43:54.013+0000] {logging_mixin.py:137} INFO - [2023-03-23T00:43:54.013+0000] {taskmixin.py:205} WARNING - Dependency <Task(BashOperator): delete_tag>, create_tag already registered for DAG: example_complex
[2023-03-23T00:43:54.020+0000] {processor.py:753} INFO - DAG(s) dict_keys(['example_complex']) retrieved from /home/airflow/.local/lib/python3.7/site-packages/airflow/example_dags/example_complex.py
[2023-03-23T00:43:54.043+0000] {logging_mixin.py:137} INFO - [2023-03-23T00:43:54.043+0000] {dag.py:2690} INFO - Sync 1 DAGs
[2023-03-23T00:43:54.067+0000] {logging_mixin.py:137} INFO - [2023-03-23T00:43:54.067+0000] {dag.py:3441} INFO - Setting next_dagrun for example_complex to None, run_after=None
[2023-03-23T00:43:54.083+0000] {processor.py:175} INFO - Processing /home/airflow/.local/lib/python3.7/site-packages/airflow/example_dags/example_complex.py took 0.085 seconds
[2023-03-23T00:44:24.848+0000] {processor.py:153} INFO - Started process (PID=255) to work on /home/airflow/.local/lib/python3.7/site-packages/airflow/example_dags/example_complex.py
[2023-03-23T00:44:24.850+0000] {processor.py:743} INFO - Processing file /home/airflow/.local/lib/python3.7/site-packages/airflow/example_dags/example_complex.py for tasks to queue
[2023-03-23T00:44:24.851+0000] {logging_mixin.py:137} INFO - [2023-03-23T00:44:24.851+0000] {dagbag.py:538} INFO - Filling up the DagBag from /home/airflow/.local/lib/python3.7/site-packages/airflow/example_dags/example_complex.py
[2023-03-23T00:44:24.860+0000] {logging_mixin.py:137} INFO - [2023-03-23T00:44:24.860+0000] {taskmixin.py:205} WARNING - Dependency <Task(BashOperator): create_entry_group>, delete_entry_group already registered for DAG: example_complex
[2023-03-23T00:44:24.860+0000] {logging_mixin.py:137} INFO - [2023-03-23T00:44:24.860+0000] {taskmixin.py:205} WARNING - Dependency <Task(BashOperator): delete_entry_group>, create_entry_group already registered for DAG: example_complex
[2023-03-23T00:44:24.861+0000] {logging_mixin.py:137} INFO - [2023-03-23T00:44:24.861+0000] {taskmixin.py:205} WARNING - Dependency <Task(BashOperator): create_entry_gcs>, delete_entry already registered for DAG: example_complex
[2023-03-23T00:44:24.862+0000] {logging_mixin.py:137} INFO - [2023-03-23T00:44:24.862+0000] {taskmixin.py:205} WARNING - Dependency <Task(BashOperator): delete_entry>, create_entry_gcs already registered for DAG: example_complex
[2023-03-23T00:44:24.864+0000] {logging_mixin.py:137} INFO - [2023-03-23T00:44:24.864+0000] {taskmixin.py:205} WARNING - Dependency <Task(BashOperator): create_tag>, delete_tag already registered for DAG: example_complex
[2023-03-23T00:44:24.864+0000] {logging_mixin.py:137} INFO - [2023-03-23T00:44:24.864+0000] {taskmixin.py:205} WARNING - Dependency <Task(BashOperator): delete_tag>, create_tag already registered for DAG: example_complex
[2023-03-23T00:44:24.872+0000] {processor.py:753} INFO - DAG(s) dict_keys(['example_complex']) retrieved from /home/airflow/.local/lib/python3.7/site-packages/airflow/example_dags/example_complex.py
[2023-03-23T00:44:24.899+0000] {logging_mixin.py:137} INFO - [2023-03-23T00:44:24.899+0000] {dag.py:2690} INFO - Sync 1 DAGs
[2023-03-23T00:44:24.926+0000] {logging_mixin.py:137} INFO - [2023-03-23T00:44:24.926+0000] {dag.py:3441} INFO - Setting next_dagrun for example_complex to None, run_after=None
[2023-03-23T00:44:24.941+0000] {processor.py:175} INFO - Processing /home/airflow/.local/lib/python3.7/site-packages/airflow/example_dags/example_complex.py took 0.096 seconds
