[2023-03-23T00:42:56.085+0000] {processor.py:153} INFO - Started process (PID=77) to work on /home/airflow/.local/lib/python3.7/site-packages/airflow/example_dags/example_task_group_decorator.py
[2023-03-23T00:42:56.110+0000] {processor.py:743} INFO - Processing file /home/airflow/.local/lib/python3.7/site-packages/airflow/example_dags/example_task_group_decorator.py for tasks to queue
[2023-03-23T00:42:56.113+0000] {logging_mixin.py:137} INFO - [2023-03-23T00:42:56.112+0000] {dagbag.py:538} INFO - Filling up the DagBag from /home/airflow/.local/lib/python3.7/site-packages/airflow/example_dags/example_task_group_decorator.py
[2023-03-23T00:42:56.278+0000] {processor.py:753} INFO - DAG(s) dict_keys(['example_task_group_decorator']) retrieved from /home/airflow/.local/lib/python3.7/site-packages/airflow/example_dags/example_task_group_decorator.py
[2023-03-23T00:42:56.343+0000] {logging_mixin.py:137} INFO - [2023-03-23T00:42:56.342+0000] {dag.py:2690} INFO - Sync 1 DAGs
[2023-03-23T00:42:56.575+0000] {logging_mixin.py:137} INFO - [2023-03-23T00:42:56.575+0000] {dag.py:3441} INFO - Setting next_dagrun for example_task_group_decorator to 2023-03-22T00:42:56.564668+00:00, run_after=2023-03-23T00:42:56.564668+00:00
[2023-03-23T00:42:56.760+0000] {processor.py:175} INFO - Processing /home/airflow/.local/lib/python3.7/site-packages/airflow/example_dags/example_task_group_decorator.py took 0.708 seconds
[2023-03-23T00:43:27.726+0000] {processor.py:153} INFO - Started process (PID=140) to work on /home/airflow/.local/lib/python3.7/site-packages/airflow/example_dags/example_task_group_decorator.py
[2023-03-23T00:43:27.729+0000] {processor.py:743} INFO - Processing file /home/airflow/.local/lib/python3.7/site-packages/airflow/example_dags/example_task_group_decorator.py for tasks to queue
[2023-03-23T00:43:27.730+0000] {logging_mixin.py:137} INFO - [2023-03-23T00:43:27.730+0000] {dagbag.py:538} INFO - Filling up the DagBag from /home/airflow/.local/lib/python3.7/site-packages/airflow/example_dags/example_task_group_decorator.py
[2023-03-23T00:43:27.760+0000] {processor.py:753} INFO - DAG(s) dict_keys(['example_task_group_decorator']) retrieved from /home/airflow/.local/lib/python3.7/site-packages/airflow/example_dags/example_task_group_decorator.py
[2023-03-23T00:43:27.781+0000] {logging_mixin.py:137} INFO - [2023-03-23T00:43:27.781+0000] {dag.py:2690} INFO - Sync 1 DAGs
[2023-03-23T00:43:27.797+0000] {logging_mixin.py:137} INFO - [2023-03-23T00:43:27.797+0000] {dag.py:3441} INFO - Setting next_dagrun for example_task_group_decorator to 2023-03-22T00:43:27.797176+00:00, run_after=2023-03-23T00:43:27.797176+00:00
[2023-03-23T00:43:27.808+0000] {processor.py:175} INFO - Processing /home/airflow/.local/lib/python3.7/site-packages/airflow/example_dags/example_task_group_decorator.py took 0.089 seconds
[2023-03-23T00:43:58.414+0000] {processor.py:153} INFO - Started process (PID=204) to work on /home/airflow/.local/lib/python3.7/site-packages/airflow/example_dags/example_task_group_decorator.py
[2023-03-23T00:43:58.416+0000] {processor.py:743} INFO - Processing file /home/airflow/.local/lib/python3.7/site-packages/airflow/example_dags/example_task_group_decorator.py for tasks to queue
[2023-03-23T00:43:58.420+0000] {logging_mixin.py:137} INFO - [2023-03-23T00:43:58.420+0000] {dagbag.py:538} INFO - Filling up the DagBag from /home/airflow/.local/lib/python3.7/site-packages/airflow/example_dags/example_task_group_decorator.py
[2023-03-23T00:43:58.454+0000] {processor.py:753} INFO - DAG(s) dict_keys(['example_task_group_decorator']) retrieved from /home/airflow/.local/lib/python3.7/site-packages/airflow/example_dags/example_task_group_decorator.py
[2023-03-23T00:43:58.481+0000] {logging_mixin.py:137} INFO - [2023-03-23T00:43:58.481+0000] {dag.py:2690} INFO - Sync 1 DAGs
[2023-03-23T00:43:58.503+0000] {logging_mixin.py:137} INFO - [2023-03-23T00:43:58.503+0000] {dag.py:3441} INFO - Setting next_dagrun for example_task_group_decorator to 2023-03-22T00:43:58.503333+00:00, run_after=2023-03-23T00:43:58.503333+00:00
[2023-03-23T00:43:58.524+0000] {processor.py:175} INFO - Processing /home/airflow/.local/lib/python3.7/site-packages/airflow/example_dags/example_task_group_decorator.py took 0.118 seconds
