[2023-03-23T00:42:51.276+0000] {processor.py:153} INFO - Started process (PID=41) to work on /home/airflow/.local/lib/python3.7/site-packages/airflow/example_dags/example_python_operator.py
[2023-03-23T00:42:51.278+0000] {processor.py:743} INFO - Processing file /home/airflow/.local/lib/python3.7/site-packages/airflow/example_dags/example_python_operator.py for tasks to queue
[2023-03-23T00:42:51.279+0000] {logging_mixin.py:137} INFO - [2023-03-23T00:42:51.279+0000] {dagbag.py:538} INFO - Filling up the DagBag from /home/airflow/.local/lib/python3.7/site-packages/airflow/example_dags/example_python_operator.py
[2023-03-23T00:42:51.297+0000] {logging_mixin.py:137} INFO - [2023-03-23T00:42:51.297+0000] {taskmixin.py:205} WARNING - Dependency <Task(_PythonDecoratedOperator): print_the_context>, log_sql_query already registered for DAG: example_python_operator
[2023-03-23T00:42:51.298+0000] {logging_mixin.py:137} INFO - [2023-03-23T00:42:51.298+0000] {taskmixin.py:205} WARNING - Dependency <Task(_PythonDecoratedOperator): log_sql_query>, print_the_context already registered for DAG: example_python_operator
[2023-03-23T00:42:51.300+0000] {logging_mixin.py:137} INFO - [2023-03-23T00:42:51.299+0000] {taskmixin.py:205} WARNING - Dependency <Task(_PythonDecoratedOperator): print_the_context>, log_sql_query already registered for DAG: example_python_operator
[2023-03-23T00:42:51.301+0000] {logging_mixin.py:137} INFO - [2023-03-23T00:42:51.301+0000] {taskmixin.py:205} WARNING - Dependency <Task(_PythonDecoratedOperator): log_sql_query>, print_the_context already registered for DAG: example_python_operator
[2023-03-23T00:42:51.307+0000] {logging_mixin.py:137} INFO - [2023-03-23T00:42:51.306+0000] {taskmixin.py:205} WARNING - Dependency <Task(_PythonDecoratedOperator): print_the_context>, log_sql_query already registered for DAG: example_python_operator
[2023-03-23T00:42:51.309+0000] {logging_mixin.py:137} INFO - [2023-03-23T00:42:51.309+0000] {taskmixin.py:205} WARNING - Dependency <Task(_PythonDecoratedOperator): log_sql_query>, print_the_context already registered for DAG: example_python_operator
[2023-03-23T00:42:51.310+0000] {logging_mixin.py:137} INFO - [2023-03-23T00:42:51.310+0000] {taskmixin.py:205} WARNING - Dependency <Task(_PythonDecoratedOperator): print_the_context>, log_sql_query already registered for DAG: example_python_operator
[2023-03-23T00:42:51.312+0000] {logging_mixin.py:137} INFO - [2023-03-23T00:42:51.311+0000] {taskmixin.py:205} WARNING - Dependency <Task(_PythonDecoratedOperator): log_sql_query>, print_the_context already registered for DAG: example_python_operator
[2023-03-23T00:42:51.319+0000] {processor.py:753} INFO - DAG(s) dict_keys(['example_python_operator']) retrieved from /home/airflow/.local/lib/python3.7/site-packages/airflow/example_dags/example_python_operator.py
[2023-03-23T00:42:51.344+0000] {logging_mixin.py:137} INFO - [2023-03-23T00:42:51.344+0000] {dag.py:2690} INFO - Sync 1 DAGs
[2023-03-23T00:42:51.399+0000] {logging_mixin.py:137} INFO - [2023-03-23T00:42:51.398+0000] {dag.py:3441} INFO - Setting next_dagrun for example_python_operator to None, run_after=None
[2023-03-23T00:42:51.430+0000] {processor.py:175} INFO - Processing /home/airflow/.local/lib/python3.7/site-packages/airflow/example_dags/example_python_operator.py took 0.158 seconds
[2023-03-23T00:43:22.400+0000] {processor.py:153} INFO - Started process (PID=116) to work on /home/airflow/.local/lib/python3.7/site-packages/airflow/example_dags/example_python_operator.py
[2023-03-23T00:43:22.401+0000] {processor.py:743} INFO - Processing file /home/airflow/.local/lib/python3.7/site-packages/airflow/example_dags/example_python_operator.py for tasks to queue
[2023-03-23T00:43:22.402+0000] {logging_mixin.py:137} INFO - [2023-03-23T00:43:22.402+0000] {dagbag.py:538} INFO - Filling up the DagBag from /home/airflow/.local/lib/python3.7/site-packages/airflow/example_dags/example_python_operator.py
[2023-03-23T00:43:22.429+0000] {logging_mixin.py:137} INFO - [2023-03-23T00:43:22.429+0000] {taskmixin.py:205} WARNING - Dependency <Task(_PythonDecoratedOperator): print_the_context>, log_sql_query already registered for DAG: example_python_operator
[2023-03-23T00:43:22.430+0000] {logging_mixin.py:137} INFO - [2023-03-23T00:43:22.430+0000] {taskmixin.py:205} WARNING - Dependency <Task(_PythonDecoratedOperator): log_sql_query>, print_the_context already registered for DAG: example_python_operator
[2023-03-23T00:43:22.432+0000] {logging_mixin.py:137} INFO - [2023-03-23T00:43:22.432+0000] {taskmixin.py:205} WARNING - Dependency <Task(_PythonDecoratedOperator): print_the_context>, log_sql_query already registered for DAG: example_python_operator
[2023-03-23T00:43:22.433+0000] {logging_mixin.py:137} INFO - [2023-03-23T00:43:22.433+0000] {taskmixin.py:205} WARNING - Dependency <Task(_PythonDecoratedOperator): log_sql_query>, print_the_context already registered for DAG: example_python_operator
[2023-03-23T00:43:22.434+0000] {logging_mixin.py:137} INFO - [2023-03-23T00:43:22.434+0000] {taskmixin.py:205} WARNING - Dependency <Task(_PythonDecoratedOperator): print_the_context>, log_sql_query already registered for DAG: example_python_operator
[2023-03-23T00:43:22.435+0000] {logging_mixin.py:137} INFO - [2023-03-23T00:43:22.435+0000] {taskmixin.py:205} WARNING - Dependency <Task(_PythonDecoratedOperator): log_sql_query>, print_the_context already registered for DAG: example_python_operator
[2023-03-23T00:43:22.436+0000] {logging_mixin.py:137} INFO - [2023-03-23T00:43:22.436+0000] {taskmixin.py:205} WARNING - Dependency <Task(_PythonDecoratedOperator): print_the_context>, log_sql_query already registered for DAG: example_python_operator
[2023-03-23T00:43:22.437+0000] {logging_mixin.py:137} INFO - [2023-03-23T00:43:22.436+0000] {taskmixin.py:205} WARNING - Dependency <Task(_PythonDecoratedOperator): log_sql_query>, print_the_context already registered for DAG: example_python_operator
[2023-03-23T00:43:22.446+0000] {processor.py:753} INFO - DAG(s) dict_keys(['example_python_operator']) retrieved from /home/airflow/.local/lib/python3.7/site-packages/airflow/example_dags/example_python_operator.py
[2023-03-23T00:43:22.525+0000] {logging_mixin.py:137} INFO - [2023-03-23T00:43:22.525+0000] {dag.py:2690} INFO - Sync 1 DAGs
[2023-03-23T00:43:22.553+0000] {logging_mixin.py:137} INFO - [2023-03-23T00:43:22.553+0000] {dag.py:3441} INFO - Setting next_dagrun for example_python_operator to None, run_after=None
[2023-03-23T00:43:22.611+0000] {processor.py:175} INFO - Processing /home/airflow/.local/lib/python3.7/site-packages/airflow/example_dags/example_python_operator.py took 0.216 seconds
[2023-03-23T00:43:53.310+0000] {processor.py:153} INFO - Started process (PID=180) to work on /home/airflow/.local/lib/python3.7/site-packages/airflow/example_dags/example_python_operator.py
[2023-03-23T00:43:53.311+0000] {processor.py:743} INFO - Processing file /home/airflow/.local/lib/python3.7/site-packages/airflow/example_dags/example_python_operator.py for tasks to queue
[2023-03-23T00:43:53.312+0000] {logging_mixin.py:137} INFO - [2023-03-23T00:43:53.311+0000] {dagbag.py:538} INFO - Filling up the DagBag from /home/airflow/.local/lib/python3.7/site-packages/airflow/example_dags/example_python_operator.py
[2023-03-23T00:43:53.325+0000] {logging_mixin.py:137} INFO - [2023-03-23T00:43:53.325+0000] {taskmixin.py:205} WARNING - Dependency <Task(_PythonDecoratedOperator): print_the_context>, log_sql_query already registered for DAG: example_python_operator
[2023-03-23T00:43:53.326+0000] {logging_mixin.py:137} INFO - [2023-03-23T00:43:53.326+0000] {taskmixin.py:205} WARNING - Dependency <Task(_PythonDecoratedOperator): log_sql_query>, print_the_context already registered for DAG: example_python_operator
[2023-03-23T00:43:53.327+0000] {logging_mixin.py:137} INFO - [2023-03-23T00:43:53.327+0000] {taskmixin.py:205} WARNING - Dependency <Task(_PythonDecoratedOperator): print_the_context>, log_sql_query already registered for DAG: example_python_operator
[2023-03-23T00:43:53.327+0000] {logging_mixin.py:137} INFO - [2023-03-23T00:43:53.327+0000] {taskmixin.py:205} WARNING - Dependency <Task(_PythonDecoratedOperator): log_sql_query>, print_the_context already registered for DAG: example_python_operator
[2023-03-23T00:43:53.328+0000] {logging_mixin.py:137} INFO - [2023-03-23T00:43:53.328+0000] {taskmixin.py:205} WARNING - Dependency <Task(_PythonDecoratedOperator): print_the_context>, log_sql_query already registered for DAG: example_python_operator
[2023-03-23T00:43:53.329+0000] {logging_mixin.py:137} INFO - [2023-03-23T00:43:53.329+0000] {taskmixin.py:205} WARNING - Dependency <Task(_PythonDecoratedOperator): log_sql_query>, print_the_context already registered for DAG: example_python_operator
[2023-03-23T00:43:53.329+0000] {logging_mixin.py:137} INFO - [2023-03-23T00:43:53.329+0000] {taskmixin.py:205} WARNING - Dependency <Task(_PythonDecoratedOperator): print_the_context>, log_sql_query already registered for DAG: example_python_operator
[2023-03-23T00:43:53.330+0000] {logging_mixin.py:137} INFO - [2023-03-23T00:43:53.330+0000] {taskmixin.py:205} WARNING - Dependency <Task(_PythonDecoratedOperator): log_sql_query>, print_the_context already registered for DAG: example_python_operator
[2023-03-23T00:43:53.335+0000] {processor.py:753} INFO - DAG(s) dict_keys(['example_python_operator']) retrieved from /home/airflow/.local/lib/python3.7/site-packages/airflow/example_dags/example_python_operator.py
[2023-03-23T00:43:53.356+0000] {logging_mixin.py:137} INFO - [2023-03-23T00:43:53.356+0000] {dag.py:2690} INFO - Sync 1 DAGs
[2023-03-23T00:43:53.371+0000] {logging_mixin.py:137} INFO - [2023-03-23T00:43:53.371+0000] {dag.py:3441} INFO - Setting next_dagrun for example_python_operator to None, run_after=None
[2023-03-23T00:43:53.384+0000] {processor.py:175} INFO - Processing /home/airflow/.local/lib/python3.7/site-packages/airflow/example_dags/example_python_operator.py took 0.077 seconds
[2023-03-23T00:44:23.984+0000] {processor.py:153} INFO - Started process (PID=243) to work on /home/airflow/.local/lib/python3.7/site-packages/airflow/example_dags/example_python_operator.py
[2023-03-23T00:44:23.985+0000] {processor.py:743} INFO - Processing file /home/airflow/.local/lib/python3.7/site-packages/airflow/example_dags/example_python_operator.py for tasks to queue
[2023-03-23T00:44:23.986+0000] {logging_mixin.py:137} INFO - [2023-03-23T00:44:23.986+0000] {dagbag.py:538} INFO - Filling up the DagBag from /home/airflow/.local/lib/python3.7/site-packages/airflow/example_dags/example_python_operator.py
[2023-03-23T00:44:24.005+0000] {logging_mixin.py:137} INFO - [2023-03-23T00:44:24.004+0000] {taskmixin.py:205} WARNING - Dependency <Task(_PythonDecoratedOperator): print_the_context>, log_sql_query already registered for DAG: example_python_operator
[2023-03-23T00:44:24.005+0000] {logging_mixin.py:137} INFO - [2023-03-23T00:44:24.005+0000] {taskmixin.py:205} WARNING - Dependency <Task(_PythonDecoratedOperator): log_sql_query>, print_the_context already registered for DAG: example_python_operator
[2023-03-23T00:44:24.006+0000] {logging_mixin.py:137} INFO - [2023-03-23T00:44:24.006+0000] {taskmixin.py:205} WARNING - Dependency <Task(_PythonDecoratedOperator): print_the_context>, log_sql_query already registered for DAG: example_python_operator
[2023-03-23T00:44:24.007+0000] {logging_mixin.py:137} INFO - [2023-03-23T00:44:24.007+0000] {taskmixin.py:205} WARNING - Dependency <Task(_PythonDecoratedOperator): log_sql_query>, print_the_context already registered for DAG: example_python_operator
[2023-03-23T00:44:24.007+0000] {logging_mixin.py:137} INFO - [2023-03-23T00:44:24.007+0000] {taskmixin.py:205} WARNING - Dependency <Task(_PythonDecoratedOperator): print_the_context>, log_sql_query already registered for DAG: example_python_operator
[2023-03-23T00:44:24.008+0000] {logging_mixin.py:137} INFO - [2023-03-23T00:44:24.008+0000] {taskmixin.py:205} WARNING - Dependency <Task(_PythonDecoratedOperator): log_sql_query>, print_the_context already registered for DAG: example_python_operator
[2023-03-23T00:44:24.009+0000] {logging_mixin.py:137} INFO - [2023-03-23T00:44:24.009+0000] {taskmixin.py:205} WARNING - Dependency <Task(_PythonDecoratedOperator): print_the_context>, log_sql_query already registered for DAG: example_python_operator
[2023-03-23T00:44:24.010+0000] {logging_mixin.py:137} INFO - [2023-03-23T00:44:24.010+0000] {taskmixin.py:205} WARNING - Dependency <Task(_PythonDecoratedOperator): log_sql_query>, print_the_context already registered for DAG: example_python_operator
[2023-03-23T00:44:24.018+0000] {processor.py:753} INFO - DAG(s) dict_keys(['example_python_operator']) retrieved from /home/airflow/.local/lib/python3.7/site-packages/airflow/example_dags/example_python_operator.py
[2023-03-23T00:44:24.046+0000] {logging_mixin.py:137} INFO - [2023-03-23T00:44:24.046+0000] {dag.py:2690} INFO - Sync 1 DAGs
[2023-03-23T00:44:24.067+0000] {logging_mixin.py:137} INFO - [2023-03-23T00:44:24.067+0000] {dag.py:3441} INFO - Setting next_dagrun for example_python_operator to None, run_after=None
[2023-03-23T00:44:24.095+0000] {processor.py:175} INFO - Processing /home/airflow/.local/lib/python3.7/site-packages/airflow/example_dags/example_python_operator.py took 0.113 seconds
