[2023-03-23T00:42:55.162+0000] {processor.py:153} INFO - Started process (PID=72) to work on /home/airflow/.local/lib/python3.7/site-packages/airflow/example_dags/example_sla_dag.py
[2023-03-23T00:42:55.180+0000] {processor.py:743} INFO - Processing file /home/airflow/.local/lib/python3.7/site-packages/airflow/example_dags/example_sla_dag.py for tasks to queue
[2023-03-23T00:42:55.182+0000] {logging_mixin.py:137} INFO - [2023-03-23T00:42:55.182+0000] {dagbag.py:538} INFO - Filling up the DagBag from /home/airflow/.local/lib/python3.7/site-packages/airflow/example_dags/example_sla_dag.py
[2023-03-23T00:42:55.333+0000] {processor.py:753} INFO - DAG(s) dict_keys(['example_sla_dag']) retrieved from /home/airflow/.local/lib/python3.7/site-packages/airflow/example_dags/example_sla_dag.py
[2023-03-23T00:42:55.396+0000] {logging_mixin.py:137} INFO - [2023-03-23T00:42:55.396+0000] {dag.py:2690} INFO - Sync 1 DAGs
[2023-03-23T00:42:55.493+0000] {logging_mixin.py:137} INFO - [2023-03-23T00:42:55.493+0000] {dag.py:3441} INFO - Setting next_dagrun for example_sla_dag to 2023-03-23T00:40:00+00:00, run_after=2023-03-23T00:42:00+00:00
[2023-03-23T00:42:55.564+0000] {processor.py:175} INFO - Processing /home/airflow/.local/lib/python3.7/site-packages/airflow/example_dags/example_sla_dag.py took 0.405 seconds
[2023-03-23T00:43:26.536+0000] {processor.py:153} INFO - Started process (PID=138) to work on /home/airflow/.local/lib/python3.7/site-packages/airflow/example_dags/example_sla_dag.py
[2023-03-23T00:43:26.537+0000] {processor.py:743} INFO - Processing file /home/airflow/.local/lib/python3.7/site-packages/airflow/example_dags/example_sla_dag.py for tasks to queue
[2023-03-23T00:43:26.539+0000] {logging_mixin.py:137} INFO - [2023-03-23T00:43:26.539+0000] {dagbag.py:538} INFO - Filling up the DagBag from /home/airflow/.local/lib/python3.7/site-packages/airflow/example_dags/example_sla_dag.py
[2023-03-23T00:43:26.560+0000] {processor.py:753} INFO - DAG(s) dict_keys(['example_sla_dag']) retrieved from /home/airflow/.local/lib/python3.7/site-packages/airflow/example_dags/example_sla_dag.py
[2023-03-23T00:43:26.595+0000] {logging_mixin.py:137} INFO - [2023-03-23T00:43:26.595+0000] {dag.py:2690} INFO - Sync 1 DAGs
[2023-03-23T00:43:26.628+0000] {logging_mixin.py:137} INFO - [2023-03-23T00:43:26.627+0000] {dag.py:3441} INFO - Setting next_dagrun for example_sla_dag to 2023-03-23T00:40:00+00:00, run_after=2023-03-23T00:42:00+00:00
[2023-03-23T00:43:26.652+0000] {processor.py:175} INFO - Processing /home/airflow/.local/lib/python3.7/site-packages/airflow/example_dags/example_sla_dag.py took 0.126 seconds
[2023-03-23T00:43:56.919+0000] {processor.py:153} INFO - Started process (PID=202) to work on /home/airflow/.local/lib/python3.7/site-packages/airflow/example_dags/example_sla_dag.py
[2023-03-23T00:43:56.923+0000] {processor.py:743} INFO - Processing file /home/airflow/.local/lib/python3.7/site-packages/airflow/example_dags/example_sla_dag.py for tasks to queue
[2023-03-23T00:43:56.926+0000] {logging_mixin.py:137} INFO - [2023-03-23T00:43:56.926+0000] {dagbag.py:538} INFO - Filling up the DagBag from /home/airflow/.local/lib/python3.7/site-packages/airflow/example_dags/example_sla_dag.py
[2023-03-23T00:43:57.032+0000] {processor.py:753} INFO - DAG(s) dict_keys(['example_sla_dag']) retrieved from /home/airflow/.local/lib/python3.7/site-packages/airflow/example_dags/example_sla_dag.py
[2023-03-23T00:43:57.154+0000] {logging_mixin.py:137} INFO - [2023-03-23T00:43:57.154+0000] {dag.py:2690} INFO - Sync 1 DAGs
[2023-03-23T00:43:57.221+0000] {logging_mixin.py:137} INFO - [2023-03-23T00:43:57.221+0000] {dag.py:3441} INFO - Setting next_dagrun for example_sla_dag to 2023-03-23T00:40:00+00:00, run_after=2023-03-23T00:42:00+00:00
[2023-03-23T00:43:57.277+0000] {processor.py:175} INFO - Processing /home/airflow/.local/lib/python3.7/site-packages/airflow/example_dags/example_sla_dag.py took 0.370 seconds
