[2023-03-23T00:42:53.984+0000] {processor.py:153} INFO - Started process (PID=67) to work on /home/airflow/.local/lib/python3.7/site-packages/airflow/example_dags/tutorial.py
[2023-03-23T00:42:53.992+0000] {processor.py:743} INFO - Processing file /home/airflow/.local/lib/python3.7/site-packages/airflow/example_dags/tutorial.py for tasks to queue
[2023-03-23T00:42:53.998+0000] {logging_mixin.py:137} INFO - [2023-03-23T00:42:53.998+0000] {dagbag.py:538} INFO - Filling up the DagBag from /home/airflow/.local/lib/python3.7/site-packages/airflow/example_dags/tutorial.py
[2023-03-23T00:42:54.122+0000] {processor.py:753} INFO - DAG(s) dict_keys(['tutorial']) retrieved from /home/airflow/.local/lib/python3.7/site-packages/airflow/example_dags/tutorial.py
[2023-03-23T00:42:54.178+0000] {logging_mixin.py:137} INFO - [2023-03-23T00:42:54.178+0000] {dag.py:2690} INFO - Sync 1 DAGs
[2023-03-23T00:42:54.274+0000] {logging_mixin.py:137} INFO - [2023-03-23T00:42:54.274+0000] {dag.py:3441} INFO - Setting next_dagrun for tutorial to 2023-03-22T00:42:54.265852+00:00, run_after=2023-03-23T00:42:54.265852+00:00
[2023-03-23T00:42:54.375+0000] {processor.py:175} INFO - Processing /home/airflow/.local/lib/python3.7/site-packages/airflow/example_dags/tutorial.py took 0.413 seconds
[2023-03-23T00:43:25.136+0000] {processor.py:153} INFO - Started process (PID=133) to work on /home/airflow/.local/lib/python3.7/site-packages/airflow/example_dags/tutorial.py
[2023-03-23T00:43:25.138+0000] {processor.py:743} INFO - Processing file /home/airflow/.local/lib/python3.7/site-packages/airflow/example_dags/tutorial.py for tasks to queue
[2023-03-23T00:43:25.139+0000] {logging_mixin.py:137} INFO - [2023-03-23T00:43:25.139+0000] {dagbag.py:538} INFO - Filling up the DagBag from /home/airflow/.local/lib/python3.7/site-packages/airflow/example_dags/tutorial.py
[2023-03-23T00:43:25.156+0000] {processor.py:753} INFO - DAG(s) dict_keys(['tutorial']) retrieved from /home/airflow/.local/lib/python3.7/site-packages/airflow/example_dags/tutorial.py
[2023-03-23T00:43:25.184+0000] {logging_mixin.py:137} INFO - [2023-03-23T00:43:25.184+0000] {dag.py:2690} INFO - Sync 1 DAGs
[2023-03-23T00:43:25.212+0000] {logging_mixin.py:137} INFO - [2023-03-23T00:43:25.212+0000] {dag.py:3441} INFO - Setting next_dagrun for tutorial to 2023-03-22T00:43:25.212615+00:00, run_after=2023-03-23T00:43:25.212615+00:00
[2023-03-23T00:43:25.227+0000] {processor.py:175} INFO - Processing /home/airflow/.local/lib/python3.7/site-packages/airflow/example_dags/tutorial.py took 0.096 seconds
[2023-03-23T00:43:55.386+0000] {processor.py:153} INFO - Started process (PID=197) to work on /home/airflow/.local/lib/python3.7/site-packages/airflow/example_dags/tutorial.py
[2023-03-23T00:43:55.389+0000] {processor.py:743} INFO - Processing file /home/airflow/.local/lib/python3.7/site-packages/airflow/example_dags/tutorial.py for tasks to queue
[2023-03-23T00:43:55.391+0000] {logging_mixin.py:137} INFO - [2023-03-23T00:43:55.390+0000] {dagbag.py:538} INFO - Filling up the DagBag from /home/airflow/.local/lib/python3.7/site-packages/airflow/example_dags/tutorial.py
[2023-03-23T00:43:55.418+0000] {processor.py:753} INFO - DAG(s) dict_keys(['tutorial']) retrieved from /home/airflow/.local/lib/python3.7/site-packages/airflow/example_dags/tutorial.py
[2023-03-23T00:43:55.453+0000] {logging_mixin.py:137} INFO - [2023-03-23T00:43:55.453+0000] {dag.py:2690} INFO - Sync 1 DAGs
[2023-03-23T00:43:55.476+0000] {logging_mixin.py:137} INFO - [2023-03-23T00:43:55.476+0000] {dag.py:3441} INFO - Setting next_dagrun for tutorial to 2023-03-22T00:43:55.475847+00:00, run_after=2023-03-23T00:43:55.475847+00:00
[2023-03-23T00:43:55.498+0000] {processor.py:175} INFO - Processing /home/airflow/.local/lib/python3.7/site-packages/airflow/example_dags/tutorial.py took 0.118 seconds
