[2023-03-23T00:42:53.107+0000] {processor.py:153} INFO - Started process (PID=62) to work on /home/airflow/.local/lib/python3.7/site-packages/airflow/example_dags/tutorial_dag.py
[2023-03-23T00:42:53.113+0000] {processor.py:743} INFO - Processing file /home/airflow/.local/lib/python3.7/site-packages/airflow/example_dags/tutorial_dag.py for tasks to queue
[2023-03-23T00:42:53.115+0000] {logging_mixin.py:137} INFO - [2023-03-23T00:42:53.115+0000] {dagbag.py:538} INFO - Filling up the DagBag from /home/airflow/.local/lib/python3.7/site-packages/airflow/example_dags/tutorial_dag.py
[2023-03-23T00:42:53.147+0000] {processor.py:753} INFO - DAG(s) dict_keys(['tutorial_dag']) retrieved from /home/airflow/.local/lib/python3.7/site-packages/airflow/example_dags/tutorial_dag.py
[2023-03-23T00:42:53.176+0000] {logging_mixin.py:137} INFO - [2023-03-23T00:42:53.176+0000] {dag.py:2690} INFO - Sync 1 DAGs
[2023-03-23T00:42:53.215+0000] {logging_mixin.py:137} INFO - [2023-03-23T00:42:53.214+0000] {dag.py:3441} INFO - Setting next_dagrun for tutorial_dag to None, run_after=None
[2023-03-23T00:42:53.276+0000] {processor.py:175} INFO - Processing /home/airflow/.local/lib/python3.7/site-packages/airflow/example_dags/tutorial_dag.py took 0.177 seconds
[2023-03-23T00:43:23.991+0000] {processor.py:153} INFO - Started process (PID=130) to work on /home/airflow/.local/lib/python3.7/site-packages/airflow/example_dags/tutorial_dag.py
[2023-03-23T00:43:23.992+0000] {processor.py:743} INFO - Processing file /home/airflow/.local/lib/python3.7/site-packages/airflow/example_dags/tutorial_dag.py for tasks to queue
[2023-03-23T00:43:23.993+0000] {logging_mixin.py:137} INFO - [2023-03-23T00:43:23.993+0000] {dagbag.py:538} INFO - Filling up the DagBag from /home/airflow/.local/lib/python3.7/site-packages/airflow/example_dags/tutorial_dag.py
[2023-03-23T00:43:24.003+0000] {processor.py:753} INFO - DAG(s) dict_keys(['tutorial_dag']) retrieved from /home/airflow/.local/lib/python3.7/site-packages/airflow/example_dags/tutorial_dag.py
[2023-03-23T00:43:24.025+0000] {logging_mixin.py:137} INFO - [2023-03-23T00:43:24.025+0000] {dag.py:2690} INFO - Sync 1 DAGs
[2023-03-23T00:43:24.046+0000] {logging_mixin.py:137} INFO - [2023-03-23T00:43:24.046+0000] {dag.py:3441} INFO - Setting next_dagrun for tutorial_dag to None, run_after=None
[2023-03-23T00:43:24.060+0000] {processor.py:175} INFO - Processing /home/airflow/.local/lib/python3.7/site-packages/airflow/example_dags/tutorial_dag.py took 0.073 seconds
[2023-03-23T00:43:54.119+0000] {processor.py:153} INFO - Started process (PID=194) to work on /home/airflow/.local/lib/python3.7/site-packages/airflow/example_dags/tutorial_dag.py
[2023-03-23T00:43:54.121+0000] {processor.py:743} INFO - Processing file /home/airflow/.local/lib/python3.7/site-packages/airflow/example_dags/tutorial_dag.py for tasks to queue
[2023-03-23T00:43:54.121+0000] {logging_mixin.py:137} INFO - [2023-03-23T00:43:54.121+0000] {dagbag.py:538} INFO - Filling up the DagBag from /home/airflow/.local/lib/python3.7/site-packages/airflow/example_dags/tutorial_dag.py
[2023-03-23T00:43:54.131+0000] {processor.py:753} INFO - DAG(s) dict_keys(['tutorial_dag']) retrieved from /home/airflow/.local/lib/python3.7/site-packages/airflow/example_dags/tutorial_dag.py
[2023-03-23T00:43:54.153+0000] {logging_mixin.py:137} INFO - [2023-03-23T00:43:54.153+0000] {dag.py:2690} INFO - Sync 1 DAGs
[2023-03-23T00:43:54.170+0000] {logging_mixin.py:137} INFO - [2023-03-23T00:43:54.170+0000] {dag.py:3441} INFO - Setting next_dagrun for tutorial_dag to None, run_after=None
[2023-03-23T00:43:54.181+0000] {processor.py:175} INFO - Processing /home/airflow/.local/lib/python3.7/site-packages/airflow/example_dags/tutorial_dag.py took 0.064 seconds
[2023-03-23T00:44:24.975+0000] {processor.py:153} INFO - Started process (PID=257) to work on /home/airflow/.local/lib/python3.7/site-packages/airflow/example_dags/tutorial_dag.py
[2023-03-23T00:44:24.976+0000] {processor.py:743} INFO - Processing file /home/airflow/.local/lib/python3.7/site-packages/airflow/example_dags/tutorial_dag.py for tasks to queue
[2023-03-23T00:44:24.978+0000] {logging_mixin.py:137} INFO - [2023-03-23T00:44:24.977+0000] {dagbag.py:538} INFO - Filling up the DagBag from /home/airflow/.local/lib/python3.7/site-packages/airflow/example_dags/tutorial_dag.py
[2023-03-23T00:44:24.988+0000] {processor.py:753} INFO - DAG(s) dict_keys(['tutorial_dag']) retrieved from /home/airflow/.local/lib/python3.7/site-packages/airflow/example_dags/tutorial_dag.py
[2023-03-23T00:44:25.009+0000] {logging_mixin.py:137} INFO - [2023-03-23T00:44:25.008+0000] {dag.py:2690} INFO - Sync 1 DAGs
[2023-03-23T00:44:25.024+0000] {logging_mixin.py:137} INFO - [2023-03-23T00:44:25.024+0000] {dag.py:3441} INFO - Setting next_dagrun for tutorial_dag to None, run_after=None
[2023-03-23T00:44:25.037+0000] {processor.py:175} INFO - Processing /home/airflow/.local/lib/python3.7/site-packages/airflow/example_dags/tutorial_dag.py took 0.065 seconds
