[2023-03-25T00:30:49.485+0000] {processor.py:153} INFO - Started process (PID=22983) to work on /opt/airflow/dags/adhoc.py
[2023-03-25T00:30:49.486+0000] {processor.py:743} INFO - Processing file /opt/airflow/dags/adhoc.py for tasks to queue
[2023-03-25T00:30:49.487+0000] {logging_mixin.py:137} INFO - [2023-03-25T00:30:49.487+0000] {dagbag.py:538} INFO - Filling up the DagBag from /opt/airflow/dags/adhoc.py
[2023-03-25T00:30:50.307+0000] {processor.py:753} INFO - DAG(s) dict_keys(['audio_transcription']) retrieved from /opt/airflow/dags/adhoc.py
[2023-03-25T00:30:50.394+0000] {logging_mixin.py:137} INFO - [2023-03-25T00:30:50.393+0000] {dag.py:2690} INFO - Sync 1 DAGs
[2023-03-25T00:30:50.488+0000] {logging_mixin.py:137} INFO - [2023-03-25T00:30:50.488+0000] {dag.py:3441} INFO - Setting next_dagrun for audio_transcription to 2023-03-24T00:00:00+00:00, run_after=2023-03-25T00:00:00+00:00
[2023-03-25T00:30:50.526+0000] {processor.py:175} INFO - Processing /opt/airflow/dags/adhoc.py took 1.046 seconds
[2023-03-25T01:54:17.257+0000] {processor.py:153} INFO - Started process (PID=23009) to work on /opt/airflow/dags/adhoc.py
[2023-03-25T01:54:17.266+0000] {processor.py:743} INFO - Processing file /opt/airflow/dags/adhoc.py for tasks to queue
[2023-03-25T01:54:17.271+0000] {logging_mixin.py:137} INFO - [2023-03-25T01:54:17.270+0000] {dagbag.py:538} INFO - Filling up the DagBag from /opt/airflow/dags/adhoc.py
[2023-03-25T01:54:19.701+0000] {processor.py:753} INFO - DAG(s) dict_keys(['audio_transcription']) retrieved from /opt/airflow/dags/adhoc.py
[2023-03-25T01:54:19.754+0000] {logging_mixin.py:137} INFO - [2023-03-25T01:54:19.753+0000] {dag.py:2690} INFO - Sync 1 DAGs
[2023-03-25T01:54:19.811+0000] {logging_mixin.py:137} INFO - [2023-03-25T01:54:19.811+0000] {dag.py:3441} INFO - Setting next_dagrun for audio_transcription to 2023-03-25T00:00:00+00:00, run_after=2023-03-26T00:00:00+00:00
[2023-03-25T01:54:19.844+0000] {processor.py:175} INFO - Processing /opt/airflow/dags/adhoc.py took 2.605 seconds
[2023-03-25T03:17:50.225+0000] {processor.py:153} INFO - Started process (PID=23047) to work on /opt/airflow/dags/adhoc.py
[2023-03-25T03:17:50.226+0000] {processor.py:743} INFO - Processing file /opt/airflow/dags/adhoc.py for tasks to queue
[2023-03-25T03:17:50.228+0000] {logging_mixin.py:137} INFO - [2023-03-25T03:17:50.228+0000] {dagbag.py:538} INFO - Filling up the DagBag from /opt/airflow/dags/adhoc.py
[2023-03-25T03:17:50.797+0000] {processor.py:753} INFO - DAG(s) dict_keys(['audio_transcription']) retrieved from /opt/airflow/dags/adhoc.py
[2023-03-25T03:17:50.841+0000] {logging_mixin.py:137} INFO - [2023-03-25T03:17:50.841+0000] {dag.py:2690} INFO - Sync 1 DAGs
[2023-03-25T03:17:50.870+0000] {logging_mixin.py:137} INFO - [2023-03-25T03:17:50.870+0000] {dag.py:3441} INFO - Setting next_dagrun for audio_transcription to 2023-03-25T00:00:00+00:00, run_after=2023-03-26T00:00:00+00:00
[2023-03-25T03:17:50.888+0000] {processor.py:175} INFO - Processing /opt/airflow/dags/adhoc.py took 0.669 seconds
[2023-03-25T04:35:55.004+0000] {processor.py:153} INFO - Started process (PID=23073) to work on /opt/airflow/dags/adhoc.py
[2023-03-25T04:35:55.007+0000] {processor.py:743} INFO - Processing file /opt/airflow/dags/adhoc.py for tasks to queue
[2023-03-25T04:35:55.008+0000] {logging_mixin.py:137} INFO - [2023-03-25T04:35:55.008+0000] {dagbag.py:538} INFO - Filling up the DagBag from /opt/airflow/dags/adhoc.py
[2023-03-25T04:35:55.625+0000] {processor.py:753} INFO - DAG(s) dict_keys(['audio_transcription']) retrieved from /opt/airflow/dags/adhoc.py
[2023-03-25T04:35:55.649+0000] {logging_mixin.py:137} INFO - [2023-03-25T04:35:55.649+0000] {dag.py:2690} INFO - Sync 1 DAGs
[2023-03-25T04:35:55.664+0000] {logging_mixin.py:137} INFO - [2023-03-25T04:35:55.664+0000] {dag.py:3441} INFO - Setting next_dagrun for audio_transcription to 2023-03-25T00:00:00+00:00, run_after=2023-03-26T00:00:00+00:00
[2023-03-25T04:35:55.674+0000] {processor.py:175} INFO - Processing /opt/airflow/dags/adhoc.py took 0.676 seconds
[2023-03-25T05:52:12.728+0000] {processor.py:153} INFO - Started process (PID=23112) to work on /opt/airflow/dags/adhoc.py
[2023-03-25T05:52:12.744+0000] {processor.py:743} INFO - Processing file /opt/airflow/dags/adhoc.py for tasks to queue
[2023-03-25T05:52:12.747+0000] {logging_mixin.py:137} INFO - [2023-03-25T05:52:12.747+0000] {dagbag.py:538} INFO - Filling up the DagBag from /opt/airflow/dags/adhoc.py
[2023-03-25T05:52:14.166+0000] {processor.py:753} INFO - DAG(s) dict_keys(['audio_transcription']) retrieved from /opt/airflow/dags/adhoc.py
[2023-03-25T05:52:14.198+0000] {logging_mixin.py:137} INFO - [2023-03-25T05:52:14.197+0000] {dag.py:2690} INFO - Sync 1 DAGs
[2023-03-25T05:52:14.223+0000] {logging_mixin.py:137} INFO - [2023-03-25T05:52:14.223+0000] {dag.py:3441} INFO - Setting next_dagrun for audio_transcription to 2023-03-25T00:00:00+00:00, run_after=2023-03-26T00:00:00+00:00
[2023-03-25T05:52:14.236+0000] {processor.py:175} INFO - Processing /opt/airflow/dags/adhoc.py took 1.532 seconds
[2023-03-25T06:43:26.364+0000] {processor.py:153} INFO - Started process (PID=23138) to work on /opt/airflow/dags/adhoc.py
[2023-03-25T06:43:26.371+0000] {processor.py:743} INFO - Processing file /opt/airflow/dags/adhoc.py for tasks to queue
[2023-03-25T06:43:26.377+0000] {logging_mixin.py:137} INFO - [2023-03-25T06:43:26.377+0000] {dagbag.py:538} INFO - Filling up the DagBag from /opt/airflow/dags/adhoc.py
[2023-03-25T06:43:28.014+0000] {processor.py:753} INFO - DAG(s) dict_keys(['audio_transcription']) retrieved from /opt/airflow/dags/adhoc.py
[2023-03-25T06:43:28.046+0000] {logging_mixin.py:137} INFO - [2023-03-25T06:43:28.046+0000] {dag.py:2690} INFO - Sync 1 DAGs
[2023-03-25T06:43:28.060+0000] {logging_mixin.py:137} INFO - [2023-03-25T06:43:28.060+0000] {dag.py:3441} INFO - Setting next_dagrun for audio_transcription to 2023-03-25T00:00:00+00:00, run_after=2023-03-26T00:00:00+00:00
[2023-03-25T06:43:28.071+0000] {processor.py:175} INFO - Processing /opt/airflow/dags/adhoc.py took 1.714 seconds
[2023-03-25T07:50:38.788+0000] {processor.py:153} INFO - Started process (PID=23176) to work on /opt/airflow/dags/adhoc.py
[2023-03-25T07:50:38.792+0000] {processor.py:743} INFO - Processing file /opt/airflow/dags/adhoc.py for tasks to queue
[2023-03-25T07:50:38.797+0000] {logging_mixin.py:137} INFO - [2023-03-25T07:50:38.797+0000] {dagbag.py:538} INFO - Filling up the DagBag from /opt/airflow/dags/adhoc.py
[2023-03-25T07:50:39.857+0000] {processor.py:753} INFO - DAG(s) dict_keys(['audio_transcription']) retrieved from /opt/airflow/dags/adhoc.py
[2023-03-25T07:50:39.883+0000] {logging_mixin.py:137} INFO - [2023-03-25T07:50:39.882+0000] {dag.py:2690} INFO - Sync 1 DAGs
[2023-03-25T07:50:39.902+0000] {logging_mixin.py:137} INFO - [2023-03-25T07:50:39.902+0000] {dag.py:3441} INFO - Setting next_dagrun for audio_transcription to 2023-03-25T00:00:00+00:00, run_after=2023-03-26T00:00:00+00:00
[2023-03-25T07:50:39.914+0000] {processor.py:175} INFO - Processing /opt/airflow/dags/adhoc.py took 1.146 seconds
[2023-03-25T07:51:10.185+0000] {processor.py:153} INFO - Started process (PID=23202) to work on /opt/airflow/dags/adhoc.py
[2023-03-25T07:51:10.190+0000] {processor.py:743} INFO - Processing file /opt/airflow/dags/adhoc.py for tasks to queue
[2023-03-25T07:51:10.192+0000] {logging_mixin.py:137} INFO - [2023-03-25T07:51:10.192+0000] {dagbag.py:538} INFO - Filling up the DagBag from /opt/airflow/dags/adhoc.py
[2023-03-25T07:51:10.773+0000] {processor.py:753} INFO - DAG(s) dict_keys(['audio_transcription']) retrieved from /opt/airflow/dags/adhoc.py
[2023-03-25T07:51:10.799+0000] {logging_mixin.py:137} INFO - [2023-03-25T07:51:10.798+0000] {dag.py:2690} INFO - Sync 1 DAGs
[2023-03-25T07:51:10.814+0000] {logging_mixin.py:137} INFO - [2023-03-25T07:51:10.814+0000] {dag.py:3441} INFO - Setting next_dagrun for audio_transcription to 2023-03-25T00:00:00+00:00, run_after=2023-03-26T00:00:00+00:00
[2023-03-25T07:51:10.825+0000] {processor.py:175} INFO - Processing /opt/airflow/dags/adhoc.py took 0.648 seconds
[2023-03-25T07:51:41.242+0000] {processor.py:153} INFO - Started process (PID=23239) to work on /opt/airflow/dags/adhoc.py
[2023-03-25T07:51:41.245+0000] {processor.py:743} INFO - Processing file /opt/airflow/dags/adhoc.py for tasks to queue
[2023-03-25T07:51:41.246+0000] {logging_mixin.py:137} INFO - [2023-03-25T07:51:41.246+0000] {dagbag.py:538} INFO - Filling up the DagBag from /opt/airflow/dags/adhoc.py
[2023-03-25T07:51:41.817+0000] {processor.py:753} INFO - DAG(s) dict_keys(['audio_transcription']) retrieved from /opt/airflow/dags/adhoc.py
[2023-03-25T07:51:41.860+0000] {logging_mixin.py:137} INFO - [2023-03-25T07:51:41.860+0000] {dag.py:2690} INFO - Sync 1 DAGs
[2023-03-25T07:51:41.886+0000] {logging_mixin.py:137} INFO - [2023-03-25T07:51:41.886+0000] {dag.py:3441} INFO - Setting next_dagrun for audio_transcription to 2023-03-25T00:00:00+00:00, run_after=2023-03-26T00:00:00+00:00
[2023-03-25T07:51:41.901+0000] {processor.py:175} INFO - Processing /opt/airflow/dags/adhoc.py took 0.667 seconds
[2023-03-25T07:52:12.316+0000] {processor.py:153} INFO - Started process (PID=23273) to work on /opt/airflow/dags/adhoc.py
[2023-03-25T07:52:12.326+0000] {processor.py:743} INFO - Processing file /opt/airflow/dags/adhoc.py for tasks to queue
[2023-03-25T07:52:12.329+0000] {logging_mixin.py:137} INFO - [2023-03-25T07:52:12.328+0000] {dagbag.py:538} INFO - Filling up the DagBag from /opt/airflow/dags/adhoc.py
[2023-03-25T07:52:13.481+0000] {processor.py:753} INFO - DAG(s) dict_keys(['audio_transcription']) retrieved from /opt/airflow/dags/adhoc.py
[2023-03-25T07:52:13.515+0000] {logging_mixin.py:137} INFO - [2023-03-25T07:52:13.514+0000] {dag.py:2690} INFO - Sync 1 DAGs
[2023-03-25T07:52:13.533+0000] {logging_mixin.py:137} INFO - [2023-03-25T07:52:13.533+0000] {dag.py:3441} INFO - Setting next_dagrun for audio_transcription to 2023-03-25T00:00:00+00:00, run_after=2023-03-26T00:00:00+00:00
[2023-03-25T07:52:13.545+0000] {processor.py:175} INFO - Processing /opt/airflow/dags/adhoc.py took 1.259 seconds
[2023-03-25T07:52:43.701+0000] {processor.py:153} INFO - Started process (PID=23303) to work on /opt/airflow/dags/adhoc.py
[2023-03-25T07:52:43.704+0000] {processor.py:743} INFO - Processing file /opt/airflow/dags/adhoc.py for tasks to queue
[2023-03-25T07:52:43.706+0000] {logging_mixin.py:137} INFO - [2023-03-25T07:52:43.706+0000] {dagbag.py:538} INFO - Filling up the DagBag from /opt/airflow/dags/adhoc.py
[2023-03-25T07:52:44.327+0000] {processor.py:753} INFO - DAG(s) dict_keys(['audio_transcription']) retrieved from /opt/airflow/dags/adhoc.py
[2023-03-25T07:52:44.353+0000] {logging_mixin.py:137} INFO - [2023-03-25T07:52:44.353+0000] {dag.py:2690} INFO - Sync 1 DAGs
[2023-03-25T07:52:44.375+0000] {logging_mixin.py:137} INFO - [2023-03-25T07:52:44.375+0000] {dag.py:3441} INFO - Setting next_dagrun for audio_transcription to 2023-03-25T00:00:00+00:00, run_after=2023-03-26T00:00:00+00:00
[2023-03-25T07:52:44.387+0000] {processor.py:175} INFO - Processing /opt/airflow/dags/adhoc.py took 0.695 seconds
[2023-03-25T07:53:14.811+0000] {processor.py:153} INFO - Started process (PID=23342) to work on /opt/airflow/dags/adhoc.py
[2023-03-25T07:53:14.815+0000] {processor.py:743} INFO - Processing file /opt/airflow/dags/adhoc.py for tasks to queue
[2023-03-25T07:53:14.817+0000] {logging_mixin.py:137} INFO - [2023-03-25T07:53:14.817+0000] {dagbag.py:538} INFO - Filling up the DagBag from /opt/airflow/dags/adhoc.py
[2023-03-25T07:53:15.389+0000] {processor.py:753} INFO - DAG(s) dict_keys(['audio_transcription']) retrieved from /opt/airflow/dags/adhoc.py
[2023-03-25T07:53:15.407+0000] {logging_mixin.py:137} INFO - [2023-03-25T07:53:15.407+0000] {dag.py:2690} INFO - Sync 1 DAGs
[2023-03-25T07:53:15.422+0000] {logging_mixin.py:137} INFO - [2023-03-25T07:53:15.422+0000] {dag.py:3441} INFO - Setting next_dagrun for audio_transcription to 2023-03-25T00:00:00+00:00, run_after=2023-03-26T00:00:00+00:00
[2023-03-25T07:53:15.436+0000] {processor.py:175} INFO - Processing /opt/airflow/dags/adhoc.py took 0.645 seconds
[2023-03-25T08:01:42.549+0000] {processor.py:153} INFO - Started process (PID=23368) to work on /opt/airflow/dags/adhoc.py
[2023-03-25T08:01:42.554+0000] {processor.py:743} INFO - Processing file /opt/airflow/dags/adhoc.py for tasks to queue
[2023-03-25T08:01:42.556+0000] {logging_mixin.py:137} INFO - [2023-03-25T08:01:42.556+0000] {dagbag.py:538} INFO - Filling up the DagBag from /opt/airflow/dags/adhoc.py
[2023-03-25T08:01:43.882+0000] {processor.py:753} INFO - DAG(s) dict_keys(['audio_transcription']) retrieved from /opt/airflow/dags/adhoc.py
[2023-03-25T08:01:43.912+0000] {logging_mixin.py:137} INFO - [2023-03-25T08:01:43.911+0000] {dag.py:2690} INFO - Sync 1 DAGs
[2023-03-25T08:01:43.929+0000] {logging_mixin.py:137} INFO - [2023-03-25T08:01:43.929+0000] {dag.py:3441} INFO - Setting next_dagrun for audio_transcription to 2023-03-25T00:00:00+00:00, run_after=2023-03-26T00:00:00+00:00
[2023-03-25T08:01:43.940+0000] {processor.py:175} INFO - Processing /opt/airflow/dags/adhoc.py took 1.401 seconds
[2023-03-25T08:02:14.197+0000] {processor.py:153} INFO - Started process (PID=23407) to work on /opt/airflow/dags/adhoc.py
[2023-03-25T08:02:14.200+0000] {processor.py:743} INFO - Processing file /opt/airflow/dags/adhoc.py for tasks to queue
[2023-03-25T08:02:14.201+0000] {logging_mixin.py:137} INFO - [2023-03-25T08:02:14.201+0000] {dagbag.py:538} INFO - Filling up the DagBag from /opt/airflow/dags/adhoc.py
[2023-03-25T08:02:15.128+0000] {processor.py:753} INFO - DAG(s) dict_keys(['audio_transcription']) retrieved from /opt/airflow/dags/adhoc.py
[2023-03-25T08:02:15.159+0000] {logging_mixin.py:137} INFO - [2023-03-25T08:02:15.159+0000] {dag.py:2690} INFO - Sync 1 DAGs
[2023-03-25T08:02:15.180+0000] {logging_mixin.py:137} INFO - [2023-03-25T08:02:15.180+0000] {dag.py:3441} INFO - Setting next_dagrun for audio_transcription to 2023-03-25T00:00:00+00:00, run_after=2023-03-26T00:00:00+00:00
[2023-03-25T08:02:15.195+0000] {processor.py:175} INFO - Processing /opt/airflow/dags/adhoc.py took 1.003 seconds
[2023-03-25T08:02:45.541+0000] {processor.py:153} INFO - Started process (PID=23433) to work on /opt/airflow/dags/adhoc.py
[2023-03-25T08:02:45.543+0000] {processor.py:743} INFO - Processing file /opt/airflow/dags/adhoc.py for tasks to queue
[2023-03-25T08:02:45.544+0000] {logging_mixin.py:137} INFO - [2023-03-25T08:02:45.544+0000] {dagbag.py:538} INFO - Filling up the DagBag from /opt/airflow/dags/adhoc.py
[2023-03-25T08:02:46.269+0000] {processor.py:753} INFO - DAG(s) dict_keys(['audio_transcription']) retrieved from /opt/airflow/dags/adhoc.py
[2023-03-25T08:02:46.291+0000] {logging_mixin.py:137} INFO - [2023-03-25T08:02:46.290+0000] {dag.py:2690} INFO - Sync 1 DAGs
[2023-03-25T08:02:46.305+0000] {logging_mixin.py:137} INFO - [2023-03-25T08:02:46.305+0000] {dag.py:3441} INFO - Setting next_dagrun for audio_transcription to 2023-03-25T00:00:00+00:00, run_after=2023-03-26T00:00:00+00:00
[2023-03-25T08:02:46.317+0000] {processor.py:175} INFO - Processing /opt/airflow/dags/adhoc.py took 0.782 seconds
[2023-03-25T08:03:16.652+0000] {processor.py:153} INFO - Started process (PID=23471) to work on /opt/airflow/dags/adhoc.py
[2023-03-25T08:03:16.656+0000] {processor.py:743} INFO - Processing file /opt/airflow/dags/adhoc.py for tasks to queue
[2023-03-25T08:03:16.657+0000] {logging_mixin.py:137} INFO - [2023-03-25T08:03:16.657+0000] {dagbag.py:538} INFO - Filling up the DagBag from /opt/airflow/dags/adhoc.py
[2023-03-25T08:03:17.175+0000] {processor.py:753} INFO - DAG(s) dict_keys(['audio_transcription']) retrieved from /opt/airflow/dags/adhoc.py
[2023-03-25T08:03:17.195+0000] {logging_mixin.py:137} INFO - [2023-03-25T08:03:17.195+0000] {dag.py:2690} INFO - Sync 1 DAGs
[2023-03-25T08:03:17.208+0000] {logging_mixin.py:137} INFO - [2023-03-25T08:03:17.208+0000] {dag.py:3441} INFO - Setting next_dagrun for audio_transcription to 2023-03-25T00:00:00+00:00, run_after=2023-03-26T00:00:00+00:00
[2023-03-25T08:03:17.217+0000] {processor.py:175} INFO - Processing /opt/airflow/dags/adhoc.py took 0.573 seconds
[2023-03-25T08:03:47.575+0000] {processor.py:153} INFO - Started process (PID=23510) to work on /opt/airflow/dags/adhoc.py
[2023-03-25T08:03:47.579+0000] {processor.py:743} INFO - Processing file /opt/airflow/dags/adhoc.py for tasks to queue
[2023-03-25T08:03:47.581+0000] {logging_mixin.py:137} INFO - [2023-03-25T08:03:47.581+0000] {dagbag.py:538} INFO - Filling up the DagBag from /opt/airflow/dags/adhoc.py
[2023-03-25T08:03:48.355+0000] {processor.py:753} INFO - DAG(s) dict_keys(['audio_transcription']) retrieved from /opt/airflow/dags/adhoc.py
[2023-03-25T08:03:48.406+0000] {logging_mixin.py:137} INFO - [2023-03-25T08:03:48.405+0000] {dag.py:2690} INFO - Sync 1 DAGs
[2023-03-25T08:03:48.434+0000] {logging_mixin.py:137} INFO - [2023-03-25T08:03:48.433+0000] {dag.py:3441} INFO - Setting next_dagrun for audio_transcription to 2023-03-25T00:00:00+00:00, run_after=2023-03-26T00:00:00+00:00
[2023-03-25T08:03:48.473+0000] {processor.py:175} INFO - Processing /opt/airflow/dags/adhoc.py took 0.904 seconds
[2023-03-25T08:04:18.868+0000] {processor.py:153} INFO - Started process (PID=23536) to work on /opt/airflow/dags/adhoc.py
[2023-03-25T08:04:18.871+0000] {processor.py:743} INFO - Processing file /opt/airflow/dags/adhoc.py for tasks to queue
[2023-03-25T08:04:18.872+0000] {logging_mixin.py:137} INFO - [2023-03-25T08:04:18.872+0000] {dagbag.py:538} INFO - Filling up the DagBag from /opt/airflow/dags/adhoc.py
[2023-03-25T08:04:19.416+0000] {processor.py:753} INFO - DAG(s) dict_keys(['audio_transcription']) retrieved from /opt/airflow/dags/adhoc.py
[2023-03-25T08:04:19.434+0000] {logging_mixin.py:137} INFO - [2023-03-25T08:04:19.434+0000] {dag.py:2690} INFO - Sync 1 DAGs
[2023-03-25T08:04:19.452+0000] {logging_mixin.py:137} INFO - [2023-03-25T08:04:19.452+0000] {dag.py:3441} INFO - Setting next_dagrun for audio_transcription to 2023-03-25T00:00:00+00:00, run_after=2023-03-26T00:00:00+00:00
[2023-03-25T08:04:19.463+0000] {processor.py:175} INFO - Processing /opt/airflow/dags/adhoc.py took 0.601 seconds
[2023-03-25T08:04:49.627+0000] {processor.py:153} INFO - Started process (PID=23574) to work on /opt/airflow/dags/adhoc.py
[2023-03-25T08:04:49.629+0000] {processor.py:743} INFO - Processing file /opt/airflow/dags/adhoc.py for tasks to queue
[2023-03-25T08:04:49.630+0000] {logging_mixin.py:137} INFO - [2023-03-25T08:04:49.630+0000] {dagbag.py:538} INFO - Filling up the DagBag from /opt/airflow/dags/adhoc.py
[2023-03-25T08:04:50.204+0000] {processor.py:753} INFO - DAG(s) dict_keys(['audio_transcription']) retrieved from /opt/airflow/dags/adhoc.py
[2023-03-25T08:04:50.234+0000] {logging_mixin.py:137} INFO - [2023-03-25T08:04:50.234+0000] {dag.py:2690} INFO - Sync 1 DAGs
[2023-03-25T08:04:50.248+0000] {logging_mixin.py:137} INFO - [2023-03-25T08:04:50.248+0000] {dag.py:3441} INFO - Setting next_dagrun for audio_transcription to 2023-03-25T00:00:00+00:00, run_after=2023-03-26T00:00:00+00:00
[2023-03-25T08:04:50.258+0000] {processor.py:175} INFO - Processing /opt/airflow/dags/adhoc.py took 0.635 seconds
[2023-03-25T08:05:20.588+0000] {processor.py:153} INFO - Started process (PID=23611) to work on /opt/airflow/dags/adhoc.py
[2023-03-25T08:05:20.593+0000] {processor.py:743} INFO - Processing file /opt/airflow/dags/adhoc.py for tasks to queue
[2023-03-25T08:05:20.594+0000] {logging_mixin.py:137} INFO - [2023-03-25T08:05:20.594+0000] {dagbag.py:538} INFO - Filling up the DagBag from /opt/airflow/dags/adhoc.py
[2023-03-25T08:05:21.283+0000] {processor.py:753} INFO - DAG(s) dict_keys(['audio_transcription']) retrieved from /opt/airflow/dags/adhoc.py
[2023-03-25T08:05:21.302+0000] {logging_mixin.py:137} INFO - [2023-03-25T08:05:21.302+0000] {dag.py:2690} INFO - Sync 1 DAGs
[2023-03-25T08:05:21.316+0000] {logging_mixin.py:137} INFO - [2023-03-25T08:05:21.316+0000] {dag.py:3441} INFO - Setting next_dagrun for audio_transcription to 2023-03-25T00:00:00+00:00, run_after=2023-03-26T00:00:00+00:00
[2023-03-25T08:05:21.325+0000] {processor.py:175} INFO - Processing /opt/airflow/dags/adhoc.py took 0.746 seconds
[2023-03-25T08:05:51.697+0000] {processor.py:153} INFO - Started process (PID=23637) to work on /opt/airflow/dags/adhoc.py
[2023-03-25T08:05:51.700+0000] {processor.py:743} INFO - Processing file /opt/airflow/dags/adhoc.py for tasks to queue
[2023-03-25T08:05:51.702+0000] {logging_mixin.py:137} INFO - [2023-03-25T08:05:51.702+0000] {dagbag.py:538} INFO - Filling up the DagBag from /opt/airflow/dags/adhoc.py
[2023-03-25T08:05:52.320+0000] {processor.py:753} INFO - DAG(s) dict_keys(['audio_transcription']) retrieved from /opt/airflow/dags/adhoc.py
[2023-03-25T08:05:52.341+0000] {logging_mixin.py:137} INFO - [2023-03-25T08:05:52.341+0000] {dag.py:2690} INFO - Sync 1 DAGs
[2023-03-25T08:05:52.361+0000] {logging_mixin.py:137} INFO - [2023-03-25T08:05:52.361+0000] {dag.py:3441} INFO - Setting next_dagrun for audio_transcription to 2023-03-25T00:00:00+00:00, run_after=2023-03-26T00:00:00+00:00
[2023-03-25T08:05:52.371+0000] {processor.py:175} INFO - Processing /opt/airflow/dags/adhoc.py took 0.682 seconds
[2023-03-25T08:06:22.621+0000] {processor.py:153} INFO - Started process (PID=23675) to work on /opt/airflow/dags/adhoc.py
[2023-03-25T08:06:22.625+0000] {processor.py:743} INFO - Processing file /opt/airflow/dags/adhoc.py for tasks to queue
[2023-03-25T08:06:22.626+0000] {logging_mixin.py:137} INFO - [2023-03-25T08:06:22.626+0000] {dagbag.py:538} INFO - Filling up the DagBag from /opt/airflow/dags/adhoc.py
[2023-03-25T08:06:23.177+0000] {processor.py:753} INFO - DAG(s) dict_keys(['audio_transcription']) retrieved from /opt/airflow/dags/adhoc.py
[2023-03-25T08:06:23.197+0000] {logging_mixin.py:137} INFO - [2023-03-25T08:06:23.196+0000] {dag.py:2690} INFO - Sync 1 DAGs
[2023-03-25T08:06:23.210+0000] {logging_mixin.py:137} INFO - [2023-03-25T08:06:23.210+0000] {dag.py:3441} INFO - Setting next_dagrun for audio_transcription to 2023-03-25T00:00:00+00:00, run_after=2023-03-26T00:00:00+00:00
[2023-03-25T08:06:23.220+0000] {processor.py:175} INFO - Processing /opt/airflow/dags/adhoc.py took 0.606 seconds
[2023-03-25T08:06:53.570+0000] {processor.py:153} INFO - Started process (PID=23709) to work on /opt/airflow/dags/adhoc.py
[2023-03-25T08:06:53.572+0000] {processor.py:743} INFO - Processing file /opt/airflow/dags/adhoc.py for tasks to queue
[2023-03-25T08:06:53.583+0000] {logging_mixin.py:137} INFO - [2023-03-25T08:06:53.583+0000] {dagbag.py:538} INFO - Filling up the DagBag from /opt/airflow/dags/adhoc.py
[2023-03-25T08:06:54.411+0000] {processor.py:753} INFO - DAG(s) dict_keys(['audio_transcription']) retrieved from /opt/airflow/dags/adhoc.py
[2023-03-25T08:06:54.446+0000] {logging_mixin.py:137} INFO - [2023-03-25T08:06:54.446+0000] {dag.py:2690} INFO - Sync 1 DAGs
[2023-03-25T08:06:54.475+0000] {logging_mixin.py:137} INFO - [2023-03-25T08:06:54.475+0000] {dag.py:3441} INFO - Setting next_dagrun for audio_transcription to 2023-03-25T00:00:00+00:00, run_after=2023-03-26T00:00:00+00:00
[2023-03-25T08:06:54.491+0000] {processor.py:175} INFO - Processing /opt/airflow/dags/adhoc.py took 0.926 seconds
[2023-03-25T08:07:25.032+0000] {processor.py:153} INFO - Started process (PID=23740) to work on /opt/airflow/dags/adhoc.py
[2023-03-25T08:07:25.035+0000] {processor.py:743} INFO - Processing file /opt/airflow/dags/adhoc.py for tasks to queue
[2023-03-25T08:07:25.041+0000] {logging_mixin.py:137} INFO - [2023-03-25T08:07:25.038+0000] {dagbag.py:538} INFO - Filling up the DagBag from /opt/airflow/dags/adhoc.py
[2023-03-25T08:07:25.606+0000] {processor.py:753} INFO - DAG(s) dict_keys(['audio_transcription']) retrieved from /opt/airflow/dags/adhoc.py
[2023-03-25T08:07:25.645+0000] {logging_mixin.py:137} INFO - [2023-03-25T08:07:25.644+0000] {dag.py:2690} INFO - Sync 1 DAGs
[2023-03-25T08:07:25.661+0000] {logging_mixin.py:137} INFO - [2023-03-25T08:07:25.661+0000] {dag.py:3441} INFO - Setting next_dagrun for audio_transcription to 2023-03-25T00:00:00+00:00, run_after=2023-03-26T00:00:00+00:00
[2023-03-25T08:07:25.672+0000] {processor.py:175} INFO - Processing /opt/airflow/dags/adhoc.py took 0.647 seconds
[2023-03-25T08:07:55.975+0000] {processor.py:153} INFO - Started process (PID=23777) to work on /opt/airflow/dags/adhoc.py
[2023-03-25T08:07:55.979+0000] {processor.py:743} INFO - Processing file /opt/airflow/dags/adhoc.py for tasks to queue
[2023-03-25T08:07:55.981+0000] {logging_mixin.py:137} INFO - [2023-03-25T08:07:55.981+0000] {dagbag.py:538} INFO - Filling up the DagBag from /opt/airflow/dags/adhoc.py
[2023-03-25T08:07:56.689+0000] {processor.py:753} INFO - DAG(s) dict_keys(['audio_transcription']) retrieved from /opt/airflow/dags/adhoc.py
[2023-03-25T08:07:56.722+0000] {logging_mixin.py:137} INFO - [2023-03-25T08:07:56.721+0000] {dag.py:2690} INFO - Sync 1 DAGs
[2023-03-25T08:07:56.738+0000] {logging_mixin.py:137} INFO - [2023-03-25T08:07:56.738+0000] {dag.py:3441} INFO - Setting next_dagrun for audio_transcription to 2023-03-25T00:00:00+00:00, run_after=2023-03-26T00:00:00+00:00
[2023-03-25T08:07:56.747+0000] {processor.py:175} INFO - Processing /opt/airflow/dags/adhoc.py took 0.784 seconds
[2023-03-25T08:08:27.020+0000] {processor.py:153} INFO - Started process (PID=23803) to work on /opt/airflow/dags/adhoc.py
[2023-03-25T08:08:27.031+0000] {processor.py:743} INFO - Processing file /opt/airflow/dags/adhoc.py for tasks to queue
[2023-03-25T08:08:27.033+0000] {logging_mixin.py:137} INFO - [2023-03-25T08:08:27.033+0000] {dagbag.py:538} INFO - Filling up the DagBag from /opt/airflow/dags/adhoc.py
[2023-03-25T08:08:27.682+0000] {processor.py:753} INFO - DAG(s) dict_keys(['audio_transcription']) retrieved from /opt/airflow/dags/adhoc.py
[2023-03-25T08:08:27.708+0000] {logging_mixin.py:137} INFO - [2023-03-25T08:08:27.708+0000] {dag.py:2690} INFO - Sync 1 DAGs
[2023-03-25T08:08:27.724+0000] {logging_mixin.py:137} INFO - [2023-03-25T08:08:27.724+0000] {dag.py:3441} INFO - Setting next_dagrun for audio_transcription to 2023-03-25T00:00:00+00:00, run_after=2023-03-26T00:00:00+00:00
[2023-03-25T08:08:27.734+0000] {processor.py:175} INFO - Processing /opt/airflow/dags/adhoc.py took 0.723 seconds
[2023-03-25T08:08:58.170+0000] {processor.py:153} INFO - Started process (PID=23841) to work on /opt/airflow/dags/adhoc.py
[2023-03-25T08:08:58.172+0000] {processor.py:743} INFO - Processing file /opt/airflow/dags/adhoc.py for tasks to queue
[2023-03-25T08:08:58.174+0000] {logging_mixin.py:137} INFO - [2023-03-25T08:08:58.173+0000] {dagbag.py:538} INFO - Filling up the DagBag from /opt/airflow/dags/adhoc.py
[2023-03-25T08:08:58.790+0000] {processor.py:753} INFO - DAG(s) dict_keys(['audio_transcription']) retrieved from /opt/airflow/dags/adhoc.py
[2023-03-25T08:08:58.818+0000] {logging_mixin.py:137} INFO - [2023-03-25T08:08:58.818+0000] {dag.py:2690} INFO - Sync 1 DAGs
[2023-03-25T08:08:58.833+0000] {logging_mixin.py:137} INFO - [2023-03-25T08:08:58.833+0000] {dag.py:3441} INFO - Setting next_dagrun for audio_transcription to 2023-03-25T00:00:00+00:00, run_after=2023-03-26T00:00:00+00:00
[2023-03-25T08:08:58.843+0000] {processor.py:175} INFO - Processing /opt/airflow/dags/adhoc.py took 0.680 seconds
[2023-03-25T08:09:29.188+0000] {processor.py:153} INFO - Started process (PID=23879) to work on /opt/airflow/dags/adhoc.py
[2023-03-25T08:09:29.191+0000] {processor.py:743} INFO - Processing file /opt/airflow/dags/adhoc.py for tasks to queue
[2023-03-25T08:09:29.192+0000] {logging_mixin.py:137} INFO - [2023-03-25T08:09:29.192+0000] {dagbag.py:538} INFO - Filling up the DagBag from /opt/airflow/dags/adhoc.py
[2023-03-25T08:09:29.924+0000] {processor.py:753} INFO - DAG(s) dict_keys(['audio_transcription']) retrieved from /opt/airflow/dags/adhoc.py
[2023-03-25T08:09:29.949+0000] {logging_mixin.py:137} INFO - [2023-03-25T08:09:29.949+0000] {dag.py:2690} INFO - Sync 1 DAGs
[2023-03-25T08:09:29.964+0000] {logging_mixin.py:137} INFO - [2023-03-25T08:09:29.964+0000] {dag.py:3441} INFO - Setting next_dagrun for audio_transcription to 2023-03-25T00:00:00+00:00, run_after=2023-03-26T00:00:00+00:00
[2023-03-25T08:09:29.977+0000] {processor.py:175} INFO - Processing /opt/airflow/dags/adhoc.py took 0.815 seconds
[2023-03-25T08:09:45.821+0000] {processor.py:153} INFO - Started process (PID=23893) to work on /opt/airflow/dags/adhoc.py
[2023-03-25T08:09:45.824+0000] {processor.py:743} INFO - Processing file /opt/airflow/dags/adhoc.py for tasks to queue
[2023-03-25T08:09:45.826+0000] {logging_mixin.py:137} INFO - [2023-03-25T08:09:45.826+0000] {dagbag.py:538} INFO - Filling up the DagBag from /opt/airflow/dags/adhoc.py
[2023-03-25T08:09:46.632+0000] {processor.py:753} INFO - DAG(s) dict_keys(['audio_transcription']) retrieved from /opt/airflow/dags/adhoc.py
[2023-03-25T08:09:46.664+0000] {logging_mixin.py:137} INFO - [2023-03-25T08:09:46.664+0000] {dag.py:2690} INFO - Sync 1 DAGs
[2023-03-25T08:09:46.679+0000] {logging_mixin.py:137} INFO - [2023-03-25T08:09:46.678+0000] {dag.py:3441} INFO - Setting next_dagrun for audio_transcription to 2023-03-25T00:00:00+00:00, run_after=2023-03-26T00:00:00+00:00
[2023-03-25T08:09:46.691+0000] {processor.py:175} INFO - Processing /opt/airflow/dags/adhoc.py took 0.884 seconds
[2023-03-25T09:14:36.492+0000] {processor.py:153} INFO - Started process (PID=23919) to work on /opt/airflow/dags/adhoc.py
[2023-03-25T09:14:36.498+0000] {processor.py:743} INFO - Processing file /opt/airflow/dags/adhoc.py for tasks to queue
[2023-03-25T09:14:36.500+0000] {logging_mixin.py:137} INFO - [2023-03-25T09:14:36.500+0000] {dagbag.py:538} INFO - Filling up the DagBag from /opt/airflow/dags/adhoc.py
[2023-03-25T09:14:37.924+0000] {processor.py:753} INFO - DAG(s) dict_keys(['audio_transcription']) retrieved from /opt/airflow/dags/adhoc.py
[2023-03-25T09:14:37.956+0000] {logging_mixin.py:137} INFO - [2023-03-25T09:14:37.956+0000] {dag.py:2690} INFO - Sync 1 DAGs
[2023-03-25T09:14:37.982+0000] {logging_mixin.py:137} INFO - [2023-03-25T09:14:37.982+0000] {dag.py:3441} INFO - Setting next_dagrun for audio_transcription to 2023-03-25T00:00:00+00:00, run_after=2023-03-26T00:00:00+00:00
[2023-03-25T09:14:37.992+0000] {processor.py:175} INFO - Processing /opt/airflow/dags/adhoc.py took 1.509 seconds
[2023-03-25T10:34:30.827+0000] {processor.py:153} INFO - Started process (PID=23957) to work on /opt/airflow/dags/adhoc.py
[2023-03-25T10:34:30.828+0000] {processor.py:743} INFO - Processing file /opt/airflow/dags/adhoc.py for tasks to queue
[2023-03-25T10:34:30.829+0000] {logging_mixin.py:137} INFO - [2023-03-25T10:34:30.829+0000] {dagbag.py:538} INFO - Filling up the DagBag from /opt/airflow/dags/adhoc.py
[2023-03-25T10:34:31.323+0000] {processor.py:753} INFO - DAG(s) dict_keys(['audio_transcription']) retrieved from /opt/airflow/dags/adhoc.py
[2023-03-25T10:34:31.343+0000] {logging_mixin.py:137} INFO - [2023-03-25T10:34:31.343+0000] {dag.py:2690} INFO - Sync 1 DAGs
[2023-03-25T10:34:31.358+0000] {logging_mixin.py:137} INFO - [2023-03-25T10:34:31.358+0000] {dag.py:3441} INFO - Setting next_dagrun for audio_transcription to 2023-03-25T00:00:00+00:00, run_after=2023-03-26T00:00:00+00:00
[2023-03-25T10:34:31.368+0000] {processor.py:175} INFO - Processing /opt/airflow/dags/adhoc.py took 0.547 seconds
[2023-03-25T11:57:55.500+0000] {processor.py:153} INFO - Started process (PID=23983) to work on /opt/airflow/dags/adhoc.py
[2023-03-25T11:57:55.508+0000] {processor.py:743} INFO - Processing file /opt/airflow/dags/adhoc.py for tasks to queue
[2023-03-25T11:57:55.511+0000] {logging_mixin.py:137} INFO - [2023-03-25T11:57:55.511+0000] {dagbag.py:538} INFO - Filling up the DagBag from /opt/airflow/dags/adhoc.py
[2023-03-25T11:57:56.686+0000] {processor.py:753} INFO - DAG(s) dict_keys(['audio_transcription']) retrieved from /opt/airflow/dags/adhoc.py
[2023-03-25T11:57:56.728+0000] {logging_mixin.py:137} INFO - [2023-03-25T11:57:56.728+0000] {dag.py:2690} INFO - Sync 1 DAGs
[2023-03-25T11:57:56.753+0000] {logging_mixin.py:137} INFO - [2023-03-25T11:57:56.753+0000] {dag.py:3441} INFO - Setting next_dagrun for audio_transcription to 2023-03-25T00:00:00+00:00, run_after=2023-03-26T00:00:00+00:00
[2023-03-25T11:57:56.766+0000] {processor.py:175} INFO - Processing /opt/airflow/dags/adhoc.py took 1.276 seconds
[2023-03-25T13:16:56.518+0000] {processor.py:153} INFO - Started process (PID=24023) to work on /opt/airflow/dags/adhoc.py
[2023-03-25T13:16:56.519+0000] {processor.py:743} INFO - Processing file /opt/airflow/dags/adhoc.py for tasks to queue
[2023-03-25T13:16:56.520+0000] {logging_mixin.py:137} INFO - [2023-03-25T13:16:56.520+0000] {dagbag.py:538} INFO - Filling up the DagBag from /opt/airflow/dags/adhoc.py
[2023-03-25T13:16:57.104+0000] {processor.py:753} INFO - DAG(s) dict_keys(['audio_transcription']) retrieved from /opt/airflow/dags/adhoc.py
[2023-03-25T13:16:57.128+0000] {logging_mixin.py:137} INFO - [2023-03-25T13:16:57.127+0000] {dag.py:2690} INFO - Sync 1 DAGs
[2023-03-25T13:16:57.147+0000] {logging_mixin.py:137} INFO - [2023-03-25T13:16:57.147+0000] {dag.py:3441} INFO - Setting next_dagrun for audio_transcription to 2023-03-25T00:00:00+00:00, run_after=2023-03-26T00:00:00+00:00
[2023-03-25T13:16:57.158+0000] {processor.py:175} INFO - Processing /opt/airflow/dags/adhoc.py took 0.645 seconds
[2023-03-25T14:10:01.303+0000] {processor.py:153} INFO - Started process (PID=24050) to work on /opt/airflow/dags/adhoc.py
[2023-03-25T14:10:01.308+0000] {processor.py:743} INFO - Processing file /opt/airflow/dags/adhoc.py for tasks to queue
[2023-03-25T14:10:01.310+0000] {logging_mixin.py:137} INFO - [2023-03-25T14:10:01.309+0000] {dagbag.py:538} INFO - Filling up the DagBag from /opt/airflow/dags/adhoc.py
[2023-03-25T14:10:02.810+0000] {processor.py:753} INFO - DAG(s) dict_keys(['audio_transcription']) retrieved from /opt/airflow/dags/adhoc.py
[2023-03-25T14:10:02.873+0000] {logging_mixin.py:137} INFO - [2023-03-25T14:10:02.872+0000] {dag.py:2690} INFO - Sync 1 DAGs
[2023-03-25T14:10:02.901+0000] {logging_mixin.py:137} INFO - [2023-03-25T14:10:02.901+0000] {dag.py:3441} INFO - Setting next_dagrun for audio_transcription to 2023-03-25T00:00:00+00:00, run_after=2023-03-26T00:00:00+00:00
[2023-03-25T14:10:02.913+0000] {processor.py:175} INFO - Processing /opt/airflow/dags/adhoc.py took 1.623 seconds
[2023-03-25T14:28:05.696+0000] {processor.py:153} INFO - Started process (PID=24088) to work on /opt/airflow/dags/adhoc.py
[2023-03-25T14:28:05.698+0000] {processor.py:743} INFO - Processing file /opt/airflow/dags/adhoc.py for tasks to queue
[2023-03-25T14:28:05.700+0000] {logging_mixin.py:137} INFO - [2023-03-25T14:28:05.700+0000] {dagbag.py:538} INFO - Filling up the DagBag from /opt/airflow/dags/adhoc.py
[2023-03-25T14:28:06.537+0000] {processor.py:753} INFO - DAG(s) dict_keys(['audio_transcription']) retrieved from /opt/airflow/dags/adhoc.py
[2023-03-25T14:28:06.622+0000] {logging_mixin.py:137} INFO - [2023-03-25T14:28:06.621+0000] {dag.py:2690} INFO - Sync 1 DAGs
[2023-03-25T14:28:06.671+0000] {logging_mixin.py:137} INFO - [2023-03-25T14:28:06.671+0000] {dag.py:3441} INFO - Setting next_dagrun for audio_transcription to 2023-03-25T00:00:00+00:00, run_after=2023-03-26T00:00:00+00:00
[2023-03-25T14:28:06.707+0000] {processor.py:175} INFO - Processing /opt/airflow/dags/adhoc.py took 1.018 seconds
[2023-03-25T14:43:40.460+0000] {processor.py:153} INFO - Started process (PID=24115) to work on /opt/airflow/dags/adhoc.py
[2023-03-25T14:43:40.475+0000] {processor.py:743} INFO - Processing file /opt/airflow/dags/adhoc.py for tasks to queue
[2023-03-25T14:43:40.478+0000] {logging_mixin.py:137} INFO - [2023-03-25T14:43:40.477+0000] {dagbag.py:538} INFO - Filling up the DagBag from /opt/airflow/dags/adhoc.py
[2023-03-25T14:43:41.466+0000] {processor.py:753} INFO - DAG(s) dict_keys(['audio_transcription']) retrieved from /opt/airflow/dags/adhoc.py
[2023-03-25T14:43:41.495+0000] {logging_mixin.py:137} INFO - [2023-03-25T14:43:41.495+0000] {dag.py:2690} INFO - Sync 1 DAGs
[2023-03-25T14:43:41.514+0000] {logging_mixin.py:137} INFO - [2023-03-25T14:43:41.514+0000] {dag.py:3441} INFO - Setting next_dagrun for audio_transcription to 2023-03-25T00:00:00+00:00, run_after=2023-03-26T00:00:00+00:00
[2023-03-25T14:43:41.525+0000] {processor.py:175} INFO - Processing /opt/airflow/dags/adhoc.py took 1.080 seconds
[2023-03-25T15:35:21.838+0000] {processor.py:153} INFO - Started process (PID=24153) to work on /opt/airflow/dags/adhoc.py
[2023-03-25T15:35:21.840+0000] {processor.py:743} INFO - Processing file /opt/airflow/dags/adhoc.py for tasks to queue
[2023-03-25T15:35:21.841+0000] {logging_mixin.py:137} INFO - [2023-03-25T15:35:21.841+0000] {dagbag.py:538} INFO - Filling up the DagBag from /opt/airflow/dags/adhoc.py
[2023-03-25T15:35:23.191+0000] {processor.py:753} INFO - DAG(s) dict_keys(['audio_transcription']) retrieved from /opt/airflow/dags/adhoc.py
[2023-03-25T15:35:23.282+0000] {logging_mixin.py:137} INFO - [2023-03-25T15:35:23.282+0000] {dag.py:2690} INFO - Sync 1 DAGs
[2023-03-25T15:35:23.309+0000] {logging_mixin.py:137} INFO - [2023-03-25T15:35:23.309+0000] {dag.py:3441} INFO - Setting next_dagrun for audio_transcription to 2023-03-25T00:00:00+00:00, run_after=2023-03-26T00:00:00+00:00
[2023-03-25T15:35:23.333+0000] {processor.py:175} INFO - Processing /opt/airflow/dags/adhoc.py took 1.506 seconds
[2023-03-25T16:38:20.534+0000] {processor.py:153} INFO - Started process (PID=24179) to work on /opt/airflow/dags/adhoc.py
[2023-03-25T16:38:20.535+0000] {processor.py:743} INFO - Processing file /opt/airflow/dags/adhoc.py for tasks to queue
[2023-03-25T16:38:20.536+0000] {logging_mixin.py:137} INFO - [2023-03-25T16:38:20.536+0000] {dagbag.py:538} INFO - Filling up the DagBag from /opt/airflow/dags/adhoc.py
[2023-03-25T16:38:21.505+0000] {processor.py:753} INFO - DAG(s) dict_keys(['audio_transcription']) retrieved from /opt/airflow/dags/adhoc.py
[2023-03-25T16:38:21.625+0000] {logging_mixin.py:137} INFO - [2023-03-25T16:38:21.624+0000] {dag.py:2690} INFO - Sync 1 DAGs
[2023-03-25T16:38:21.717+0000] {logging_mixin.py:137} INFO - [2023-03-25T16:38:21.717+0000] {dag.py:3441} INFO - Setting next_dagrun for audio_transcription to 2023-03-25T00:00:00+00:00, run_after=2023-03-26T00:00:00+00:00
[2023-03-25T16:38:21.775+0000] {processor.py:175} INFO - Processing /opt/airflow/dags/adhoc.py took 1.247 seconds
[2023-03-25T17:30:00.999+0000] {processor.py:153} INFO - Started process (PID=24217) to work on /opt/airflow/dags/adhoc.py
[2023-03-25T17:30:01.001+0000] {processor.py:743} INFO - Processing file /opt/airflow/dags/adhoc.py for tasks to queue
[2023-03-25T17:30:01.002+0000] {logging_mixin.py:137} INFO - [2023-03-25T17:30:01.002+0000] {dagbag.py:538} INFO - Filling up the DagBag from /opt/airflow/dags/adhoc.py
[2023-03-25T17:30:01.859+0000] {processor.py:753} INFO - DAG(s) dict_keys(['audio_transcription']) retrieved from /opt/airflow/dags/adhoc.py
[2023-03-25T17:30:01.948+0000] {logging_mixin.py:137} INFO - [2023-03-25T17:30:01.947+0000] {dag.py:2690} INFO - Sync 1 DAGs
[2023-03-25T17:30:02.011+0000] {logging_mixin.py:137} INFO - [2023-03-25T17:30:02.011+0000] {dag.py:3441} INFO - Setting next_dagrun for audio_transcription to 2023-03-25T00:00:00+00:00, run_after=2023-03-26T00:00:00+00:00
[2023-03-25T17:30:02.079+0000] {processor.py:175} INFO - Processing /opt/airflow/dags/adhoc.py took 1.090 seconds
[2023-03-25T17:30:32.975+0000] {processor.py:153} INFO - Started process (PID=24257) to work on /opt/airflow/dags/adhoc.py
[2023-03-25T17:30:32.978+0000] {processor.py:743} INFO - Processing file /opt/airflow/dags/adhoc.py for tasks to queue
[2023-03-25T17:30:32.979+0000] {logging_mixin.py:137} INFO - [2023-03-25T17:30:32.979+0000] {dagbag.py:538} INFO - Filling up the DagBag from /opt/airflow/dags/adhoc.py
[2023-03-25T17:30:33.581+0000] {processor.py:753} INFO - DAG(s) dict_keys(['audio_transcription']) retrieved from /opt/airflow/dags/adhoc.py
[2023-03-25T17:30:33.612+0000] {logging_mixin.py:137} INFO - [2023-03-25T17:30:33.611+0000] {dag.py:2690} INFO - Sync 1 DAGs
[2023-03-25T17:30:33.627+0000] {logging_mixin.py:137} INFO - [2023-03-25T17:30:33.626+0000] {dag.py:3441} INFO - Setting next_dagrun for audio_transcription to 2023-03-25T00:00:00+00:00, run_after=2023-03-26T00:00:00+00:00
[2023-03-25T17:30:33.637+0000] {processor.py:175} INFO - Processing /opt/airflow/dags/adhoc.py took 0.669 seconds
[2023-03-25T18:22:30.257+0000] {processor.py:153} INFO - Started process (PID=24283) to work on /opt/airflow/dags/adhoc.py
[2023-03-25T18:22:30.260+0000] {processor.py:743} INFO - Processing file /opt/airflow/dags/adhoc.py for tasks to queue
[2023-03-25T18:22:30.261+0000] {logging_mixin.py:137} INFO - [2023-03-25T18:22:30.261+0000] {dagbag.py:538} INFO - Filling up the DagBag from /opt/airflow/dags/adhoc.py
[2023-03-25T18:22:31.452+0000] {processor.py:753} INFO - DAG(s) dict_keys(['audio_transcription']) retrieved from /opt/airflow/dags/adhoc.py
[2023-03-25T18:22:31.612+0000] {logging_mixin.py:137} INFO - [2023-03-25T18:22:31.612+0000] {dag.py:2690} INFO - Sync 1 DAGs
[2023-03-25T18:22:31.654+0000] {logging_mixin.py:137} INFO - [2023-03-25T18:22:31.654+0000] {dag.py:3441} INFO - Setting next_dagrun for audio_transcription to 2023-03-25T00:00:00+00:00, run_after=2023-03-26T00:00:00+00:00
[2023-03-25T18:22:31.676+0000] {processor.py:175} INFO - Processing /opt/airflow/dags/adhoc.py took 1.423 seconds
[2023-03-25T19:12:30.644+0000] {processor.py:153} INFO - Started process (PID=24318) to work on /opt/airflow/dags/adhoc.py
[2023-03-25T19:12:30.646+0000] {processor.py:743} INFO - Processing file /opt/airflow/dags/adhoc.py for tasks to queue
[2023-03-25T19:12:30.648+0000] {logging_mixin.py:137} INFO - [2023-03-25T19:12:30.647+0000] {dagbag.py:538} INFO - Filling up the DagBag from /opt/airflow/dags/adhoc.py
[2023-03-25T19:12:32.584+0000] {processor.py:753} INFO - DAG(s) dict_keys(['audio_transcription']) retrieved from /opt/airflow/dags/adhoc.py
[2023-03-25T19:12:32.668+0000] {logging_mixin.py:137} INFO - [2023-03-25T19:12:32.667+0000] {dag.py:2690} INFO - Sync 1 DAGs
[2023-03-25T19:12:32.717+0000] {logging_mixin.py:137} INFO - [2023-03-25T19:12:32.717+0000] {dag.py:3441} INFO - Setting next_dagrun for audio_transcription to 2023-03-25T00:00:00+00:00, run_after=2023-03-26T00:00:00+00:00
[2023-03-25T19:12:32.756+0000] {processor.py:175} INFO - Processing /opt/airflow/dags/adhoc.py took 2.118 seconds
[2023-03-25T20:02:03.701+0000] {processor.py:153} INFO - Started process (PID=24347) to work on /opt/airflow/dags/adhoc.py
[2023-03-25T20:02:03.704+0000] {processor.py:743} INFO - Processing file /opt/airflow/dags/adhoc.py for tasks to queue
[2023-03-25T20:02:03.710+0000] {logging_mixin.py:137} INFO - [2023-03-25T20:02:03.709+0000] {dagbag.py:538} INFO - Filling up the DagBag from /opt/airflow/dags/adhoc.py
[2023-03-25T20:02:04.865+0000] {processor.py:753} INFO - DAG(s) dict_keys(['audio_transcription']) retrieved from /opt/airflow/dags/adhoc.py
[2023-03-25T20:02:04.899+0000] {logging_mixin.py:137} INFO - [2023-03-25T20:02:04.899+0000] {dag.py:2690} INFO - Sync 1 DAGs
[2023-03-25T20:02:04.920+0000] {logging_mixin.py:137} INFO - [2023-03-25T20:02:04.920+0000] {dag.py:3441} INFO - Setting next_dagrun for audio_transcription to 2023-03-25T00:00:00+00:00, run_after=2023-03-26T00:00:00+00:00
[2023-03-25T20:02:04.937+0000] {processor.py:175} INFO - Processing /opt/airflow/dags/adhoc.py took 1.249 seconds
[2023-03-25T20:17:56.777+0000] {processor.py:153} INFO - Started process (PID=24384) to work on /opt/airflow/dags/adhoc.py
[2023-03-25T20:17:56.779+0000] {processor.py:743} INFO - Processing file /opt/airflow/dags/adhoc.py for tasks to queue
[2023-03-25T20:17:56.780+0000] {logging_mixin.py:137} INFO - [2023-03-25T20:17:56.780+0000] {dagbag.py:538} INFO - Filling up the DagBag from /opt/airflow/dags/adhoc.py
[2023-03-25T20:17:57.610+0000] {processor.py:753} INFO - DAG(s) dict_keys(['audio_transcription']) retrieved from /opt/airflow/dags/adhoc.py
[2023-03-25T20:17:57.741+0000] {logging_mixin.py:137} INFO - [2023-03-25T20:17:57.741+0000] {dag.py:2690} INFO - Sync 1 DAGs
[2023-03-25T20:17:57.844+0000] {logging_mixin.py:137} INFO - [2023-03-25T20:17:57.844+0000] {dag.py:3441} INFO - Setting next_dagrun for audio_transcription to 2023-03-25T00:00:00+00:00, run_after=2023-03-26T00:00:00+00:00
[2023-03-25T20:17:57.941+0000] {processor.py:175} INFO - Processing /opt/airflow/dags/adhoc.py took 1.168 seconds
[2023-03-25T20:34:31.341+0000] {processor.py:153} INFO - Started process (PID=24410) to work on /opt/airflow/dags/adhoc.py
[2023-03-25T20:34:31.343+0000] {processor.py:743} INFO - Processing file /opt/airflow/dags/adhoc.py for tasks to queue
[2023-03-25T20:34:31.344+0000] {logging_mixin.py:137} INFO - [2023-03-25T20:34:31.344+0000] {dagbag.py:538} INFO - Filling up the DagBag from /opt/airflow/dags/adhoc.py
[2023-03-25T20:34:32.216+0000] {processor.py:753} INFO - DAG(s) dict_keys(['audio_transcription']) retrieved from /opt/airflow/dags/adhoc.py
[2023-03-25T20:34:32.296+0000] {logging_mixin.py:137} INFO - [2023-03-25T20:34:32.294+0000] {dag.py:2690} INFO - Sync 1 DAGs
[2023-03-25T20:34:32.337+0000] {logging_mixin.py:137} INFO - [2023-03-25T20:34:32.337+0000] {dag.py:3441} INFO - Setting next_dagrun for audio_transcription to 2023-03-25T00:00:00+00:00, run_after=2023-03-26T00:00:00+00:00
[2023-03-25T20:34:32.365+0000] {processor.py:175} INFO - Processing /opt/airflow/dags/adhoc.py took 1.029 seconds
[2023-03-25T21:24:00.778+0000] {processor.py:153} INFO - Started process (PID=24448) to work on /opt/airflow/dags/adhoc.py
[2023-03-25T21:24:00.781+0000] {processor.py:743} INFO - Processing file /opt/airflow/dags/adhoc.py for tasks to queue
[2023-03-25T21:24:00.782+0000] {logging_mixin.py:137} INFO - [2023-03-25T21:24:00.781+0000] {dagbag.py:538} INFO - Filling up the DagBag from /opt/airflow/dags/adhoc.py
[2023-03-25T21:24:01.905+0000] {processor.py:753} INFO - DAG(s) dict_keys(['audio_transcription']) retrieved from /opt/airflow/dags/adhoc.py
[2023-03-25T21:24:02.040+0000] {logging_mixin.py:137} INFO - [2023-03-25T21:24:02.039+0000] {dag.py:2690} INFO - Sync 1 DAGs
[2023-03-25T21:24:02.082+0000] {logging_mixin.py:137} INFO - [2023-03-25T21:24:02.082+0000] {dag.py:3441} INFO - Setting next_dagrun for audio_transcription to 2023-03-25T00:00:00+00:00, run_after=2023-03-26T00:00:00+00:00
[2023-03-25T21:24:02.104+0000] {processor.py:175} INFO - Processing /opt/airflow/dags/adhoc.py took 1.331 seconds
[2023-03-25T21:56:49.732+0000] {processor.py:153} INFO - Started process (PID=24474) to work on /opt/airflow/dags/adhoc.py
[2023-03-25T21:56:49.738+0000] {processor.py:743} INFO - Processing file /opt/airflow/dags/adhoc.py for tasks to queue
[2023-03-25T21:56:49.740+0000] {logging_mixin.py:137} INFO - [2023-03-25T21:56:49.740+0000] {dagbag.py:538} INFO - Filling up the DagBag from /opt/airflow/dags/adhoc.py
[2023-03-25T21:56:50.464+0000] {processor.py:753} INFO - DAG(s) dict_keys(['audio_transcription']) retrieved from /opt/airflow/dags/adhoc.py
[2023-03-25T21:56:50.489+0000] {logging_mixin.py:137} INFO - [2023-03-25T21:56:50.489+0000] {dag.py:2690} INFO - Sync 1 DAGs
[2023-03-25T21:56:50.509+0000] {logging_mixin.py:137} INFO - [2023-03-25T21:56:50.509+0000] {dag.py:3441} INFO - Setting next_dagrun for audio_transcription to 2023-03-25T00:00:00+00:00, run_after=2023-03-26T00:00:00+00:00
[2023-03-25T21:56:50.521+0000] {processor.py:175} INFO - Processing /opt/airflow/dags/adhoc.py took 0.800 seconds
[2023-03-25T22:13:01.054+0000] {processor.py:153} INFO - Started process (PID=24513) to work on /opt/airflow/dags/adhoc.py
[2023-03-25T22:13:01.057+0000] {processor.py:743} INFO - Processing file /opt/airflow/dags/adhoc.py for tasks to queue
[2023-03-25T22:13:01.061+0000] {logging_mixin.py:137} INFO - [2023-03-25T22:13:01.061+0000] {dagbag.py:538} INFO - Filling up the DagBag from /opt/airflow/dags/adhoc.py
[2023-03-25T22:13:02.395+0000] {processor.py:753} INFO - DAG(s) dict_keys(['audio_transcription']) retrieved from /opt/airflow/dags/adhoc.py
[2023-03-25T22:13:02.446+0000] {logging_mixin.py:137} INFO - [2023-03-25T22:13:02.445+0000] {dag.py:2690} INFO - Sync 1 DAGs
[2023-03-25T22:13:02.483+0000] {logging_mixin.py:137} INFO - [2023-03-25T22:13:02.483+0000] {dag.py:3441} INFO - Setting next_dagrun for audio_transcription to 2023-03-25T00:00:00+00:00, run_after=2023-03-26T00:00:00+00:00
[2023-03-25T22:13:02.510+0000] {processor.py:175} INFO - Processing /opt/airflow/dags/adhoc.py took 1.464 seconds
[2023-03-25T22:47:11.924+0000] {processor.py:153} INFO - Started process (PID=24538) to work on /opt/airflow/dags/adhoc.py
[2023-03-25T22:47:11.926+0000] {processor.py:743} INFO - Processing file /opt/airflow/dags/adhoc.py for tasks to queue
[2023-03-25T22:47:11.927+0000] {logging_mixin.py:137} INFO - [2023-03-25T22:47:11.927+0000] {dagbag.py:538} INFO - Filling up the DagBag from /opt/airflow/dags/adhoc.py
[2023-03-25T22:47:12.482+0000] {processor.py:753} INFO - DAG(s) dict_keys(['audio_transcription']) retrieved from /opt/airflow/dags/adhoc.py
[2023-03-25T22:47:12.539+0000] {logging_mixin.py:137} INFO - [2023-03-25T22:47:12.538+0000] {dag.py:2690} INFO - Sync 1 DAGs
[2023-03-25T22:47:12.586+0000] {logging_mixin.py:137} INFO - [2023-03-25T22:47:12.586+0000] {dag.py:3441} INFO - Setting next_dagrun for audio_transcription to 2023-03-25T00:00:00+00:00, run_after=2023-03-26T00:00:00+00:00
[2023-03-25T22:47:12.606+0000] {processor.py:175} INFO - Processing /opt/airflow/dags/adhoc.py took 0.686 seconds
[2023-03-25T23:20:25.889+0000] {processor.py:153} INFO - Started process (PID=24576) to work on /opt/airflow/dags/adhoc.py
[2023-03-25T23:20:25.895+0000] {processor.py:743} INFO - Processing file /opt/airflow/dags/adhoc.py for tasks to queue
[2023-03-25T23:20:25.900+0000] {logging_mixin.py:137} INFO - [2023-03-25T23:20:25.899+0000] {dagbag.py:538} INFO - Filling up the DagBag from /opt/airflow/dags/adhoc.py
[2023-03-25T23:20:27.217+0000] {processor.py:753} INFO - DAG(s) dict_keys(['audio_transcription']) retrieved from /opt/airflow/dags/adhoc.py
[2023-03-25T23:20:27.254+0000] {logging_mixin.py:137} INFO - [2023-03-25T23:20:27.254+0000] {dag.py:2690} INFO - Sync 1 DAGs
[2023-03-25T23:20:27.272+0000] {logging_mixin.py:137} INFO - [2023-03-25T23:20:27.272+0000] {dag.py:3441} INFO - Setting next_dagrun for audio_transcription to 2023-03-25T00:00:00+00:00, run_after=2023-03-26T00:00:00+00:00
[2023-03-25T23:20:27.283+0000] {processor.py:175} INFO - Processing /opt/airflow/dags/adhoc.py took 1.410 seconds
[2023-03-25T23:53:29.060+0000] {processor.py:153} INFO - Started process (PID=24602) to work on /opt/airflow/dags/adhoc.py
[2023-03-25T23:53:29.063+0000] {processor.py:743} INFO - Processing file /opt/airflow/dags/adhoc.py for tasks to queue
[2023-03-25T23:53:29.064+0000] {logging_mixin.py:137} INFO - [2023-03-25T23:53:29.064+0000] {dagbag.py:538} INFO - Filling up the DagBag from /opt/airflow/dags/adhoc.py
[2023-03-25T23:53:29.749+0000] {processor.py:753} INFO - DAG(s) dict_keys(['audio_transcription']) retrieved from /opt/airflow/dags/adhoc.py
[2023-03-25T23:53:29.787+0000] {logging_mixin.py:137} INFO - [2023-03-25T23:53:29.786+0000] {dag.py:2690} INFO - Sync 1 DAGs
[2023-03-25T23:53:29.829+0000] {logging_mixin.py:137} INFO - [2023-03-25T23:53:29.828+0000] {dag.py:3441} INFO - Setting next_dagrun for audio_transcription to 2023-03-25T00:00:00+00:00, run_after=2023-03-26T00:00:00+00:00
[2023-03-25T23:53:29.855+0000] {processor.py:175} INFO - Processing /opt/airflow/dags/adhoc.py took 0.808 seconds
