[2023-03-31T00:00:10.832+0000] {processor.py:153} INFO - Started process (PID=15358) to work on /opt/airflow/dags/adhoc.py
[2023-03-31T00:00:10.836+0000] {processor.py:743} INFO - Processing file /opt/airflow/dags/adhoc.py for tasks to queue
[2023-03-31T00:00:10.842+0000] {logging_mixin.py:137} INFO - [2023-03-31T00:00:10.840+0000] {dagbag.py:538} INFO - Filling up the DagBag from /opt/airflow/dags/adhoc.py
[2023-03-31T00:00:12.092+0000] {processor.py:753} INFO - DAG(s) dict_keys(['audio_transcription']) retrieved from /opt/airflow/dags/adhoc.py
[2023-03-31T00:00:12.201+0000] {logging_mixin.py:137} INFO - [2023-03-31T00:00:12.199+0000] {dag.py:2690} INFO - Sync 1 DAGs
[2023-03-31T00:00:12.269+0000] {logging_mixin.py:137} INFO - [2023-03-31T00:00:12.269+0000] {dag.py:3441} INFO - Setting next_dagrun for audio_transcription to 2023-03-31T00:00:00+00:00, run_after=2023-04-01T00:00:00+00:00
[2023-03-31T00:00:12.400+0000] {processor.py:175} INFO - Processing /opt/airflow/dags/adhoc.py took 1.581 seconds
[2023-03-31T00:00:43.023+0000] {processor.py:153} INFO - Started process (PID=15406) to work on /opt/airflow/dags/adhoc.py
[2023-03-31T00:00:43.025+0000] {processor.py:743} INFO - Processing file /opt/airflow/dags/adhoc.py for tasks to queue
[2023-03-31T00:00:43.026+0000] {logging_mixin.py:137} INFO - [2023-03-31T00:00:43.026+0000] {dagbag.py:538} INFO - Filling up the DagBag from /opt/airflow/dags/adhoc.py
[2023-03-31T00:00:43.791+0000] {processor.py:753} INFO - DAG(s) dict_keys(['audio_transcription']) retrieved from /opt/airflow/dags/adhoc.py
[2023-03-31T00:00:43.844+0000] {logging_mixin.py:137} INFO - [2023-03-31T00:00:43.844+0000] {dag.py:2690} INFO - Sync 1 DAGs
[2023-03-31T00:00:43.890+0000] {logging_mixin.py:137} INFO - [2023-03-31T00:00:43.890+0000] {dag.py:3441} INFO - Setting next_dagrun for audio_transcription to 2023-03-31T00:00:00+00:00, run_after=2023-04-01T00:00:00+00:00
[2023-03-31T00:00:43.938+0000] {processor.py:175} INFO - Processing /opt/airflow/dags/adhoc.py took 0.920 seconds
[2023-03-31T00:01:14.136+0000] {processor.py:153} INFO - Started process (PID=15450) to work on /opt/airflow/dags/adhoc.py
[2023-03-31T00:01:14.137+0000] {processor.py:743} INFO - Processing file /opt/airflow/dags/adhoc.py for tasks to queue
[2023-03-31T00:01:14.138+0000] {logging_mixin.py:137} INFO - [2023-03-31T00:01:14.138+0000] {dagbag.py:538} INFO - Filling up the DagBag from /opt/airflow/dags/adhoc.py
[2023-03-31T00:01:14.848+0000] {processor.py:753} INFO - DAG(s) dict_keys(['audio_transcription']) retrieved from /opt/airflow/dags/adhoc.py
[2023-03-31T00:01:14.908+0000] {logging_mixin.py:137} INFO - [2023-03-31T00:01:14.907+0000] {dag.py:2690} INFO - Sync 1 DAGs
[2023-03-31T00:01:14.952+0000] {logging_mixin.py:137} INFO - [2023-03-31T00:01:14.951+0000] {dag.py:3441} INFO - Setting next_dagrun for audio_transcription to 2023-03-31T00:00:00+00:00, run_after=2023-04-01T00:00:00+00:00
[2023-03-31T00:01:14.992+0000] {processor.py:175} INFO - Processing /opt/airflow/dags/adhoc.py took 0.860 seconds
[2023-03-31T00:01:45.497+0000] {processor.py:153} INFO - Started process (PID=15494) to work on /opt/airflow/dags/adhoc.py
[2023-03-31T00:01:45.508+0000] {processor.py:743} INFO - Processing file /opt/airflow/dags/adhoc.py for tasks to queue
[2023-03-31T00:01:45.508+0000] {logging_mixin.py:137} INFO - [2023-03-31T00:01:45.508+0000] {dagbag.py:538} INFO - Filling up the DagBag from /opt/airflow/dags/adhoc.py
[2023-03-31T00:01:45.903+0000] {processor.py:753} INFO - DAG(s) dict_keys(['audio_transcription']) retrieved from /opt/airflow/dags/adhoc.py
[2023-03-31T00:01:45.930+0000] {logging_mixin.py:137} INFO - [2023-03-31T00:01:45.929+0000] {dag.py:2690} INFO - Sync 1 DAGs
[2023-03-31T00:01:45.954+0000] {logging_mixin.py:137} INFO - [2023-03-31T00:01:45.954+0000] {dag.py:3441} INFO - Setting next_dagrun for audio_transcription to 2023-03-31T00:00:00+00:00, run_after=2023-04-01T00:00:00+00:00
[2023-03-31T00:01:45.978+0000] {processor.py:175} INFO - Processing /opt/airflow/dags/adhoc.py took 0.484 seconds
[2023-03-31T00:02:16.935+0000] {processor.py:153} INFO - Started process (PID=15540) to work on /opt/airflow/dags/adhoc.py
[2023-03-31T00:02:16.936+0000] {processor.py:743} INFO - Processing file /opt/airflow/dags/adhoc.py for tasks to queue
[2023-03-31T00:02:16.936+0000] {logging_mixin.py:137} INFO - [2023-03-31T00:02:16.936+0000] {dagbag.py:538} INFO - Filling up the DagBag from /opt/airflow/dags/adhoc.py
[2023-03-31T00:02:17.337+0000] {processor.py:753} INFO - DAG(s) dict_keys(['audio_transcription']) retrieved from /opt/airflow/dags/adhoc.py
[2023-03-31T00:02:17.366+0000] {logging_mixin.py:137} INFO - [2023-03-31T00:02:17.366+0000] {dag.py:2690} INFO - Sync 1 DAGs
[2023-03-31T00:02:17.388+0000] {logging_mixin.py:137} INFO - [2023-03-31T00:02:17.388+0000] {dag.py:3441} INFO - Setting next_dagrun for audio_transcription to 2023-03-31T00:00:00+00:00, run_after=2023-04-01T00:00:00+00:00
[2023-03-31T00:02:17.410+0000] {processor.py:175} INFO - Processing /opt/airflow/dags/adhoc.py took 0.478 seconds
[2023-03-31T00:02:47.591+0000] {processor.py:153} INFO - Started process (PID=15602) to work on /opt/airflow/dags/adhoc.py
[2023-03-31T00:02:47.594+0000] {processor.py:743} INFO - Processing file /opt/airflow/dags/adhoc.py for tasks to queue
[2023-03-31T00:02:47.595+0000] {logging_mixin.py:137} INFO - [2023-03-31T00:02:47.594+0000] {dagbag.py:538} INFO - Filling up the DagBag from /opt/airflow/dags/adhoc.py
[2023-03-31T00:02:48.077+0000] {processor.py:753} INFO - DAG(s) dict_keys(['audio_transcription']) retrieved from /opt/airflow/dags/adhoc.py
[2023-03-31T00:02:48.134+0000] {logging_mixin.py:137} INFO - [2023-03-31T00:02:48.133+0000] {dag.py:2690} INFO - Sync 1 DAGs
[2023-03-31T00:02:48.186+0000] {logging_mixin.py:137} INFO - [2023-03-31T00:02:48.185+0000] {dag.py:3441} INFO - Setting next_dagrun for audio_transcription to 2023-03-31T00:00:00+00:00, run_after=2023-04-01T00:00:00+00:00
[2023-03-31T00:02:48.229+0000] {processor.py:175} INFO - Processing /opt/airflow/dags/adhoc.py took 0.641 seconds
[2023-03-31T00:03:18.427+0000] {processor.py:153} INFO - Started process (PID=15646) to work on /opt/airflow/dags/adhoc.py
[2023-03-31T00:03:18.428+0000] {processor.py:743} INFO - Processing file /opt/airflow/dags/adhoc.py for tasks to queue
[2023-03-31T00:03:18.429+0000] {logging_mixin.py:137} INFO - [2023-03-31T00:03:18.429+0000] {dagbag.py:538} INFO - Filling up the DagBag from /opt/airflow/dags/adhoc.py
[2023-03-31T00:03:19.030+0000] {processor.py:753} INFO - DAG(s) dict_keys(['audio_transcription']) retrieved from /opt/airflow/dags/adhoc.py
[2023-03-31T00:03:19.077+0000] {logging_mixin.py:137} INFO - [2023-03-31T00:03:19.077+0000] {dag.py:2690} INFO - Sync 1 DAGs
[2023-03-31T00:03:19.111+0000] {logging_mixin.py:137} INFO - [2023-03-31T00:03:19.110+0000] {dag.py:3441} INFO - Setting next_dagrun for audio_transcription to 2023-03-31T00:00:00+00:00, run_after=2023-04-01T00:00:00+00:00
[2023-03-31T00:03:19.133+0000] {processor.py:175} INFO - Processing /opt/airflow/dags/adhoc.py took 0.711 seconds
[2023-03-31T00:03:49.261+0000] {processor.py:153} INFO - Started process (PID=15711) to work on /opt/airflow/dags/adhoc.py
[2023-03-31T00:03:49.264+0000] {processor.py:743} INFO - Processing file /opt/airflow/dags/adhoc.py for tasks to queue
[2023-03-31T00:03:49.265+0000] {logging_mixin.py:137} INFO - [2023-03-31T00:03:49.265+0000] {dagbag.py:538} INFO - Filling up the DagBag from /opt/airflow/dags/adhoc.py
[2023-03-31T00:03:49.701+0000] {processor.py:753} INFO - DAG(s) dict_keys(['audio_transcription']) retrieved from /opt/airflow/dags/adhoc.py
[2023-03-31T00:03:49.730+0000] {logging_mixin.py:137} INFO - [2023-03-31T00:03:49.730+0000] {dag.py:2690} INFO - Sync 1 DAGs
[2023-03-31T00:03:49.757+0000] {logging_mixin.py:137} INFO - [2023-03-31T00:03:49.757+0000] {dag.py:3441} INFO - Setting next_dagrun for audio_transcription to 2023-03-31T00:00:00+00:00, run_after=2023-04-01T00:00:00+00:00
[2023-03-31T00:03:49.782+0000] {processor.py:175} INFO - Processing /opt/airflow/dags/adhoc.py took 0.525 seconds
[2023-03-31T00:04:19.966+0000] {processor.py:153} INFO - Started process (PID=15755) to work on /opt/airflow/dags/adhoc.py
[2023-03-31T00:04:19.967+0000] {processor.py:743} INFO - Processing file /opt/airflow/dags/adhoc.py for tasks to queue
[2023-03-31T00:04:19.968+0000] {logging_mixin.py:137} INFO - [2023-03-31T00:04:19.967+0000] {dagbag.py:538} INFO - Filling up the DagBag from /opt/airflow/dags/adhoc.py
[2023-03-31T00:04:20.657+0000] {processor.py:753} INFO - DAG(s) dict_keys(['audio_transcription']) retrieved from /opt/airflow/dags/adhoc.py
[2023-03-31T00:04:20.703+0000] {logging_mixin.py:137} INFO - [2023-03-31T00:04:20.702+0000] {dag.py:2690} INFO - Sync 1 DAGs
[2023-03-31T00:04:20.732+0000] {logging_mixin.py:137} INFO - [2023-03-31T00:04:20.732+0000] {dag.py:3441} INFO - Setting next_dagrun for audio_transcription to 2023-03-31T00:00:00+00:00, run_after=2023-04-01T00:00:00+00:00
[2023-03-31T00:04:20.769+0000] {processor.py:175} INFO - Processing /opt/airflow/dags/adhoc.py took 0.807 seconds
[2023-03-31T00:04:50.937+0000] {processor.py:153} INFO - Started process (PID=15808) to work on /opt/airflow/dags/adhoc.py
[2023-03-31T00:04:50.938+0000] {processor.py:743} INFO - Processing file /opt/airflow/dags/adhoc.py for tasks to queue
[2023-03-31T00:04:50.939+0000] {logging_mixin.py:137} INFO - [2023-03-31T00:04:50.939+0000] {dagbag.py:538} INFO - Filling up the DagBag from /opt/airflow/dags/adhoc.py
[2023-03-31T00:04:51.432+0000] {processor.py:753} INFO - DAG(s) dict_keys(['audio_transcription']) retrieved from /opt/airflow/dags/adhoc.py
[2023-03-31T00:04:51.471+0000] {logging_mixin.py:137} INFO - [2023-03-31T00:04:51.470+0000] {dag.py:2690} INFO - Sync 1 DAGs
[2023-03-31T00:04:51.501+0000] {logging_mixin.py:137} INFO - [2023-03-31T00:04:51.501+0000] {dag.py:3441} INFO - Setting next_dagrun for audio_transcription to 2023-03-31T00:00:00+00:00, run_after=2023-04-01T00:00:00+00:00
[2023-03-31T00:04:51.529+0000] {processor.py:175} INFO - Processing /opt/airflow/dags/adhoc.py took 0.595 seconds
[2023-03-31T00:05:21.585+0000] {processor.py:153} INFO - Started process (PID=15863) to work on /opt/airflow/dags/adhoc.py
[2023-03-31T00:05:21.586+0000] {processor.py:743} INFO - Processing file /opt/airflow/dags/adhoc.py for tasks to queue
[2023-03-31T00:05:21.587+0000] {logging_mixin.py:137} INFO - [2023-03-31T00:05:21.586+0000] {dagbag.py:538} INFO - Filling up the DagBag from /opt/airflow/dags/adhoc.py
[2023-03-31T00:05:22.228+0000] {processor.py:753} INFO - DAG(s) dict_keys(['audio_transcription']) retrieved from /opt/airflow/dags/adhoc.py
[2023-03-31T00:05:22.276+0000] {logging_mixin.py:137} INFO - [2023-03-31T00:05:22.275+0000] {dag.py:2690} INFO - Sync 1 DAGs
[2023-03-31T00:05:22.309+0000] {logging_mixin.py:137} INFO - [2023-03-31T00:05:22.309+0000] {dag.py:3441} INFO - Setting next_dagrun for audio_transcription to 2023-03-31T00:00:00+00:00, run_after=2023-04-01T00:00:00+00:00
[2023-03-31T00:05:22.342+0000] {processor.py:175} INFO - Processing /opt/airflow/dags/adhoc.py took 0.760 seconds
[2023-03-31T00:05:52.532+0000] {processor.py:153} INFO - Started process (PID=15907) to work on /opt/airflow/dags/adhoc.py
[2023-03-31T00:05:52.533+0000] {processor.py:743} INFO - Processing file /opt/airflow/dags/adhoc.py for tasks to queue
[2023-03-31T00:05:52.534+0000] {logging_mixin.py:137} INFO - [2023-03-31T00:05:52.534+0000] {dagbag.py:538} INFO - Filling up the DagBag from /opt/airflow/dags/adhoc.py
[2023-03-31T00:05:53.076+0000] {processor.py:753} INFO - DAG(s) dict_keys(['audio_transcription']) retrieved from /opt/airflow/dags/adhoc.py
[2023-03-31T00:05:53.115+0000] {logging_mixin.py:137} INFO - [2023-03-31T00:05:53.114+0000] {dag.py:2690} INFO - Sync 1 DAGs
[2023-03-31T00:05:53.141+0000] {logging_mixin.py:137} INFO - [2023-03-31T00:05:53.141+0000] {dag.py:3441} INFO - Setting next_dagrun for audio_transcription to 2023-03-31T00:00:00+00:00, run_after=2023-04-01T00:00:00+00:00
[2023-03-31T00:05:53.175+0000] {processor.py:175} INFO - Processing /opt/airflow/dags/adhoc.py took 0.647 seconds
[2023-03-31T00:06:23.817+0000] {processor.py:153} INFO - Started process (PID=15970) to work on /opt/airflow/dags/adhoc.py
[2023-03-31T00:06:23.819+0000] {processor.py:743} INFO - Processing file /opt/airflow/dags/adhoc.py for tasks to queue
[2023-03-31T00:06:23.820+0000] {logging_mixin.py:137} INFO - [2023-03-31T00:06:23.820+0000] {dagbag.py:538} INFO - Filling up the DagBag from /opt/airflow/dags/adhoc.py
[2023-03-31T00:06:24.692+0000] {processor.py:753} INFO - DAG(s) dict_keys(['audio_transcription']) retrieved from /opt/airflow/dags/adhoc.py
[2023-03-31T00:06:24.762+0000] {logging_mixin.py:137} INFO - [2023-03-31T00:06:24.761+0000] {dag.py:2690} INFO - Sync 1 DAGs
[2023-03-31T00:06:24.816+0000] {logging_mixin.py:137} INFO - [2023-03-31T00:06:24.816+0000] {dag.py:3441} INFO - Setting next_dagrun for audio_transcription to 2023-03-31T00:00:00+00:00, run_after=2023-04-01T00:00:00+00:00
[2023-03-31T00:06:24.848+0000] {processor.py:175} INFO - Processing /opt/airflow/dags/adhoc.py took 1.035 seconds
[2023-03-31T00:06:55.033+0000] {processor.py:153} INFO - Started process (PID=16014) to work on /opt/airflow/dags/adhoc.py
[2023-03-31T00:06:55.034+0000] {processor.py:743} INFO - Processing file /opt/airflow/dags/adhoc.py for tasks to queue
[2023-03-31T00:06:55.034+0000] {logging_mixin.py:137} INFO - [2023-03-31T00:06:55.034+0000] {dagbag.py:538} INFO - Filling up the DagBag from /opt/airflow/dags/adhoc.py
[2023-03-31T00:06:55.471+0000] {processor.py:753} INFO - DAG(s) dict_keys(['audio_transcription']) retrieved from /opt/airflow/dags/adhoc.py
[2023-03-31T00:06:55.499+0000] {logging_mixin.py:137} INFO - [2023-03-31T00:06:55.498+0000] {dag.py:2690} INFO - Sync 1 DAGs
[2023-03-31T00:06:55.518+0000] {logging_mixin.py:137} INFO - [2023-03-31T00:06:55.518+0000] {dag.py:3441} INFO - Setting next_dagrun for audio_transcription to 2023-03-31T00:00:00+00:00, run_after=2023-04-01T00:00:00+00:00
[2023-03-31T00:06:55.541+0000] {processor.py:175} INFO - Processing /opt/airflow/dags/adhoc.py took 0.511 seconds
[2023-03-31T00:07:25.722+0000] {processor.py:153} INFO - Started process (PID=16060) to work on /opt/airflow/dags/adhoc.py
[2023-03-31T00:07:25.724+0000] {processor.py:743} INFO - Processing file /opt/airflow/dags/adhoc.py for tasks to queue
[2023-03-31T00:07:25.725+0000] {logging_mixin.py:137} INFO - [2023-03-31T00:07:25.725+0000] {dagbag.py:538} INFO - Filling up the DagBag from /opt/airflow/dags/adhoc.py
[2023-03-31T00:07:26.419+0000] {processor.py:753} INFO - DAG(s) dict_keys(['audio_transcription']) retrieved from /opt/airflow/dags/adhoc.py
[2023-03-31T00:07:26.453+0000] {logging_mixin.py:137} INFO - [2023-03-31T00:07:26.452+0000] {dag.py:2690} INFO - Sync 1 DAGs
[2023-03-31T00:07:26.496+0000] {logging_mixin.py:137} INFO - [2023-03-31T00:07:26.496+0000] {dag.py:3441} INFO - Setting next_dagrun for audio_transcription to 2023-03-31T00:00:00+00:00, run_after=2023-04-01T00:00:00+00:00
[2023-03-31T00:07:26.537+0000] {processor.py:175} INFO - Processing /opt/airflow/dags/adhoc.py took 0.818 seconds
[2023-03-31T00:07:56.772+0000] {processor.py:153} INFO - Started process (PID=16124) to work on /opt/airflow/dags/adhoc.py
[2023-03-31T00:07:56.783+0000] {processor.py:743} INFO - Processing file /opt/airflow/dags/adhoc.py for tasks to queue
[2023-03-31T00:07:56.783+0000] {logging_mixin.py:137} INFO - [2023-03-31T00:07:56.783+0000] {dagbag.py:538} INFO - Filling up the DagBag from /opt/airflow/dags/adhoc.py
[2023-03-31T00:07:57.182+0000] {processor.py:753} INFO - DAG(s) dict_keys(['audio_transcription']) retrieved from /opt/airflow/dags/adhoc.py
[2023-03-31T00:07:57.211+0000] {logging_mixin.py:137} INFO - [2023-03-31T00:07:57.210+0000] {dag.py:2690} INFO - Sync 1 DAGs
[2023-03-31T00:07:57.233+0000] {logging_mixin.py:137} INFO - [2023-03-31T00:07:57.232+0000] {dag.py:3441} INFO - Setting next_dagrun for audio_transcription to 2023-03-31T00:00:00+00:00, run_after=2023-04-01T00:00:00+00:00
[2023-03-31T00:07:57.263+0000] {processor.py:175} INFO - Processing /opt/airflow/dags/adhoc.py took 0.495 seconds
[2023-03-31T00:08:27.556+0000] {processor.py:153} INFO - Started process (PID=16158) to work on /opt/airflow/dags/adhoc.py
[2023-03-31T00:08:27.560+0000] {processor.py:743} INFO - Processing file /opt/airflow/dags/adhoc.py for tasks to queue
[2023-03-31T00:08:27.562+0000] {logging_mixin.py:137} INFO - [2023-03-31T00:08:27.562+0000] {dagbag.py:538} INFO - Filling up the DagBag from /opt/airflow/dags/adhoc.py
[2023-03-31T00:08:28.959+0000] {processor.py:753} INFO - DAG(s) dict_keys(['audio_transcription']) retrieved from /opt/airflow/dags/adhoc.py
[2023-03-31T00:08:29.127+0000] {logging_mixin.py:137} INFO - [2023-03-31T00:08:29.126+0000] {dag.py:2690} INFO - Sync 1 DAGs
[2023-03-31T00:08:29.288+0000] {logging_mixin.py:137} INFO - [2023-03-31T00:08:29.288+0000] {dag.py:3441} INFO - Setting next_dagrun for audio_transcription to 2023-03-31T00:00:00+00:00, run_after=2023-04-01T00:00:00+00:00
[2023-03-31T00:08:29.387+0000] {processor.py:175} INFO - Processing /opt/airflow/dags/adhoc.py took 1.843 seconds
[2023-03-31T00:09:00.043+0000] {processor.py:153} INFO - Started process (PID=16193) to work on /opt/airflow/dags/adhoc.py
[2023-03-31T00:09:00.045+0000] {processor.py:743} INFO - Processing file /opt/airflow/dags/adhoc.py for tasks to queue
[2023-03-31T00:09:00.046+0000] {logging_mixin.py:137} INFO - [2023-03-31T00:09:00.045+0000] {dagbag.py:538} INFO - Filling up the DagBag from /opt/airflow/dags/adhoc.py
[2023-03-31T00:09:01.242+0000] {processor.py:753} INFO - DAG(s) dict_keys(['audio_transcription']) retrieved from /opt/airflow/dags/adhoc.py
[2023-03-31T00:09:01.315+0000] {logging_mixin.py:137} INFO - [2023-03-31T00:09:01.314+0000] {dag.py:2690} INFO - Sync 1 DAGs
[2023-03-31T00:09:01.379+0000] {logging_mixin.py:137} INFO - [2023-03-31T00:09:01.379+0000] {dag.py:3441} INFO - Setting next_dagrun for audio_transcription to 2023-03-31T00:00:00+00:00, run_after=2023-04-01T00:00:00+00:00
[2023-03-31T00:09:01.445+0000] {processor.py:175} INFO - Processing /opt/airflow/dags/adhoc.py took 1.407 seconds
[2023-03-31T00:09:32.298+0000] {processor.py:153} INFO - Started process (PID=16237) to work on /opt/airflow/dags/adhoc.py
[2023-03-31T00:09:32.299+0000] {processor.py:743} INFO - Processing file /opt/airflow/dags/adhoc.py for tasks to queue
[2023-03-31T00:09:32.299+0000] {logging_mixin.py:137} INFO - [2023-03-31T00:09:32.299+0000] {dagbag.py:538} INFO - Filling up the DagBag from /opt/airflow/dags/adhoc.py
[2023-03-31T00:09:33.644+0000] {processor.py:753} INFO - DAG(s) dict_keys(['audio_transcription']) retrieved from /opt/airflow/dags/adhoc.py
[2023-03-31T00:09:33.790+0000] {logging_mixin.py:137} INFO - [2023-03-31T00:09:33.789+0000] {dag.py:2690} INFO - Sync 1 DAGs
[2023-03-31T00:09:33.886+0000] {logging_mixin.py:137} INFO - [2023-03-31T00:09:33.886+0000] {dag.py:3441} INFO - Setting next_dagrun for audio_transcription to 2023-03-31T00:00:00+00:00, run_after=2023-04-01T00:00:00+00:00
[2023-03-31T00:09:33.962+0000] {processor.py:175} INFO - Processing /opt/airflow/dags/adhoc.py took 1.668 seconds
[2023-03-31T00:10:04.551+0000] {processor.py:153} INFO - Started process (PID=16281) to work on /opt/airflow/dags/adhoc.py
[2023-03-31T00:10:04.552+0000] {processor.py:743} INFO - Processing file /opt/airflow/dags/adhoc.py for tasks to queue
[2023-03-31T00:10:04.553+0000] {logging_mixin.py:137} INFO - [2023-03-31T00:10:04.553+0000] {dagbag.py:538} INFO - Filling up the DagBag from /opt/airflow/dags/adhoc.py
[2023-03-31T00:10:05.015+0000] {processor.py:753} INFO - DAG(s) dict_keys(['audio_transcription']) retrieved from /opt/airflow/dags/adhoc.py
[2023-03-31T00:10:05.046+0000] {logging_mixin.py:137} INFO - [2023-03-31T00:10:05.046+0000] {dag.py:2690} INFO - Sync 1 DAGs
[2023-03-31T00:10:05.076+0000] {logging_mixin.py:137} INFO - [2023-03-31T00:10:05.076+0000] {dag.py:3441} INFO - Setting next_dagrun for audio_transcription to 2023-03-31T00:00:00+00:00, run_after=2023-04-01T00:00:00+00:00
[2023-03-31T00:10:05.101+0000] {processor.py:175} INFO - Processing /opt/airflow/dags/adhoc.py took 0.552 seconds
[2023-03-31T00:10:35.959+0000] {processor.py:153} INFO - Started process (PID=16325) to work on /opt/airflow/dags/adhoc.py
[2023-03-31T00:10:35.962+0000] {processor.py:743} INFO - Processing file /opt/airflow/dags/adhoc.py for tasks to queue
[2023-03-31T00:10:35.964+0000] {logging_mixin.py:137} INFO - [2023-03-31T00:10:35.964+0000] {dagbag.py:538} INFO - Filling up the DagBag from /opt/airflow/dags/adhoc.py
[2023-03-31T00:10:37.109+0000] {processor.py:753} INFO - DAG(s) dict_keys(['audio_transcription']) retrieved from /opt/airflow/dags/adhoc.py
[2023-03-31T00:10:37.179+0000] {logging_mixin.py:137} INFO - [2023-03-31T00:10:37.178+0000] {dag.py:2690} INFO - Sync 1 DAGs
[2023-03-31T00:10:37.253+0000] {logging_mixin.py:137} INFO - [2023-03-31T00:10:37.253+0000] {dag.py:3441} INFO - Setting next_dagrun for audio_transcription to 2023-03-31T00:00:00+00:00, run_after=2023-04-01T00:00:00+00:00
[2023-03-31T00:10:37.313+0000] {processor.py:175} INFO - Processing /opt/airflow/dags/adhoc.py took 1.359 seconds
[2023-03-31T00:11:07.597+0000] {processor.py:153} INFO - Started process (PID=16371) to work on /opt/airflow/dags/adhoc.py
[2023-03-31T00:11:07.602+0000] {processor.py:743} INFO - Processing file /opt/airflow/dags/adhoc.py for tasks to queue
[2023-03-31T00:11:07.604+0000] {logging_mixin.py:137} INFO - [2023-03-31T00:11:07.603+0000] {dagbag.py:538} INFO - Filling up the DagBag from /opt/airflow/dags/adhoc.py
[2023-03-31T00:11:09.507+0000] {processor.py:753} INFO - DAG(s) dict_keys(['audio_transcription']) retrieved from /opt/airflow/dags/adhoc.py
[2023-03-31T00:11:09.656+0000] {logging_mixin.py:137} INFO - [2023-03-31T00:11:09.655+0000] {dag.py:2690} INFO - Sync 1 DAGs
[2023-03-31T00:11:09.788+0000] {logging_mixin.py:137} INFO - [2023-03-31T00:11:09.787+0000] {dag.py:3441} INFO - Setting next_dagrun for audio_transcription to 2023-03-31T00:00:00+00:00, run_after=2023-04-01T00:00:00+00:00
[2023-03-31T00:11:09.875+0000] {processor.py:175} INFO - Processing /opt/airflow/dags/adhoc.py took 2.288 seconds
[2023-03-31T00:11:40.179+0000] {processor.py:153} INFO - Started process (PID=16415) to work on /opt/airflow/dags/adhoc.py
[2023-03-31T00:11:40.180+0000] {processor.py:743} INFO - Processing file /opt/airflow/dags/adhoc.py for tasks to queue
[2023-03-31T00:11:40.181+0000] {logging_mixin.py:137} INFO - [2023-03-31T00:11:40.181+0000] {dagbag.py:538} INFO - Filling up the DagBag from /opt/airflow/dags/adhoc.py
[2023-03-31T00:11:40.688+0000] {processor.py:753} INFO - DAG(s) dict_keys(['audio_transcription']) retrieved from /opt/airflow/dags/adhoc.py
[2023-03-31T00:11:40.724+0000] {logging_mixin.py:137} INFO - [2023-03-31T00:11:40.723+0000] {dag.py:2690} INFO - Sync 1 DAGs
[2023-03-31T00:11:40.752+0000] {logging_mixin.py:137} INFO - [2023-03-31T00:11:40.752+0000] {dag.py:3441} INFO - Setting next_dagrun for audio_transcription to 2023-03-31T00:00:00+00:00, run_after=2023-04-01T00:00:00+00:00
[2023-03-31T00:11:40.779+0000] {processor.py:175} INFO - Processing /opt/airflow/dags/adhoc.py took 0.603 seconds
[2023-03-31T00:12:10.936+0000] {processor.py:153} INFO - Started process (PID=16459) to work on /opt/airflow/dags/adhoc.py
[2023-03-31T00:12:10.937+0000] {processor.py:743} INFO - Processing file /opt/airflow/dags/adhoc.py for tasks to queue
[2023-03-31T00:12:10.939+0000] {logging_mixin.py:137} INFO - [2023-03-31T00:12:10.938+0000] {dagbag.py:538} INFO - Filling up the DagBag from /opt/airflow/dags/adhoc.py
[2023-03-31T00:12:11.845+0000] {processor.py:753} INFO - DAG(s) dict_keys(['audio_transcription']) retrieved from /opt/airflow/dags/adhoc.py
[2023-03-31T00:12:11.889+0000] {logging_mixin.py:137} INFO - [2023-03-31T00:12:11.888+0000] {dag.py:2690} INFO - Sync 1 DAGs
[2023-03-31T00:12:11.921+0000] {logging_mixin.py:137} INFO - [2023-03-31T00:12:11.921+0000] {dag.py:3441} INFO - Setting next_dagrun for audio_transcription to 2023-03-31T00:00:00+00:00, run_after=2023-04-01T00:00:00+00:00
[2023-03-31T00:12:11.956+0000] {processor.py:175} INFO - Processing /opt/airflow/dags/adhoc.py took 1.025 seconds
[2023-03-31T00:12:42.172+0000] {processor.py:153} INFO - Started process (PID=16503) to work on /opt/airflow/dags/adhoc.py
[2023-03-31T00:12:42.174+0000] {processor.py:743} INFO - Processing file /opt/airflow/dags/adhoc.py for tasks to queue
[2023-03-31T00:12:42.176+0000] {logging_mixin.py:137} INFO - [2023-03-31T00:12:42.175+0000] {dagbag.py:538} INFO - Filling up the DagBag from /opt/airflow/dags/adhoc.py
[2023-03-31T00:12:42.701+0000] {processor.py:753} INFO - DAG(s) dict_keys(['audio_transcription']) retrieved from /opt/airflow/dags/adhoc.py
[2023-03-31T00:12:42.740+0000] {logging_mixin.py:137} INFO - [2023-03-31T00:12:42.740+0000] {dag.py:2690} INFO - Sync 1 DAGs
[2023-03-31T00:12:42.770+0000] {logging_mixin.py:137} INFO - [2023-03-31T00:12:42.769+0000] {dag.py:3441} INFO - Setting next_dagrun for audio_transcription to 2023-03-31T00:00:00+00:00, run_after=2023-04-01T00:00:00+00:00
[2023-03-31T00:12:42.796+0000] {processor.py:175} INFO - Processing /opt/airflow/dags/adhoc.py took 0.628 seconds
[2023-03-31T00:13:13.041+0000] {processor.py:153} INFO - Started process (PID=16557) to work on /opt/airflow/dags/adhoc.py
[2023-03-31T00:13:13.044+0000] {processor.py:743} INFO - Processing file /opt/airflow/dags/adhoc.py for tasks to queue
[2023-03-31T00:13:13.045+0000] {logging_mixin.py:137} INFO - [2023-03-31T00:13:13.045+0000] {dagbag.py:538} INFO - Filling up the DagBag from /opt/airflow/dags/adhoc.py
[2023-03-31T00:13:14.217+0000] {processor.py:753} INFO - DAG(s) dict_keys(['audio_transcription']) retrieved from /opt/airflow/dags/adhoc.py
[2023-03-31T00:13:14.313+0000] {logging_mixin.py:137} INFO - [2023-03-31T00:13:14.312+0000] {dag.py:2690} INFO - Sync 1 DAGs
[2023-03-31T00:13:14.404+0000] {logging_mixin.py:137} INFO - [2023-03-31T00:13:14.404+0000] {dag.py:3441} INFO - Setting next_dagrun for audio_transcription to 2023-03-31T00:00:00+00:00, run_after=2023-04-01T00:00:00+00:00
[2023-03-31T00:13:14.475+0000] {processor.py:175} INFO - Processing /opt/airflow/dags/adhoc.py took 1.442 seconds
[2023-03-31T00:13:44.723+0000] {processor.py:153} INFO - Started process (PID=16612) to work on /opt/airflow/dags/adhoc.py
[2023-03-31T00:13:44.724+0000] {processor.py:743} INFO - Processing file /opt/airflow/dags/adhoc.py for tasks to queue
[2023-03-31T00:13:44.725+0000] {logging_mixin.py:137} INFO - [2023-03-31T00:13:44.725+0000] {dagbag.py:538} INFO - Filling up the DagBag from /opt/airflow/dags/adhoc.py
[2023-03-31T00:13:45.180+0000] {processor.py:753} INFO - DAG(s) dict_keys(['audio_transcription']) retrieved from /opt/airflow/dags/adhoc.py
[2023-03-31T00:13:45.214+0000] {logging_mixin.py:137} INFO - [2023-03-31T00:13:45.214+0000] {dag.py:2690} INFO - Sync 1 DAGs
[2023-03-31T00:13:45.245+0000] {logging_mixin.py:137} INFO - [2023-03-31T00:13:45.244+0000] {dag.py:3441} INFO - Setting next_dagrun for audio_transcription to 2023-03-31T00:00:00+00:00, run_after=2023-04-01T00:00:00+00:00
[2023-03-31T00:13:45.272+0000] {processor.py:175} INFO - Processing /opt/airflow/dags/adhoc.py took 0.552 seconds
[2023-03-31T00:14:15.647+0000] {processor.py:153} INFO - Started process (PID=16646) to work on /opt/airflow/dags/adhoc.py
[2023-03-31T00:14:15.661+0000] {processor.py:743} INFO - Processing file /opt/airflow/dags/adhoc.py for tasks to queue
[2023-03-31T00:14:15.664+0000] {logging_mixin.py:137} INFO - [2023-03-31T00:14:15.663+0000] {dagbag.py:538} INFO - Filling up the DagBag from /opt/airflow/dags/adhoc.py
[2023-03-31T00:14:17.993+0000] {processor.py:753} INFO - DAG(s) dict_keys(['audio_transcription']) retrieved from /opt/airflow/dags/adhoc.py
[2023-03-31T00:14:18.077+0000] {logging_mixin.py:137} INFO - [2023-03-31T00:14:18.076+0000] {dag.py:2690} INFO - Sync 1 DAGs
[2023-03-31T00:14:18.132+0000] {logging_mixin.py:137} INFO - [2023-03-31T00:14:18.132+0000] {dag.py:3441} INFO - Setting next_dagrun for audio_transcription to 2023-03-31T00:00:00+00:00, run_after=2023-04-01T00:00:00+00:00
[2023-03-31T00:14:18.178+0000] {processor.py:175} INFO - Processing /opt/airflow/dags/adhoc.py took 2.561 seconds
[2023-03-31T00:14:48.898+0000] {processor.py:153} INFO - Started process (PID=16702) to work on /opt/airflow/dags/adhoc.py
[2023-03-31T00:14:48.899+0000] {processor.py:743} INFO - Processing file /opt/airflow/dags/adhoc.py for tasks to queue
[2023-03-31T00:14:48.900+0000] {logging_mixin.py:137} INFO - [2023-03-31T00:14:48.900+0000] {dagbag.py:538} INFO - Filling up the DagBag from /opt/airflow/dags/adhoc.py
[2023-03-31T00:14:49.395+0000] {processor.py:753} INFO - DAG(s) dict_keys(['audio_transcription']) retrieved from /opt/airflow/dags/adhoc.py
[2023-03-31T00:14:49.436+0000] {logging_mixin.py:137} INFO - [2023-03-31T00:14:49.435+0000] {dag.py:2690} INFO - Sync 1 DAGs
[2023-03-31T00:14:49.479+0000] {logging_mixin.py:137} INFO - [2023-03-31T00:14:49.478+0000] {dag.py:3441} INFO - Setting next_dagrun for audio_transcription to 2023-03-31T00:00:00+00:00, run_after=2023-04-01T00:00:00+00:00
[2023-03-31T00:14:49.515+0000] {processor.py:175} INFO - Processing /opt/airflow/dags/adhoc.py took 0.620 seconds
[2023-03-31T00:15:19.763+0000] {processor.py:153} INFO - Started process (PID=16746) to work on /opt/airflow/dags/adhoc.py
[2023-03-31T00:15:19.774+0000] {processor.py:743} INFO - Processing file /opt/airflow/dags/adhoc.py for tasks to queue
[2023-03-31T00:15:19.779+0000] {logging_mixin.py:137} INFO - [2023-03-31T00:15:19.778+0000] {dagbag.py:538} INFO - Filling up the DagBag from /opt/airflow/dags/adhoc.py
[2023-03-31T00:15:21.244+0000] {processor.py:753} INFO - DAG(s) dict_keys(['audio_transcription']) retrieved from /opt/airflow/dags/adhoc.py
[2023-03-31T00:15:21.360+0000] {logging_mixin.py:137} INFO - [2023-03-31T00:15:21.358+0000] {dag.py:2690} INFO - Sync 1 DAGs
[2023-03-31T00:15:21.432+0000] {logging_mixin.py:137} INFO - [2023-03-31T00:15:21.431+0000] {dag.py:3441} INFO - Setting next_dagrun for audio_transcription to 2023-03-31T00:00:00+00:00, run_after=2023-04-01T00:00:00+00:00
[2023-03-31T00:15:21.480+0000] {processor.py:175} INFO - Processing /opt/airflow/dags/adhoc.py took 1.728 seconds
[2023-03-31T00:15:51.692+0000] {processor.py:153} INFO - Started process (PID=16790) to work on /opt/airflow/dags/adhoc.py
[2023-03-31T00:15:51.693+0000] {processor.py:743} INFO - Processing file /opt/airflow/dags/adhoc.py for tasks to queue
[2023-03-31T00:15:51.694+0000] {logging_mixin.py:137} INFO - [2023-03-31T00:15:51.694+0000] {dagbag.py:538} INFO - Filling up the DagBag from /opt/airflow/dags/adhoc.py
[2023-03-31T00:15:52.330+0000] {processor.py:753} INFO - DAG(s) dict_keys(['audio_transcription']) retrieved from /opt/airflow/dags/adhoc.py
[2023-03-31T00:15:52.374+0000] {logging_mixin.py:137} INFO - [2023-03-31T00:15:52.373+0000] {dag.py:2690} INFO - Sync 1 DAGs
[2023-03-31T00:15:52.402+0000] {logging_mixin.py:137} INFO - [2023-03-31T00:15:52.401+0000] {dag.py:3441} INFO - Setting next_dagrun for audio_transcription to 2023-03-31T00:00:00+00:00, run_after=2023-04-01T00:00:00+00:00
[2023-03-31T00:15:52.441+0000] {processor.py:175} INFO - Processing /opt/airflow/dags/adhoc.py took 0.752 seconds
[2023-03-31T00:16:23.062+0000] {processor.py:153} INFO - Started process (PID=16845) to work on /opt/airflow/dags/adhoc.py
[2023-03-31T00:16:23.074+0000] {processor.py:743} INFO - Processing file /opt/airflow/dags/adhoc.py for tasks to queue
[2023-03-31T00:16:23.075+0000] {logging_mixin.py:137} INFO - [2023-03-31T00:16:23.075+0000] {dagbag.py:538} INFO - Filling up the DagBag from /opt/airflow/dags/adhoc.py
[2023-03-31T00:16:25.783+0000] {processor.py:753} INFO - DAG(s) dict_keys(['audio_transcription']) retrieved from /opt/airflow/dags/adhoc.py
[2023-03-31T00:16:25.929+0000] {logging_mixin.py:137} INFO - [2023-03-31T00:16:25.928+0000] {dag.py:2690} INFO - Sync 1 DAGs
[2023-03-31T00:16:26.046+0000] {logging_mixin.py:137} INFO - [2023-03-31T00:16:26.046+0000] {dag.py:3441} INFO - Setting next_dagrun for audio_transcription to 2023-03-31T00:00:00+00:00, run_after=2023-04-01T00:00:00+00:00
[2023-03-31T00:16:26.109+0000] {processor.py:175} INFO - Processing /opt/airflow/dags/adhoc.py took 3.071 seconds
[2023-03-31T00:16:56.175+0000] {processor.py:153} INFO - Started process (PID=16889) to work on /opt/airflow/dags/adhoc.py
[2023-03-31T00:16:56.177+0000] {processor.py:743} INFO - Processing file /opt/airflow/dags/adhoc.py for tasks to queue
[2023-03-31T00:16:56.179+0000] {logging_mixin.py:137} INFO - [2023-03-31T00:16:56.178+0000] {dagbag.py:538} INFO - Filling up the DagBag from /opt/airflow/dags/adhoc.py
[2023-03-31T00:16:57.010+0000] {processor.py:753} INFO - DAG(s) dict_keys(['audio_transcription']) retrieved from /opt/airflow/dags/adhoc.py
[2023-03-31T00:16:57.084+0000] {logging_mixin.py:137} INFO - [2023-03-31T00:16:57.083+0000] {dag.py:2690} INFO - Sync 1 DAGs
[2023-03-31T00:16:57.137+0000] {logging_mixin.py:137} INFO - [2023-03-31T00:16:57.136+0000] {dag.py:3441} INFO - Setting next_dagrun for audio_transcription to 2023-03-31T00:00:00+00:00, run_after=2023-04-01T00:00:00+00:00
[2023-03-31T00:16:57.194+0000] {processor.py:175} INFO - Processing /opt/airflow/dags/adhoc.py took 1.024 seconds
[2023-03-31T00:17:27.481+0000] {processor.py:153} INFO - Started process (PID=16933) to work on /opt/airflow/dags/adhoc.py
[2023-03-31T00:17:27.484+0000] {processor.py:743} INFO - Processing file /opt/airflow/dags/adhoc.py for tasks to queue
[2023-03-31T00:17:27.485+0000] {logging_mixin.py:137} INFO - [2023-03-31T00:17:27.485+0000] {dagbag.py:538} INFO - Filling up the DagBag from /opt/airflow/dags/adhoc.py
[2023-03-31T00:17:29.201+0000] {processor.py:753} INFO - DAG(s) dict_keys(['audio_transcription']) retrieved from /opt/airflow/dags/adhoc.py
[2023-03-31T00:17:29.330+0000] {logging_mixin.py:137} INFO - [2023-03-31T00:17:29.329+0000] {dag.py:2690} INFO - Sync 1 DAGs
[2023-03-31T00:17:29.448+0000] {logging_mixin.py:137} INFO - [2023-03-31T00:17:29.448+0000] {dag.py:3441} INFO - Setting next_dagrun for audio_transcription to 2023-03-31T00:00:00+00:00, run_after=2023-04-01T00:00:00+00:00
[2023-03-31T00:17:29.538+0000] {processor.py:175} INFO - Processing /opt/airflow/dags/adhoc.py took 2.076 seconds
[2023-03-31T00:17:59.830+0000] {processor.py:153} INFO - Started process (PID=16968) to work on /opt/airflow/dags/adhoc.py
[2023-03-31T00:17:59.831+0000] {processor.py:743} INFO - Processing file /opt/airflow/dags/adhoc.py for tasks to queue
[2023-03-31T00:17:59.831+0000] {logging_mixin.py:137} INFO - [2023-03-31T00:17:59.831+0000] {dagbag.py:538} INFO - Filling up the DagBag from /opt/airflow/dags/adhoc.py
[2023-03-31T00:18:00.333+0000] {processor.py:753} INFO - DAG(s) dict_keys(['audio_transcription']) retrieved from /opt/airflow/dags/adhoc.py
[2023-03-31T00:18:00.370+0000] {logging_mixin.py:137} INFO - [2023-03-31T00:18:00.370+0000] {dag.py:2690} INFO - Sync 1 DAGs
[2023-03-31T00:18:00.401+0000] {logging_mixin.py:137} INFO - [2023-03-31T00:18:00.401+0000] {dag.py:3441} INFO - Setting next_dagrun for audio_transcription to 2023-03-31T00:00:00+00:00, run_after=2023-04-01T00:00:00+00:00
[2023-03-31T00:18:00.427+0000] {processor.py:175} INFO - Processing /opt/airflow/dags/adhoc.py took 0.600 seconds
[2023-03-31T00:18:30.648+0000] {processor.py:153} INFO - Started process (PID=17033) to work on /opt/airflow/dags/adhoc.py
[2023-03-31T00:18:30.651+0000] {processor.py:743} INFO - Processing file /opt/airflow/dags/adhoc.py for tasks to queue
[2023-03-31T00:18:30.653+0000] {logging_mixin.py:137} INFO - [2023-03-31T00:18:30.653+0000] {dagbag.py:538} INFO - Filling up the DagBag from /opt/airflow/dags/adhoc.py
[2023-03-31T00:18:31.484+0000] {processor.py:753} INFO - DAG(s) dict_keys(['audio_transcription']) retrieved from /opt/airflow/dags/adhoc.py
[2023-03-31T00:18:31.545+0000] {logging_mixin.py:137} INFO - [2023-03-31T00:18:31.543+0000] {dag.py:2690} INFO - Sync 1 DAGs
[2023-03-31T00:18:31.604+0000] {logging_mixin.py:137} INFO - [2023-03-31T00:18:31.603+0000] {dag.py:3441} INFO - Setting next_dagrun for audio_transcription to 2023-03-31T00:00:00+00:00, run_after=2023-04-01T00:00:00+00:00
[2023-03-31T00:18:31.648+0000] {processor.py:175} INFO - Processing /opt/airflow/dags/adhoc.py took 1.004 seconds
[2023-03-31T00:19:01.946+0000] {processor.py:153} INFO - Started process (PID=17078) to work on /opt/airflow/dags/adhoc.py
[2023-03-31T00:19:01.947+0000] {processor.py:743} INFO - Processing file /opt/airflow/dags/adhoc.py for tasks to queue
[2023-03-31T00:19:01.947+0000] {logging_mixin.py:137} INFO - [2023-03-31T00:19:01.947+0000] {dagbag.py:538} INFO - Filling up the DagBag from /opt/airflow/dags/adhoc.py
[2023-03-31T00:19:02.491+0000] {processor.py:753} INFO - DAG(s) dict_keys(['audio_transcription']) retrieved from /opt/airflow/dags/adhoc.py
[2023-03-31T00:19:02.536+0000] {logging_mixin.py:137} INFO - [2023-03-31T00:19:02.535+0000] {dag.py:2690} INFO - Sync 1 DAGs
[2023-03-31T00:19:02.567+0000] {logging_mixin.py:137} INFO - [2023-03-31T00:19:02.567+0000] {dag.py:3441} INFO - Setting next_dagrun for audio_transcription to 2023-03-31T00:00:00+00:00, run_after=2023-04-01T00:00:00+00:00
[2023-03-31T00:19:02.605+0000] {processor.py:175} INFO - Processing /opt/airflow/dags/adhoc.py took 0.662 seconds
[2023-03-31T00:19:32.701+0000] {processor.py:153} INFO - Started process (PID=17122) to work on /opt/airflow/dags/adhoc.py
[2023-03-31T00:19:32.703+0000] {processor.py:743} INFO - Processing file /opt/airflow/dags/adhoc.py for tasks to queue
[2023-03-31T00:19:32.704+0000] {logging_mixin.py:137} INFO - [2023-03-31T00:19:32.703+0000] {dagbag.py:538} INFO - Filling up the DagBag from /opt/airflow/dags/adhoc.py
[2023-03-31T00:19:33.356+0000] {processor.py:753} INFO - DAG(s) dict_keys(['audio_transcription']) retrieved from /opt/airflow/dags/adhoc.py
[2023-03-31T00:19:33.414+0000] {logging_mixin.py:137} INFO - [2023-03-31T00:19:33.413+0000] {dag.py:2690} INFO - Sync 1 DAGs
[2023-03-31T00:19:33.476+0000] {logging_mixin.py:137} INFO - [2023-03-31T00:19:33.475+0000] {dag.py:3441} INFO - Setting next_dagrun for audio_transcription to 2023-03-31T00:00:00+00:00, run_after=2023-04-01T00:00:00+00:00
[2023-03-31T00:19:33.519+0000] {processor.py:175} INFO - Processing /opt/airflow/dags/adhoc.py took 0.822 seconds
[2023-03-31T00:20:04.030+0000] {processor.py:153} INFO - Started process (PID=17155) to work on /opt/airflow/dags/adhoc.py
[2023-03-31T00:20:04.033+0000] {processor.py:743} INFO - Processing file /opt/airflow/dags/adhoc.py for tasks to queue
[2023-03-31T00:20:04.034+0000] {logging_mixin.py:137} INFO - [2023-03-31T00:20:04.034+0000] {dagbag.py:538} INFO - Filling up the DagBag from /opt/airflow/dags/adhoc.py
[2023-03-31T00:20:05.327+0000] {processor.py:753} INFO - DAG(s) dict_keys(['audio_transcription']) retrieved from /opt/airflow/dags/adhoc.py
[2023-03-31T00:20:05.421+0000] {logging_mixin.py:137} INFO - [2023-03-31T00:20:05.420+0000] {dag.py:2690} INFO - Sync 1 DAGs
[2023-03-31T00:20:05.478+0000] {logging_mixin.py:137} INFO - [2023-03-31T00:20:05.477+0000] {dag.py:3441} INFO - Setting next_dagrun for audio_transcription to 2023-03-31T00:00:00+00:00, run_after=2023-04-01T00:00:00+00:00
[2023-03-31T00:20:05.529+0000] {processor.py:175} INFO - Processing /opt/airflow/dags/adhoc.py took 1.510 seconds
[2023-03-31T00:20:35.783+0000] {processor.py:153} INFO - Started process (PID=17210) to work on /opt/airflow/dags/adhoc.py
[2023-03-31T00:20:35.786+0000] {processor.py:743} INFO - Processing file /opt/airflow/dags/adhoc.py for tasks to queue
[2023-03-31T00:20:35.797+0000] {logging_mixin.py:137} INFO - [2023-03-31T00:20:35.797+0000] {dagbag.py:538} INFO - Filling up the DagBag from /opt/airflow/dags/adhoc.py
[2023-03-31T00:20:37.431+0000] {processor.py:753} INFO - DAG(s) dict_keys(['audio_transcription']) retrieved from /opt/airflow/dags/adhoc.py
[2023-03-31T00:20:37.580+0000] {logging_mixin.py:137} INFO - [2023-03-31T00:20:37.579+0000] {dag.py:2690} INFO - Sync 1 DAGs
[2023-03-31T00:20:37.686+0000] {logging_mixin.py:137} INFO - [2023-03-31T00:20:37.685+0000] {dag.py:3441} INFO - Setting next_dagrun for audio_transcription to 2023-03-31T00:00:00+00:00, run_after=2023-04-01T00:00:00+00:00
[2023-03-31T00:20:37.752+0000] {processor.py:175} INFO - Processing /opt/airflow/dags/adhoc.py took 1.986 seconds
[2023-03-31T00:21:08.130+0000] {processor.py:153} INFO - Started process (PID=17241) to work on /opt/airflow/dags/adhoc.py
[2023-03-31T00:21:08.154+0000] {processor.py:743} INFO - Processing file /opt/airflow/dags/adhoc.py for tasks to queue
[2023-03-31T00:21:08.155+0000] {logging_mixin.py:137} INFO - [2023-03-31T00:21:08.155+0000] {dagbag.py:538} INFO - Filling up the DagBag from /opt/airflow/dags/adhoc.py
[2023-03-31T00:21:10.577+0000] {processor.py:753} INFO - DAG(s) dict_keys(['audio_transcription']) retrieved from /opt/airflow/dags/adhoc.py
[2023-03-31T00:21:10.779+0000] {logging_mixin.py:137} INFO - [2023-03-31T00:21:10.778+0000] {dag.py:2690} INFO - Sync 1 DAGs
[2023-03-31T00:21:10.915+0000] {logging_mixin.py:137} INFO - [2023-03-31T00:21:10.915+0000] {dag.py:3441} INFO - Setting next_dagrun for audio_transcription to 2023-03-31T00:00:00+00:00, run_after=2023-04-01T00:00:00+00:00
[2023-03-31T00:21:11.015+0000] {processor.py:175} INFO - Processing /opt/airflow/dags/adhoc.py took 2.894 seconds
[2023-03-31T00:21:41.130+0000] {processor.py:153} INFO - Started process (PID=17278) to work on /opt/airflow/dags/adhoc.py
[2023-03-31T00:21:41.147+0000] {processor.py:743} INFO - Processing file /opt/airflow/dags/adhoc.py for tasks to queue
[2023-03-31T00:21:41.149+0000] {logging_mixin.py:137} INFO - [2023-03-31T00:21:41.149+0000] {dagbag.py:538} INFO - Filling up the DagBag from /opt/airflow/dags/adhoc.py
[2023-03-31T00:21:42.758+0000] {processor.py:753} INFO - DAG(s) dict_keys(['audio_transcription']) retrieved from /opt/airflow/dags/adhoc.py
[2023-03-31T00:21:42.890+0000] {logging_mixin.py:137} INFO - [2023-03-31T00:21:42.888+0000] {dag.py:2690} INFO - Sync 1 DAGs
[2023-03-31T00:21:43.004+0000] {logging_mixin.py:137} INFO - [2023-03-31T00:21:43.003+0000] {dag.py:3441} INFO - Setting next_dagrun for audio_transcription to 2023-03-31T00:00:00+00:00, run_after=2023-04-01T00:00:00+00:00
[2023-03-31T00:21:43.062+0000] {processor.py:175} INFO - Processing /opt/airflow/dags/adhoc.py took 1.953 seconds
[2023-03-31T00:22:13.347+0000] {processor.py:153} INFO - Started process (PID=17322) to work on /opt/airflow/dags/adhoc.py
[2023-03-31T00:22:13.350+0000] {processor.py:743} INFO - Processing file /opt/airflow/dags/adhoc.py for tasks to queue
[2023-03-31T00:22:13.352+0000] {logging_mixin.py:137} INFO - [2023-03-31T00:22:13.352+0000] {dagbag.py:538} INFO - Filling up the DagBag from /opt/airflow/dags/adhoc.py
[2023-03-31T00:22:15.494+0000] {processor.py:753} INFO - DAG(s) dict_keys(['audio_transcription']) retrieved from /opt/airflow/dags/adhoc.py
[2023-03-31T00:22:15.675+0000] {logging_mixin.py:137} INFO - [2023-03-31T00:22:15.673+0000] {dag.py:2690} INFO - Sync 1 DAGs
[2023-03-31T00:22:15.785+0000] {logging_mixin.py:137} INFO - [2023-03-31T00:22:15.784+0000] {dag.py:3441} INFO - Setting next_dagrun for audio_transcription to 2023-03-31T00:00:00+00:00, run_after=2023-04-01T00:00:00+00:00
[2023-03-31T00:22:15.855+0000] {processor.py:175} INFO - Processing /opt/airflow/dags/adhoc.py took 2.517 seconds
[2023-03-31T00:22:46.075+0000] {processor.py:153} INFO - Started process (PID=17366) to work on /opt/airflow/dags/adhoc.py
[2023-03-31T00:22:46.076+0000] {processor.py:743} INFO - Processing file /opt/airflow/dags/adhoc.py for tasks to queue
[2023-03-31T00:22:46.077+0000] {logging_mixin.py:137} INFO - [2023-03-31T00:22:46.076+0000] {dagbag.py:538} INFO - Filling up the DagBag from /opt/airflow/dags/adhoc.py
[2023-03-31T00:22:46.867+0000] {processor.py:753} INFO - DAG(s) dict_keys(['audio_transcription']) retrieved from /opt/airflow/dags/adhoc.py
[2023-03-31T00:22:46.922+0000] {logging_mixin.py:137} INFO - [2023-03-31T00:22:46.921+0000] {dag.py:2690} INFO - Sync 1 DAGs
[2023-03-31T00:22:46.968+0000] {logging_mixin.py:137} INFO - [2023-03-31T00:22:46.968+0000] {dag.py:3441} INFO - Setting next_dagrun for audio_transcription to 2023-03-31T00:00:00+00:00, run_after=2023-04-01T00:00:00+00:00
[2023-03-31T00:22:47.006+0000] {processor.py:175} INFO - Processing /opt/airflow/dags/adhoc.py took 0.935 seconds
[2023-03-31T00:23:17.356+0000] {processor.py:153} INFO - Started process (PID=17411) to work on /opt/airflow/dags/adhoc.py
[2023-03-31T00:23:17.370+0000] {processor.py:743} INFO - Processing file /opt/airflow/dags/adhoc.py for tasks to queue
[2023-03-31T00:23:17.373+0000] {logging_mixin.py:137} INFO - [2023-03-31T00:23:17.373+0000] {dagbag.py:538} INFO - Filling up the DagBag from /opt/airflow/dags/adhoc.py
[2023-03-31T00:23:19.906+0000] {processor.py:753} INFO - DAG(s) dict_keys(['audio_transcription']) retrieved from /opt/airflow/dags/adhoc.py
[2023-03-31T00:23:20.140+0000] {logging_mixin.py:137} INFO - [2023-03-31T00:23:20.139+0000] {dag.py:2690} INFO - Sync 1 DAGs
[2023-03-31T00:23:20.336+0000] {logging_mixin.py:137} INFO - [2023-03-31T00:23:20.336+0000] {dag.py:3441} INFO - Setting next_dagrun for audio_transcription to 2023-03-31T00:00:00+00:00, run_after=2023-04-01T00:00:00+00:00
[2023-03-31T00:23:20.476+0000] {processor.py:175} INFO - Processing /opt/airflow/dags/adhoc.py took 3.144 seconds
[2023-03-31T00:23:50.795+0000] {processor.py:153} INFO - Started process (PID=17455) to work on /opt/airflow/dags/adhoc.py
[2023-03-31T00:23:50.808+0000] {processor.py:743} INFO - Processing file /opt/airflow/dags/adhoc.py for tasks to queue
[2023-03-31T00:23:50.811+0000] {logging_mixin.py:137} INFO - [2023-03-31T00:23:50.810+0000] {dagbag.py:538} INFO - Filling up the DagBag from /opt/airflow/dags/adhoc.py
[2023-03-31T00:23:52.163+0000] {processor.py:753} INFO - DAG(s) dict_keys(['audio_transcription']) retrieved from /opt/airflow/dags/adhoc.py
[2023-03-31T00:23:52.237+0000] {logging_mixin.py:137} INFO - [2023-03-31T00:23:52.236+0000] {dag.py:2690} INFO - Sync 1 DAGs
[2023-03-31T00:23:52.293+0000] {logging_mixin.py:137} INFO - [2023-03-31T00:23:52.292+0000] {dag.py:3441} INFO - Setting next_dagrun for audio_transcription to 2023-03-31T00:00:00+00:00, run_after=2023-04-01T00:00:00+00:00
[2023-03-31T00:23:52.342+0000] {processor.py:175} INFO - Processing /opt/airflow/dags/adhoc.py took 1.561 seconds
[2023-03-31T00:24:22.696+0000] {processor.py:153} INFO - Started process (PID=17500) to work on /opt/airflow/dags/adhoc.py
[2023-03-31T00:24:22.705+0000] {processor.py:743} INFO - Processing file /opt/airflow/dags/adhoc.py for tasks to queue
[2023-03-31T00:24:22.708+0000] {logging_mixin.py:137} INFO - [2023-03-31T00:24:22.708+0000] {dagbag.py:538} INFO - Filling up the DagBag from /opt/airflow/dags/adhoc.py
[2023-03-31T00:24:25.389+0000] {processor.py:753} INFO - DAG(s) dict_keys(['audio_transcription']) retrieved from /opt/airflow/dags/adhoc.py
[2023-03-31T00:24:25.584+0000] {logging_mixin.py:137} INFO - [2023-03-31T00:24:25.582+0000] {dag.py:2690} INFO - Sync 1 DAGs
[2023-03-31T00:24:25.813+0000] {logging_mixin.py:137} INFO - [2023-03-31T00:24:25.813+0000] {dag.py:3441} INFO - Setting next_dagrun for audio_transcription to 2023-03-31T00:00:00+00:00, run_after=2023-04-01T00:00:00+00:00
[2023-03-31T00:24:25.956+0000] {processor.py:175} INFO - Processing /opt/airflow/dags/adhoc.py took 3.277 seconds
[2023-03-31T00:24:56.212+0000] {processor.py:153} INFO - Started process (PID=17543) to work on /opt/airflow/dags/adhoc.py
[2023-03-31T00:24:56.219+0000] {processor.py:743} INFO - Processing file /opt/airflow/dags/adhoc.py for tasks to queue
[2023-03-31T00:24:56.221+0000] {logging_mixin.py:137} INFO - [2023-03-31T00:24:56.220+0000] {dagbag.py:538} INFO - Filling up the DagBag from /opt/airflow/dags/adhoc.py
[2023-03-31T00:24:58.143+0000] {processor.py:753} INFO - DAG(s) dict_keys(['audio_transcription']) retrieved from /opt/airflow/dags/adhoc.py
[2023-03-31T00:24:58.323+0000] {logging_mixin.py:137} INFO - [2023-03-31T00:24:58.321+0000] {dag.py:2690} INFO - Sync 1 DAGs
[2023-03-31T00:24:58.444+0000] {logging_mixin.py:137} INFO - [2023-03-31T00:24:58.443+0000] {dag.py:3441} INFO - Setting next_dagrun for audio_transcription to 2023-03-31T00:00:00+00:00, run_after=2023-04-01T00:00:00+00:00
[2023-03-31T00:24:58.544+0000] {processor.py:175} INFO - Processing /opt/airflow/dags/adhoc.py took 2.347 seconds
[2023-03-31T00:25:28.820+0000] {processor.py:153} INFO - Started process (PID=17588) to work on /opt/airflow/dags/adhoc.py
[2023-03-31T00:25:28.823+0000] {processor.py:743} INFO - Processing file /opt/airflow/dags/adhoc.py for tasks to queue
[2023-03-31T00:25:28.825+0000] {logging_mixin.py:137} INFO - [2023-03-31T00:25:28.825+0000] {dagbag.py:538} INFO - Filling up the DagBag from /opt/airflow/dags/adhoc.py
[2023-03-31T00:25:30.964+0000] {processor.py:753} INFO - DAG(s) dict_keys(['audio_transcription']) retrieved from /opt/airflow/dags/adhoc.py
[2023-03-31T00:25:31.134+0000] {logging_mixin.py:137} INFO - [2023-03-31T00:25:31.133+0000] {dag.py:2690} INFO - Sync 1 DAGs
[2023-03-31T00:25:31.295+0000] {logging_mixin.py:137} INFO - [2023-03-31T00:25:31.294+0000] {dag.py:3441} INFO - Setting next_dagrun for audio_transcription to 2023-03-31T00:00:00+00:00, run_after=2023-04-01T00:00:00+00:00
[2023-03-31T00:25:31.409+0000] {processor.py:175} INFO - Processing /opt/airflow/dags/adhoc.py took 2.599 seconds
[2023-03-31T00:26:01.805+0000] {processor.py:153} INFO - Started process (PID=17632) to work on /opt/airflow/dags/adhoc.py
[2023-03-31T00:26:01.806+0000] {processor.py:743} INFO - Processing file /opt/airflow/dags/adhoc.py for tasks to queue
[2023-03-31T00:26:01.807+0000] {logging_mixin.py:137} INFO - [2023-03-31T00:26:01.807+0000] {dagbag.py:538} INFO - Filling up the DagBag from /opt/airflow/dags/adhoc.py
[2023-03-31T00:26:03.002+0000] {processor.py:753} INFO - DAG(s) dict_keys(['audio_transcription']) retrieved from /opt/airflow/dags/adhoc.py
[2023-03-31T00:26:03.099+0000] {logging_mixin.py:137} INFO - [2023-03-31T00:26:03.098+0000] {dag.py:2690} INFO - Sync 1 DAGs
[2023-03-31T00:26:03.163+0000] {logging_mixin.py:137} INFO - [2023-03-31T00:26:03.163+0000] {dag.py:3441} INFO - Setting next_dagrun for audio_transcription to 2023-03-31T00:00:00+00:00, run_after=2023-04-01T00:00:00+00:00
[2023-03-31T00:26:03.218+0000] {processor.py:175} INFO - Processing /opt/airflow/dags/adhoc.py took 1.422 seconds
[2023-03-31T00:26:33.492+0000] {processor.py:153} INFO - Started process (PID=17656) to work on /opt/airflow/dags/adhoc.py
[2023-03-31T00:26:33.494+0000] {processor.py:743} INFO - Processing file /opt/airflow/dags/adhoc.py for tasks to queue
[2023-03-31T00:26:33.498+0000] {logging_mixin.py:137} INFO - [2023-03-31T00:26:33.498+0000] {dagbag.py:538} INFO - Filling up the DagBag from /opt/airflow/dags/adhoc.py
[2023-03-31T00:26:34.309+0000] {processor.py:753} INFO - DAG(s) dict_keys(['audio_transcription']) retrieved from /opt/airflow/dags/adhoc.py
[2023-03-31T00:26:34.359+0000] {logging_mixin.py:137} INFO - [2023-03-31T00:26:34.359+0000] {dag.py:2690} INFO - Sync 1 DAGs
[2023-03-31T00:26:34.415+0000] {logging_mixin.py:137} INFO - [2023-03-31T00:26:34.415+0000] {dag.py:3441} INFO - Setting next_dagrun for audio_transcription to 2023-03-31T00:00:00+00:00, run_after=2023-04-01T00:00:00+00:00
[2023-03-31T00:26:34.453+0000] {processor.py:175} INFO - Processing /opt/airflow/dags/adhoc.py took 0.968 seconds
[2023-03-31T00:27:05.107+0000] {processor.py:153} INFO - Started process (PID=17700) to work on /opt/airflow/dags/adhoc.py
[2023-03-31T00:27:05.111+0000] {processor.py:743} INFO - Processing file /opt/airflow/dags/adhoc.py for tasks to queue
[2023-03-31T00:27:05.114+0000] {logging_mixin.py:137} INFO - [2023-03-31T00:27:05.113+0000] {dagbag.py:538} INFO - Filling up the DagBag from /opt/airflow/dags/adhoc.py
[2023-03-31T00:27:06.476+0000] {processor.py:753} INFO - DAG(s) dict_keys(['audio_transcription']) retrieved from /opt/airflow/dags/adhoc.py
[2023-03-31T00:27:06.589+0000] {logging_mixin.py:137} INFO - [2023-03-31T00:27:06.588+0000] {dag.py:2690} INFO - Sync 1 DAGs
[2023-03-31T00:27:06.677+0000] {logging_mixin.py:137} INFO - [2023-03-31T00:27:06.676+0000] {dag.py:3441} INFO - Setting next_dagrun for audio_transcription to 2023-03-31T00:00:00+00:00, run_after=2023-04-01T00:00:00+00:00
[2023-03-31T00:27:06.734+0000] {processor.py:175} INFO - Processing /opt/airflow/dags/adhoc.py took 1.636 seconds
[2023-03-31T00:27:37.006+0000] {processor.py:153} INFO - Started process (PID=17744) to work on /opt/airflow/dags/adhoc.py
[2023-03-31T00:27:37.007+0000] {processor.py:743} INFO - Processing file /opt/airflow/dags/adhoc.py for tasks to queue
[2023-03-31T00:27:37.008+0000] {logging_mixin.py:137} INFO - [2023-03-31T00:27:37.008+0000] {dagbag.py:538} INFO - Filling up the DagBag from /opt/airflow/dags/adhoc.py
[2023-03-31T00:27:37.951+0000] {processor.py:753} INFO - DAG(s) dict_keys(['audio_transcription']) retrieved from /opt/airflow/dags/adhoc.py
[2023-03-31T00:27:38.009+0000] {logging_mixin.py:137} INFO - [2023-03-31T00:27:38.007+0000] {dag.py:2690} INFO - Sync 1 DAGs
[2023-03-31T00:27:38.055+0000] {logging_mixin.py:137} INFO - [2023-03-31T00:27:38.055+0000] {dag.py:3441} INFO - Setting next_dagrun for audio_transcription to 2023-03-31T00:00:00+00:00, run_after=2023-04-01T00:00:00+00:00
[2023-03-31T00:27:38.097+0000] {processor.py:175} INFO - Processing /opt/airflow/dags/adhoc.py took 1.096 seconds
[2023-03-31T00:28:08.336+0000] {processor.py:153} INFO - Started process (PID=17788) to work on /opt/airflow/dags/adhoc.py
[2023-03-31T00:28:08.339+0000] {processor.py:743} INFO - Processing file /opt/airflow/dags/adhoc.py for tasks to queue
[2023-03-31T00:28:08.341+0000] {logging_mixin.py:137} INFO - [2023-03-31T00:28:08.340+0000] {dagbag.py:538} INFO - Filling up the DagBag from /opt/airflow/dags/adhoc.py
[2023-03-31T00:28:09.879+0000] {processor.py:753} INFO - DAG(s) dict_keys(['audio_transcription']) retrieved from /opt/airflow/dags/adhoc.py
[2023-03-31T00:28:09.979+0000] {logging_mixin.py:137} INFO - [2023-03-31T00:28:09.978+0000] {dag.py:2690} INFO - Sync 1 DAGs
[2023-03-31T00:28:10.037+0000] {logging_mixin.py:137} INFO - [2023-03-31T00:28:10.037+0000] {dag.py:3441} INFO - Setting next_dagrun for audio_transcription to 2023-03-31T00:00:00+00:00, run_after=2023-04-01T00:00:00+00:00
[2023-03-31T00:28:10.092+0000] {processor.py:175} INFO - Processing /opt/airflow/dags/adhoc.py took 1.765 seconds
[2023-03-31T00:28:40.220+0000] {processor.py:153} INFO - Started process (PID=17832) to work on /opt/airflow/dags/adhoc.py
[2023-03-31T00:28:40.222+0000] {processor.py:743} INFO - Processing file /opt/airflow/dags/adhoc.py for tasks to queue
[2023-03-31T00:28:40.225+0000] {logging_mixin.py:137} INFO - [2023-03-31T00:28:40.224+0000] {dagbag.py:538} INFO - Filling up the DagBag from /opt/airflow/dags/adhoc.py
[2023-03-31T00:28:41.384+0000] {processor.py:753} INFO - DAG(s) dict_keys(['audio_transcription']) retrieved from /opt/airflow/dags/adhoc.py
[2023-03-31T00:28:41.470+0000] {logging_mixin.py:137} INFO - [2023-03-31T00:28:41.469+0000] {dag.py:2690} INFO - Sync 1 DAGs
[2023-03-31T00:28:41.534+0000] {logging_mixin.py:137} INFO - [2023-03-31T00:28:41.534+0000] {dag.py:3441} INFO - Setting next_dagrun for audio_transcription to 2023-03-31T00:00:00+00:00, run_after=2023-04-01T00:00:00+00:00
[2023-03-31T00:28:41.587+0000] {processor.py:175} INFO - Processing /opt/airflow/dags/adhoc.py took 1.375 seconds
[2023-03-31T00:29:11.906+0000] {processor.py:153} INFO - Started process (PID=17865) to work on /opt/airflow/dags/adhoc.py
[2023-03-31T00:29:11.907+0000] {processor.py:743} INFO - Processing file /opt/airflow/dags/adhoc.py for tasks to queue
[2023-03-31T00:29:11.908+0000] {logging_mixin.py:137} INFO - [2023-03-31T00:29:11.908+0000] {dagbag.py:538} INFO - Filling up the DagBag from /opt/airflow/dags/adhoc.py
[2023-03-31T00:29:12.727+0000] {processor.py:753} INFO - DAG(s) dict_keys(['audio_transcription']) retrieved from /opt/airflow/dags/adhoc.py
[2023-03-31T00:29:12.793+0000] {logging_mixin.py:137} INFO - [2023-03-31T00:29:12.792+0000] {dag.py:2690} INFO - Sync 1 DAGs
[2023-03-31T00:29:12.836+0000] {logging_mixin.py:137} INFO - [2023-03-31T00:29:12.836+0000] {dag.py:3441} INFO - Setting next_dagrun for audio_transcription to 2023-03-31T00:00:00+00:00, run_after=2023-04-01T00:00:00+00:00
[2023-03-31T00:29:12.875+0000] {processor.py:175} INFO - Processing /opt/airflow/dags/adhoc.py took 0.975 seconds
[2023-03-31T00:29:43.304+0000] {processor.py:153} INFO - Started process (PID=17921) to work on /opt/airflow/dags/adhoc.py
[2023-03-31T00:29:43.307+0000] {processor.py:743} INFO - Processing file /opt/airflow/dags/adhoc.py for tasks to queue
[2023-03-31T00:29:43.308+0000] {logging_mixin.py:137} INFO - [2023-03-31T00:29:43.308+0000] {dagbag.py:538} INFO - Filling up the DagBag from /opt/airflow/dags/adhoc.py
[2023-03-31T00:29:44.310+0000] {processor.py:753} INFO - DAG(s) dict_keys(['audio_transcription']) retrieved from /opt/airflow/dags/adhoc.py
[2023-03-31T00:29:44.408+0000] {logging_mixin.py:137} INFO - [2023-03-31T00:29:44.407+0000] {dag.py:2690} INFO - Sync 1 DAGs
[2023-03-31T00:29:44.472+0000] {logging_mixin.py:137} INFO - [2023-03-31T00:29:44.472+0000] {dag.py:3441} INFO - Setting next_dagrun for audio_transcription to 2023-03-31T00:00:00+00:00, run_after=2023-04-01T00:00:00+00:00
[2023-03-31T00:29:44.517+0000] {processor.py:175} INFO - Processing /opt/airflow/dags/adhoc.py took 1.222 seconds
[2023-03-31T00:30:14.810+0000] {processor.py:153} INFO - Started process (PID=17967) to work on /opt/airflow/dags/adhoc.py
[2023-03-31T00:30:14.812+0000] {processor.py:743} INFO - Processing file /opt/airflow/dags/adhoc.py for tasks to queue
[2023-03-31T00:30:14.826+0000] {logging_mixin.py:137} INFO - [2023-03-31T00:30:14.813+0000] {dagbag.py:538} INFO - Filling up the DagBag from /opt/airflow/dags/adhoc.py
[2023-03-31T00:30:16.891+0000] {processor.py:753} INFO - DAG(s) dict_keys(['audio_transcription']) retrieved from /opt/airflow/dags/adhoc.py
[2023-03-31T00:30:17.035+0000] {logging_mixin.py:137} INFO - [2023-03-31T00:30:17.033+0000] {dag.py:2690} INFO - Sync 1 DAGs
[2023-03-31T00:30:17.155+0000] {logging_mixin.py:137} INFO - [2023-03-31T00:30:17.154+0000] {dag.py:3441} INFO - Setting next_dagrun for audio_transcription to 2023-03-31T00:00:00+00:00, run_after=2023-04-01T00:00:00+00:00
[2023-03-31T00:30:17.234+0000] {processor.py:175} INFO - Processing /opt/airflow/dags/adhoc.py took 2.441 seconds
[2023-03-31T00:30:47.425+0000] {processor.py:153} INFO - Started process (PID=18011) to work on /opt/airflow/dags/adhoc.py
[2023-03-31T00:30:47.428+0000] {processor.py:743} INFO - Processing file /opt/airflow/dags/adhoc.py for tasks to queue
[2023-03-31T00:30:47.433+0000] {logging_mixin.py:137} INFO - [2023-03-31T00:30:47.433+0000] {dagbag.py:538} INFO - Filling up the DagBag from /opt/airflow/dags/adhoc.py
[2023-03-31T00:30:48.652+0000] {processor.py:753} INFO - DAG(s) dict_keys(['audio_transcription']) retrieved from /opt/airflow/dags/adhoc.py
[2023-03-31T00:30:48.741+0000] {logging_mixin.py:137} INFO - [2023-03-31T00:30:48.740+0000] {dag.py:2690} INFO - Sync 1 DAGs
[2023-03-31T00:30:48.840+0000] {logging_mixin.py:137} INFO - [2023-03-31T00:30:48.839+0000] {dag.py:3441} INFO - Setting next_dagrun for audio_transcription to 2023-03-31T00:00:00+00:00, run_after=2023-04-01T00:00:00+00:00
[2023-03-31T00:30:48.897+0000] {processor.py:175} INFO - Processing /opt/airflow/dags/adhoc.py took 1.479 seconds
[2023-03-31T00:31:19.121+0000] {processor.py:153} INFO - Started process (PID=18055) to work on /opt/airflow/dags/adhoc.py
[2023-03-31T00:31:19.122+0000] {processor.py:743} INFO - Processing file /opt/airflow/dags/adhoc.py for tasks to queue
[2023-03-31T00:31:19.133+0000] {logging_mixin.py:137} INFO - [2023-03-31T00:31:19.132+0000] {dagbag.py:538} INFO - Filling up the DagBag from /opt/airflow/dags/adhoc.py
[2023-03-31T00:31:21.370+0000] {processor.py:753} INFO - DAG(s) dict_keys(['audio_transcription']) retrieved from /opt/airflow/dags/adhoc.py
[2023-03-31T00:31:21.550+0000] {logging_mixin.py:137} INFO - [2023-03-31T00:31:21.549+0000] {dag.py:2690} INFO - Sync 1 DAGs
[2023-03-31T00:31:21.689+0000] {logging_mixin.py:137} INFO - [2023-03-31T00:31:21.689+0000] {dag.py:3441} INFO - Setting next_dagrun for audio_transcription to 2023-03-31T00:00:00+00:00, run_after=2023-04-01T00:00:00+00:00
[2023-03-31T00:31:21.785+0000] {processor.py:175} INFO - Processing /opt/airflow/dags/adhoc.py took 2.686 seconds
[2023-03-31T00:31:52.129+0000] {processor.py:153} INFO - Started process (PID=18098) to work on /opt/airflow/dags/adhoc.py
[2023-03-31T00:31:52.134+0000] {processor.py:743} INFO - Processing file /opt/airflow/dags/adhoc.py for tasks to queue
[2023-03-31T00:31:52.136+0000] {logging_mixin.py:137} INFO - [2023-03-31T00:31:52.136+0000] {dagbag.py:538} INFO - Filling up the DagBag from /opt/airflow/dags/adhoc.py
[2023-03-31T00:31:54.019+0000] {processor.py:753} INFO - DAG(s) dict_keys(['audio_transcription']) retrieved from /opt/airflow/dags/adhoc.py
[2023-03-31T00:31:54.198+0000] {logging_mixin.py:137} INFO - [2023-03-31T00:31:54.193+0000] {dag.py:2690} INFO - Sync 1 DAGs
[2023-03-31T00:31:54.323+0000] {logging_mixin.py:137} INFO - [2023-03-31T00:31:54.322+0000] {dag.py:3441} INFO - Setting next_dagrun for audio_transcription to 2023-03-31T00:00:00+00:00, run_after=2023-04-01T00:00:00+00:00
[2023-03-31T00:31:54.446+0000] {processor.py:175} INFO - Processing /opt/airflow/dags/adhoc.py took 2.325 seconds
[2023-03-31T00:32:24.727+0000] {processor.py:153} INFO - Started process (PID=18141) to work on /opt/airflow/dags/adhoc.py
[2023-03-31T00:32:24.729+0000] {processor.py:743} INFO - Processing file /opt/airflow/dags/adhoc.py for tasks to queue
[2023-03-31T00:32:24.734+0000] {logging_mixin.py:137} INFO - [2023-03-31T00:32:24.733+0000] {dagbag.py:538} INFO - Filling up the DagBag from /opt/airflow/dags/adhoc.py
