[2023-03-31T00:00:20.901+0000] {processor.py:153} INFO - Started process (PID=15364) to work on /opt/airflow/dags/batch.py
[2023-03-31T00:00:20.902+0000] {processor.py:743} INFO - Processing file /opt/airflow/dags/batch.py for tasks to queue
[2023-03-31T00:00:20.902+0000] {logging_mixin.py:137} INFO - [2023-03-31T00:00:20.902+0000] {dagbag.py:538} INFO - Filling up the DagBag from /opt/airflow/dags/batch.py
[2023-03-31T00:00:21.833+0000] {logging_mixin.py:137} INFO - ['raw/JV_AUDIO_EXAMPLE.wav', 'raw/audio1.wav']
[2023-03-31T00:00:21.845+0000] {processor.py:753} INFO - DAG(s) dict_keys(['audio_transcription_batch']) retrieved from /opt/airflow/dags/batch.py
[2023-03-31T00:00:21.886+0000] {logging_mixin.py:137} INFO - [2023-03-31T00:00:21.885+0000] {dag.py:2690} INFO - Sync 1 DAGs
[2023-03-31T00:00:21.931+0000] {logging_mixin.py:137} INFO - [2023-03-31T00:00:21.930+0000] {dag.py:3441} INFO - Setting next_dagrun for audio_transcription_batch to 2023-03-31T00:00:00+00:00, run_after=2023-04-01T00:00:00+00:00
[2023-03-31T00:00:22.007+0000] {processor.py:175} INFO - Processing /opt/airflow/dags/batch.py took 1.110 seconds
[2023-03-31T00:00:52.198+0000] {processor.py:153} INFO - Started process (PID=15408) to work on /opt/airflow/dags/batch.py
[2023-03-31T00:00:52.199+0000] {processor.py:743} INFO - Processing file /opt/airflow/dags/batch.py for tasks to queue
[2023-03-31T00:00:52.200+0000] {logging_mixin.py:137} INFO - [2023-03-31T00:00:52.200+0000] {dagbag.py:538} INFO - Filling up the DagBag from /opt/airflow/dags/batch.py
[2023-03-31T00:00:52.892+0000] {logging_mixin.py:137} INFO - ['raw/JV_AUDIO_EXAMPLE.wav', 'raw/audio1.wav']
[2023-03-31T00:00:52.899+0000] {processor.py:753} INFO - DAG(s) dict_keys(['audio_transcription_batch']) retrieved from /opt/airflow/dags/batch.py
[2023-03-31T00:00:52.916+0000] {logging_mixin.py:137} INFO - [2023-03-31T00:00:52.915+0000] {dag.py:2690} INFO - Sync 1 DAGs
[2023-03-31T00:00:52.943+0000] {logging_mixin.py:137} INFO - [2023-03-31T00:00:52.943+0000] {dag.py:3441} INFO - Setting next_dagrun for audio_transcription_batch to 2023-03-31T00:00:00+00:00, run_after=2023-04-01T00:00:00+00:00
[2023-03-31T00:00:52.967+0000] {processor.py:175} INFO - Processing /opt/airflow/dags/batch.py took 0.772 seconds
[2023-03-31T00:01:23.085+0000] {processor.py:153} INFO - Started process (PID=15472) to work on /opt/airflow/dags/batch.py
[2023-03-31T00:01:23.086+0000] {processor.py:743} INFO - Processing file /opt/airflow/dags/batch.py for tasks to queue
[2023-03-31T00:01:23.088+0000] {logging_mixin.py:137} INFO - [2023-03-31T00:01:23.088+0000] {dagbag.py:538} INFO - Filling up the DagBag from /opt/airflow/dags/batch.py
[2023-03-31T00:01:24.425+0000] {logging_mixin.py:137} INFO - ['raw/JV_AUDIO_EXAMPLE.wav', 'raw/audio1.wav']
[2023-03-31T00:01:24.443+0000] {processor.py:753} INFO - DAG(s) dict_keys(['audio_transcription_batch']) retrieved from /opt/airflow/dags/batch.py
[2023-03-31T00:01:24.474+0000] {logging_mixin.py:137} INFO - [2023-03-31T00:01:24.472+0000] {dag.py:2690} INFO - Sync 1 DAGs
[2023-03-31T00:01:24.514+0000] {logging_mixin.py:137} INFO - [2023-03-31T00:01:24.514+0000] {dag.py:3441} INFO - Setting next_dagrun for audio_transcription_batch to 2023-03-31T00:00:00+00:00, run_after=2023-04-01T00:00:00+00:00
[2023-03-31T00:01:24.547+0000] {processor.py:175} INFO - Processing /opt/airflow/dags/batch.py took 1.469 seconds
[2023-03-31T00:01:54.744+0000] {processor.py:153} INFO - Started process (PID=15516) to work on /opt/airflow/dags/batch.py
[2023-03-31T00:01:54.746+0000] {processor.py:743} INFO - Processing file /opt/airflow/dags/batch.py for tasks to queue
[2023-03-31T00:01:54.747+0000] {logging_mixin.py:137} INFO - [2023-03-31T00:01:54.747+0000] {dagbag.py:538} INFO - Filling up the DagBag from /opt/airflow/dags/batch.py
[2023-03-31T00:01:55.634+0000] {logging_mixin.py:137} INFO - ['raw/JV_AUDIO_EXAMPLE.wav', 'raw/audio1.wav']
[2023-03-31T00:01:55.646+0000] {processor.py:753} INFO - DAG(s) dict_keys(['audio_transcription_batch']) retrieved from /opt/airflow/dags/batch.py
[2023-03-31T00:01:55.673+0000] {logging_mixin.py:137} INFO - [2023-03-31T00:01:55.672+0000] {dag.py:2690} INFO - Sync 1 DAGs
[2023-03-31T00:01:55.712+0000] {logging_mixin.py:137} INFO - [2023-03-31T00:01:55.712+0000] {dag.py:3441} INFO - Setting next_dagrun for audio_transcription_batch to 2023-03-31T00:00:00+00:00, run_after=2023-04-01T00:00:00+00:00
[2023-03-31T00:01:55.745+0000] {processor.py:175} INFO - Processing /opt/airflow/dags/batch.py took 1.004 seconds
[2023-03-31T00:02:25.990+0000] {processor.py:153} INFO - Started process (PID=15560) to work on /opt/airflow/dags/batch.py
[2023-03-31T00:02:25.992+0000] {processor.py:743} INFO - Processing file /opt/airflow/dags/batch.py for tasks to queue
[2023-03-31T00:02:25.992+0000] {logging_mixin.py:137} INFO - [2023-03-31T00:02:25.992+0000] {dagbag.py:538} INFO - Filling up the DagBag from /opt/airflow/dags/batch.py
[2023-03-31T00:02:26.748+0000] {logging_mixin.py:137} INFO - ['raw/JV_AUDIO_EXAMPLE.wav', 'raw/audio1.wav']
[2023-03-31T00:02:26.756+0000] {processor.py:753} INFO - DAG(s) dict_keys(['audio_transcription_batch']) retrieved from /opt/airflow/dags/batch.py
[2023-03-31T00:02:26.770+0000] {logging_mixin.py:137} INFO - [2023-03-31T00:02:26.770+0000] {dag.py:2690} INFO - Sync 1 DAGs
[2023-03-31T00:02:26.797+0000] {logging_mixin.py:137} INFO - [2023-03-31T00:02:26.796+0000] {dag.py:3441} INFO - Setting next_dagrun for audio_transcription_batch to 2023-03-31T00:00:00+00:00, run_after=2023-04-01T00:00:00+00:00
[2023-03-31T00:02:26.841+0000] {processor.py:175} INFO - Processing /opt/airflow/dags/batch.py took 0.854 seconds
[2023-03-31T00:02:57.043+0000] {processor.py:153} INFO - Started process (PID=15624) to work on /opt/airflow/dags/batch.py
[2023-03-31T00:02:57.044+0000] {processor.py:743} INFO - Processing file /opt/airflow/dags/batch.py for tasks to queue
[2023-03-31T00:02:57.045+0000] {logging_mixin.py:137} INFO - [2023-03-31T00:02:57.045+0000] {dagbag.py:538} INFO - Filling up the DagBag from /opt/airflow/dags/batch.py
[2023-03-31T00:02:57.878+0000] {logging_mixin.py:137} INFO - ['raw/JV_AUDIO_EXAMPLE.wav', 'raw/audio1.wav']
[2023-03-31T00:02:57.885+0000] {processor.py:753} INFO - DAG(s) dict_keys(['audio_transcription_batch']) retrieved from /opt/airflow/dags/batch.py
[2023-03-31T00:02:57.899+0000] {logging_mixin.py:137} INFO - [2023-03-31T00:02:57.899+0000] {dag.py:2690} INFO - Sync 1 DAGs
[2023-03-31T00:02:57.924+0000] {logging_mixin.py:137} INFO - [2023-03-31T00:02:57.924+0000] {dag.py:3441} INFO - Setting next_dagrun for audio_transcription_batch to 2023-03-31T00:00:00+00:00, run_after=2023-04-01T00:00:00+00:00
[2023-03-31T00:02:57.949+0000] {processor.py:175} INFO - Processing /opt/airflow/dags/batch.py took 0.910 seconds
[2023-03-31T00:03:28.136+0000] {processor.py:153} INFO - Started process (PID=15668) to work on /opt/airflow/dags/batch.py
[2023-03-31T00:03:28.137+0000] {processor.py:743} INFO - Processing file /opt/airflow/dags/batch.py for tasks to queue
[2023-03-31T00:03:28.138+0000] {logging_mixin.py:137} INFO - [2023-03-31T00:03:28.138+0000] {dagbag.py:538} INFO - Filling up the DagBag from /opt/airflow/dags/batch.py
[2023-03-31T00:03:29.030+0000] {logging_mixin.py:137} INFO - ['raw/JV_AUDIO_EXAMPLE.wav', 'raw/audio1.wav']
[2023-03-31T00:03:29.051+0000] {processor.py:753} INFO - DAG(s) dict_keys(['audio_transcription_batch']) retrieved from /opt/airflow/dags/batch.py
[2023-03-31T00:03:29.080+0000] {logging_mixin.py:137} INFO - [2023-03-31T00:03:29.079+0000] {dag.py:2690} INFO - Sync 1 DAGs
[2023-03-31T00:03:29.129+0000] {logging_mixin.py:137} INFO - [2023-03-31T00:03:29.129+0000] {dag.py:3441} INFO - Setting next_dagrun for audio_transcription_batch to 2023-03-31T00:00:00+00:00, run_after=2023-04-01T00:00:00+00:00
[2023-03-31T00:03:29.166+0000] {processor.py:175} INFO - Processing /opt/airflow/dags/batch.py took 1.034 seconds
[2023-03-31T00:03:59.347+0000] {processor.py:153} INFO - Started process (PID=15720) to work on /opt/airflow/dags/batch.py
[2023-03-31T00:03:59.347+0000] {processor.py:743} INFO - Processing file /opt/airflow/dags/batch.py for tasks to queue
[2023-03-31T00:03:59.348+0000] {logging_mixin.py:137} INFO - [2023-03-31T00:03:59.348+0000] {dagbag.py:538} INFO - Filling up the DagBag from /opt/airflow/dags/batch.py
[2023-03-31T00:04:00.116+0000] {logging_mixin.py:137} INFO - ['raw/JV_AUDIO_EXAMPLE.wav', 'raw/audio1.wav']
[2023-03-31T00:04:00.128+0000] {processor.py:753} INFO - DAG(s) dict_keys(['audio_transcription_batch']) retrieved from /opt/airflow/dags/batch.py
[2023-03-31T00:04:00.149+0000] {logging_mixin.py:137} INFO - [2023-03-31T00:04:00.148+0000] {dag.py:2690} INFO - Sync 1 DAGs
[2023-03-31T00:04:00.182+0000] {logging_mixin.py:137} INFO - [2023-03-31T00:04:00.182+0000] {dag.py:3441} INFO - Setting next_dagrun for audio_transcription_batch to 2023-03-31T00:00:00+00:00, run_after=2023-04-01T00:00:00+00:00
[2023-03-31T00:04:00.223+0000] {processor.py:175} INFO - Processing /opt/airflow/dags/batch.py took 0.880 seconds
[2023-03-31T00:04:30.400+0000] {processor.py:153} INFO - Started process (PID=15777) to work on /opt/airflow/dags/batch.py
[2023-03-31T00:04:30.401+0000] {processor.py:743} INFO - Processing file /opt/airflow/dags/batch.py for tasks to queue
[2023-03-31T00:04:30.402+0000] {logging_mixin.py:137} INFO - [2023-03-31T00:04:30.402+0000] {dagbag.py:538} INFO - Filling up the DagBag from /opt/airflow/dags/batch.py
[2023-03-31T00:04:31.202+0000] {logging_mixin.py:137} INFO - ['raw/JV_AUDIO_EXAMPLE.wav', 'raw/audio1.wav']
[2023-03-31T00:04:31.208+0000] {processor.py:753} INFO - DAG(s) dict_keys(['audio_transcription_batch']) retrieved from /opt/airflow/dags/batch.py
[2023-03-31T00:04:31.223+0000] {logging_mixin.py:137} INFO - [2023-03-31T00:04:31.223+0000] {dag.py:2690} INFO - Sync 1 DAGs
[2023-03-31T00:04:31.244+0000] {logging_mixin.py:137} INFO - [2023-03-31T00:04:31.244+0000] {dag.py:3441} INFO - Setting next_dagrun for audio_transcription_batch to 2023-03-31T00:00:00+00:00, run_after=2023-04-01T00:00:00+00:00
[2023-03-31T00:04:31.266+0000] {processor.py:175} INFO - Processing /opt/airflow/dags/batch.py took 0.869 seconds
[2023-03-31T00:05:01.450+0000] {processor.py:153} INFO - Started process (PID=15821) to work on /opt/airflow/dags/batch.py
[2023-03-31T00:05:01.452+0000] {processor.py:743} INFO - Processing file /opt/airflow/dags/batch.py for tasks to queue
[2023-03-31T00:05:01.452+0000] {logging_mixin.py:137} INFO - [2023-03-31T00:05:01.452+0000] {dagbag.py:538} INFO - Filling up the DagBag from /opt/airflow/dags/batch.py
[2023-03-31T00:05:02.453+0000] {logging_mixin.py:137} INFO - ['raw/JV_AUDIO_EXAMPLE.wav', 'raw/audio1.wav']
[2023-03-31T00:05:02.463+0000] {processor.py:753} INFO - DAG(s) dict_keys(['audio_transcription_batch']) retrieved from /opt/airflow/dags/batch.py
[2023-03-31T00:05:02.481+0000] {logging_mixin.py:137} INFO - [2023-03-31T00:05:02.480+0000] {dag.py:2690} INFO - Sync 1 DAGs
[2023-03-31T00:05:02.508+0000] {logging_mixin.py:137} INFO - [2023-03-31T00:05:02.507+0000] {dag.py:3441} INFO - Setting next_dagrun for audio_transcription_batch to 2023-03-31T00:00:00+00:00, run_after=2023-04-01T00:00:00+00:00
[2023-03-31T00:05:02.530+0000] {processor.py:175} INFO - Processing /opt/airflow/dags/batch.py took 1.084 seconds
[2023-03-31T00:05:32.704+0000] {processor.py:153} INFO - Started process (PID=15885) to work on /opt/airflow/dags/batch.py
[2023-03-31T00:05:32.706+0000] {processor.py:743} INFO - Processing file /opt/airflow/dags/batch.py for tasks to queue
[2023-03-31T00:05:32.706+0000] {logging_mixin.py:137} INFO - [2023-03-31T00:05:32.706+0000] {dagbag.py:538} INFO - Filling up the DagBag from /opt/airflow/dags/batch.py
[2023-03-31T00:05:33.444+0000] {logging_mixin.py:137} INFO - ['raw/JV_AUDIO_EXAMPLE.wav', 'raw/audio1.wav']
[2023-03-31T00:05:33.455+0000] {processor.py:753} INFO - DAG(s) dict_keys(['audio_transcription_batch']) retrieved from /opt/airflow/dags/batch.py
[2023-03-31T00:05:33.470+0000] {logging_mixin.py:137} INFO - [2023-03-31T00:05:33.469+0000] {dag.py:2690} INFO - Sync 1 DAGs
[2023-03-31T00:05:33.497+0000] {logging_mixin.py:137} INFO - [2023-03-31T00:05:33.497+0000] {dag.py:3441} INFO - Setting next_dagrun for audio_transcription_batch to 2023-03-31T00:00:00+00:00, run_after=2023-04-01T00:00:00+00:00
[2023-03-31T00:05:33.520+0000] {processor.py:175} INFO - Processing /opt/airflow/dags/batch.py took 0.819 seconds
[2023-03-31T00:06:03.697+0000] {processor.py:153} INFO - Started process (PID=15928) to work on /opt/airflow/dags/batch.py
[2023-03-31T00:06:03.698+0000] {processor.py:743} INFO - Processing file /opt/airflow/dags/batch.py for tasks to queue
[2023-03-31T00:06:03.699+0000] {logging_mixin.py:137} INFO - [2023-03-31T00:06:03.699+0000] {dagbag.py:538} INFO - Filling up the DagBag from /opt/airflow/dags/batch.py
[2023-03-31T00:06:04.782+0000] {logging_mixin.py:137} INFO - ['raw/JV_AUDIO_EXAMPLE.wav', 'raw/audio1.wav']
[2023-03-31T00:06:04.792+0000] {processor.py:753} INFO - DAG(s) dict_keys(['audio_transcription_batch']) retrieved from /opt/airflow/dags/batch.py
[2023-03-31T00:06:04.811+0000] {logging_mixin.py:137} INFO - [2023-03-31T00:06:04.810+0000] {dag.py:2690} INFO - Sync 1 DAGs
[2023-03-31T00:06:04.849+0000] {logging_mixin.py:137} INFO - [2023-03-31T00:06:04.849+0000] {dag.py:3441} INFO - Setting next_dagrun for audio_transcription_batch to 2023-03-31T00:00:00+00:00, run_after=2023-04-01T00:00:00+00:00
[2023-03-31T00:06:04.882+0000] {processor.py:175} INFO - Processing /opt/airflow/dags/batch.py took 1.188 seconds
[2023-03-31T00:06:34.923+0000] {processor.py:153} INFO - Started process (PID=15992) to work on /opt/airflow/dags/batch.py
[2023-03-31T00:06:34.933+0000] {processor.py:743} INFO - Processing file /opt/airflow/dags/batch.py for tasks to queue
[2023-03-31T00:06:34.934+0000] {logging_mixin.py:137} INFO - [2023-03-31T00:06:34.934+0000] {dagbag.py:538} INFO - Filling up the DagBag from /opt/airflow/dags/batch.py
[2023-03-31T00:06:35.845+0000] {logging_mixin.py:137} INFO - ['raw/JV_AUDIO_EXAMPLE.wav', 'raw/audio1.wav']
[2023-03-31T00:06:35.853+0000] {processor.py:753} INFO - DAG(s) dict_keys(['audio_transcription_batch']) retrieved from /opt/airflow/dags/batch.py
[2023-03-31T00:06:35.872+0000] {logging_mixin.py:137} INFO - [2023-03-31T00:06:35.872+0000] {dag.py:2690} INFO - Sync 1 DAGs
[2023-03-31T00:06:35.896+0000] {logging_mixin.py:137} INFO - [2023-03-31T00:06:35.895+0000] {dag.py:3441} INFO - Setting next_dagrun for audio_transcription_batch to 2023-03-31T00:00:00+00:00, run_after=2023-04-01T00:00:00+00:00
[2023-03-31T00:06:35.919+0000] {processor.py:175} INFO - Processing /opt/airflow/dags/batch.py took 0.999 seconds
[2023-03-31T00:07:06.120+0000] {processor.py:153} INFO - Started process (PID=16037) to work on /opt/airflow/dags/batch.py
[2023-03-31T00:07:06.120+0000] {processor.py:743} INFO - Processing file /opt/airflow/dags/batch.py for tasks to queue
[2023-03-31T00:07:06.121+0000] {logging_mixin.py:137} INFO - [2023-03-31T00:07:06.121+0000] {dagbag.py:538} INFO - Filling up the DagBag from /opt/airflow/dags/batch.py
[2023-03-31T00:07:06.876+0000] {logging_mixin.py:137} INFO - ['raw/JV_AUDIO_EXAMPLE.wav', 'raw/audio1.wav']
[2023-03-31T00:07:06.882+0000] {processor.py:753} INFO - DAG(s) dict_keys(['audio_transcription_batch']) retrieved from /opt/airflow/dags/batch.py
[2023-03-31T00:07:06.897+0000] {logging_mixin.py:137} INFO - [2023-03-31T00:07:06.897+0000] {dag.py:2690} INFO - Sync 1 DAGs
[2023-03-31T00:07:06.915+0000] {logging_mixin.py:137} INFO - [2023-03-31T00:07:06.915+0000] {dag.py:3441} INFO - Setting next_dagrun for audio_transcription_batch to 2023-03-31T00:00:00+00:00, run_after=2023-04-01T00:00:00+00:00
[2023-03-31T00:07:06.933+0000] {processor.py:175} INFO - Processing /opt/airflow/dags/batch.py took 0.816 seconds
[2023-03-31T00:07:37.123+0000] {processor.py:153} INFO - Started process (PID=16082) to work on /opt/airflow/dags/batch.py
[2023-03-31T00:07:37.125+0000] {processor.py:743} INFO - Processing file /opt/airflow/dags/batch.py for tasks to queue
[2023-03-31T00:07:37.126+0000] {logging_mixin.py:137} INFO - [2023-03-31T00:07:37.126+0000] {dagbag.py:538} INFO - Filling up the DagBag from /opt/airflow/dags/batch.py
[2023-03-31T00:07:37.883+0000] {logging_mixin.py:137} INFO - ['raw/JV_AUDIO_EXAMPLE.wav', 'raw/audio1.wav']
[2023-03-31T00:07:37.891+0000] {processor.py:753} INFO - DAG(s) dict_keys(['audio_transcription_batch']) retrieved from /opt/airflow/dags/batch.py
[2023-03-31T00:07:37.909+0000] {logging_mixin.py:137} INFO - [2023-03-31T00:07:37.908+0000] {dag.py:2690} INFO - Sync 1 DAGs
[2023-03-31T00:07:37.934+0000] {logging_mixin.py:137} INFO - [2023-03-31T00:07:37.934+0000] {dag.py:3441} INFO - Setting next_dagrun for audio_transcription_batch to 2023-03-31T00:00:00+00:00, run_after=2023-04-01T00:00:00+00:00
[2023-03-31T00:07:37.960+0000] {processor.py:175} INFO - Processing /opt/airflow/dags/batch.py took 0.840 seconds
[2023-03-31T00:08:08.208+0000] {processor.py:153} INFO - Started process (PID=16135) to work on /opt/airflow/dags/batch.py
[2023-03-31T00:08:08.223+0000] {processor.py:743} INFO - Processing file /opt/airflow/dags/batch.py for tasks to queue
[2023-03-31T00:08:08.225+0000] {logging_mixin.py:137} INFO - [2023-03-31T00:08:08.225+0000] {dagbag.py:538} INFO - Filling up the DagBag from /opt/airflow/dags/batch.py
[2023-03-31T00:08:11.240+0000] {logging_mixin.py:137} INFO - ['raw/JV_AUDIO_EXAMPLE.wav', 'raw/audio1.wav']
[2023-03-31T00:08:11.294+0000] {processor.py:753} INFO - DAG(s) dict_keys(['audio_transcription_batch']) retrieved from /opt/airflow/dags/batch.py
[2023-03-31T00:08:11.391+0000] {logging_mixin.py:137} INFO - [2023-03-31T00:08:11.389+0000] {dag.py:2690} INFO - Sync 1 DAGs
[2023-03-31T00:08:11.534+0000] {logging_mixin.py:137} INFO - [2023-03-31T00:08:11.533+0000] {dag.py:3441} INFO - Setting next_dagrun for audio_transcription_batch to 2023-03-31T00:00:00+00:00, run_after=2023-04-01T00:00:00+00:00
[2023-03-31T00:08:11.633+0000] {processor.py:175} INFO - Processing /opt/airflow/dags/batch.py took 3.443 seconds
[2023-03-31T00:08:41.916+0000] {processor.py:153} INFO - Started process (PID=16171) to work on /opt/airflow/dags/batch.py
[2023-03-31T00:08:41.919+0000] {processor.py:743} INFO - Processing file /opt/airflow/dags/batch.py for tasks to queue
[2023-03-31T00:08:41.921+0000] {logging_mixin.py:137} INFO - [2023-03-31T00:08:41.920+0000] {dagbag.py:538} INFO - Filling up the DagBag from /opt/airflow/dags/batch.py
[2023-03-31T00:08:43.668+0000] {logging_mixin.py:137} INFO - ['raw/JV_AUDIO_EXAMPLE.wav', 'raw/audio1.wav']
[2023-03-31T00:08:43.697+0000] {processor.py:753} INFO - DAG(s) dict_keys(['audio_transcription_batch']) retrieved from /opt/airflow/dags/batch.py
[2023-03-31T00:08:43.752+0000] {logging_mixin.py:137} INFO - [2023-03-31T00:08:43.751+0000] {dag.py:2690} INFO - Sync 1 DAGs
[2023-03-31T00:08:43.830+0000] {logging_mixin.py:137} INFO - [2023-03-31T00:08:43.830+0000] {dag.py:3441} INFO - Setting next_dagrun for audio_transcription_batch to 2023-03-31T00:00:00+00:00, run_after=2023-04-01T00:00:00+00:00
[2023-03-31T00:08:43.892+0000] {processor.py:175} INFO - Processing /opt/airflow/dags/batch.py took 1.985 seconds
[2023-03-31T00:09:14.148+0000] {processor.py:153} INFO - Started process (PID=16215) to work on /opt/airflow/dags/batch.py
[2023-03-31T00:09:14.150+0000] {processor.py:743} INFO - Processing file /opt/airflow/dags/batch.py for tasks to queue
[2023-03-31T00:09:14.152+0000] {logging_mixin.py:137} INFO - [2023-03-31T00:09:14.152+0000] {dagbag.py:538} INFO - Filling up the DagBag from /opt/airflow/dags/batch.py
[2023-03-31T00:09:16.717+0000] {logging_mixin.py:137} INFO - ['raw/JV_AUDIO_EXAMPLE.wav', 'raw/audio1.wav']
[2023-03-31T00:09:16.769+0000] {processor.py:753} INFO - DAG(s) dict_keys(['audio_transcription_batch']) retrieved from /opt/airflow/dags/batch.py
[2023-03-31T00:09:16.858+0000] {logging_mixin.py:137} INFO - [2023-03-31T00:09:16.857+0000] {dag.py:2690} INFO - Sync 1 DAGs
[2023-03-31T00:09:16.969+0000] {logging_mixin.py:137} INFO - [2023-03-31T00:09:16.968+0000] {dag.py:3441} INFO - Setting next_dagrun for audio_transcription_batch to 2023-03-31T00:00:00+00:00, run_after=2023-04-01T00:00:00+00:00
[2023-03-31T00:09:17.107+0000] {processor.py:175} INFO - Processing /opt/airflow/dags/batch.py took 2.967 seconds
[2023-03-31T00:09:47.414+0000] {processor.py:153} INFO - Started process (PID=16259) to work on /opt/airflow/dags/batch.py
[2023-03-31T00:09:47.416+0000] {processor.py:743} INFO - Processing file /opt/airflow/dags/batch.py for tasks to queue
[2023-03-31T00:09:47.418+0000] {logging_mixin.py:137} INFO - [2023-03-31T00:09:47.417+0000] {dagbag.py:538} INFO - Filling up the DagBag from /opt/airflow/dags/batch.py
[2023-03-31T00:09:51.105+0000] {logging_mixin.py:137} INFO - ['raw/JV_AUDIO_EXAMPLE.wav', 'raw/audio1.wav']
[2023-03-31T00:09:51.162+0000] {processor.py:753} INFO - DAG(s) dict_keys(['audio_transcription_batch']) retrieved from /opt/airflow/dags/batch.py
[2023-03-31T00:09:51.224+0000] {logging_mixin.py:137} INFO - [2023-03-31T00:09:51.223+0000] {dag.py:2690} INFO - Sync 1 DAGs
[2023-03-31T00:09:51.353+0000] {logging_mixin.py:137} INFO - [2023-03-31T00:09:51.352+0000] {dag.py:3441} INFO - Setting next_dagrun for audio_transcription_batch to 2023-03-31T00:00:00+00:00, run_after=2023-04-01T00:00:00+00:00
[2023-03-31T00:09:51.476+0000] {processor.py:175} INFO - Processing /opt/airflow/dags/batch.py took 4.076 seconds
[2023-03-31T00:10:21.848+0000] {processor.py:153} INFO - Started process (PID=16303) to work on /opt/airflow/dags/batch.py
[2023-03-31T00:10:21.848+0000] {processor.py:743} INFO - Processing file /opt/airflow/dags/batch.py for tasks to queue
[2023-03-31T00:10:21.849+0000] {logging_mixin.py:137} INFO - [2023-03-31T00:10:21.849+0000] {dagbag.py:538} INFO - Filling up the DagBag from /opt/airflow/dags/batch.py
[2023-03-31T00:10:22.724+0000] {logging_mixin.py:137} INFO - ['raw/JV_AUDIO_EXAMPLE.wav', 'raw/audio1.wav']
[2023-03-31T00:10:22.750+0000] {processor.py:753} INFO - DAG(s) dict_keys(['audio_transcription_batch']) retrieved from /opt/airflow/dags/batch.py
[2023-03-31T00:10:22.782+0000] {logging_mixin.py:137} INFO - [2023-03-31T00:10:22.781+0000] {dag.py:2690} INFO - Sync 1 DAGs
[2023-03-31T00:10:22.826+0000] {logging_mixin.py:137} INFO - [2023-03-31T00:10:22.826+0000] {dag.py:3441} INFO - Setting next_dagrun for audio_transcription_batch to 2023-03-31T00:00:00+00:00, run_after=2023-04-01T00:00:00+00:00
[2023-03-31T00:10:22.866+0000] {processor.py:175} INFO - Processing /opt/airflow/dags/batch.py took 1.022 seconds
[2023-03-31T00:10:53.162+0000] {processor.py:153} INFO - Started process (PID=16357) to work on /opt/airflow/dags/batch.py
[2023-03-31T00:10:53.163+0000] {processor.py:743} INFO - Processing file /opt/airflow/dags/batch.py for tasks to queue
[2023-03-31T00:10:53.165+0000] {logging_mixin.py:137} INFO - [2023-03-31T00:10:53.164+0000] {dagbag.py:538} INFO - Filling up the DagBag from /opt/airflow/dags/batch.py
[2023-03-31T00:10:55.183+0000] {logging_mixin.py:137} INFO - ['raw/JV_AUDIO_EXAMPLE.wav', 'raw/audio1.wav']
[2023-03-31T00:10:55.202+0000] {processor.py:753} INFO - DAG(s) dict_keys(['audio_transcription_batch']) retrieved from /opt/airflow/dags/batch.py
[2023-03-31T00:10:55.247+0000] {logging_mixin.py:137} INFO - [2023-03-31T00:10:55.245+0000] {dag.py:2690} INFO - Sync 1 DAGs
[2023-03-31T00:10:55.319+0000] {logging_mixin.py:137} INFO - [2023-03-31T00:10:55.319+0000] {dag.py:3441} INFO - Setting next_dagrun for audio_transcription_batch to 2023-03-31T00:00:00+00:00, run_after=2023-04-01T00:00:00+00:00
[2023-03-31T00:10:55.384+0000] {processor.py:175} INFO - Processing /opt/airflow/dags/batch.py took 2.228 seconds
[2023-03-31T00:11:25.783+0000] {processor.py:153} INFO - Started process (PID=16393) to work on /opt/airflow/dags/batch.py
[2023-03-31T00:11:25.788+0000] {processor.py:743} INFO - Processing file /opt/airflow/dags/batch.py for tasks to queue
[2023-03-31T00:11:25.790+0000] {logging_mixin.py:137} INFO - [2023-03-31T00:11:25.789+0000] {dagbag.py:538} INFO - Filling up the DagBag from /opt/airflow/dags/batch.py
[2023-03-31T00:11:27.549+0000] {logging_mixin.py:137} INFO - ['raw/JV_AUDIO_EXAMPLE.wav', 'raw/audio1.wav']
[2023-03-31T00:11:27.572+0000] {processor.py:753} INFO - DAG(s) dict_keys(['audio_transcription_batch']) retrieved from /opt/airflow/dags/batch.py
[2023-03-31T00:11:27.606+0000] {logging_mixin.py:137} INFO - [2023-03-31T00:11:27.606+0000] {dag.py:2690} INFO - Sync 1 DAGs
[2023-03-31T00:11:27.643+0000] {logging_mixin.py:137} INFO - [2023-03-31T00:11:27.642+0000] {dag.py:3441} INFO - Setting next_dagrun for audio_transcription_batch to 2023-03-31T00:00:00+00:00, run_after=2023-04-01T00:00:00+00:00
[2023-03-31T00:11:27.673+0000] {processor.py:175} INFO - Processing /opt/airflow/dags/batch.py took 1.909 seconds
[2023-03-31T00:11:57.893+0000] {processor.py:153} INFO - Started process (PID=16437) to work on /opt/airflow/dags/batch.py
[2023-03-31T00:11:57.894+0000] {processor.py:743} INFO - Processing file /opt/airflow/dags/batch.py for tasks to queue
[2023-03-31T00:11:57.894+0000] {logging_mixin.py:137} INFO - [2023-03-31T00:11:57.894+0000] {dagbag.py:538} INFO - Filling up the DagBag from /opt/airflow/dags/batch.py
[2023-03-31T00:11:58.711+0000] {logging_mixin.py:137} INFO - ['raw/JV_AUDIO_EXAMPLE.wav', 'raw/audio1.wav']
[2023-03-31T00:11:58.729+0000] {processor.py:753} INFO - DAG(s) dict_keys(['audio_transcription_batch']) retrieved from /opt/airflow/dags/batch.py
[2023-03-31T00:11:58.751+0000] {logging_mixin.py:137} INFO - [2023-03-31T00:11:58.750+0000] {dag.py:2690} INFO - Sync 1 DAGs
[2023-03-31T00:11:58.790+0000] {logging_mixin.py:137} INFO - [2023-03-31T00:11:58.790+0000] {dag.py:3441} INFO - Setting next_dagrun for audio_transcription_batch to 2023-03-31T00:00:00+00:00, run_after=2023-04-01T00:00:00+00:00
[2023-03-31T00:11:58.820+0000] {processor.py:175} INFO - Processing /opt/airflow/dags/batch.py took 0.931 seconds
[2023-03-31T00:12:29.083+0000] {processor.py:153} INFO - Started process (PID=16490) to work on /opt/airflow/dags/batch.py
[2023-03-31T00:12:29.093+0000] {processor.py:743} INFO - Processing file /opt/airflow/dags/batch.py for tasks to queue
[2023-03-31T00:12:29.095+0000] {logging_mixin.py:137} INFO - [2023-03-31T00:12:29.095+0000] {dagbag.py:538} INFO - Filling up the DagBag from /opt/airflow/dags/batch.py
[2023-03-31T00:12:30.650+0000] {logging_mixin.py:137} INFO - ['raw/JV_AUDIO_EXAMPLE.wav', 'raw/audio1.wav']
[2023-03-31T00:12:30.683+0000] {processor.py:753} INFO - DAG(s) dict_keys(['audio_transcription_batch']) retrieved from /opt/airflow/dags/batch.py
[2023-03-31T00:12:30.726+0000] {logging_mixin.py:137} INFO - [2023-03-31T00:12:30.725+0000] {dag.py:2690} INFO - Sync 1 DAGs
[2023-03-31T00:12:30.796+0000] {logging_mixin.py:137} INFO - [2023-03-31T00:12:30.796+0000] {dag.py:3441} INFO - Setting next_dagrun for audio_transcription_batch to 2023-03-31T00:00:00+00:00, run_after=2023-04-01T00:00:00+00:00
[2023-03-31T00:12:30.861+0000] {processor.py:175} INFO - Processing /opt/airflow/dags/batch.py took 1.786 seconds
[2023-03-31T00:13:00.946+0000] {processor.py:153} INFO - Started process (PID=16545) to work on /opt/airflow/dags/batch.py
[2023-03-31T00:13:00.947+0000] {processor.py:743} INFO - Processing file /opt/airflow/dags/batch.py for tasks to queue
[2023-03-31T00:13:00.948+0000] {logging_mixin.py:137} INFO - [2023-03-31T00:13:00.948+0000] {dagbag.py:538} INFO - Filling up the DagBag from /opt/airflow/dags/batch.py
[2023-03-31T00:13:01.957+0000] {logging_mixin.py:137} INFO - ['raw/JV_AUDIO_EXAMPLE.wav', 'raw/audio1.wav']
[2023-03-31T00:13:01.969+0000] {processor.py:753} INFO - DAG(s) dict_keys(['audio_transcription_batch']) retrieved from /opt/airflow/dags/batch.py
[2023-03-31T00:13:01.998+0000] {logging_mixin.py:137} INFO - [2023-03-31T00:13:01.997+0000] {dag.py:2690} INFO - Sync 1 DAGs
[2023-03-31T00:13:02.048+0000] {logging_mixin.py:137} INFO - [2023-03-31T00:13:02.048+0000] {dag.py:3441} INFO - Setting next_dagrun for audio_transcription_batch to 2023-03-31T00:00:00+00:00, run_after=2023-04-01T00:00:00+00:00
[2023-03-31T00:13:02.090+0000] {processor.py:175} INFO - Processing /opt/airflow/dags/batch.py took 1.148 seconds
[2023-03-31T00:13:32.356+0000] {processor.py:153} INFO - Started process (PID=16590) to work on /opt/airflow/dags/batch.py
[2023-03-31T00:13:32.357+0000] {processor.py:743} INFO - Processing file /opt/airflow/dags/batch.py for tasks to queue
[2023-03-31T00:13:32.358+0000] {logging_mixin.py:137} INFO - [2023-03-31T00:13:32.358+0000] {dagbag.py:538} INFO - Filling up the DagBag from /opt/airflow/dags/batch.py
[2023-03-31T00:13:33.805+0000] {logging_mixin.py:137} INFO - ['raw/JV_AUDIO_EXAMPLE.wav', 'raw/audio1.wav']
[2023-03-31T00:13:33.832+0000] {processor.py:753} INFO - DAG(s) dict_keys(['audio_transcription_batch']) retrieved from /opt/airflow/dags/batch.py
[2023-03-31T00:13:33.870+0000] {logging_mixin.py:137} INFO - [2023-03-31T00:13:33.869+0000] {dag.py:2690} INFO - Sync 1 DAGs
[2023-03-31T00:13:33.955+0000] {logging_mixin.py:137} INFO - [2023-03-31T00:13:33.955+0000] {dag.py:3441} INFO - Setting next_dagrun for audio_transcription_batch to 2023-03-31T00:00:00+00:00, run_after=2023-04-01T00:00:00+00:00
[2023-03-31T00:13:34.029+0000] {processor.py:175} INFO - Processing /opt/airflow/dags/batch.py took 1.679 seconds
[2023-03-31T00:14:04.337+0000] {processor.py:153} INFO - Started process (PID=16634) to work on /opt/airflow/dags/batch.py
[2023-03-31T00:14:04.339+0000] {processor.py:743} INFO - Processing file /opt/airflow/dags/batch.py for tasks to queue
[2023-03-31T00:14:04.341+0000] {logging_mixin.py:137} INFO - [2023-03-31T00:14:04.340+0000] {dagbag.py:538} INFO - Filling up the DagBag from /opt/airflow/dags/batch.py
[2023-03-31T00:14:05.480+0000] {logging_mixin.py:137} INFO - ['raw/JV_AUDIO_EXAMPLE.wav', 'raw/audio1.wav']
[2023-03-31T00:14:05.491+0000] {processor.py:753} INFO - DAG(s) dict_keys(['audio_transcription_batch']) retrieved from /opt/airflow/dags/batch.py
[2023-03-31T00:14:05.516+0000] {logging_mixin.py:137} INFO - [2023-03-31T00:14:05.515+0000] {dag.py:2690} INFO - Sync 1 DAGs
[2023-03-31T00:14:05.548+0000] {logging_mixin.py:137} INFO - [2023-03-31T00:14:05.547+0000] {dag.py:3441} INFO - Setting next_dagrun for audio_transcription_batch to 2023-03-31T00:00:00+00:00, run_after=2023-04-01T00:00:00+00:00
[2023-03-31T00:14:05.582+0000] {processor.py:175} INFO - Processing /opt/airflow/dags/batch.py took 1.255 seconds
[2023-03-31T00:14:35.824+0000] {processor.py:153} INFO - Started process (PID=16680) to work on /opt/airflow/dags/batch.py
[2023-03-31T00:14:35.826+0000] {processor.py:743} INFO - Processing file /opt/airflow/dags/batch.py for tasks to queue
[2023-03-31T00:14:35.829+0000] {logging_mixin.py:137} INFO - [2023-03-31T00:14:35.828+0000] {dagbag.py:538} INFO - Filling up the DagBag from /opt/airflow/dags/batch.py
[2023-03-31T00:14:36.830+0000] {logging_mixin.py:137} INFO - ['raw/JV_AUDIO_EXAMPLE.wav', 'raw/audio1.wav']
[2023-03-31T00:14:36.845+0000] {processor.py:753} INFO - DAG(s) dict_keys(['audio_transcription_batch']) retrieved from /opt/airflow/dags/batch.py
[2023-03-31T00:14:36.869+0000] {logging_mixin.py:137} INFO - [2023-03-31T00:14:36.868+0000] {dag.py:2690} INFO - Sync 1 DAGs
[2023-03-31T00:14:36.907+0000] {logging_mixin.py:137} INFO - [2023-03-31T00:14:36.906+0000] {dag.py:3441} INFO - Setting next_dagrun for audio_transcription_batch to 2023-03-31T00:00:00+00:00, run_after=2023-04-01T00:00:00+00:00
[2023-03-31T00:14:36.951+0000] {processor.py:175} INFO - Processing /opt/airflow/dags/batch.py took 1.130 seconds
[2023-03-31T00:15:07.153+0000] {processor.py:153} INFO - Started process (PID=16724) to work on /opt/airflow/dags/batch.py
[2023-03-31T00:15:07.157+0000] {processor.py:743} INFO - Processing file /opt/airflow/dags/batch.py for tasks to queue
[2023-03-31T00:15:07.159+0000] {logging_mixin.py:137} INFO - [2023-03-31T00:15:07.159+0000] {dagbag.py:538} INFO - Filling up the DagBag from /opt/airflow/dags/batch.py
[2023-03-31T00:15:08.762+0000] {logging_mixin.py:137} INFO - ['raw/JV_AUDIO_EXAMPLE.wav', 'raw/audio1.wav']
[2023-03-31T00:15:08.802+0000] {processor.py:753} INFO - DAG(s) dict_keys(['audio_transcription_batch']) retrieved from /opt/airflow/dags/batch.py
[2023-03-31T00:15:08.859+0000] {logging_mixin.py:137} INFO - [2023-03-31T00:15:08.857+0000] {dag.py:2690} INFO - Sync 1 DAGs
[2023-03-31T00:15:08.926+0000] {logging_mixin.py:137} INFO - [2023-03-31T00:15:08.926+0000] {dag.py:3441} INFO - Setting next_dagrun for audio_transcription_batch to 2023-03-31T00:00:00+00:00, run_after=2023-04-01T00:00:00+00:00
[2023-03-31T00:15:09.007+0000] {processor.py:175} INFO - Processing /opt/airflow/dags/batch.py took 1.862 seconds
[2023-03-31T00:15:39.274+0000] {processor.py:153} INFO - Started process (PID=16775) to work on /opt/airflow/dags/batch.py
[2023-03-31T00:15:39.276+0000] {processor.py:743} INFO - Processing file /opt/airflow/dags/batch.py for tasks to queue
[2023-03-31T00:15:39.279+0000] {logging_mixin.py:137} INFO - [2023-03-31T00:15:39.278+0000] {dagbag.py:538} INFO - Filling up the DagBag from /opt/airflow/dags/batch.py
[2023-03-31T00:15:40.573+0000] {logging_mixin.py:137} INFO - ['raw/JV_AUDIO_EXAMPLE.wav', 'raw/audio1.wav']
[2023-03-31T00:15:40.589+0000] {processor.py:753} INFO - DAG(s) dict_keys(['audio_transcription_batch']) retrieved from /opt/airflow/dags/batch.py
[2023-03-31T00:15:40.622+0000] {logging_mixin.py:137} INFO - [2023-03-31T00:15:40.621+0000] {dag.py:2690} INFO - Sync 1 DAGs
[2023-03-31T00:15:40.687+0000] {logging_mixin.py:137} INFO - [2023-03-31T00:15:40.687+0000] {dag.py:3441} INFO - Setting next_dagrun for audio_transcription_batch to 2023-03-31T00:00:00+00:00, run_after=2023-04-01T00:00:00+00:00
[2023-03-31T00:15:40.731+0000] {processor.py:175} INFO - Processing /opt/airflow/dags/batch.py took 1.464 seconds
[2023-03-31T00:16:10.921+0000] {processor.py:153} INFO - Started process (PID=16833) to work on /opt/airflow/dags/batch.py
[2023-03-31T00:16:10.922+0000] {processor.py:743} INFO - Processing file /opt/airflow/dags/batch.py for tasks to queue
[2023-03-31T00:16:10.924+0000] {logging_mixin.py:137} INFO - [2023-03-31T00:16:10.924+0000] {dagbag.py:538} INFO - Filling up the DagBag from /opt/airflow/dags/batch.py
[2023-03-31T00:16:11.838+0000] {logging_mixin.py:137} INFO - ['raw/JV_AUDIO_EXAMPLE.wav', 'raw/audio1.wav']
[2023-03-31T00:16:11.847+0000] {processor.py:753} INFO - DAG(s) dict_keys(['audio_transcription_batch']) retrieved from /opt/airflow/dags/batch.py
[2023-03-31T00:16:11.866+0000] {logging_mixin.py:137} INFO - [2023-03-31T00:16:11.865+0000] {dag.py:2690} INFO - Sync 1 DAGs
[2023-03-31T00:16:11.898+0000] {logging_mixin.py:137} INFO - [2023-03-31T00:16:11.898+0000] {dag.py:3441} INFO - Setting next_dagrun for audio_transcription_batch to 2023-03-31T00:00:00+00:00, run_after=2023-04-01T00:00:00+00:00
[2023-03-31T00:16:11.928+0000] {processor.py:175} INFO - Processing /opt/airflow/dags/batch.py took 1.010 seconds
[2023-03-31T00:16:42.275+0000] {processor.py:153} INFO - Started process (PID=16878) to work on /opt/airflow/dags/batch.py
[2023-03-31T00:16:42.276+0000] {processor.py:743} INFO - Processing file /opt/airflow/dags/batch.py for tasks to queue
[2023-03-31T00:16:42.278+0000] {logging_mixin.py:137} INFO - [2023-03-31T00:16:42.278+0000] {dagbag.py:538} INFO - Filling up the DagBag from /opt/airflow/dags/batch.py
[2023-03-31T00:16:43.701+0000] {logging_mixin.py:137} INFO - ['raw/JV_AUDIO_EXAMPLE.wav', 'raw/audio1.wav']
[2023-03-31T00:16:43.759+0000] {processor.py:753} INFO - DAG(s) dict_keys(['audio_transcription_batch']) retrieved from /opt/airflow/dags/batch.py
[2023-03-31T00:16:43.849+0000] {logging_mixin.py:137} INFO - [2023-03-31T00:16:43.848+0000] {dag.py:2690} INFO - Sync 1 DAGs
[2023-03-31T00:16:43.966+0000] {logging_mixin.py:137} INFO - [2023-03-31T00:16:43.966+0000] {dag.py:3441} INFO - Setting next_dagrun for audio_transcription_batch to 2023-03-31T00:00:00+00:00, run_after=2023-04-01T00:00:00+00:00
[2023-03-31T00:16:44.046+0000] {processor.py:175} INFO - Processing /opt/airflow/dags/batch.py took 1.784 seconds
[2023-03-31T00:17:14.325+0000] {processor.py:153} INFO - Started process (PID=16922) to work on /opt/airflow/dags/batch.py
[2023-03-31T00:17:14.327+0000] {processor.py:743} INFO - Processing file /opt/airflow/dags/batch.py for tasks to queue
[2023-03-31T00:17:14.329+0000] {logging_mixin.py:137} INFO - [2023-03-31T00:17:14.329+0000] {dagbag.py:538} INFO - Filling up the DagBag from /opt/airflow/dags/batch.py
[2023-03-31T00:17:16.330+0000] {logging_mixin.py:137} INFO - ['raw/JV_AUDIO_EXAMPLE.wav', 'raw/audio1.wav']
[2023-03-31T00:17:16.368+0000] {processor.py:753} INFO - DAG(s) dict_keys(['audio_transcription_batch']) retrieved from /opt/airflow/dags/batch.py
[2023-03-31T00:17:16.420+0000] {logging_mixin.py:137} INFO - [2023-03-31T00:17:16.418+0000] {dag.py:2690} INFO - Sync 1 DAGs
[2023-03-31T00:17:16.493+0000] {logging_mixin.py:137} INFO - [2023-03-31T00:17:16.493+0000] {dag.py:3441} INFO - Setting next_dagrun for audio_transcription_batch to 2023-03-31T00:00:00+00:00, run_after=2023-04-01T00:00:00+00:00
[2023-03-31T00:17:16.563+0000] {processor.py:175} INFO - Processing /opt/airflow/dags/batch.py took 2.246 seconds
[2023-03-31T00:17:46.641+0000] {processor.py:153} INFO - Started process (PID=16955) to work on /opt/airflow/dags/batch.py
[2023-03-31T00:17:46.644+0000] {processor.py:743} INFO - Processing file /opt/airflow/dags/batch.py for tasks to queue
[2023-03-31T00:17:46.645+0000] {logging_mixin.py:137} INFO - [2023-03-31T00:17:46.645+0000] {dagbag.py:538} INFO - Filling up the DagBag from /opt/airflow/dags/batch.py
[2023-03-31T00:17:48.143+0000] {logging_mixin.py:137} INFO - ['raw/JV_AUDIO_EXAMPLE.wav', 'raw/audio1.wav']
[2023-03-31T00:17:48.175+0000] {processor.py:753} INFO - DAG(s) dict_keys(['audio_transcription_batch']) retrieved from /opt/airflow/dags/batch.py
[2023-03-31T00:17:48.224+0000] {logging_mixin.py:137} INFO - [2023-03-31T00:17:48.221+0000] {dag.py:2690} INFO - Sync 1 DAGs
[2023-03-31T00:17:48.281+0000] {logging_mixin.py:137} INFO - [2023-03-31T00:17:48.281+0000] {dag.py:3441} INFO - Setting next_dagrun for audio_transcription_batch to 2023-03-31T00:00:00+00:00, run_after=2023-04-01T00:00:00+00:00
[2023-03-31T00:17:48.329+0000] {processor.py:175} INFO - Processing /opt/airflow/dags/batch.py took 1.695 seconds
[2023-03-31T00:18:18.559+0000] {processor.py:153} INFO - Started process (PID=17011) to work on /opt/airflow/dags/batch.py
[2023-03-31T00:18:18.560+0000] {processor.py:743} INFO - Processing file /opt/airflow/dags/batch.py for tasks to queue
[2023-03-31T00:18:18.561+0000] {logging_mixin.py:137} INFO - [2023-03-31T00:18:18.560+0000] {dagbag.py:538} INFO - Filling up the DagBag from /opt/airflow/dags/batch.py
[2023-03-31T00:18:19.998+0000] {logging_mixin.py:137} INFO - ['raw/JV_AUDIO_EXAMPLE.wav', 'raw/audio1.wav']
[2023-03-31T00:18:20.038+0000] {processor.py:753} INFO - DAG(s) dict_keys(['audio_transcription_batch']) retrieved from /opt/airflow/dags/batch.py
[2023-03-31T00:18:20.079+0000] {logging_mixin.py:137} INFO - [2023-03-31T00:18:20.078+0000] {dag.py:2690} INFO - Sync 1 DAGs
[2023-03-31T00:18:20.183+0000] {logging_mixin.py:137} INFO - [2023-03-31T00:18:20.179+0000] {dag.py:3441} INFO - Setting next_dagrun for audio_transcription_batch to 2023-03-31T00:00:00+00:00, run_after=2023-04-01T00:00:00+00:00
[2023-03-31T00:18:20.270+0000] {processor.py:175} INFO - Processing /opt/airflow/dags/batch.py took 1.714 seconds
[2023-03-31T00:18:50.808+0000] {processor.py:153} INFO - Started process (PID=17055) to work on /opt/airflow/dags/batch.py
[2023-03-31T00:18:50.811+0000] {processor.py:743} INFO - Processing file /opt/airflow/dags/batch.py for tasks to queue
[2023-03-31T00:18:50.814+0000] {logging_mixin.py:137} INFO - [2023-03-31T00:18:50.813+0000] {dagbag.py:538} INFO - Filling up the DagBag from /opt/airflow/dags/batch.py
[2023-03-31T00:18:52.177+0000] {logging_mixin.py:137} INFO - ['raw/JV_AUDIO_EXAMPLE.wav', 'raw/audio1.wav']
[2023-03-31T00:18:52.203+0000] {processor.py:753} INFO - DAG(s) dict_keys(['audio_transcription_batch']) retrieved from /opt/airflow/dags/batch.py
[2023-03-31T00:18:52.246+0000] {logging_mixin.py:137} INFO - [2023-03-31T00:18:52.244+0000] {dag.py:2690} INFO - Sync 1 DAGs
[2023-03-31T00:18:52.304+0000] {logging_mixin.py:137} INFO - [2023-03-31T00:18:52.304+0000] {dag.py:3441} INFO - Setting next_dagrun for audio_transcription_batch to 2023-03-31T00:00:00+00:00, run_after=2023-04-01T00:00:00+00:00
[2023-03-31T00:18:52.354+0000] {processor.py:175} INFO - Processing /opt/airflow/dags/batch.py took 1.558 seconds
[2023-03-31T00:19:22.594+0000] {processor.py:153} INFO - Started process (PID=17100) to work on /opt/airflow/dags/batch.py
[2023-03-31T00:19:22.595+0000] {processor.py:743} INFO - Processing file /opt/airflow/dags/batch.py for tasks to queue
[2023-03-31T00:19:22.596+0000] {logging_mixin.py:137} INFO - [2023-03-31T00:19:22.596+0000] {dagbag.py:538} INFO - Filling up the DagBag from /opt/airflow/dags/batch.py
[2023-03-31T00:19:23.499+0000] {logging_mixin.py:137} INFO - ['raw/JV_AUDIO_EXAMPLE.wav', 'raw/audio1.wav']
[2023-03-31T00:19:23.519+0000] {processor.py:753} INFO - DAG(s) dict_keys(['audio_transcription_batch']) retrieved from /opt/airflow/dags/batch.py
[2023-03-31T00:19:23.561+0000] {logging_mixin.py:137} INFO - [2023-03-31T00:19:23.560+0000] {dag.py:2690} INFO - Sync 1 DAGs
[2023-03-31T00:19:23.620+0000] {logging_mixin.py:137} INFO - [2023-03-31T00:19:23.619+0000] {dag.py:3441} INFO - Setting next_dagrun for audio_transcription_batch to 2023-03-31T00:00:00+00:00, run_after=2023-04-01T00:00:00+00:00
[2023-03-31T00:19:23.666+0000] {processor.py:175} INFO - Processing /opt/airflow/dags/batch.py took 1.077 seconds
[2023-03-31T00:19:53.751+0000] {processor.py:153} INFO - Started process (PID=17144) to work on /opt/airflow/dags/batch.py
[2023-03-31T00:19:53.758+0000] {processor.py:743} INFO - Processing file /opt/airflow/dags/batch.py for tasks to queue
[2023-03-31T00:19:53.761+0000] {logging_mixin.py:137} INFO - [2023-03-31T00:19:53.761+0000] {dagbag.py:538} INFO - Filling up the DagBag from /opt/airflow/dags/batch.py
[2023-03-31T00:19:55.883+0000] {logging_mixin.py:137} INFO - ['raw/JV_AUDIO_EXAMPLE.wav', 'raw/audio1.wav']
[2023-03-31T00:19:55.933+0000] {processor.py:753} INFO - DAG(s) dict_keys(['audio_transcription_batch']) retrieved from /opt/airflow/dags/batch.py
[2023-03-31T00:19:55.993+0000] {logging_mixin.py:137} INFO - [2023-03-31T00:19:55.991+0000] {dag.py:2690} INFO - Sync 1 DAGs
[2023-03-31T00:19:56.134+0000] {logging_mixin.py:137} INFO - [2023-03-31T00:19:56.126+0000] {dag.py:3441} INFO - Setting next_dagrun for audio_transcription_batch to 2023-03-31T00:00:00+00:00, run_after=2023-04-01T00:00:00+00:00
[2023-03-31T00:19:56.237+0000] {processor.py:175} INFO - Processing /opt/airflow/dags/batch.py took 2.496 seconds
[2023-03-31T00:20:26.503+0000] {processor.py:153} INFO - Started process (PID=17188) to work on /opt/airflow/dags/batch.py
[2023-03-31T00:20:26.506+0000] {processor.py:743} INFO - Processing file /opt/airflow/dags/batch.py for tasks to queue
[2023-03-31T00:20:26.507+0000] {logging_mixin.py:137} INFO - [2023-03-31T00:20:26.507+0000] {dagbag.py:538} INFO - Filling up the DagBag from /opt/airflow/dags/batch.py
[2023-03-31T00:20:27.964+0000] {logging_mixin.py:137} INFO - ['raw/JV_AUDIO_EXAMPLE.wav', 'raw/audio1.wav']
[2023-03-31T00:20:27.994+0000] {processor.py:753} INFO - DAG(s) dict_keys(['audio_transcription_batch']) retrieved from /opt/airflow/dags/batch.py
[2023-03-31T00:20:28.073+0000] {logging_mixin.py:137} INFO - [2023-03-31T00:20:28.068+0000] {dag.py:2690} INFO - Sync 1 DAGs
[2023-03-31T00:20:28.153+0000] {logging_mixin.py:137} INFO - [2023-03-31T00:20:28.151+0000] {dag.py:3441} INFO - Setting next_dagrun for audio_transcription_batch to 2023-03-31T00:00:00+00:00, run_after=2023-04-01T00:00:00+00:00
[2023-03-31T00:20:28.211+0000] {processor.py:175} INFO - Processing /opt/airflow/dags/batch.py took 1.716 seconds
[2023-03-31T00:20:58.536+0000] {processor.py:153} INFO - Started process (PID=17232) to work on /opt/airflow/dags/batch.py
[2023-03-31T00:20:58.539+0000] {processor.py:743} INFO - Processing file /opt/airflow/dags/batch.py for tasks to queue
[2023-03-31T00:20:58.541+0000] {logging_mixin.py:137} INFO - [2023-03-31T00:20:58.540+0000] {dagbag.py:538} INFO - Filling up the DagBag from /opt/airflow/dags/batch.py
[2023-03-31T00:21:00.054+0000] {logging_mixin.py:137} INFO - ['raw/JV_AUDIO_EXAMPLE.wav', 'raw/audio1.wav']
[2023-03-31T00:21:00.078+0000] {processor.py:753} INFO - DAG(s) dict_keys(['audio_transcription_batch']) retrieved from /opt/airflow/dags/batch.py
[2023-03-31T00:21:00.128+0000] {logging_mixin.py:137} INFO - [2023-03-31T00:21:00.126+0000] {dag.py:2690} INFO - Sync 1 DAGs
[2023-03-31T00:21:00.229+0000] {logging_mixin.py:137} INFO - [2023-03-31T00:21:00.229+0000] {dag.py:3441} INFO - Setting next_dagrun for audio_transcription_batch to 2023-03-31T00:00:00+00:00, run_after=2023-04-01T00:00:00+00:00
[2023-03-31T00:21:00.301+0000] {processor.py:175} INFO - Processing /opt/airflow/dags/batch.py took 1.771 seconds
[2023-03-31T00:21:30.576+0000] {processor.py:153} INFO - Started process (PID=17276) to work on /opt/airflow/dags/batch.py
[2023-03-31T00:21:30.584+0000] {processor.py:743} INFO - Processing file /opt/airflow/dags/batch.py for tasks to queue
[2023-03-31T00:21:30.593+0000] {logging_mixin.py:137} INFO - [2023-03-31T00:21:30.592+0000] {dagbag.py:538} INFO - Filling up the DagBag from /opt/airflow/dags/batch.py
[2023-03-31T00:21:32.834+0000] {logging_mixin.py:137} INFO - ['raw/JV_AUDIO_EXAMPLE.wav', 'raw/audio1.wav']
[2023-03-31T00:21:32.850+0000] {processor.py:753} INFO - DAG(s) dict_keys(['audio_transcription_batch']) retrieved from /opt/airflow/dags/batch.py
[2023-03-31T00:21:32.884+0000] {logging_mixin.py:137} INFO - [2023-03-31T00:21:32.883+0000] {dag.py:2690} INFO - Sync 1 DAGs
[2023-03-31T00:21:32.951+0000] {logging_mixin.py:137} INFO - [2023-03-31T00:21:32.951+0000] {dag.py:3441} INFO - Setting next_dagrun for audio_transcription_batch to 2023-03-31T00:00:00+00:00, run_after=2023-04-01T00:00:00+00:00
[2023-03-31T00:21:33.004+0000] {processor.py:175} INFO - Processing /opt/airflow/dags/batch.py took 2.438 seconds
[2023-03-31T00:22:03.252+0000] {processor.py:153} INFO - Started process (PID=17320) to work on /opt/airflow/dags/batch.py
[2023-03-31T00:22:03.254+0000] {processor.py:743} INFO - Processing file /opt/airflow/dags/batch.py for tasks to queue
[2023-03-31T00:22:03.256+0000] {logging_mixin.py:137} INFO - [2023-03-31T00:22:03.256+0000] {dagbag.py:538} INFO - Filling up the DagBag from /opt/airflow/dags/batch.py
[2023-03-31T00:22:05.186+0000] {logging_mixin.py:137} INFO - ['raw/JV_AUDIO_EXAMPLE.wav', 'raw/audio1.wav']
[2023-03-31T00:22:05.210+0000] {processor.py:753} INFO - DAG(s) dict_keys(['audio_transcription_batch']) retrieved from /opt/airflow/dags/batch.py
[2023-03-31T00:22:05.257+0000] {logging_mixin.py:137} INFO - [2023-03-31T00:22:05.254+0000] {dag.py:2690} INFO - Sync 1 DAGs
[2023-03-31T00:22:05.343+0000] {logging_mixin.py:137} INFO - [2023-03-31T00:22:05.342+0000] {dag.py:3441} INFO - Setting next_dagrun for audio_transcription_batch to 2023-03-31T00:00:00+00:00, run_after=2023-04-01T00:00:00+00:00
[2023-03-31T00:22:05.400+0000] {processor.py:175} INFO - Processing /opt/airflow/dags/batch.py took 2.152 seconds
[2023-03-31T00:22:35.754+0000] {processor.py:153} INFO - Started process (PID=17364) to work on /opt/airflow/dags/batch.py
[2023-03-31T00:22:35.755+0000] {processor.py:743} INFO - Processing file /opt/airflow/dags/batch.py for tasks to queue
[2023-03-31T00:22:35.757+0000] {logging_mixin.py:137} INFO - [2023-03-31T00:22:35.757+0000] {dagbag.py:538} INFO - Filling up the DagBag from /opt/airflow/dags/batch.py
[2023-03-31T00:22:37.389+0000] {logging_mixin.py:137} INFO - ['raw/JV_AUDIO_EXAMPLE.wav', 'raw/audio1.wav']
[2023-03-31T00:22:37.411+0000] {processor.py:753} INFO - DAG(s) dict_keys(['audio_transcription_batch']) retrieved from /opt/airflow/dags/batch.py
[2023-03-31T00:22:37.447+0000] {logging_mixin.py:137} INFO - [2023-03-31T00:22:37.445+0000] {dag.py:2690} INFO - Sync 1 DAGs
[2023-03-31T00:22:37.500+0000] {logging_mixin.py:137} INFO - [2023-03-31T00:22:37.499+0000] {dag.py:3441} INFO - Setting next_dagrun for audio_transcription_batch to 2023-03-31T00:00:00+00:00, run_after=2023-04-01T00:00:00+00:00
[2023-03-31T00:22:37.541+0000] {processor.py:175} INFO - Processing /opt/airflow/dags/batch.py took 1.804 seconds
[2023-03-31T00:23:07.806+0000] {processor.py:153} INFO - Started process (PID=17409) to work on /opt/airflow/dags/batch.py
[2023-03-31T00:23:07.808+0000] {processor.py:743} INFO - Processing file /opt/airflow/dags/batch.py for tasks to queue
[2023-03-31T00:23:07.810+0000] {logging_mixin.py:137} INFO - [2023-03-31T00:23:07.810+0000] {dagbag.py:538} INFO - Filling up the DagBag from /opt/airflow/dags/batch.py
[2023-03-31T00:23:10.874+0000] {logging_mixin.py:137} INFO - ['raw/JV_AUDIO_EXAMPLE.wav', 'raw/audio1.wav']
[2023-03-31T00:23:10.930+0000] {processor.py:753} INFO - DAG(s) dict_keys(['audio_transcription_batch']) retrieved from /opt/airflow/dags/batch.py
[2023-03-31T00:23:11.020+0000] {logging_mixin.py:137} INFO - [2023-03-31T00:23:11.013+0000] {dag.py:2690} INFO - Sync 1 DAGs
[2023-03-31T00:23:11.169+0000] {logging_mixin.py:137} INFO - [2023-03-31T00:23:11.168+0000] {dag.py:3441} INFO - Setting next_dagrun for audio_transcription_batch to 2023-03-31T00:00:00+00:00, run_after=2023-04-01T00:00:00+00:00
[2023-03-31T00:23:11.300+0000] {processor.py:175} INFO - Processing /opt/airflow/dags/batch.py took 3.505 seconds
[2023-03-31T00:23:41.643+0000] {processor.py:153} INFO - Started process (PID=17442) to work on /opt/airflow/dags/batch.py
[2023-03-31T00:23:41.644+0000] {processor.py:743} INFO - Processing file /opt/airflow/dags/batch.py for tasks to queue
[2023-03-31T00:23:41.645+0000] {logging_mixin.py:137} INFO - [2023-03-31T00:23:41.645+0000] {dagbag.py:538} INFO - Filling up the DagBag from /opt/airflow/dags/batch.py
[2023-03-31T00:23:42.821+0000] {logging_mixin.py:137} INFO - ['raw/JV_AUDIO_EXAMPLE.wav', 'raw/audio1.wav']
[2023-03-31T00:23:42.839+0000] {processor.py:753} INFO - DAG(s) dict_keys(['audio_transcription_batch']) retrieved from /opt/airflow/dags/batch.py
[2023-03-31T00:23:42.875+0000] {logging_mixin.py:137} INFO - [2023-03-31T00:23:42.874+0000] {dag.py:2690} INFO - Sync 1 DAGs
[2023-03-31T00:23:42.934+0000] {logging_mixin.py:137} INFO - [2023-03-31T00:23:42.934+0000] {dag.py:3441} INFO - Setting next_dagrun for audio_transcription_batch to 2023-03-31T00:00:00+00:00, run_after=2023-04-01T00:00:00+00:00
[2023-03-31T00:23:42.980+0000] {processor.py:175} INFO - Processing /opt/airflow/dags/batch.py took 1.344 seconds
[2023-03-31T00:24:13.296+0000] {processor.py:153} INFO - Started process (PID=17498) to work on /opt/airflow/dags/batch.py
[2023-03-31T00:24:13.307+0000] {processor.py:743} INFO - Processing file /opt/airflow/dags/batch.py for tasks to queue
[2023-03-31T00:24:13.309+0000] {logging_mixin.py:137} INFO - [2023-03-31T00:24:13.309+0000] {dagbag.py:538} INFO - Filling up the DagBag from /opt/airflow/dags/batch.py
[2023-03-31T00:24:16.351+0000] {logging_mixin.py:137} INFO - ['raw/JV_AUDIO_EXAMPLE.wav', 'raw/audio1.wav']
[2023-03-31T00:24:16.394+0000] {processor.py:753} INFO - DAG(s) dict_keys(['audio_transcription_batch']) retrieved from /opt/airflow/dags/batch.py
[2023-03-31T00:24:16.474+0000] {logging_mixin.py:137} INFO - [2023-03-31T00:24:16.466+0000] {dag.py:2690} INFO - Sync 1 DAGs
[2023-03-31T00:24:16.586+0000] {logging_mixin.py:137} INFO - [2023-03-31T00:24:16.585+0000] {dag.py:3441} INFO - Setting next_dagrun for audio_transcription_batch to 2023-03-31T00:00:00+00:00, run_after=2023-04-01T00:00:00+00:00
[2023-03-31T00:24:16.673+0000] {processor.py:175} INFO - Processing /opt/airflow/dags/batch.py took 3.408 seconds
[2023-03-31T00:24:47.084+0000] {processor.py:153} INFO - Started process (PID=17530) to work on /opt/airflow/dags/batch.py
[2023-03-31T00:24:47.087+0000] {processor.py:743} INFO - Processing file /opt/airflow/dags/batch.py for tasks to queue
[2023-03-31T00:24:47.089+0000] {logging_mixin.py:137} INFO - [2023-03-31T00:24:47.089+0000] {dagbag.py:538} INFO - Filling up the DagBag from /opt/airflow/dags/batch.py
[2023-03-31T00:24:50.633+0000] {logging_mixin.py:137} INFO - ['raw/JV_AUDIO_EXAMPLE.wav', 'raw/audio1.wav']
[2023-03-31T00:24:50.681+0000] {processor.py:753} INFO - DAG(s) dict_keys(['audio_transcription_batch']) retrieved from /opt/airflow/dags/batch.py
[2023-03-31T00:24:50.770+0000] {logging_mixin.py:137} INFO - [2023-03-31T00:24:50.769+0000] {dag.py:2690} INFO - Sync 1 DAGs
[2023-03-31T00:24:50.950+0000] {logging_mixin.py:137} INFO - [2023-03-31T00:24:50.949+0000] {dag.py:3441} INFO - Setting next_dagrun for audio_transcription_batch to 2023-03-31T00:00:00+00:00, run_after=2023-04-01T00:00:00+00:00
[2023-03-31T00:24:51.074+0000] {processor.py:175} INFO - Processing /opt/airflow/dags/batch.py took 4.009 seconds
[2023-03-31T00:25:21.477+0000] {processor.py:153} INFO - Started process (PID=17575) to work on /opt/airflow/dags/batch.py
[2023-03-31T00:25:21.481+0000] {processor.py:743} INFO - Processing file /opt/airflow/dags/batch.py for tasks to queue
[2023-03-31T00:25:21.483+0000] {logging_mixin.py:137} INFO - [2023-03-31T00:25:21.483+0000] {dagbag.py:538} INFO - Filling up the DagBag from /opt/airflow/dags/batch.py
[2023-03-31T00:25:23.358+0000] {logging_mixin.py:137} INFO - ['raw/JV_AUDIO_EXAMPLE.wav', 'raw/audio1.wav']
[2023-03-31T00:25:23.390+0000] {processor.py:753} INFO - DAG(s) dict_keys(['audio_transcription_batch']) retrieved from /opt/airflow/dags/batch.py
[2023-03-31T00:25:23.446+0000] {logging_mixin.py:137} INFO - [2023-03-31T00:25:23.444+0000] {dag.py:2690} INFO - Sync 1 DAGs
[2023-03-31T00:25:23.595+0000] {logging_mixin.py:137} INFO - [2023-03-31T00:25:23.595+0000] {dag.py:3441} INFO - Setting next_dagrun for audio_transcription_batch to 2023-03-31T00:00:00+00:00, run_after=2023-04-01T00:00:00+00:00
[2023-03-31T00:25:23.676+0000] {processor.py:175} INFO - Processing /opt/airflow/dags/batch.py took 2.207 seconds
[2023-03-31T00:25:54.076+0000] {processor.py:153} INFO - Started process (PID=17610) to work on /opt/airflow/dags/batch.py
[2023-03-31T00:25:54.089+0000] {processor.py:743} INFO - Processing file /opt/airflow/dags/batch.py for tasks to queue
[2023-03-31T00:25:54.092+0000] {logging_mixin.py:137} INFO - [2023-03-31T00:25:54.091+0000] {dagbag.py:538} INFO - Filling up the DagBag from /opt/airflow/dags/batch.py
[2023-03-31T00:25:57.532+0000] {logging_mixin.py:137} INFO - ['raw/JV_AUDIO_EXAMPLE.wav', 'raw/audio1.wav']
[2023-03-31T00:25:57.577+0000] {processor.py:753} INFO - DAG(s) dict_keys(['audio_transcription_batch']) retrieved from /opt/airflow/dags/batch.py
[2023-03-31T00:25:57.653+0000] {logging_mixin.py:137} INFO - [2023-03-31T00:25:57.652+0000] {dag.py:2690} INFO - Sync 1 DAGs
[2023-03-31T00:25:57.778+0000] {logging_mixin.py:137} INFO - [2023-03-31T00:25:57.777+0000] {dag.py:3441} INFO - Setting next_dagrun for audio_transcription_batch to 2023-03-31T00:00:00+00:00, run_after=2023-04-01T00:00:00+00:00
[2023-03-31T00:25:57.858+0000] {processor.py:175} INFO - Processing /opt/airflow/dags/batch.py took 3.801 seconds
[2023-03-31T00:26:28.227+0000] {processor.py:153} INFO - Started process (PID=17654) to work on /opt/airflow/dags/batch.py
[2023-03-31T00:26:28.229+0000] {processor.py:743} INFO - Processing file /opt/airflow/dags/batch.py for tasks to queue
[2023-03-31T00:26:28.231+0000] {logging_mixin.py:137} INFO - [2023-03-31T00:26:28.231+0000] {dagbag.py:538} INFO - Filling up the DagBag from /opt/airflow/dags/batch.py
[2023-03-31T00:26:29.657+0000] {logging_mixin.py:137} INFO - ['raw/JV_AUDIO_EXAMPLE.wav', 'raw/audio1.wav']
[2023-03-31T00:26:29.671+0000] {processor.py:753} INFO - DAG(s) dict_keys(['audio_transcription_batch']) retrieved from /opt/airflow/dags/batch.py
[2023-03-31T00:26:29.698+0000] {logging_mixin.py:137} INFO - [2023-03-31T00:26:29.697+0000] {dag.py:2690} INFO - Sync 1 DAGs
[2023-03-31T00:26:29.737+0000] {logging_mixin.py:137} INFO - [2023-03-31T00:26:29.737+0000] {dag.py:3441} INFO - Setting next_dagrun for audio_transcription_batch to 2023-03-31T00:00:00+00:00, run_after=2023-04-01T00:00:00+00:00
[2023-03-31T00:26:29.775+0000] {processor.py:175} INFO - Processing /opt/airflow/dags/batch.py took 1.561 seconds
[2023-03-31T00:27:00.069+0000] {processor.py:153} INFO - Started process (PID=17698) to work on /opt/airflow/dags/batch.py
[2023-03-31T00:27:00.071+0000] {processor.py:743} INFO - Processing file /opt/airflow/dags/batch.py for tasks to queue
[2023-03-31T00:27:00.074+0000] {logging_mixin.py:137} INFO - [2023-03-31T00:27:00.073+0000] {dagbag.py:538} INFO - Filling up the DagBag from /opt/airflow/dags/batch.py
[2023-03-31T00:27:02.195+0000] {logging_mixin.py:137} INFO - ['raw/JV_AUDIO_EXAMPLE.wav', 'raw/audio1.wav']
[2023-03-31T00:27:02.210+0000] {processor.py:753} INFO - DAG(s) dict_keys(['audio_transcription_batch']) retrieved from /opt/airflow/dags/batch.py
[2023-03-31T00:27:02.254+0000] {logging_mixin.py:137} INFO - [2023-03-31T00:27:02.252+0000] {dag.py:2690} INFO - Sync 1 DAGs
[2023-03-31T00:27:02.313+0000] {logging_mixin.py:137} INFO - [2023-03-31T00:27:02.312+0000] {dag.py:3441} INFO - Setting next_dagrun for audio_transcription_batch to 2023-03-31T00:00:00+00:00, run_after=2023-04-01T00:00:00+00:00
[2023-03-31T00:27:02.369+0000] {processor.py:175} INFO - Processing /opt/airflow/dags/batch.py took 2.313 seconds
[2023-03-31T00:27:32.697+0000] {processor.py:153} INFO - Started process (PID=17742) to work on /opt/airflow/dags/batch.py
[2023-03-31T00:27:32.700+0000] {processor.py:743} INFO - Processing file /opt/airflow/dags/batch.py for tasks to queue
[2023-03-31T00:27:32.702+0000] {logging_mixin.py:137} INFO - [2023-03-31T00:27:32.701+0000] {dagbag.py:538} INFO - Filling up the DagBag from /opt/airflow/dags/batch.py
[2023-03-31T00:27:34.540+0000] {logging_mixin.py:137} INFO - ['raw/JV_AUDIO_EXAMPLE.wav', 'raw/audio1.wav']
[2023-03-31T00:27:34.637+0000] {processor.py:753} INFO - DAG(s) dict_keys(['audio_transcription_batch']) retrieved from /opt/airflow/dags/batch.py
[2023-03-31T00:27:34.753+0000] {logging_mixin.py:137} INFO - [2023-03-31T00:27:34.747+0000] {dag.py:2690} INFO - Sync 1 DAGs
[2023-03-31T00:27:34.874+0000] {logging_mixin.py:137} INFO - [2023-03-31T00:27:34.873+0000] {dag.py:3441} INFO - Setting next_dagrun for audio_transcription_batch to 2023-03-31T00:00:00+00:00, run_after=2023-04-01T00:00:00+00:00
[2023-03-31T00:27:34.944+0000] {processor.py:175} INFO - Processing /opt/airflow/dags/batch.py took 2.257 seconds
[2023-03-31T00:28:05.242+0000] {processor.py:153} INFO - Started process (PID=17773) to work on /opt/airflow/dags/batch.py
[2023-03-31T00:28:05.245+0000] {processor.py:743} INFO - Processing file /opt/airflow/dags/batch.py for tasks to queue
[2023-03-31T00:28:05.248+0000] {logging_mixin.py:137} INFO - [2023-03-31T00:28:05.247+0000] {dagbag.py:538} INFO - Filling up the DagBag from /opt/airflow/dags/batch.py
[2023-03-31T00:28:06.779+0000] {logging_mixin.py:137} INFO - ['raw/JV_AUDIO_EXAMPLE.wav', 'raw/audio1.wav']
[2023-03-31T00:28:06.813+0000] {processor.py:753} INFO - DAG(s) dict_keys(['audio_transcription_batch']) retrieved from /opt/airflow/dags/batch.py
[2023-03-31T00:28:06.848+0000] {logging_mixin.py:137} INFO - [2023-03-31T00:28:06.847+0000] {dag.py:2690} INFO - Sync 1 DAGs
[2023-03-31T00:28:06.907+0000] {logging_mixin.py:137} INFO - [2023-03-31T00:28:06.907+0000] {dag.py:3441} INFO - Setting next_dagrun for audio_transcription_batch to 2023-03-31T00:00:00+00:00, run_after=2023-04-01T00:00:00+00:00
[2023-03-31T00:28:06.948+0000] {processor.py:175} INFO - Processing /opt/airflow/dags/batch.py took 1.713 seconds
[2023-03-31T00:28:37.191+0000] {processor.py:153} INFO - Started process (PID=17819) to work on /opt/airflow/dags/batch.py
[2023-03-31T00:28:37.192+0000] {processor.py:743} INFO - Processing file /opt/airflow/dags/batch.py for tasks to queue
[2023-03-31T00:28:37.193+0000] {logging_mixin.py:137} INFO - [2023-03-31T00:28:37.192+0000] {dagbag.py:538} INFO - Filling up the DagBag from /opt/airflow/dags/batch.py
[2023-03-31T00:28:38.118+0000] {logging_mixin.py:137} INFO - ['raw/JV_AUDIO_EXAMPLE.wav', 'raw/audio1.wav']
[2023-03-31T00:28:38.133+0000] {processor.py:753} INFO - DAG(s) dict_keys(['audio_transcription_batch']) retrieved from /opt/airflow/dags/batch.py
[2023-03-31T00:28:38.161+0000] {logging_mixin.py:137} INFO - [2023-03-31T00:28:38.160+0000] {dag.py:2690} INFO - Sync 1 DAGs
[2023-03-31T00:28:38.194+0000] {logging_mixin.py:137} INFO - [2023-03-31T00:28:38.193+0000] {dag.py:3441} INFO - Setting next_dagrun for audio_transcription_batch to 2023-03-31T00:00:00+00:00, run_after=2023-04-01T00:00:00+00:00
[2023-03-31T00:28:38.230+0000] {processor.py:175} INFO - Processing /opt/airflow/dags/batch.py took 1.043 seconds
[2023-03-31T00:29:08.583+0000] {processor.py:153} INFO - Started process (PID=17854) to work on /opt/airflow/dags/batch.py
[2023-03-31T00:29:08.610+0000] {processor.py:743} INFO - Processing file /opt/airflow/dags/batch.py for tasks to queue
[2023-03-31T00:29:08.612+0000] {logging_mixin.py:137} INFO - [2023-03-31T00:29:08.612+0000] {dagbag.py:538} INFO - Filling up the DagBag from /opt/airflow/dags/batch.py
[2023-03-31T00:29:10.841+0000] {logging_mixin.py:137} INFO - ['raw/JV_AUDIO_EXAMPLE.wav', 'raw/audio1.wav']
[2023-03-31T00:29:10.873+0000] {processor.py:753} INFO - DAG(s) dict_keys(['audio_transcription_batch']) retrieved from /opt/airflow/dags/batch.py
[2023-03-31T00:29:10.918+0000] {logging_mixin.py:137} INFO - [2023-03-31T00:29:10.917+0000] {dag.py:2690} INFO - Sync 1 DAGs
[2023-03-31T00:29:10.995+0000] {logging_mixin.py:137} INFO - [2023-03-31T00:29:10.995+0000] {dag.py:3441} INFO - Setting next_dagrun for audio_transcription_batch to 2023-03-31T00:00:00+00:00, run_after=2023-04-01T00:00:00+00:00
[2023-03-31T00:29:11.053+0000] {processor.py:175} INFO - Processing /opt/airflow/dags/batch.py took 2.488 seconds
[2023-03-31T00:29:41.265+0000] {processor.py:153} INFO - Started process (PID=17919) to work on /opt/airflow/dags/batch.py
[2023-03-31T00:29:41.267+0000] {processor.py:743} INFO - Processing file /opt/airflow/dags/batch.py for tasks to queue
[2023-03-31T00:29:41.268+0000] {logging_mixin.py:137} INFO - [2023-03-31T00:29:41.268+0000] {dagbag.py:538} INFO - Filling up the DagBag from /opt/airflow/dags/batch.py
[2023-03-31T00:29:42.258+0000] {logging_mixin.py:137} INFO - ['raw/JV_AUDIO_EXAMPLE.wav', 'raw/audio1.wav']
[2023-03-31T00:29:42.282+0000] {processor.py:753} INFO - DAG(s) dict_keys(['audio_transcription_batch']) retrieved from /opt/airflow/dags/batch.py
[2023-03-31T00:29:42.314+0000] {logging_mixin.py:137} INFO - [2023-03-31T00:29:42.313+0000] {dag.py:2690} INFO - Sync 1 DAGs
[2023-03-31T00:29:42.363+0000] {logging_mixin.py:137} INFO - [2023-03-31T00:29:42.363+0000] {dag.py:3441} INFO - Setting next_dagrun for audio_transcription_batch to 2023-03-31T00:00:00+00:00, run_after=2023-04-01T00:00:00+00:00
[2023-03-31T00:29:42.401+0000] {processor.py:175} INFO - Processing /opt/airflow/dags/batch.py took 1.140 seconds
[2023-03-31T00:30:12.743+0000] {processor.py:153} INFO - Started process (PID=17965) to work on /opt/airflow/dags/batch.py
[2023-03-31T00:30:12.744+0000] {processor.py:743} INFO - Processing file /opt/airflow/dags/batch.py for tasks to queue
[2023-03-31T00:30:12.746+0000] {logging_mixin.py:137} INFO - [2023-03-31T00:30:12.746+0000] {dagbag.py:538} INFO - Filling up the DagBag from /opt/airflow/dags/batch.py
[2023-03-31T00:30:15.819+0000] {logging_mixin.py:137} INFO - ['raw/JV_AUDIO_EXAMPLE.wav', 'raw/audio1.wav']
[2023-03-31T00:30:15.851+0000] {processor.py:753} INFO - DAG(s) dict_keys(['audio_transcription_batch']) retrieved from /opt/airflow/dags/batch.py
[2023-03-31T00:30:15.931+0000] {logging_mixin.py:137} INFO - [2023-03-31T00:30:15.928+0000] {dag.py:2690} INFO - Sync 1 DAGs
[2023-03-31T00:30:16.018+0000] {logging_mixin.py:137} INFO - [2023-03-31T00:30:16.018+0000] {dag.py:3441} INFO - Setting next_dagrun for audio_transcription_batch to 2023-03-31T00:00:00+00:00, run_after=2023-04-01T00:00:00+00:00
[2023-03-31T00:30:16.113+0000] {processor.py:175} INFO - Processing /opt/airflow/dags/batch.py took 3.389 seconds
[2023-03-31T00:30:46.402+0000] {processor.py:153} INFO - Started process (PID=18009) to work on /opt/airflow/dags/batch.py
[2023-03-31T00:30:46.404+0000] {processor.py:743} INFO - Processing file /opt/airflow/dags/batch.py for tasks to queue
[2023-03-31T00:30:46.407+0000] {logging_mixin.py:137} INFO - [2023-03-31T00:30:46.406+0000] {dagbag.py:538} INFO - Filling up the DagBag from /opt/airflow/dags/batch.py
[2023-03-31T00:30:47.569+0000] {logging_mixin.py:137} INFO - ['raw/JV_AUDIO_EXAMPLE.wav', 'raw/audio1.wav']
[2023-03-31T00:30:47.603+0000] {processor.py:753} INFO - DAG(s) dict_keys(['audio_transcription_batch']) retrieved from /opt/airflow/dags/batch.py
[2023-03-31T00:30:47.676+0000] {logging_mixin.py:137} INFO - [2023-03-31T00:30:47.675+0000] {dag.py:2690} INFO - Sync 1 DAGs
[2023-03-31T00:30:47.744+0000] {logging_mixin.py:137} INFO - [2023-03-31T00:30:47.743+0000] {dag.py:3441} INFO - Setting next_dagrun for audio_transcription_batch to 2023-03-31T00:00:00+00:00, run_after=2023-04-01T00:00:00+00:00
[2023-03-31T00:30:47.797+0000] {processor.py:175} INFO - Processing /opt/airflow/dags/batch.py took 1.400 seconds
[2023-03-31T00:31:18.076+0000] {processor.py:153} INFO - Started process (PID=18053) to work on /opt/airflow/dags/batch.py
[2023-03-31T00:31:18.080+0000] {processor.py:743} INFO - Processing file /opt/airflow/dags/batch.py for tasks to queue
[2023-03-31T00:31:18.084+0000] {logging_mixin.py:137} INFO - [2023-03-31T00:31:18.083+0000] {dagbag.py:538} INFO - Filling up the DagBag from /opt/airflow/dags/batch.py
[2023-03-31T00:31:21.001+0000] {logging_mixin.py:137} INFO - ['raw/JV_AUDIO_EXAMPLE.wav', 'raw/audio1.wav']
[2023-03-31T00:31:21.122+0000] {processor.py:753} INFO - DAG(s) dict_keys(['audio_transcription_batch']) retrieved from /opt/airflow/dags/batch.py
[2023-03-31T00:31:21.218+0000] {logging_mixin.py:137} INFO - [2023-03-31T00:31:21.217+0000] {dag.py:2690} INFO - Sync 1 DAGs
[2023-03-31T00:31:21.367+0000] {logging_mixin.py:137} INFO - [2023-03-31T00:31:21.367+0000] {dag.py:3441} INFO - Setting next_dagrun for audio_transcription_batch to 2023-03-31T00:00:00+00:00, run_after=2023-04-01T00:00:00+00:00
[2023-03-31T00:31:21.459+0000] {processor.py:175} INFO - Processing /opt/airflow/dags/batch.py took 3.392 seconds
[2023-03-31T00:31:51.789+0000] {processor.py:153} INFO - Started process (PID=18097) to work on /opt/airflow/dags/batch.py
[2023-03-31T00:31:51.791+0000] {processor.py:743} INFO - Processing file /opt/airflow/dags/batch.py for tasks to queue
[2023-03-31T00:31:51.795+0000] {logging_mixin.py:137} INFO - [2023-03-31T00:31:51.793+0000] {dagbag.py:538} INFO - Filling up the DagBag from /opt/airflow/dags/batch.py
[2023-03-31T00:31:54.193+0000] {logging_mixin.py:137} INFO - ['raw/JV_AUDIO_EXAMPLE.wav', 'raw/audio1.wav']
[2023-03-31T00:31:54.255+0000] {processor.py:753} INFO - DAG(s) dict_keys(['audio_transcription_batch']) retrieved from /opt/airflow/dags/batch.py
[2023-03-31T00:31:54.402+0000] {logging_mixin.py:137} INFO - [2023-03-31T00:31:54.389+0000] {dag.py:2690} INFO - Sync 1 DAGs
[2023-03-31T00:31:54.560+0000] {logging_mixin.py:137} INFO - [2023-03-31T00:31:54.560+0000] {dag.py:3441} INFO - Setting next_dagrun for audio_transcription_batch to 2023-03-31T00:00:00+00:00, run_after=2023-04-01T00:00:00+00:00
[2023-03-31T00:31:54.744+0000] {processor.py:175} INFO - Processing /opt/airflow/dags/batch.py took 2.966 seconds
