[2023-03-22T01:54:36.033+0000] {taskinstance.py:1083} INFO - Dependencies all met for <TaskInstance: s3_dag.get_location manual__2023-03-22T01:54:32.694905+00:00 [queued]>
[2023-03-22T01:54:36.066+0000] {taskinstance.py:1083} INFO - Dependencies all met for <TaskInstance: s3_dag.get_location manual__2023-03-22T01:54:32.694905+00:00 [queued]>
[2023-03-22T01:54:36.067+0000] {taskinstance.py:1279} INFO - 
--------------------------------------------------------------------------------
[2023-03-22T01:54:36.067+0000] {taskinstance.py:1280} INFO - Starting attempt 1 of 1
[2023-03-22T01:54:36.067+0000] {taskinstance.py:1281} INFO - 
--------------------------------------------------------------------------------
[2023-03-22T01:54:36.115+0000] {taskinstance.py:1300} INFO - Executing <Task(PythonOperator): get_location> on 2023-03-22 01:54:32.694905+00:00
[2023-03-22T01:54:36.125+0000] {standard_task_runner.py:55} INFO - Started process 25533 to run task
[2023-03-22T01:54:36.135+0000] {standard_task_runner.py:82} INFO - Running: ['***', 'tasks', 'run', 's3_dag', 'get_location', 'manual__2023-03-22T01:54:32.694905+00:00', '--job-id', '9', '--raw', '--subdir', 'DAGS_FOLDER/adhoc_dag.py', '--cfg-path', '/tmp/tmpv_p5wmwa']
[2023-03-22T01:54:36.137+0000] {standard_task_runner.py:83} INFO - Job 9: Subtask get_location
[2023-03-22T01:54:36.313+0000] {task_command.py:388} INFO - Running <TaskInstance: s3_dag.get_location manual__2023-03-22T01:54:32.694905+00:00 [running]> on host cc4c8b38f579
[2023-03-22T01:54:36.508+0000] {taskinstance.py:1509} INFO - Exporting the following env vars:
AIRFLOW_CTX_DAG_OWNER=***
AIRFLOW_CTX_DAG_ID=s3_dag
AIRFLOW_CTX_TASK_ID=get_location
AIRFLOW_CTX_EXECUTION_DATE=2023-03-22T01:54:32.694905+00:00
AIRFLOW_CTX_TRY_NUMBER=1
AIRFLOW_CTX_DAG_RUN_ID=manual__2023-03-22T01:54:32.694905+00:00
[2023-03-22T01:54:36.512+0000] {logging_mixin.py:137} INFO - /opt/***
[2023-03-22T01:54:36.512+0000] {python.py:177} INFO - Done. Returned value was: None
[2023-03-22T01:54:36.541+0000] {taskinstance.py:1323} INFO - Marking task as SUCCESS. dag_id=s3_dag, task_id=get_location, execution_date=20230322T015432, start_date=20230322T015436, end_date=20230322T015436
[2023-03-22T01:54:36.589+0000] {local_task_job.py:208} INFO - Task exited with return code 0
[2023-03-22T01:54:36.659+0000] {taskinstance.py:2578} INFO - 0 downstream tasks scheduled from follow-on schedule check
